#
# There is insufficient memory for the Java Runtime Environment to continue.
# Native memory allocation (malloc) failed to allocate 32744 bytes for ChunkPool::allocate
# Possible reasons:
#   The system is out of physical RAM or swap space
#   The process is running with CompressedOops enabled, and the Java Heap may be blocking the growth of the native heap
# Possible solutions:
#   Reduce memory load on the system
#   Increase physical memory or swap space
#   Check if swap backing store is full
#   Decrease Java heap size (-Xmx/-Xms)
#   Decrease number of Java threads
#   Decrease Java thread stack sizes (-Xss)
#   Set larger code cache with -XX:ReservedCodeCacheSize=
#   JVM is running with Unscaled Compressed Oops mode in which the Java heap is
#     placed in the first 4GB address space. The Java Heap base address is the
#     maximum limit for the native heap growth. Please use -XX:HeapBaseMinAddress
#     to set the Java Heap base and to place the Java Heap above 4GB virtual address.
# This output file may be truncated or incomplete.
#
#  Out of Memory Error (./src/hotspot/share/memory/arena.cpp:81), pid=4604, tid=10216
#
# JRE version: OpenJDK Runtime Environment (11.0.10) (build 11.0.10+0-b96-7249189)
# Java VM: OpenJDK 64-Bit Server VM (11.0.10+0-b96-7249189, mixed mode, tiered, compressed oops, g1 gc, windows-amd64)
# No core dump will be written. Minidumps are not enabled by default on client versions of Windows
#

---------------  S U M M A R Y ------------

Command Line: -Dorg.gradle.appname=gradlew org.gradle.wrapper.GradleWrapperMain -q -Ptarget-platform=android-x86 -Ptarget=D:\Android\PROJECTS\bmi-calculator-flutter\lib\main.dart -Pdart-defines=Zmx1dHRlci5pbnNwZWN0b3Iuc3RydWN0dXJlZEVycm9ycz10cnVl,RkxVVFRFUl9XRUJfQVVUT19ERVRFQ1Q9dHJ1ZQ== -Pdart-obfuscation=false -Ptrack-widget-creation=true -Ptree-shake-icons=false -Pfilesystem-scheme=org-dartlang-root assembleDebug

Host: Intel(R) Core(TM) i5-1035G1 CPU @ 1.00GHz, 8 cores, 7G,  Windows 10 , 64 bit Build 19041 (10.0.19041.1151)
Time: Sun Aug 22 22:32:28 2021 Greenwich Standard Time elapsed time: 21.089609 seconds (0d 0h 0m 21s)

---------------  T H R E A D  ---------------

Current thread (0x00000160d251f800):  JavaThread "C2 CompilerThread0" daemon [_thread_in_native, id=10216, stack(0x0000000bf9900000,0x0000000bf9a00000)]


Current CompileTask:
C2:  21089 1155 % !   4       java.io.BufferedReader::readLine @ 131 (304 bytes)

Stack: [0x0000000bf9900000,0x0000000bf9a00000]
Native frames: (J=compiled Java code, j=interpreted, Vv=VM code, C=native code)
V  [jvm.dll+0x5ecfaa]
V  [jvm.dll+0x722bd5]
V  [jvm.dll+0x72412d]
V  [jvm.dll+0x7247e3]
V  [jvm.dll+0x242928]
V  [jvm.dll+0xbc75b]
V  [jvm.dll+0xbca0c]
V  [jvm.dll+0xbc608]
V  [jvm.dll+0x5cc470]
V  [jvm.dll+0x61cfee]
V  [jvm.dll+0x1980d8]
V  [jvm.dll+0x1fb70e]
V  [jvm.dll+0x1fa7f4]
V  [jvm.dll+0x18354c]
V  [jvm.dll+0x208ee7]
V  [jvm.dll+0x207731]
V  [jvm.dll+0x6eb1cf]
V  [jvm.dll+0x6e3d45]
V  [jvm.dll+0x5ebe96]
C  [ucrtbase.dll+0x21bb2]
C  [KERNEL32.DLL+0x17034]
C  [ntdll.dll+0x52651]


---------------  P R O C E S S  ---------------

Threads class SMR info:
_java_thread_list=0x00000160d32e2e40, length=12, elements={
0x00000160b78e1800, 0x00000160d1b8c800, 0x00000160d1b96000, 0x00000160d2517800,
0x00000160d251b000, 0x00000160d251e800, 0x00000160d251f800, 0x00000160d1ba8000,
0x00000160d1bbe000, 0x00000160d2678800, 0x00000160d2ed9000, 0x00000160d2f2e800
}

Java Threads: ( => current thread )
  0x00000160b78e1800 JavaThread "main" [_thread_in_native, id=6768, stack(0x0000000bf8d00000,0x0000000bf8e00000)]
  0x00000160d1b8c800 JavaThread "Reference Handler" daemon [_thread_blocked, id=10752, stack(0x0000000bf9400000,0x0000000bf9500000)]
  0x00000160d1b96000 JavaThread "Finalizer" daemon [_thread_blocked, id=13076, stack(0x0000000bf9500000,0x0000000bf9600000)]
  0x00000160d2517800 JavaThread "Signal Dispatcher" daemon [_thread_blocked, id=12948, stack(0x0000000bf9600000,0x0000000bf9700000)]
  0x00000160d251b000 JavaThread "Attach Listener" daemon [_thread_blocked, id=21020, stack(0x0000000bf9700000,0x0000000bf9800000)]
  0x00000160d251e800 JavaThread "Service Thread" daemon [_thread_blocked, id=17852, stack(0x0000000bf9800000,0x0000000bf9900000)]
=>0x00000160d251f800 JavaThread "C2 CompilerThread0" daemon [_thread_in_native, id=10216, stack(0x0000000bf9900000,0x0000000bf9a00000)]
  0x00000160d1ba8000 JavaThread "C1 CompilerThread0" daemon [_thread_blocked, id=19120, stack(0x0000000bf9a00000,0x0000000bf9b00000)]
  0x00000160d1bbe000 JavaThread "Sweeper thread" daemon [_thread_blocked, id=14300, stack(0x0000000bf9b00000,0x0000000bf9c00000)]
  0x00000160d2678800 JavaThread "Common-Cleaner" daemon [_thread_blocked, id=25596, stack(0x0000000bf9d00000,0x0000000bf9e00000)]
  0x00000160d2ed9000 JavaThread "pool-1-thread-1" [_thread_blocked, id=18260, stack(0x0000000bf9e00000,0x0000000bf9f00000)]
  0x00000160d2f2e800 JavaThread "DisconnectableInputStream source reader" daemon [_thread_in_native, id=17124, stack(0x0000000bfa300000,0x0000000bfa400000)]

Other Threads:
  0x00000160d1b8a800 VMThread "VM Thread" [stack: 0x0000000bf9300000,0x0000000bf9400000] [id=6024]
  0x00000160d266f000 WatcherThread [stack: 0x0000000bf9c00000,0x0000000bf9d00000] [id=20608]
  0x00000160b78f8000 GCTaskThread "GC Thread#0" [stack: 0x0000000bf8e00000,0x0000000bf8f00000] [id=18460]
  0x00000160d2e5a000 GCTaskThread "GC Thread#1" [stack: 0x0000000bf9f00000,0x0000000bfa000000] [id=18412]
  0x00000160d2f7e800 GCTaskThread "GC Thread#2" [stack: 0x0000000bfa000000,0x0000000bfa100000] [id=5784]
  0x00000160d30b3000 GCTaskThread "GC Thread#3" [stack: 0x0000000bfa100000,0x0000000bfa200000] [id=18716]
  0x00000160b7929000 ConcurrentGCThread "G1 Main Marker" [stack: 0x0000000bf8f00000,0x0000000bf9000000] [id=25900]
  0x00000160b792a800 ConcurrentGCThread "G1 Conc#0" [stack: 0x0000000bf9000000,0x0000000bf9100000] [id=2164]
  0x00000160d19d0800 ConcurrentGCThread "G1 Refine#0" [stack: 0x0000000bf9100000,0x0000000bf9200000] [id=23460]
  0x00000160d19d1800 ConcurrentGCThread "G1 Young RemSet Sampling" [stack: 0x0000000bf9200000,0x0000000bf9300000] [id=23740]

Threads with active compile tasks:
C2 CompilerThread0  21144 1155 % !   4       java.io.BufferedReader::readLine @ 131 (304 bytes)

VM state:not at safepoint (normal execution)

VM Mutex/Monitor currently owned by a thread: None

Heap address: 0x0000000083600000, size: 1994 MB, Compressed Oops mode: 32-bit
Narrow klass base: 0x0000000000000000, Narrow klass shift: 3
Compressed class space size: 1073741824 Address: 0x0000000100000000

Heap:
 garbage-first heap   total 129024K, used 12910K [0x0000000083600000, 0x0000000100000000)
  region size 1024K, 9 young (9216K), 3 survivors (3072K)
 Metaspace       used 14554K, capacity 14846K, committed 15104K, reserved 1062912K
  class space    used 1645K, capacity 1756K, committed 1792K, reserved 1048576K
Heap Regions: E=young(eden), S=young(survivor), O=old, HS=humongous(starts), HC=humongous(continues), CS=collection set, F=free, A=archive, TAMS=top-at-mark-start (previous, next)
|   0|0x0000000083600000, 0x0000000083600000, 0x0000000083700000|  0%| F|  |TAMS 0x0000000083600000, 0x0000000083600000| Untracked 
|   1|0x0000000083700000, 0x0000000083700000, 0x0000000083800000|  0%| F|  |TAMS 0x0000000083700000, 0x0000000083700000| Untracked 
|   2|0x0000000083800000, 0x0000000083900000, 0x0000000083900000|100%|HS|  |TAMS 0x0000000083800000, 0x0000000083800000| Complete 
|   3|0x0000000083900000, 0x0000000083a00000, 0x0000000083a00000|100%|HS|  |TAMS 0x0000000083900000, 0x0000000083900000| Complete 
|   4|0x0000000083a00000, 0x0000000083b00000, 0x0000000083b00000|100%|HC|  |TAMS 0x0000000083a00000, 0x0000000083a00000| Complete 
|   5|0x0000000083b00000, 0x0000000083c00000, 0x0000000083c00000|100%| O|  |TAMS 0x0000000083b00000, 0x0000000083b00000| Untracked 
|   6|0x0000000083c00000, 0x0000000083c9ba00, 0x0000000083d00000| 60%| O|  |TAMS 0x0000000083c00000, 0x0000000083c00000| Untracked 
|   7|0x0000000083d00000, 0x0000000083d00000, 0x0000000083e00000|  0%| F|  |TAMS 0x0000000083d00000, 0x0000000083d00000| Untracked 
|   8|0x0000000083e00000, 0x0000000083e00000, 0x0000000083f00000|  0%| F|  |TAMS 0x0000000083e00000, 0x0000000083e00000| Untracked 
|   9|0x0000000083f00000, 0x0000000083f00000, 0x0000000084000000|  0%| F|  |TAMS 0x0000000083f00000, 0x0000000083f00000| Untracked 
|  10|0x0000000084000000, 0x0000000084000000, 0x0000000084100000|  0%| F|  |TAMS 0x0000000084000000, 0x0000000084000000| Untracked 
|  11|0x0000000084100000, 0x0000000084100000, 0x0000000084200000|  0%| F|  |TAMS 0x0000000084100000, 0x0000000084100000| Untracked 
|  12|0x0000000084200000, 0x0000000084200000, 0x0000000084300000|  0%| F|  |TAMS 0x0000000084200000, 0x0000000084200000| Untracked 
|  13|0x0000000084300000, 0x0000000084300000, 0x0000000084400000|  0%| F|  |TAMS 0x0000000084300000, 0x0000000084300000| Untracked 
|  14|0x0000000084400000, 0x0000000084400000, 0x0000000084500000|  0%| F|  |TAMS 0x0000000084400000, 0x0000000084400000| Untracked 
|  15|0x0000000084500000, 0x0000000084500000, 0x0000000084600000|  0%| F|  |TAMS 0x0000000084500000, 0x0000000084500000| Untracked 
|  16|0x0000000084600000, 0x0000000084600000, 0x0000000084700000|  0%| F|  |TAMS 0x0000000084600000, 0x0000000084600000| Untracked 
|  17|0x0000000084700000, 0x0000000084700000, 0x0000000084800000|  0%| F|  |TAMS 0x0000000084700000, 0x0000000084700000| Untracked 
|  18|0x0000000084800000, 0x0000000084800000, 0x0000000084900000|  0%| F|  |TAMS 0x0000000084800000, 0x0000000084800000| Untracked 
|  19|0x0000000084900000, 0x0000000084900000, 0x0000000084a00000|  0%| F|  |TAMS 0x0000000084900000, 0x0000000084900000| Untracked 
|  20|0x0000000084a00000, 0x0000000084a00000, 0x0000000084b00000|  0%| F|  |TAMS 0x0000000084a00000, 0x0000000084a00000| Untracked 
|  21|0x0000000084b00000, 0x0000000084b00000, 0x0000000084c00000|  0%| F|  |TAMS 0x0000000084b00000, 0x0000000084b00000| Untracked 
|  22|0x0000000084c00000, 0x0000000084c00000, 0x0000000084d00000|  0%| F|  |TAMS 0x0000000084c00000, 0x0000000084c00000| Untracked 
|  23|0x0000000084d00000, 0x0000000084d00000, 0x0000000084e00000|  0%| F|  |TAMS 0x0000000084d00000, 0x0000000084d00000| Untracked 
|  24|0x0000000084e00000, 0x0000000084e00000, 0x0000000084f00000|  0%| F|  |TAMS 0x0000000084e00000, 0x0000000084e00000| Untracked 
|  25|0x0000000084f00000, 0x0000000084f00000, 0x0000000085000000|  0%| F|  |TAMS 0x0000000084f00000, 0x0000000084f00000| Untracked 
|  26|0x0000000085000000, 0x0000000085000000, 0x0000000085100000|  0%| F|  |TAMS 0x0000000085000000, 0x0000000085000000| Untracked 
|  27|0x0000000085100000, 0x0000000085100000, 0x0000000085200000|  0%| F|  |TAMS 0x0000000085100000, 0x0000000085100000| Untracked 
|  28|0x0000000085200000, 0x0000000085200000, 0x0000000085300000|  0%| F|  |TAMS 0x0000000085200000, 0x0000000085200000| Untracked 
|  29|0x0000000085300000, 0x0000000085300000, 0x0000000085400000|  0%| F|  |TAMS 0x0000000085300000, 0x0000000085300000| Untracked 
|  30|0x0000000085400000, 0x0000000085400000, 0x0000000085500000|  0%| F|  |TAMS 0x0000000085400000, 0x0000000085400000| Untracked 
|  31|0x0000000085500000, 0x0000000085500000, 0x0000000085600000|  0%| F|  |TAMS 0x0000000085500000, 0x0000000085500000| Untracked 
|  32|0x0000000085600000, 0x0000000085600000, 0x0000000085700000|  0%| F|  |TAMS 0x0000000085600000, 0x0000000085600000| Untracked 
|  33|0x0000000085700000, 0x0000000085700000, 0x0000000085800000|  0%| F|  |TAMS 0x0000000085700000, 0x0000000085700000| Untracked 
|  34|0x0000000085800000, 0x0000000085800000, 0x0000000085900000|  0%| F|  |TAMS 0x0000000085800000, 0x0000000085800000| Untracked 
|  35|0x0000000085900000, 0x0000000085900000, 0x0000000085a00000|  0%| F|  |TAMS 0x0000000085900000, 0x0000000085900000| Untracked 
|  36|0x0000000085a00000, 0x0000000085a00000, 0x0000000085b00000|  0%| F|  |TAMS 0x0000000085a00000, 0x0000000085a00000| Untracked 
|  37|0x0000000085b00000, 0x0000000085b00000, 0x0000000085c00000|  0%| F|  |TAMS 0x0000000085b00000, 0x0000000085b00000| Untracked 
|  38|0x0000000085c00000, 0x0000000085c00000, 0x0000000085d00000|  0%| F|  |TAMS 0x0000000085c00000, 0x0000000085c00000| Untracked 
|  39|0x0000000085d00000, 0x0000000085d00000, 0x0000000085e00000|  0%| F|  |TAMS 0x0000000085d00000, 0x0000000085d00000| Untracked 
|  40|0x0000000085e00000, 0x0000000085e00000, 0x0000000085f00000|  0%| F|  |TAMS 0x0000000085e00000, 0x0000000085e00000| Untracked 
|  41|0x0000000085f00000, 0x0000000085f00000, 0x0000000086000000|  0%| F|  |TAMS 0x0000000085f00000, 0x0000000085f00000| Untracked 
|  42|0x0000000086000000, 0x0000000086000000, 0x0000000086100000|  0%| F|  |TAMS 0x0000000086000000, 0x0000000086000000| Untracked 
|  43|0x0000000086100000, 0x0000000086100000, 0x0000000086200000|  0%| F|  |TAMS 0x0000000086100000, 0x0000000086100000| Untracked 
|  44|0x0000000086200000, 0x0000000086200000, 0x0000000086300000|  0%| F|  |TAMS 0x0000000086200000, 0x0000000086200000| Untracked 
|  45|0x0000000086300000, 0x0000000086300000, 0x0000000086400000|  0%| F|  |TAMS 0x0000000086300000, 0x0000000086300000| Untracked 
|  46|0x0000000086400000, 0x0000000086400000, 0x0000000086500000|  0%| F|  |TAMS 0x0000000086400000, 0x0000000086400000| Untracked 
|  47|0x0000000086500000, 0x0000000086500000, 0x0000000086600000|  0%| F|  |TAMS 0x0000000086500000, 0x0000000086500000| Untracked 
|  48|0x0000000086600000, 0x0000000086600000, 0x0000000086700000|  0%| F|  |TAMS 0x0000000086600000, 0x0000000086600000| Untracked 
|  49|0x0000000086700000, 0x0000000086700000, 0x0000000086800000|  0%| F|  |TAMS 0x0000000086700000, 0x0000000086700000| Untracked 
|  50|0x0000000086800000, 0x0000000086800000, 0x0000000086900000|  0%| F|  |TAMS 0x0000000086800000, 0x0000000086800000| Untracked 
|  51|0x0000000086900000, 0x0000000086900000, 0x0000000086a00000|  0%| F|  |TAMS 0x0000000086900000, 0x0000000086900000| Untracked 
|  52|0x0000000086a00000, 0x0000000086a00000, 0x0000000086b00000|  0%| F|  |TAMS 0x0000000086a00000, 0x0000000086a00000| Untracked 
|  53|0x0000000086b00000, 0x0000000086b00000, 0x0000000086c00000|  0%| F|  |TAMS 0x0000000086b00000, 0x0000000086b00000| Untracked 
|  54|0x0000000086c00000, 0x0000000086c00000, 0x0000000086d00000|  0%| F|  |TAMS 0x0000000086c00000, 0x0000000086c00000| Untracked 
|  55|0x0000000086d00000, 0x0000000086d00000, 0x0000000086e00000|  0%| F|  |TAMS 0x0000000086d00000, 0x0000000086d00000| Untracked 
|  56|0x0000000086e00000, 0x0000000086e00000, 0x0000000086f00000|  0%| F|  |TAMS 0x0000000086e00000, 0x0000000086e00000| Untracked 
|  57|0x0000000086f00000, 0x0000000086f00000, 0x0000000087000000|  0%| F|  |TAMS 0x0000000086f00000, 0x0000000086f00000| Untracked 
|  58|0x0000000087000000, 0x0000000087000000, 0x0000000087100000|  0%| F|  |TAMS 0x0000000087000000, 0x0000000087000000| Untracked 
|  59|0x0000000087100000, 0x0000000087100000, 0x0000000087200000|  0%| F|  |TAMS 0x0000000087100000, 0x0000000087100000| Untracked 
|  60|0x0000000087200000, 0x0000000087200000, 0x0000000087300000|  0%| F|  |TAMS 0x0000000087200000, 0x0000000087200000| Untracked 
|  61|0x0000000087300000, 0x0000000087300000, 0x0000000087400000|  0%| F|  |TAMS 0x0000000087300000, 0x0000000087300000| Untracked 
|  62|0x0000000087400000, 0x0000000087400000, 0x0000000087500000|  0%| F|  |TAMS 0x0000000087400000, 0x0000000087400000| Untracked 
|  63|0x0000000087500000, 0x0000000087500000, 0x0000000087600000|  0%| F|  |TAMS 0x0000000087500000, 0x0000000087500000| Untracked 
|  64|0x0000000087600000, 0x0000000087600000, 0x0000000087700000|  0%| F|  |TAMS 0x0000000087600000, 0x0000000087600000| Untracked 
|  65|0x0000000087700000, 0x0000000087700000, 0x0000000087800000|  0%| F|  |TAMS 0x0000000087700000, 0x0000000087700000| Untracked 
|  66|0x0000000087800000, 0x0000000087800000, 0x0000000087900000|  0%| F|  |TAMS 0x0000000087800000, 0x0000000087800000| Untracked 
|  67|0x0000000087900000, 0x0000000087900000, 0x0000000087a00000|  0%| F|  |TAMS 0x0000000087900000, 0x0000000087900000| Untracked 
|  68|0x0000000087a00000, 0x0000000087a00000, 0x0000000087b00000|  0%| F|  |TAMS 0x0000000087a00000, 0x0000000087a00000| Untracked 
|  69|0x0000000087b00000, 0x0000000087b00000, 0x0000000087c00000|  0%| F|  |TAMS 0x0000000087b00000, 0x0000000087b00000| Untracked 
|  70|0x0000000087c00000, 0x0000000087c00000, 0x0000000087d00000|  0%| F|  |TAMS 0x0000000087c00000, 0x0000000087c00000| Untracked 
|  71|0x0000000087d00000, 0x0000000087d00000, 0x0000000087e00000|  0%| F|  |TAMS 0x0000000087d00000, 0x0000000087d00000| Untracked 
|  72|0x0000000087e00000, 0x0000000087e00000, 0x0000000087f00000|  0%| F|  |TAMS 0x0000000087e00000, 0x0000000087e00000| Untracked 
|  73|0x0000000087f00000, 0x0000000087f00000, 0x0000000088000000|  0%| F|  |TAMS 0x0000000087f00000, 0x0000000087f00000| Untracked 
|  74|0x0000000088000000, 0x0000000088000000, 0x0000000088100000|  0%| F|  |TAMS 0x0000000088000000, 0x0000000088000000| Untracked 
|  75|0x0000000088100000, 0x0000000088100000, 0x0000000088200000|  0%| F|  |TAMS 0x0000000088100000, 0x0000000088100000| Untracked 
|  76|0x0000000088200000, 0x0000000088200000, 0x0000000088300000|  0%| F|  |TAMS 0x0000000088200000, 0x0000000088200000| Untracked 
|  77|0x0000000088300000, 0x0000000088300000, 0x0000000088400000|  0%| F|  |TAMS 0x0000000088300000, 0x0000000088300000| Untracked 
|  78|0x0000000088400000, 0x0000000088400000, 0x0000000088500000|  0%| F|  |TAMS 0x0000000088400000, 0x0000000088400000| Untracked 
|  79|0x0000000088500000, 0x0000000088500000, 0x0000000088600000|  0%| F|  |TAMS 0x0000000088500000, 0x0000000088500000| Untracked 
|  80|0x0000000088600000, 0x0000000088600000, 0x0000000088700000|  0%| F|  |TAMS 0x0000000088600000, 0x0000000088600000| Untracked 
|  81|0x0000000088700000, 0x0000000088700000, 0x0000000088800000|  0%| F|  |TAMS 0x0000000088700000, 0x0000000088700000| Untracked 
|  82|0x0000000088800000, 0x0000000088800000, 0x0000000088900000|  0%| F|  |TAMS 0x0000000088800000, 0x0000000088800000| Untracked 
|  83|0x0000000088900000, 0x0000000088900000, 0x0000000088a00000|  0%| F|  |TAMS 0x0000000088900000, 0x0000000088900000| Untracked 
|  84|0x0000000088a00000, 0x0000000088a00000, 0x0000000088b00000|  0%| F|  |TAMS 0x0000000088a00000, 0x0000000088a00000| Untracked 
|  85|0x0000000088b00000, 0x0000000088b00000, 0x0000000088c00000|  0%| F|  |TAMS 0x0000000088b00000, 0x0000000088b00000| Untracked 
|  86|0x0000000088c00000, 0x0000000088c00000, 0x0000000088d00000|  0%| F|  |TAMS 0x0000000088c00000, 0x0000000088c00000| Untracked 
|  87|0x0000000088d00000, 0x0000000088d00000, 0x0000000088e00000|  0%| F|  |TAMS 0x0000000088d00000, 0x0000000088d00000| Untracked 
|  88|0x0000000088e00000, 0x0000000088e00000, 0x0000000088f00000|  0%| F|  |TAMS 0x0000000088e00000, 0x0000000088e00000| Untracked 
|  89|0x0000000088f00000, 0x0000000088f00000, 0x0000000089000000|  0%| F|  |TAMS 0x0000000088f00000, 0x0000000088f00000| Untracked 
|  90|0x0000000089000000, 0x0000000089000000, 0x0000000089100000|  0%| F|  |TAMS 0x0000000089000000, 0x0000000089000000| Untracked 
|  91|0x0000000089100000, 0x0000000089100000, 0x0000000089200000|  0%| F|  |TAMS 0x0000000089100000, 0x0000000089100000| Untracked 
|  92|0x0000000089200000, 0x0000000089200000, 0x0000000089300000|  0%| F|  |TAMS 0x0000000089200000, 0x0000000089200000| Untracked 
|  93|0x0000000089300000, 0x0000000089300000, 0x0000000089400000|  0%| F|  |TAMS 0x0000000089300000, 0x0000000089300000| Untracked 
|  94|0x0000000089400000, 0x0000000089400000, 0x0000000089500000|  0%| F|  |TAMS 0x0000000089400000, 0x0000000089400000| Untracked 
|  95|0x0000000089500000, 0x0000000089500000, 0x0000000089600000|  0%| F|  |TAMS 0x0000000089500000, 0x0000000089500000| Untracked 
|  96|0x0000000089600000, 0x0000000089600000, 0x0000000089700000|  0%| F|  |TAMS 0x0000000089600000, 0x0000000089600000| Untracked 
|  97|0x0000000089700000, 0x0000000089700000, 0x0000000089800000|  0%| F|  |TAMS 0x0000000089700000, 0x0000000089700000| Untracked 
|  98|0x0000000089800000, 0x0000000089800000, 0x0000000089900000|  0%| F|  |TAMS 0x0000000089800000, 0x0000000089800000| Untracked 
|  99|0x0000000089900000, 0x0000000089a00000, 0x0000000089a00000|100%| S|CS|TAMS 0x0000000089900000, 0x0000000089900000| Complete 
| 100|0x0000000089a00000, 0x0000000089b00000, 0x0000000089b00000|100%| S|CS|TAMS 0x0000000089a00000, 0x0000000089a00000| Complete 
| 101|0x0000000089b00000, 0x0000000089c00000, 0x0000000089c00000|100%| S|CS|TAMS 0x0000000089b00000, 0x0000000089b00000| Complete 
| 102|0x0000000089c00000, 0x0000000089c00000, 0x0000000089d00000|  0%| F|  |TAMS 0x0000000089c00000, 0x0000000089c00000| Untracked 
| 103|0x0000000089d00000, 0x0000000089d00000, 0x0000000089e00000|  0%| F|  |TAMS 0x0000000089d00000, 0x0000000089d00000| Untracked 
| 104|0x0000000089e00000, 0x0000000089e00000, 0x0000000089f00000|  0%| F|  |TAMS 0x0000000089e00000, 0x0000000089e00000| Untracked 
| 105|0x0000000089f00000, 0x0000000089f00000, 0x000000008a000000|  0%| F|  |TAMS 0x0000000089f00000, 0x0000000089f00000| Untracked 
| 106|0x000000008a000000, 0x000000008a000000, 0x000000008a100000|  0%| F|  |TAMS 0x000000008a000000, 0x000000008a000000| Untracked 
| 107|0x000000008a100000, 0x000000008a100000, 0x000000008a200000|  0%| F|  |TAMS 0x000000008a100000, 0x000000008a100000| Untracked 
| 108|0x000000008a200000, 0x000000008a200000, 0x000000008a300000|  0%| F|  |TAMS 0x000000008a200000, 0x000000008a200000| Untracked 
| 109|0x000000008a300000, 0x000000008a300000, 0x000000008a400000|  0%| F|  |TAMS 0x000000008a300000, 0x000000008a300000| Untracked 
| 110|0x000000008a400000, 0x000000008a400000, 0x000000008a500000|  0%| F|  |TAMS 0x000000008a400000, 0x000000008a400000| Untracked 
| 111|0x000000008a500000, 0x000000008a500000, 0x000000008a600000|  0%| F|  |TAMS 0x000000008a500000, 0x000000008a500000| Untracked 
| 112|0x000000008a600000, 0x000000008a600000, 0x000000008a700000|  0%| F|  |TAMS 0x000000008a600000, 0x000000008a600000| Untracked 
| 113|0x000000008a700000, 0x000000008a700000, 0x000000008a800000|  0%| F|  |TAMS 0x000000008a700000, 0x000000008a700000| Untracked 
| 114|0x000000008a800000, 0x000000008a800000, 0x000000008a900000|  0%| F|  |TAMS 0x000000008a800000, 0x000000008a800000| Untracked 
| 115|0x000000008a900000, 0x000000008a900000, 0x000000008aa00000|  0%| F|  |TAMS 0x000000008a900000, 0x000000008a900000| Untracked 
| 116|0x000000008aa00000, 0x000000008aa00000, 0x000000008ab00000|  0%| F|  |TAMS 0x000000008aa00000, 0x000000008aa00000| Untracked 
| 117|0x000000008ab00000, 0x000000008ab00000, 0x000000008ac00000|  0%| F|  |TAMS 0x000000008ab00000, 0x000000008ab00000| Untracked 
| 118|0x000000008ac00000, 0x000000008ac00000, 0x000000008ad00000|  0%| F|  |TAMS 0x000000008ac00000, 0x000000008ac00000| Untracked 
| 119|0x000000008ad00000, 0x000000008ad00000, 0x000000008ae00000|  0%| F|  |TAMS 0x000000008ad00000, 0x000000008ad00000| Untracked 
| 120|0x000000008ae00000, 0x000000008aefb628, 0x000000008af00000| 98%| E|  |TAMS 0x000000008ae00000, 0x000000008ae00000| Complete 
| 121|0x000000008af00000, 0x000000008b000000, 0x000000008b000000|100%| E|CS|TAMS 0x000000008af00000, 0x000000008af00000| Complete 
| 122|0x000000008b000000, 0x000000008b100000, 0x000000008b100000|100%| E|CS|TAMS 0x000000008b000000, 0x000000008b000000| Complete 
| 123|0x000000008b100000, 0x000000008b200000, 0x000000008b200000|100%| E|CS|TAMS 0x000000008b100000, 0x000000008b100000| Complete 
| 124|0x000000008b200000, 0x000000008b300000, 0x000000008b300000|100%| E|CS|TAMS 0x000000008b200000, 0x000000008b200000| Complete 
| 125|0x000000008b300000, 0x000000008b400000, 0x000000008b400000|100%| E|CS|TAMS 0x000000008b300000, 0x000000008b300000| Complete 

Card table byte_map: [0x00000160cab00000,0x00000160caef0000] _byte_map_base: 0x00000160ca6e5000

Marking Bits (Prev, Next): (CMBitMap*) 0x00000160b791f6c8, (CMBitMap*) 0x00000160b791f700
 Prev Bits: [0x00000160cb2e0000, 0x00000160cd208000)
 Next Bits: [0x00000160cd210000, 0x00000160cf138000)

Polling page: 0x00000160b70c0000

Metaspace:

Usage:
  Non-class:     12.78 MB capacity,    12.61 MB ( 99%) used,   162.13 KB (  1%) free+waste,    19.19 KB ( <1%) overhead. 
      Class:      1.71 MB capacity,     1.61 MB ( 94%) used,   101.14 KB (  6%) free+waste,     9.19 KB ( <1%) overhead. 
       Both:     14.50 MB capacity,    14.21 MB ( 98%) used,   263.27 KB (  2%) free+waste,    28.38 KB ( <1%) overhead. 

Virtual space:
  Non-class space:       14.00 MB reserved,      13.00 MB ( 93%) committed 
      Class space:        1.00 GB reserved,       1.75 MB ( <1%) committed 
             Both:        1.01 GB reserved,      14.75 MB (  1%) committed 

Chunk freelists:
   Non-Class:  30.00 KB
       Class:  4.00 KB
        Both:  34.00 KB

MaxMetaspaceSize: 17179869184.00 GB
CompressedClassSpaceSize: 1.00 GB

CodeHeap 'non-profiled nmethods': size=120000Kb used=358Kb max_used=358Kb free=119641Kb
 bounds [0x00000160c2ea0000, 0x00000160c3110000, 0x00000160ca3d0000]
CodeHeap 'profiled nmethods': size=120000Kb used=2073Kb max_used=2073Kb free=117927Kb
 bounds [0x00000160bb970000, 0x00000160bbbe0000, 0x00000160c2ea0000]
CodeHeap 'non-nmethods': size=5760Kb used=1113Kb max_used=1124Kb free=4647Kb
 bounds [0x00000160bb3d0000, 0x00000160bb640000, 0x00000160bb970000]
 total_blobs=1589 nmethods=1169 adapters=332
 compilation: enabled
              stopped_count=0, restarted_count=0
 full_count=0

Compilation events (20 events):
Event: 21.013 Thread 0x00000160d1ba8000 1162       3       sun.net.www.ParseUtil::match (50 bytes)
Event: 21.014 Thread 0x00000160d1ba8000 nmethod 1162 0x00000160bbb71e90 code [0x00000160bbb72040, 0x00000160bbb722b8]
Event: 21.015 Thread 0x00000160d1ba8000 1163       3       sun.invoke.util.Wrapper::isDoubleWord (15 bytes)
Event: 21.016 Thread 0x00000160d1ba8000 nmethod 1163 0x00000160bbb72390 code [0x00000160bbb72540, 0x00000160bbb72698]
Event: 21.017 Thread 0x00000160d1ba8000 1165       3       org.gradle.internal.logging.text.AbstractLineChoppingStyledTextOutput$1::execute (9 bytes)
Event: 21.028 Thread 0x00000160d1ba8000 nmethod 1165 0x00000160bbb72710 code [0x00000160bbb728e0, 0x00000160bbb72b08]
Event: 21.028 Thread 0x00000160d1ba8000 1166       3       org.gradle.internal.logging.text.AbstractLineChoppingStyledTextOutput$1::execute (130 bytes)
Event: 21.030 Thread 0x00000160d1ba8000 nmethod 1166 0x00000160bbb72c10 code [0x00000160bbb72ee0, 0x00000160bbb73b38]
Event: 21.030 Thread 0x00000160d1ba8000 1170       3       sun.nio.cs.SingleByte$Encoder::encode (32 bytes)
Event: 21.030 Thread 0x00000160d1ba8000 nmethod 1170 0x00000160bbb74010 code [0x00000160bbb741c0, 0x00000160bbb74378]
Event: 21.030 Thread 0x00000160d1ba8000 1171       3       org.gradle.internal.logging.text.AbstractLineChoppingStyledTextOutput::access$900 (4 bytes)
Event: 21.030 Thread 0x00000160d1ba8000 nmethod 1171 0x00000160bbb74490 code [0x00000160bbb74640, 0x00000160bbb74738]
Event: 21.030 Thread 0x00000160d1ba8000 1172       3       org.gradle.internal.logging.text.AbstractLineChoppingStyledTextOutput$StateContext::next (11 bytes)
Event: 21.030 Thread 0x00000160d1ba8000 nmethod 1172 0x00000160bbb74810 code [0x00000160bbb749c0, 0x00000160bbb74ab8]
Event: 21.031 Thread 0x00000160d1ba8000 1169       3       org.gradle.internal.logging.text.AbstractLineChoppingStyledTextOutput$2::execute (73 bytes)
Event: 21.032 Thread 0x00000160d1ba8000 nmethod 1169 0x00000160bbb74b90 code [0x00000160bbb74e20, 0x00000160bbb757f8]
Event: 21.032 Thread 0x00000160d1ba8000 1167       3       org.gradle.internal.logging.text.AbstractLineChoppingStyledTextOutput::access$800 (4 bytes)
Event: 21.032 Thread 0x00000160d1ba8000 nmethod 1167 0x00000160bbb75c10 code [0x00000160bbb75dc0, 0x00000160bbb75eb8]
Event: 21.032 Thread 0x00000160d1ba8000 1168       3       org.gradle.internal.logging.text.AbstractLineChoppingStyledTextOutput$2::execute (9 bytes)
Event: 21.032 Thread 0x00000160d1ba8000 nmethod 1168 0x00000160bbb75f90 code [0x00000160bbb76160, 0x00000160bbb76368]

GC Heap History (2 events):
Event: 2.850 GC heap before
{Heap before GC invocations=0 (full 0):
 garbage-first heap   total 129024K, used 28672K [0x0000000083600000, 0x0000000100000000)
  region size 1024K, 24 young (24576K), 0 survivors (0K)
 Metaspace       used 12530K, capacity 12759K, committed 13056K, reserved 1060864K
  class space    used 1397K, capacity 1486K, committed 1536K, reserved 1048576K
}
Event: 2.862 GC heap after
{Heap after GC invocations=1 (full 0):
 garbage-first heap   total 129024K, used 7790K [0x0000000083600000, 0x0000000100000000)
  region size 1024K, 3 young (3072K), 3 survivors (3072K)
 Metaspace       used 12530K, capacity 12759K, committed 13056K, reserved 1060864K
  class space    used 1397K, capacity 1486K, committed 1536K, reserved 1048576K
}

Deoptimization events (20 events):
Event: 2.019 Thread 0x00000160b78e1800 DEOPT PACKING pc=0x00000160c2ec25b4 sp=0x0000000bf8dfbba0
Event: 2.019 Thread 0x00000160b78e1800 DEOPT UNPACKING pc=0x00000160bb3d83af sp=0x0000000bf8dfbb30 mode 2
Event: 2.019 Thread 0x00000160b78e1800 Uncommon trap: trap_request=0xffffffde fr.pc=0x00000160c2ec25b4 relative=0x0000000000000714
Event: 2.019 Thread 0x00000160b78e1800 Uncommon trap: reason=class_check action=maybe_recompile pc=0x00000160c2ec25b4 method=java.util.HashMap.putVal(ILjava/lang/Object;Ljava/lang/Object;ZZ)Ljava/lang/Object; @ 91 c2
Event: 2.019 Thread 0x00000160b78e1800 DEOPT PACKING pc=0x00000160c2ec25b4 sp=0x0000000bf8dfbb30
Event: 2.019 Thread 0x00000160b78e1800 DEOPT UNPACKING pc=0x00000160bb3d83af sp=0x0000000bf8dfbac0 mode 2
Event: 2.020 Thread 0x00000160b78e1800 Uncommon trap: trap_request=0xffffffde fr.pc=0x00000160c2ec25b4 relative=0x0000000000000714
Event: 2.020 Thread 0x00000160b78e1800 Uncommon trap: reason=class_check action=maybe_recompile pc=0x00000160c2ec25b4 method=java.util.HashMap.putVal(ILjava/lang/Object;Ljava/lang/Object;ZZ)Ljava/lang/Object; @ 91 c2
Event: 2.020 Thread 0x00000160b78e1800 DEOPT PACKING pc=0x00000160c2ec25b4 sp=0x0000000bf8dfbb60
Event: 2.020 Thread 0x00000160b78e1800 DEOPT UNPACKING pc=0x00000160bb3d83af sp=0x0000000bf8dfbaf0 mode 2
Event: 2.896 Thread 0x00000160b78e1800 Uncommon trap: trap_request=0xffffff4d fr.pc=0x00000160c2ee5828 relative=0x0000000000000168
Event: 2.896 Thread 0x00000160b78e1800 Uncommon trap: reason=unstable_if action=reinterpret pc=0x00000160c2ee5828 method=java.util.HashMap.getNode(ILjava/lang/Object;)Ljava/util/HashMap$Node; @ 129 c2
Event: 2.896 Thread 0x00000160b78e1800 DEOPT PACKING pc=0x00000160c2ee5828 sp=0x0000000bf8dfb640
Event: 2.896 Thread 0x00000160b78e1800 DEOPT UNPACKING pc=0x00000160bb3d83af sp=0x0000000bf8dfb5b0 mode 2
Event: 2.896 Thread 0x00000160b78e1800 Uncommon trap: trap_request=0xffffffde fr.pc=0x00000160c2ee0a40 relative=0x0000000000000820
Event: 2.896 Thread 0x00000160b78e1800 Uncommon trap: reason=class_check action=maybe_recompile pc=0x00000160c2ee0a40 method=java.util.HashMap.putVal(ILjava/lang/Object;Ljava/lang/Object;ZZ)Ljava/lang/Object; @ 203 c2
Event: 2.896 Thread 0x00000160b78e1800 DEOPT PACKING pc=0x00000160c2ee0a40 sp=0x0000000bf8dfb660
Event: 2.896 Thread 0x00000160b78e1800 DEOPT UNPACKING pc=0x00000160bb3d83af sp=0x0000000bf8dfb580 mode 2
Event: 4.843 Thread 0x00000160b78e1800 DEOPT PACKING pc=0x00000160bb9e5eff sp=0x0000000bf8dfaee0
Event: 4.843 Thread 0x00000160b78e1800 DEOPT UNPACKING pc=0x00000160bb3f8ede sp=0x0000000bf8dfa330 mode 0

Classes redefined (0 events):
No events

Internal exceptions (10 events):
Event: 0.720 Thread 0x00000160b78e1800 Exception <a 'java/lang/NoSuchMethodError'{0x000000008b29dea8}: 'int java.lang.invoke.DirectMethodHandle$Holder.invokeSpecialIFC(java.lang.Object, java.lang.Object, int)'> (0x000000008b29dea8) thrown at [./src/hotspot/share/interpreter/linkResolver.cpp, line 773]
Event: 2.358 Thread 0x00000160b78e1800 Exception <a 'java/lang/NoSuchMethodError'{0x000000008a367708}: 'java.lang.Object java.lang.invoke.DirectMethodHandle$Holder.invokeVirtual(java.lang.Object, java.lang.Object, java.lang.Object, java.lang.Object, java.lang.Object)'> (0x000000008a367708) thrown at [./src/hotspot/share/interpreter/linkResolver.cpp, line 773]
Event: 2.454 Thread 0x00000160b78e1800 Exception <a 'java/lang/NoClassDefFoundError'{0x000000008a128b90}: org/slf4j/impl/StaticMarkerBinder> (0x000000008a128b90) thrown at [./src/hotspot/share/classfile/systemDictionary.cpp, line 220]
Event: 2.690 Thread 0x00000160b78e1800 Exception <a 'java/lang/NoSuchMethodError'{0x0000000089e46740}: 'java.lang.Object java.lang.invoke.DirectMethodHandle$Holder.invokeStaticInit(java.lang.Object, java.lang.Object, java.lang.Object)'> (0x0000000089e46740) thrown at [./src/hotspot/share/interpreter/linkResolver.cpp, line 773]
Event: 2.802 Thread 0x00000160b78e1800 Exception <a 'java/lang/NoSuchMethodError'{0x0000000089dfce78}: 'java.lang.Object java.lang.invoke.Invokers$Holder.invoker(java.lang.Object, java.lang.Object, java.lang.Object, java.lang.Object, java.lang.Object)'> (0x0000000089dfce78) thrown at [./src/hotspot/share/interpreter/linkResolver.cpp, line 773]
Event: 2.807 Thread 0x00000160b78e1800 Exception <a 'java/lang/NoSuchMethodError'{0x0000000089c0e110}: 'void java.lang.invoke.DelegatingMethodHandle$Holder.delegate(java.lang.Object, java.lang.Object, int, java.lang.Object)'> (0x0000000089c0e110) thrown at [./src/hotspot/share/interpreter/linkResolver.cpp, line 773]
Event: 2.942 Thread 0x00000160b78e1800 Exception <a 'java/lang/NoSuchMethodError'{0x000000008b29de40}: 'java.lang.Object java.lang.invoke.DirectMethodHandle$Holder.invokeStaticInit(java.lang.Object, int, int, int, int)'> (0x000000008b29de40) thrown at [./src/hotspot/share/interpreter/linkResolver.cpp, line 773]
Event: 3.720 Thread 0x00000160b78e1800 Exception <a 'java/lang/NoSuchMethodError'{0x000000008b120f90}: 'java.lang.Object java.lang.invoke.DirectMethodHandle$Holder.invokeStaticInit(java.lang.Object, java.lang.Object, int, int, int, int)'> (0x000000008b120f90) thrown at [./src/hotspot/share/interpreter/linkResolver.cpp, line 773]
Event: 20.988 Thread 0x00000160b78e1800 Exception <a 'java/io/IOException'{0x000000008afb5a68}> (0x000000008afb5a68) thrown at [./src/hotspot/share/prims/jni.cpp, line 615]
Event: 21.012 Thread 0x00000160d2f2f800 Exception <a 'java/io/IOException'{0x000000008ae05308}> (0x000000008ae05308) thrown at [./src/hotspot/share/prims/jni.cpp, line 615]

Events (20 events):
Event: 18.755 loading class org/gradle/internal/logging/text/AbstractLineChoppingStyledTextOutput$StateContext done
Event: 20.989 loading class org/slf4j/helpers/MessageFormatter
Event: 20.989 loading class org/slf4j/helpers/MessageFormatter done
Event: 20.991 loading class org/slf4j/helpers/FormattingTuple
Event: 20.991 loading class org/slf4j/helpers/FormattingTuple done
Event: 20.993 loading class org/gradle/util/internal/LimitedDescription
Event: 20.993 loading class org/gradle/util/internal/LimitedDescription done
Event: 21.009 loading class com/google/common/collect/Lists$ReverseList
Event: 21.009 loading class com/google/common/collect/Lists$ReverseList done
Event: 21.010 loading class com/google/common/collect/Lists$ReverseList$1
Event: 21.010 loading class com/google/common/collect/Lists$ReverseList$1 done
Event: 21.013 Executing VM operation: RevokeBias
Event: 21.013 Executing VM operation: RevokeBias done
Event: 21.013 loading class org/gradle/internal/remote/internal/inet/SocketConnection$1
Event: 21.013 loading class org/gradle/internal/remote/internal/inet/SocketConnection$1 done
Event: 21.015 loading class java/util/concurrent/ConcurrentLinkedQueue$Itr
Event: 21.015 loading class java/util/concurrent/ConcurrentLinkedQueue$Itr done
Event: 21.017 Executing VM operation: RevokeBias
Event: 21.028 Executing VM operation: RevokeBias done
Event: 21.028 Thread 0x00000160d2f2f800 Thread exited: 0x00000160d2f2f800


Dynamic libraries:
0x00007ff7b8590000 - 0x00007ff7b859a000 	C:\Program Files\Android\Android Studio\jre\bin\java.exe
0x00007ffc639d0000 - 0x00007ffc63bc5000 	C:\WINDOWS\SYSTEM32\ntdll.dll
0x00007ffc2d180000 - 0x00007ffc2d195000 	C:\Program Files\Avast Software\Avast\aswhook.dll
0x00007ffc61a30000 - 0x00007ffc61aed000 	C:\WINDOWS\System32\KERNEL32.DLL
0x00007ffc614e0000 - 0x00007ffc617a9000 	C:\WINDOWS\System32\KERNELBASE.dll
0x00007ffc61930000 - 0x00007ffc61a30000 	C:\WINDOWS\System32\ucrtbase.dll
0x00007ffc3c2f0000 - 0x00007ffc3c309000 	C:\Program Files\Android\Android Studio\jre\bin\jli.dll
0x00007ffc3e220000 - 0x00007ffc3e237000 	C:\Program Files\Android\Android Studio\jre\bin\VCRUNTIME140.dll
0x00007ffc62b00000 - 0x00007ffc62ca0000 	C:\WINDOWS\System32\USER32.dll
0x00007ffc61370000 - 0x00007ffc61392000 	C:\WINDOWS\System32\win32u.dll
0x00007ffc63960000 - 0x00007ffc6398a000 	C:\WINDOWS\System32\GDI32.dll
0x00007ffc61260000 - 0x00007ffc6136b000 	C:\WINDOWS\System32\gdi32full.dll
0x00007ffc61830000 - 0x00007ffc618cd000 	C:\WINDOWS\System32\msvcp_win.dll
0x00007ffc39e40000 - 0x00007ffc3a0da000 	C:\WINDOWS\WinSxS\amd64_microsoft.windows.common-controls_6595b64144ccf1df_6.0.19041.1110_none_60b5254171f9507e\COMCTL32.dll
0x00007ffc628c0000 - 0x00007ffc6295e000 	C:\WINDOWS\System32\msvcrt.dll
0x00007ffc63400000 - 0x00007ffc63430000 	C:\WINDOWS\System32\IMM32.DLL
0x00007ffc1cd30000 - 0x00007ffc1cdcd000 	C:\Program Files\Android\Android Studio\jre\bin\msvcp140.dll
0x00007ffbe0230000 - 0x00007ffbe0cff000 	C:\Program Files\Android\Android Studio\jre\bin\server\jvm.dll
0x00007ffc62410000 - 0x00007ffc624bc000 	C:\WINDOWS\System32\ADVAPI32.dll
0x00007ffc63660000 - 0x00007ffc636fb000 	C:\WINDOWS\System32\sechost.dll
0x00007ffc622e0000 - 0x00007ffc6240a000 	C:\WINDOWS\System32\RPCRT4.dll
0x00007ffc622d0000 - 0x00007ffc622d8000 	C:\WINDOWS\System32\PSAPI.DLL
0x00007ffc3bf10000 - 0x00007ffc3bf37000 	C:\WINDOWS\SYSTEM32\WINMM.dll
0x00007ffc47650000 - 0x00007ffc47659000 	C:\WINDOWS\SYSTEM32\WSOCK32.dll
0x00007ffc62530000 - 0x00007ffc6259b000 	C:\WINDOWS\System32\WS2_32.dll
0x00007ffc60c30000 - 0x00007ffc60c3a000 	C:\WINDOWS\SYSTEM32\VERSION.dll
0x00007ffc5f920000 - 0x00007ffc5f932000 	C:\WINDOWS\SYSTEM32\kernel.appcore.dll
0x00007ffc39a80000 - 0x00007ffc39a91000 	C:\Program Files\Android\Android Studio\jre\bin\verify.dll
0x00007ffc5f5b0000 - 0x00007ffc5f794000 	C:\WINDOWS\SYSTEM32\DBGHELP.DLL
0x00007ffc49b10000 - 0x00007ffc49b3c000 	C:\WINDOWS\SYSTEM32\dbgcore.DLL
0x00007ffc61450000 - 0x00007ffc614d3000 	C:\WINDOWS\System32\bcryptPrimitives.dll
0x00007ffc34b80000 - 0x00007ffc34ba9000 	C:\Program Files\Android\Android Studio\jre\bin\java.dll
0x00007ffc3e1a0000 - 0x00007ffc3e1ab000 	C:\Program Files\Android\Android Studio\jre\bin\jimage.dll
0x00007ffc340b0000 - 0x00007ffc340c8000 	C:\Program Files\Android\Android Studio\jre\bin\zip.dll
0x00007ffc62cc0000 - 0x00007ffc633ff000 	C:\WINDOWS\System32\SHELL32.dll
0x00007ffc5ed00000 - 0x00007ffc5f490000 	C:\WINDOWS\SYSTEM32\windows.storage.dll
0x00007ffc61af0000 - 0x00007ffc61e45000 	C:\WINDOWS\System32\combase.dll
0x00007ffc60a80000 - 0x00007ffc60aac000 	C:\WINDOWS\SYSTEM32\Wldp.dll
0x00007ffc62810000 - 0x00007ffc628be000 	C:\WINDOWS\System32\SHCORE.dll
0x00007ffc63820000 - 0x00007ffc63875000 	C:\WINDOWS\System32\shlwapi.dll
0x00007ffc61040000 - 0x00007ffc6105f000 	C:\WINDOWS\SYSTEM32\profapi.dll
0x00007ffc33f30000 - 0x00007ffc33f4a000 	C:\Program Files\Android\Android Studio\jre\bin\net.dll
0x00007ffc5b900000 - 0x00007ffc5ba08000 	C:\WINDOWS\SYSTEM32\WINHTTP.dll
0x00007ffc607e0000 - 0x00007ffc6084a000 	C:\WINDOWS\system32\mswsock.dll
0x00007ffc308e0000 - 0x00007ffc308f4000 	C:\Program Files\Android\Android Studio\jre\bin\nio.dll
0x00007ffc300c0000 - 0x00007ffc300e6000 	C:\Users\SAMUELLA M. AGLAGO\.gradle\native\29\windows-amd64\native-platform.dll
0x00007ffc3bf90000 - 0x00007ffc3bf9a000 	C:\Program Files\Android\Android Studio\jre\bin\management.dll
0x00007ffc34b70000 - 0x00007ffc34b7c000 	C:\Program Files\Android\Android Studio\jre\bin\management_ext.dll
0x00007ffc609d0000 - 0x00007ffc609e8000 	C:\WINDOWS\SYSTEM32\CRYPTSP.dll
0x00007ffc60100000 - 0x00007ffc60134000 	C:\WINDOWS\system32\rsaenh.dll
0x00007ffc61800000 - 0x00007ffc61827000 	C:\WINDOWS\System32\bcrypt.dll
0x00007ffc60fc0000 - 0x00007ffc60fee000 	C:\WINDOWS\SYSTEM32\USERENV.dll
0x00007ffc609f0000 - 0x00007ffc609fc000 	C:\WINDOWS\SYSTEM32\CRYPTBASE.dll
0x00007ffc604d0000 - 0x00007ffc6050b000 	C:\WINDOWS\SYSTEM32\IPHLPAPI.DLL
0x00007ffc624c0000 - 0x00007ffc624c8000 	C:\WINDOWS\System32\NSI.dll
0x00007ffc54e30000 - 0x00007ffc54e47000 	C:\WINDOWS\SYSTEM32\dhcpcsvc6.DLL
0x00007ffc55140000 - 0x00007ffc5515d000 	C:\WINDOWS\SYSTEM32\dhcpcsvc.DLL
0x00007ffc60510000 - 0x00007ffc605dc000 	C:\WINDOWS\SYSTEM32\DNSAPI.dll

dbghelp: loaded successfully - version: 4.0.5 - missing functions: none
symbol engine: initialized successfully - sym options: 0x614 - pdb path: .;C:\Program Files\Android\Android Studio\jre\bin;C:\WINDOWS\SYSTEM32;C:\Program Files\Avast Software\Avast;C:\WINDOWS\WinSxS\amd64_microsoft.windows.common-controls_6595b64144ccf1df_6.0.19041.1110_none_60b5254171f9507e;C:\Program Files\Android\Android Studio\jre\bin\server;C:\Users\SAMUELLA M. AGLAGO\.gradle\native\29\windows-amd64

VM Arguments:
jvm_args: -Dorg.gradle.appname=gradlew 
java_command: org.gradle.wrapper.GradleWrapperMain -q -Ptarget-platform=android-x86 -Ptarget=D:\Android\PROJECTS\bmi-calculator-flutter\lib\main.dart -Pdart-defines=Zmx1dHRlci5pbnNwZWN0b3Iuc3RydWN0dXJlZEVycm9ycz10cnVl,RkxVVFRFUl9XRUJfQVVUT19ERVRFQ1Q9dHJ1ZQ== -Pdart-obfuscation=false -Ptrack-widget-creation=true -Ptree-shake-icons=false -Pfilesystem-scheme=org-dartlang-root assembleDebug
java_class_path (initial): D:\Android\PROJECTS\bmi-calculator-flutter\android\\gradle\wrapper\gradle-wrapper.jar
Launcher Type: SUN_STANDARD

[Global flags]
     intx CICompilerCount                          = 4                                         {product} {ergonomic}
     uint ConcGCThreads                            = 2                                         {product} {ergonomic}
     uint G1ConcRefinementThreads                  = 8                                         {product} {ergonomic}
   size_t G1HeapRegionSize                         = 1048576                                   {product} {ergonomic}
    uintx GCDrainStackTargetSize                   = 64                                        {product} {ergonomic}
   size_t InitialHeapSize                          = 132120576                                 {product} {ergonomic}
   size_t MarkStackSize                            = 4194304                                   {product} {ergonomic}
   size_t MaxHeapSize                              = 2090860544                                {product} {ergonomic}
   size_t MaxNewSize                               = 1254096896                                {product} {ergonomic}
   size_t MinHeapDeltaBytes                        = 1048576                                   {product} {ergonomic}
    uintx NonNMethodCodeHeapSize                   = 5836300                                {pd product} {ergonomic}
    uintx NonProfiledCodeHeapSize                  = 122910970                              {pd product} {ergonomic}
    uintx ProfiledCodeHeapSize                     = 122910970                              {pd product} {ergonomic}
    uintx ReservedCodeCacheSize                    = 251658240                              {pd product} {ergonomic}
     bool SegmentedCodeCache                       = true                                      {product} {ergonomic}
     bool UseCompressedClassPointers               = true                                 {lp64_product} {ergonomic}
     bool UseCompressedOops                        = true                                 {lp64_product} {ergonomic}
     bool UseG1GC                                  = true                                      {product} {ergonomic}
     bool UseLargePagesIndividualAllocation        = false                                  {pd product} {ergonomic}

Logging:
Log output configuration:
 #0: stdout all=warning uptime,level,tags
 #1: stderr all=off uptime,level,tags

Environment Variables:
JAVA_HOME=C:\Program Files\Android\Android Studio\jre
CLASSPATH=D:\Android\PROJECTS\bmi-calculator-flutter\android\\gradle\wrapper\gradle-wrapper.jar
PATH=C:\Program Files\Common Files\Oracle\Java\javapath;C:\WINDOWS\system32;C:\WINDOWS;C:\WINDOWS\System32\Wbem;C:\WINDOWS\System32\WindowsPowerShell\v1.0\;C:\WINDOWS\System32\OpenSSH\;C:\Program Files (x86)\nodejs\;C:\Program Files\Git\cmd;C:\HashiCorp\Vagrant\bin;D:\Android\FLUTTER_FILES\flutter\bin;C:\Users\SAMUELLA M. AGLAGO\AppData\Local\Microsoft\WindowsApps;C:\Users\SAMUELLA M. AGLAGO\AppData\Roaming\npm;C:\Users\SAMUELLA M. AGLAGO\AppData\Local\Programs\Microsoft VS Code\bin;C:\Users\SAMUELLA M. AGLAGO\AppData\Local\Programs\MiKTeX\miktex\bin\x64\;C:\Users\SAMUELLA M. AGLAGO\Desktop\miktex\miktex\bin\x64\;;D:\Android\FLUTTER_FILES\flutter\bin\mingit\cmd
USERNAME=SAMUELLA M. AGLAGO
OS=Windows_NT
PROCESSOR_IDENTIFIER=Intel64 Family 6 Model 126 Stepping 5, GenuineIntel



---------------  S Y S T E M  ---------------

OS: Windows 10 , 64 bit Build 19041 (10.0.19041.1151)
OS uptime: 2 days 5:54 hours

CPU:total 8 (initial active 8) (4 cores per cpu, 2 threads per core) family 6 model 126 stepping 5 microcode 0xa0, cmov, cx8, fxsr, mmx, sse, sse2, sse3, ssse3, sse4.1, sse4.2, popcnt, avx, avx2, aes, clmul, erms, 3dnowpref, lzcnt, ht, tsc, tscinvbit, bmi1, bmi2, adx, evex, sha, fma

Memory: 4k page, system-wide physical 7973M (406M free)
TotalPageFile size 31910M (AvailPageFile size 352M)
current process WorkingSet (physical memory assigned to process): 65M, peak: 90M
current process commit charge ("private bytes"): 222M, peak: 222M

vm_info: OpenJDK 64-Bit Server VM (11.0.10+0-b96-7249189) for windows-amd64 JRE (11.0.10+0-b96-7249189), built on Mar 31 2021 21:44:00 by "builder" with MS VC++ 14.0 (VS2015)

END.
