#
# There is insufficient memory for the Java Runtime Environment to continue.
# Native memory allocation (malloc) failed to allocate 149712 bytes for Chunk::new
# Possible reasons:
#   The system is out of physical RAM or swap space
#   The process is running with CompressedOops enabled, and the Java Heap may be blocking the growth of the native heap
# Possible solutions:
#   Reduce memory load on the system
#   Increase physical memory or swap space
#   Check if swap backing store is full
#   Decrease Java heap size (-Xmx/-Xms)
#   Decrease number of Java threads
#   Decrease Java thread stack sizes (-Xss)
#   Set larger code cache with -XX:ReservedCodeCacheSize=
#   JVM is running with Unscaled Compressed Oops mode in which the Java heap is
#     placed in the first 4GB address space. The Java Heap base address is the
#     maximum limit for the native heap growth. Please use -XX:HeapBaseMinAddress
#     to set the Java Heap base and to place the Java Heap above 4GB virtual address.
# This output file may be truncated or incomplete.
#
#  Out of Memory Error (./src/hotspot/share/memory/arena.cpp:197), pid=24308, tid=10912
#
# JRE version: OpenJDK Runtime Environment (11.0.10) (build 11.0.10+0-b96-7249189)
# Java VM: OpenJDK 64-Bit Server VM (11.0.10+0-b96-7249189, mixed mode, tiered, compressed oops, g1 gc, windows-amd64)
# No core dump will be written. Minidumps are not enabled by default on client versions of Windows
#

---------------  S U M M A R Y ------------

Command Line: --add-opens=java.base/java.util=ALL-UNNAMED --add-opens=java.base/java.lang=ALL-UNNAMED --add-opens=java.base/java.lang.invoke=ALL-UNNAMED --add-opens=java.prefs/java.util.prefs=ALL-UNNAMED -Xmx1536M -Dfile.encoding=windows-1252 -Duser.country=US -Duser.language=en -Duser.variant org.gradle.launcher.daemon.bootstrap.GradleDaemon 5.4.1

Host: Intel(R) Core(TM) i5-1035G1 CPU @ 1.00GHz, 8 cores, 7G,  Windows 10 , 64 bit Build 19041 (10.0.19041.1151)
Time: Sun Aug 22 22:32:27 2021 Greenwich Standard Time elapsed time: 291.978583 seconds (0d 0h 4m 51s)

---------------  T H R E A D  ---------------

Current thread (0x0000012c52d08800):  JavaThread "C2 CompilerThread0" daemon [_thread_in_native, id=10912, stack(0x0000001878200000,0x0000001878300000)]


Current CompileTask:
C2: 291978 8812       4       java.util.concurrent.locks.AbstractQueuedSynchronizer$ConditionObject::awaitNanos (181 bytes)

Stack: [0x0000001878200000,0x0000001878300000]
Native frames: (J=compiled Java code, j=interpreted, Vv=VM code, C=native code)
V  [jvm.dll+0x5ecfaa]
V  [jvm.dll+0x722bd5]
V  [jvm.dll+0x72412d]
V  [jvm.dll+0x7247e3]
V  [jvm.dll+0x242928]
V  [jvm.dll+0xbc4fc]
V  [jvm.dll+0xbca0c]
V  [jvm.dll+0x1fae51]
V  [jvm.dll+0x584a45]
V  [jvm.dll+0x58380e]
V  [jvm.dll+0x1fb4a2]
V  [jvm.dll+0x1fa7f4]
V  [jvm.dll+0x18354c]
V  [jvm.dll+0x208ee7]
V  [jvm.dll+0x207731]
V  [jvm.dll+0x6eb1cf]
V  [jvm.dll+0x6e3d45]
V  [jvm.dll+0x5ebe96]
C  [ucrtbase.dll+0x21bb2]
C  [KERNEL32.DLL+0x17034]
C  [ntdll.dll+0x52651]


---------------  P R O C E S S  ---------------

Threads class SMR info:
_java_thread_list=0x0000012c56657370, length=51, elements={
0x0000012c39224000, 0x0000012c52381000, 0x0000012c5238a800, 0x0000012c52d04000,
0x0000012c52d06000, 0x0000012c52d07000, 0x0000012c52d08800, 0x0000012c52d0e800,
0x0000012c52d10000, 0x0000012c52e6b000, 0x0000012c53892000, 0x0000012c5452e800,
0x0000012c53b4f000, 0x0000012c548d5000, 0x0000012c548da000, 0x0000012c548d7800,
0x0000012c52f91800, 0x0000012c52f97800, 0x0000012c52f9c000, 0x0000012c52f95800,
0x0000012c52f92800, 0x0000012c52f93000, 0x0000012c52f94000, 0x0000012c52f95000,
0x0000012c52f90000, 0x0000012c52f96800, 0x0000012c52f91000, 0x0000012c52f9e000,
0x0000012c52f99000, 0x0000012c52f9a000, 0x0000012c52f98000, 0x0000012c52f9e800,
0x0000012c52f9a800, 0x0000012c52f9b800, 0x0000012c548db000, 0x0000012c548d6000,
0x0000012c548d6800, 0x0000012c548d8800, 0x0000012c54a7d000, 0x0000012c54a7c000,
0x0000012c54a78000, 0x0000012c54a79000, 0x0000012c54a77000, 0x0000012c54a7d800,
0x0000012c54a7e800, 0x0000012c54a79800, 0x0000012c54a7f800, 0x0000012c54a80000,
0x0000012c54a7a800, 0x0000012c54a81000, 0x0000012c54a7b800
}

Java Threads: ( => current thread )
  0x0000012c39224000 JavaThread "main" [_thread_blocked, id=5908, stack(0x0000001877600000,0x0000001877700000)]
  0x0000012c52381000 JavaThread "Reference Handler" daemon [_thread_blocked, id=1232, stack(0x0000001877d00000,0x0000001877e00000)]
  0x0000012c5238a800 JavaThread "Finalizer" daemon [_thread_blocked, id=25420, stack(0x0000001877e00000,0x0000001877f00000)]
  0x0000012c52d04000 JavaThread "Signal Dispatcher" daemon [_thread_blocked, id=10340, stack(0x0000001877f00000,0x0000001878000000)]
  0x0000012c52d06000 JavaThread "Attach Listener" daemon [_thread_blocked, id=23976, stack(0x0000001878000000,0x0000001878100000)]
  0x0000012c52d07000 JavaThread "Service Thread" daemon [_thread_blocked, id=26332, stack(0x0000001878100000,0x0000001878200000)]
=>0x0000012c52d08800 JavaThread "C2 CompilerThread0" daemon [_thread_in_native, id=10912, stack(0x0000001878200000,0x0000001878300000)]
  0x0000012c52d0e800 JavaThread "C1 CompilerThread0" daemon [_thread_blocked, id=19252, stack(0x0000001878300000,0x0000001878400000)]
  0x0000012c52d10000 JavaThread "Sweeper thread" daemon [_thread_blocked, id=22588, stack(0x0000001878400000,0x0000001878500000)]
  0x0000012c52e6b000 JavaThread "Common-Cleaner" daemon [_thread_blocked, id=12204, stack(0x0000001878500000,0x0000001878600000)]
  0x0000012c53892000 JavaThread "Daemon health stats" [_thread_blocked, id=20720, stack(0x0000001878900000,0x0000001878a00000)]
  0x0000012c5452e800 JavaThread "Incoming local TCP Connector on port 58318" [_thread_in_native, id=26064, stack(0x0000001878a00000,0x0000001878b00000)]
  0x0000012c53b4f000 JavaThread "Daemon periodic checks" [_thread_blocked, id=22984, stack(0x0000001878b00000,0x0000001878c00000)]
  0x0000012c548d5000 JavaThread "Cache worker for file hash cache (C:\Users\SAMUELLA M. AGLAGO\.gradle\caches\5.4.1\fileHashes)" [_thread_blocked, id=18656, stack(0x0000001879300000,0x0000001879400000)]
  0x0000012c548da000 JavaThread "File lock request listener" [_thread_in_native, id=13980, stack(0x0000001879400000,0x0000001879500000)]
  0x0000012c548d7800 JavaThread "Cache worker for journal cache (C:\Users\SAMUELLA M. AGLAGO\.gradle\caches\journal-1)" [_thread_blocked, id=21948, stack(0x0000001879500000,0x0000001879600000)]
  0x0000012c52f91800 JavaThread "Cache worker for execution history cache (C:\Users\SAMUELLA M. AGLAGO\.gradle\caches\5.4.1\executionHistory)" [_thread_blocked, id=13676, stack(0x0000001879f00000,0x000000187a000000)]
  0x0000012c52f97800 JavaThread "Memory manager" [_thread_blocked, id=14212, stack(0x0000001877300000,0x0000001877400000)]
  0x0000012c52f9c000 JavaThread "Cache worker for file content cache (C:\Users\SAMUELLA M. AGLAGO\.gradle\caches\5.4.1\fileContent)" [_thread_blocked, id=11516, stack(0x000000187aa00000,0x000000187ab00000)]
  0x0000012c52f95800 JavaThread "Daemon Thread 2" [_thread_blocked, id=17664, stack(0x0000001877400000,0x0000001877500000)]
  0x0000012c52f92800 JavaThread "Handler for socket connection from /127.0.0.1:58318 to /127.0.0.1:49900" [_thread_in_native, id=1640, stack(0x0000001877500000,0x0000001877600000)]
  0x0000012c52f93000 JavaThread "Cancel handler" [_thread_blocked, id=11404, stack(0x0000001878c00000,0x0000001878d00000)]
  0x0000012c52f94000 JavaThread "Daemon worker Thread 2" [_thread_blocked, id=22440, stack(0x0000001878d00000,0x0000001878e00000)]
  0x0000012c52f95000 JavaThread "Asynchronous log dispatcher for DefaultDaemonConnection: socket connection from /127.0.0.1:58318 to /127.0.0.1:49900" [_thread_blocked, id=11268, stack(0x0000001878e00000,0x0000001878f00000)]
  0x0000012c52f90000 JavaThread "Stdin handler" [_thread_blocked, id=11112, stack(0x0000001878f00000,0x0000001879000000)]
  0x0000012c52f96800 JavaThread "Thread-44" [_thread_blocked, id=1312, stack(0x0000001879000000,0x0000001879100000)]
  0x0000012c52f91000 JavaThread "Cache worker for file hash cache (D:\Android\PROJECTS\bmi-calculator-flutter\android\.gradle\5.4.1\fileHashes)" [_thread_blocked, id=18444, stack(0x0000001879100000,0x0000001879200000)]
  0x0000012c52f9e000 JavaThread "Cache worker for cache directory md-supplier (C:\Users\SAMUELLA M. AGLAGO\.gradle\caches\5.4.1\md-supplier)" [_thread_blocked, id=3016, stack(0x0000001879200000,0x0000001879300000)]
  0x0000012c52f99000 JavaThread "Cache worker for cache directory md-rule (C:\Users\SAMUELLA M. AGLAGO\.gradle\caches\5.4.1\md-rule)" [_thread_blocked, id=24428, stack(0x0000001879c00000,0x0000001879d00000)]
  0x0000012c52f9a000 JavaThread "Build operations" [_thread_blocked, id=9500, stack(0x0000001879d00000,0x0000001879e00000)]
  0x0000012c52f98000 JavaThread "Build operations Thread 2" [_thread_blocked, id=17892, stack(0x0000001879e00000,0x0000001879f00000)]
  0x0000012c52f9e800 JavaThread "Build operations Thread 3" [_thread_blocked, id=20888, stack(0x000000187a000000,0x000000187a100000)]
  0x0000012c52f9a800 JavaThread "Build operations Thread 4" [_thread_blocked, id=17748, stack(0x000000187a100000,0x000000187a200000)]
  0x0000012c52f9b800 JavaThread "Build operations Thread 5" [_thread_blocked, id=9884, stack(0x000000187a200000,0x000000187a300000)]
  0x0000012c548db000 JavaThread "Build operations Thread 6" [_thread_blocked, id=16732, stack(0x000000187a300000,0x000000187a400000)]
  0x0000012c548d6000 JavaThread "Build operations Thread 7" [_thread_blocked, id=24812, stack(0x000000187a400000,0x000000187a500000)]
  0x0000012c548d6800 JavaThread "Build operations Thread 8" [_thread_blocked, id=7844, stack(0x000000187a500000,0x000000187a600000)]
  0x0000012c548d8800 JavaThread "pool-2-thread-1" [_thread_blocked, id=1436, stack(0x000000187a600000,0x000000187a700000)]
  0x0000012c54a7d000 JavaThread "Cache worker for Build Output Cleanup Cache (D:\Android\PROJECTS\bmi-calculator-flutter\android\.gradle\buildOutputCleanup)" [_thread_blocked, id=3644, stack(0x000000187a700000,0x000000187a800000)]
  0x0000012c54a7c000 JavaThread "Cache worker for file content cache (D:\Android\PROJECTS\bmi-calculator-flutter\android\.gradle\5.4.1\fileContent)" [_thread_blocked, id=18268, stack(0x000000187a800000,0x000000187a900000)]
  0x0000012c54a78000 JavaThread "Execution worker for ':'" [_thread_blocked, id=18632, stack(0x000000187a900000,0x000000187aa00000)]
  0x0000012c54a79000 JavaThread "Execution worker for ':' Thread 2" [_thread_blocked, id=15640, stack(0x000000187ab00000,0x000000187ac00000)]
  0x0000012c54a77000 JavaThread "Execution worker for ':' Thread 3" [_thread_blocked, id=16200, stack(0x000000187ac00000,0x000000187ad00000)]
  0x0000012c54a7d800 JavaThread "Execution worker for ':' Thread 4" [_thread_blocked, id=21436, stack(0x000000187ad00000,0x000000187ae00000)]
  0x0000012c54a7e800 JavaThread "Execution worker for ':' Thread 5" [_thread_blocked, id=26600, stack(0x000000187ae00000,0x000000187af00000)]
  0x0000012c54a79800 JavaThread "Execution worker for ':' Thread 6" [_thread_blocked, id=23944, stack(0x000000187af00000,0x000000187b000000)]
  0x0000012c54a7f800 JavaThread "Execution worker for ':' Thread 7" [_thread_blocked, id=4740, stack(0x000000187b000000,0x000000187b100000)]
  0x0000012c54a80000 JavaThread "Cache worker for execution history cache (D:\Android\PROJECTS\bmi-calculator-flutter\android\.gradle\5.4.1\executionHistory)" [_thread_blocked, id=24788, stack(0x000000187b100000,0x000000187b200000)]
  0x0000012c54a7a800 JavaThread "Exec process Thread 4" [_thread_in_native, id=3916, stack(0x000000187b200000,0x000000187b300000)]
  0x0000012c54a81000 JavaThread "Exec process Thread 5" [_thread_in_native, id=19808, stack(0x000000187b300000,0x000000187b400000)]
  0x0000012c54a7b800 JavaThread "Exec process Thread 6" [_thread_in_native, id=19316, stack(0x000000187b400000,0x000000187b500000)]

Other Threads:
  0x0000012c5235e800 VMThread "VM Thread" [stack: 0x0000001877c00000,0x0000001877d00000] [id=19152]
  0x0000012c52ea2000 WatcherThread [stack: 0x0000001878600000,0x0000001878700000] [id=22560]
  0x0000012c3923b800 GCTaskThread "GC Thread#0" [stack: 0x0000001877700000,0x0000001877800000] [id=26356]
  0x0000012c53668800 GCTaskThread "GC Thread#1" [stack: 0x0000001878700000,0x0000001878800000] [id=4780]
  0x0000012c53669000 GCTaskThread "GC Thread#2" [stack: 0x0000001878800000,0x0000001878900000] [id=19872]
  0x0000012c546dc000 GCTaskThread "GC Thread#3" [stack: 0x0000001879600000,0x0000001879700000] [id=6736]
  0x0000012c5470b800 GCTaskThread "GC Thread#4" [stack: 0x0000001879700000,0x0000001879800000] [id=16132]
  0x0000012c535ff000 GCTaskThread "GC Thread#5" [stack: 0x0000001879800000,0x0000001879900000] [id=22492]
  0x0000012c535ff800 GCTaskThread "GC Thread#6" [stack: 0x0000001879900000,0x0000001879a00000] [id=26560]
  0x0000012c53577800 GCTaskThread "GC Thread#7" [stack: 0x0000001879a00000,0x0000001879b00000] [id=5320]
  0x0000012c39261000 ConcurrentGCThread "G1 Main Marker" [stack: 0x0000001877800000,0x0000001877900000] [id=26056]
  0x0000012c39263800 ConcurrentGCThread "G1 Conc#0" [stack: 0x0000001877900000,0x0000001877a00000] [id=18664]
  0x0000012c536b3000 ConcurrentGCThread "G1 Conc#1" [stack: 0x0000001879b00000,0x0000001879c00000] [id=18480]
  0x0000012c392f2000 ConcurrentGCThread "G1 Refine#0" [stack: 0x0000001877a00000,0x0000001877b00000] [id=17508]
  0x0000012c521d0800 ConcurrentGCThread "G1 Young RemSet Sampling" [stack: 0x0000001877b00000,0x0000001877c00000] [id=9964]

Threads with active compile tasks:
C2 CompilerThread0 292056 8812       4       java.util.concurrent.locks.AbstractQueuedSynchronizer$ConditionObject::awaitNanos (181 bytes)

VM state:not at safepoint (normal execution)

VM Mutex/Monitor currently owned by a thread: None

Heap address: 0x00000000a0000000, size: 1536 MB, Compressed Oops mode: 32-bit
Narrow klass base: 0x0000000000000000, Narrow klass shift: 3
Compressed class space size: 1073741824 Address: 0x0000000100000000

Heap:
 garbage-first heap   total 129024K, used 89838K [0x00000000a0000000, 0x0000000100000000)
  region size 1024K, 30 young (30720K), 3 survivors (3072K)
 Metaspace       used 74879K, capacity 76890K, committed 77056K, reserved 1116160K
  class space    used 9443K, capacity 10152K, committed 10240K, reserved 1048576K
Heap Regions: E=young(eden), S=young(survivor), O=old, HS=humongous(starts), HC=humongous(continues), CS=collection set, F=free, A=archive, TAMS=top-at-mark-start (previous, next)
|   0|0x00000000a0000000, 0x00000000a0100000, 0x00000000a0100000|100%| O|  |TAMS 0x00000000a0100000, 0x00000000a0000000| Untracked 
|   1|0x00000000a0100000, 0x00000000a0200000, 0x00000000a0200000|100%| O|  |TAMS 0x00000000a0200000, 0x00000000a0100000| Untracked 
|   2|0x00000000a0200000, 0x00000000a0300000, 0x00000000a0300000|100%|HS|  |TAMS 0x00000000a0300000, 0x00000000a0200000| Complete 
|   3|0x00000000a0300000, 0x00000000a0400000, 0x00000000a0400000|100%|HS|  |TAMS 0x00000000a0400000, 0x00000000a0300000| Complete 
|   4|0x00000000a0400000, 0x00000000a0500000, 0x00000000a0500000|100%|HC|  |TAMS 0x00000000a0500000, 0x00000000a0400000| Complete 
|   5|0x00000000a0500000, 0x00000000a0600000, 0x00000000a0600000|100%| O|  |TAMS 0x00000000a0600000, 0x00000000a0500000| Untracked 
|   6|0x00000000a0600000, 0x00000000a0700000, 0x00000000a0700000|100%| O|  |TAMS 0x00000000a0700000, 0x00000000a0600000| Untracked 
|   7|0x00000000a0700000, 0x00000000a0800000, 0x00000000a0800000|100%| O|  |TAMS 0x00000000a0800000, 0x00000000a0700000| Untracked 
|   8|0x00000000a0800000, 0x00000000a0900000, 0x00000000a0900000|100%| O|  |TAMS 0x00000000a0900000, 0x00000000a0800000| Untracked 
|   9|0x00000000a0900000, 0x00000000a0a00000, 0x00000000a0a00000|100%| O|  |TAMS 0x00000000a0a00000, 0x00000000a0900000| Untracked 
|  10|0x00000000a0a00000, 0x00000000a0b00000, 0x00000000a0b00000|100%| O|  |TAMS 0x00000000a0b00000, 0x00000000a0a00000| Untracked 
|  11|0x00000000a0b00000, 0x00000000a0c00000, 0x00000000a0c00000|100%| O|  |TAMS 0x00000000a0c00000, 0x00000000a0b00000| Untracked 
|  12|0x00000000a0c00000, 0x00000000a0d00000, 0x00000000a0d00000|100%| O|  |TAMS 0x00000000a0d00000, 0x00000000a0c00000| Untracked 
|  13|0x00000000a0d00000, 0x00000000a0e00000, 0x00000000a0e00000|100%| O|  |TAMS 0x00000000a0e00000, 0x00000000a0d00000| Untracked 
|  14|0x00000000a0e00000, 0x00000000a0f00000, 0x00000000a0f00000|100%| O|  |TAMS 0x00000000a0f00000, 0x00000000a0e00000| Untracked 
|  15|0x00000000a0f00000, 0x00000000a1000000, 0x00000000a1000000|100%| O|  |TAMS 0x00000000a1000000, 0x00000000a0f00000| Untracked 
|  16|0x00000000a1000000, 0x00000000a1100000, 0x00000000a1100000|100%| O|  |TAMS 0x00000000a1100000, 0x00000000a1000000| Untracked 
|  17|0x00000000a1100000, 0x00000000a1200000, 0x00000000a1200000|100%| O|  |TAMS 0x00000000a1200000, 0x00000000a1100000| Untracked 
|  18|0x00000000a1200000, 0x00000000a1300000, 0x00000000a1300000|100%|HS|  |TAMS 0x00000000a1300000, 0x00000000a1200000| Complete 
|  19|0x00000000a1300000, 0x00000000a1400000, 0x00000000a1400000|100%|HC|  |TAMS 0x00000000a1400000, 0x00000000a1300000| Complete 
|  20|0x00000000a1400000, 0x00000000a1500000, 0x00000000a1500000|100%| O|  |TAMS 0x00000000a1500000, 0x00000000a1400000| Untracked 
|  21|0x00000000a1500000, 0x00000000a1600000, 0x00000000a1600000|100%| O|  |TAMS 0x00000000a1600000, 0x00000000a1500000| Untracked 
|  22|0x00000000a1600000, 0x00000000a1700000, 0x00000000a1700000|100%| O|  |TAMS 0x00000000a1700000, 0x00000000a1600000| Untracked 
|  23|0x00000000a1700000, 0x00000000a1800000, 0x00000000a1800000|100%|HS|  |TAMS 0x00000000a1800000, 0x00000000a1700000| Complete 
|  24|0x00000000a1800000, 0x00000000a1900000, 0x00000000a1900000|100%| O|  |TAMS 0x00000000a1900000, 0x00000000a1800000| Untracked 
|  25|0x00000000a1900000, 0x00000000a1a00000, 0x00000000a1a00000|100%| O|  |TAMS 0x00000000a1a00000, 0x00000000a1900000| Untracked 
|  26|0x00000000a1a00000, 0x00000000a1b00000, 0x00000000a1b00000|100%| O|  |TAMS 0x00000000a1b00000, 0x00000000a1a00000| Untracked 
|  27|0x00000000a1b00000, 0x00000000a1c00000, 0x00000000a1c00000|100%| O|  |TAMS 0x00000000a1c00000, 0x00000000a1b00000| Untracked 
|  28|0x00000000a1c00000, 0x00000000a1d00000, 0x00000000a1d00000|100%| O|  |TAMS 0x00000000a1d00000, 0x00000000a1c00000| Untracked 
|  29|0x00000000a1d00000, 0x00000000a1e00000, 0x00000000a1e00000|100%| O|  |TAMS 0x00000000a1e00000, 0x00000000a1d00000| Untracked 
|  30|0x00000000a1e00000, 0x00000000a1f00000, 0x00000000a1f00000|100%| O|  |TAMS 0x00000000a1f00000, 0x00000000a1e00000| Untracked 
|  31|0x00000000a1f00000, 0x00000000a2000000, 0x00000000a2000000|100%| O|  |TAMS 0x00000000a2000000, 0x00000000a1f00000| Untracked 
|  32|0x00000000a2000000, 0x00000000a2100000, 0x00000000a2100000|100%| O|  |TAMS 0x00000000a2100000, 0x00000000a2000000| Untracked 
|  33|0x00000000a2100000, 0x00000000a2200000, 0x00000000a2200000|100%| O|  |TAMS 0x00000000a2200000, 0x00000000a2100000| Untracked 
|  34|0x00000000a2200000, 0x00000000a2300000, 0x00000000a2300000|100%| O|  |TAMS 0x00000000a2300000, 0x00000000a2200000| Untracked 
|  35|0x00000000a2300000, 0x00000000a2400000, 0x00000000a2400000|100%| O|  |TAMS 0x00000000a2400000, 0x00000000a2300000| Untracked 
|  36|0x00000000a2400000, 0x00000000a2500000, 0x00000000a2500000|100%| O|  |TAMS 0x00000000a2500000, 0x00000000a2400000| Untracked 
|  37|0x00000000a2500000, 0x00000000a2600000, 0x00000000a2600000|100%| O|  |TAMS 0x00000000a2600000, 0x00000000a2500000| Untracked 
|  38|0x00000000a2600000, 0x00000000a2700000, 0x00000000a2700000|100%| O|  |TAMS 0x00000000a2700000, 0x00000000a2600000| Untracked 
|  39|0x00000000a2700000, 0x00000000a2800000, 0x00000000a2800000|100%| O|  |TAMS 0x00000000a2800000, 0x00000000a2700000| Untracked 
|  40|0x00000000a2800000, 0x00000000a2900000, 0x00000000a2900000|100%| O|  |TAMS 0x00000000a2900000, 0x00000000a2800000| Untracked 
|  41|0x00000000a2900000, 0x00000000a2a00000, 0x00000000a2a00000|100%| O|  |TAMS 0x00000000a2a00000, 0x00000000a2900000| Untracked 
|  42|0x00000000a2a00000, 0x00000000a2b00000, 0x00000000a2b00000|100%| O|  |TAMS 0x00000000a2b00000, 0x00000000a2a00000| Untracked 
|  43|0x00000000a2b00000, 0x00000000a2c00000, 0x00000000a2c00000|100%| O|  |TAMS 0x00000000a2b87600, 0x00000000a2b00000| Untracked 
|  44|0x00000000a2c00000, 0x00000000a2d00000, 0x00000000a2d00000|100%| O|  |TAMS 0x00000000a2c00000, 0x00000000a2c00000| Untracked 
|  45|0x00000000a2d00000, 0x00000000a2e00000, 0x00000000a2e00000|100%| O|  |TAMS 0x00000000a2d00000, 0x00000000a2d00000| Untracked 
|  46|0x00000000a2e00000, 0x00000000a2f00000, 0x00000000a2f00000|100%| O|  |TAMS 0x00000000a2e00000, 0x00000000a2e00000| Untracked 
|  47|0x00000000a2f00000, 0x00000000a3000000, 0x00000000a3000000|100%| O|  |TAMS 0x00000000a2f00000, 0x00000000a2f00000| Untracked 
|  48|0x00000000a3000000, 0x00000000a3100000, 0x00000000a3100000|100%| O|  |TAMS 0x00000000a3000000, 0x00000000a3000000| Untracked 
|  49|0x00000000a3100000, 0x00000000a3200000, 0x00000000a3200000|100%| O|  |TAMS 0x00000000a3100000, 0x00000000a3100000| Untracked 
|  50|0x00000000a3200000, 0x00000000a3300000, 0x00000000a3300000|100%| O|  |TAMS 0x00000000a3200000, 0x00000000a3200000| Untracked 
|  51|0x00000000a3300000, 0x00000000a3400000, 0x00000000a3400000|100%| O|  |TAMS 0x00000000a3300000, 0x00000000a3300000| Untracked 
|  52|0x00000000a3400000, 0x00000000a3500000, 0x00000000a3500000|100%| O|  |TAMS 0x00000000a3400000, 0x00000000a3400000| Untracked 
|  53|0x00000000a3500000, 0x00000000a3600000, 0x00000000a3600000|100%| O|  |TAMS 0x00000000a3500000, 0x00000000a3500000| Untracked 
|  54|0x00000000a3600000, 0x00000000a3700000, 0x00000000a3700000|100%| O|  |TAMS 0x00000000a3600000, 0x00000000a3600000| Untracked 
|  55|0x00000000a3700000, 0x00000000a3800000, 0x00000000a3800000|100%| O|  |TAMS 0x00000000a3700000, 0x00000000a3700000| Untracked 
|  56|0x00000000a3800000, 0x00000000a3900000, 0x00000000a3900000|100%| O|  |TAMS 0x00000000a3800000, 0x00000000a3800000| Untracked 
|  57|0x00000000a3900000, 0x00000000a3a00000, 0x00000000a3a00000|100%| O|  |TAMS 0x00000000a3900000, 0x00000000a3900000| Untracked 
|  58|0x00000000a3a00000, 0x00000000a3abba00, 0x00000000a3b00000| 73%| O|  |TAMS 0x00000000a3a00000, 0x00000000a3a00000| Untracked 
|  59|0x00000000a3b00000, 0x00000000a3b00000, 0x00000000a3c00000|  0%| F|  |TAMS 0x00000000a3b00000, 0x00000000a3b00000| Untracked 
|  60|0x00000000a3c00000, 0x00000000a3c00000, 0x00000000a3d00000|  0%| F|  |TAMS 0x00000000a3c00000, 0x00000000a3c00000| Untracked 
|  61|0x00000000a3d00000, 0x00000000a3d00000, 0x00000000a3e00000|  0%| F|  |TAMS 0x00000000a3d00000, 0x00000000a3d00000| Untracked 
|  62|0x00000000a3e00000, 0x00000000a3e00000, 0x00000000a3f00000|  0%| F|  |TAMS 0x00000000a3e00000, 0x00000000a3e00000| Untracked 
|  63|0x00000000a3f00000, 0x00000000a3f00000, 0x00000000a4000000|  0%| F|  |TAMS 0x00000000a3f00000, 0x00000000a3f00000| Untracked 
|  64|0x00000000a4000000, 0x00000000a4000000, 0x00000000a4100000|  0%| F|  |TAMS 0x00000000a4000000, 0x00000000a4000000| Untracked 
|  65|0x00000000a4100000, 0x00000000a4100000, 0x00000000a4200000|  0%| F|  |TAMS 0x00000000a4100000, 0x00000000a4100000| Untracked 
|  66|0x00000000a4200000, 0x00000000a4200000, 0x00000000a4300000|  0%| F|  |TAMS 0x00000000a4200000, 0x00000000a4200000| Untracked 
|  67|0x00000000a4300000, 0x00000000a4300000, 0x00000000a4400000|  0%| F|  |TAMS 0x00000000a4300000, 0x00000000a4300000| Untracked 
|  68|0x00000000a4400000, 0x00000000a4400000, 0x00000000a4500000|  0%| F|  |TAMS 0x00000000a4400000, 0x00000000a4400000| Untracked 
|  69|0x00000000a4500000, 0x00000000a4500000, 0x00000000a4600000|  0%| F|  |TAMS 0x00000000a4500000, 0x00000000a4500000| Untracked 
|  70|0x00000000a4600000, 0x00000000a4600000, 0x00000000a4700000|  0%| F|  |TAMS 0x00000000a4600000, 0x00000000a4600000| Untracked 
|  71|0x00000000a4700000, 0x00000000a4700000, 0x00000000a4800000|  0%| F|  |TAMS 0x00000000a4700000, 0x00000000a4700000| Untracked 
|  72|0x00000000a4800000, 0x00000000a4800000, 0x00000000a4900000|  0%| F|  |TAMS 0x00000000a4800000, 0x00000000a4800000| Untracked 
|  73|0x00000000a4900000, 0x00000000a4900000, 0x00000000a4a00000|  0%| F|  |TAMS 0x00000000a4900000, 0x00000000a4900000| Untracked 
|  74|0x00000000a4a00000, 0x00000000a4a00000, 0x00000000a4b00000|  0%| F|  |TAMS 0x00000000a4a00000, 0x00000000a4a00000| Untracked 
|  75|0x00000000a4b00000, 0x00000000a4b00000, 0x00000000a4c00000|  0%| F|  |TAMS 0x00000000a4b00000, 0x00000000a4b00000| Untracked 
|  76|0x00000000a4c00000, 0x00000000a4c00000, 0x00000000a4d00000|  0%| F|  |TAMS 0x00000000a4c00000, 0x00000000a4c00000| Untracked 
|  77|0x00000000a4d00000, 0x00000000a4d00000, 0x00000000a4e00000|  0%| F|  |TAMS 0x00000000a4d00000, 0x00000000a4d00000| Untracked 
|  78|0x00000000a4e00000, 0x00000000a4e00000, 0x00000000a4f00000|  0%| F|  |TAMS 0x00000000a4e00000, 0x00000000a4e00000| Untracked 
|  79|0x00000000a4f00000, 0x00000000a4f00000, 0x00000000a5000000|  0%| F|  |TAMS 0x00000000a4f00000, 0x00000000a4f00000| Untracked 
|  80|0x00000000a5000000, 0x00000000a5000000, 0x00000000a5100000|  0%| F|  |TAMS 0x00000000a5000000, 0x00000000a5000000| Untracked 
|  81|0x00000000a5100000, 0x00000000a5200000, 0x00000000a5200000|100%| S|CS|TAMS 0x00000000a5100000, 0x00000000a5100000| Complete 
|  82|0x00000000a5200000, 0x00000000a5300000, 0x00000000a5300000|100%| S|CS|TAMS 0x00000000a5200000, 0x00000000a5200000| Complete 
|  83|0x00000000a5300000, 0x00000000a5400000, 0x00000000a5400000|100%| S|CS|TAMS 0x00000000a5300000, 0x00000000a5300000| Complete 
|  84|0x00000000a5400000, 0x00000000a5400000, 0x00000000a5500000|  0%| F|  |TAMS 0x00000000a5400000, 0x00000000a5400000| Untracked 
|  85|0x00000000a5500000, 0x00000000a5500000, 0x00000000a5600000|  0%| F|  |TAMS 0x00000000a5500000, 0x00000000a5500000| Untracked 
|  86|0x00000000a5600000, 0x00000000a5600000, 0x00000000a5700000|  0%| F|  |TAMS 0x00000000a5600000, 0x00000000a5600000| Untracked 
|  87|0x00000000a5700000, 0x00000000a5700000, 0x00000000a5800000|  0%| F|  |TAMS 0x00000000a5700000, 0x00000000a5700000| Untracked 
|  88|0x00000000a5800000, 0x00000000a5800000, 0x00000000a5900000|  0%| F|  |TAMS 0x00000000a5800000, 0x00000000a5800000| Untracked 
|  89|0x00000000a5900000, 0x00000000a5900000, 0x00000000a5a00000|  0%| F|  |TAMS 0x00000000a5900000, 0x00000000a5900000| Untracked 
|  90|0x00000000a5a00000, 0x00000000a5a00000, 0x00000000a5b00000|  0%| F|  |TAMS 0x00000000a5a00000, 0x00000000a5a00000| Untracked 
|  91|0x00000000a5b00000, 0x00000000a5b00000, 0x00000000a5c00000|  0%| F|  |TAMS 0x00000000a5b00000, 0x00000000a5b00000| Untracked 
|  92|0x00000000a5c00000, 0x00000000a5c00000, 0x00000000a5d00000|  0%| F|  |TAMS 0x00000000a5c00000, 0x00000000a5c00000| Untracked 
|  93|0x00000000a5d00000, 0x00000000a5d00000, 0x00000000a5e00000|  0%| F|  |TAMS 0x00000000a5d00000, 0x00000000a5d00000| Untracked 
|  94|0x00000000a5e00000, 0x00000000a5e00000, 0x00000000a5f00000|  0%| F|  |TAMS 0x00000000a5e00000, 0x00000000a5e00000| Untracked 
|  95|0x00000000a5f00000, 0x00000000a5f00000, 0x00000000a6000000|  0%| F|  |TAMS 0x00000000a5f00000, 0x00000000a5f00000| Untracked 
|  96|0x00000000a6000000, 0x00000000a6000000, 0x00000000a6100000|  0%| F|  |TAMS 0x00000000a6000000, 0x00000000a6000000| Untracked 
|  97|0x00000000a6100000, 0x00000000a6100000, 0x00000000a6200000|  0%| F|  |TAMS 0x00000000a6100000, 0x00000000a6100000| Untracked 
|  98|0x00000000a6200000, 0x00000000a6200000, 0x00000000a6300000|  0%| F|  |TAMS 0x00000000a6200000, 0x00000000a6200000| Untracked 
|  99|0x00000000a6300000, 0x00000000a63d1d10, 0x00000000a6400000| 81%| E|  |TAMS 0x00000000a6300000, 0x00000000a6300000| Complete 
| 100|0x00000000a6400000, 0x00000000a6500000, 0x00000000a6500000|100%| E|CS|TAMS 0x00000000a6400000, 0x00000000a6400000| Complete 
| 101|0x00000000a6500000, 0x00000000a6600000, 0x00000000a6600000|100%| E|CS|TAMS 0x00000000a6500000, 0x00000000a6500000| Complete 
| 102|0x00000000a6600000, 0x00000000a6700000, 0x00000000a6700000|100%| E|CS|TAMS 0x00000000a6600000, 0x00000000a6600000| Complete 
| 103|0x00000000a6700000, 0x00000000a6800000, 0x00000000a6800000|100%| E|CS|TAMS 0x00000000a6700000, 0x00000000a6700000| Complete 
| 104|0x00000000a6800000, 0x00000000a6900000, 0x00000000a6900000|100%| E|CS|TAMS 0x00000000a6800000, 0x00000000a6800000| Complete 
| 105|0x00000000a6900000, 0x00000000a6a00000, 0x00000000a6a00000|100%| E|CS|TAMS 0x00000000a6900000, 0x00000000a6900000| Complete 
| 106|0x00000000a6a00000, 0x00000000a6b00000, 0x00000000a6b00000|100%| E|CS|TAMS 0x00000000a6a00000, 0x00000000a6a00000| Complete 
| 107|0x00000000a6b00000, 0x00000000a6c00000, 0x00000000a6c00000|100%| E|CS|TAMS 0x00000000a6b00000, 0x00000000a6b00000| Complete 
| 108|0x00000000a6c00000, 0x00000000a6d00000, 0x00000000a6d00000|100%| E|CS|TAMS 0x00000000a6c00000, 0x00000000a6c00000| Complete 
| 109|0x00000000a6d00000, 0x00000000a6e00000, 0x00000000a6e00000|100%| E|CS|TAMS 0x00000000a6d00000, 0x00000000a6d00000| Complete 
| 110|0x00000000a6e00000, 0x00000000a6f00000, 0x00000000a6f00000|100%| E|CS|TAMS 0x00000000a6e00000, 0x00000000a6e00000| Complete 
| 111|0x00000000a6f00000, 0x00000000a7000000, 0x00000000a7000000|100%| E|CS|TAMS 0x00000000a6f00000, 0x00000000a6f00000| Complete 
| 112|0x00000000a7000000, 0x00000000a7100000, 0x00000000a7100000|100%| E|CS|TAMS 0x00000000a7000000, 0x00000000a7000000| Complete 
| 113|0x00000000a7100000, 0x00000000a7200000, 0x00000000a7200000|100%| E|CS|TAMS 0x00000000a7100000, 0x00000000a7100000| Complete 
| 114|0x00000000a7200000, 0x00000000a7300000, 0x00000000a7300000|100%| E|CS|TAMS 0x00000000a7200000, 0x00000000a7200000| Complete 
| 115|0x00000000a7300000, 0x00000000a7400000, 0x00000000a7400000|100%| E|CS|TAMS 0x00000000a7300000, 0x00000000a7300000| Complete 
| 116|0x00000000a7400000, 0x00000000a7500000, 0x00000000a7500000|100%| E|CS|TAMS 0x00000000a7400000, 0x00000000a7400000| Complete 
| 117|0x00000000a7500000, 0x00000000a7600000, 0x00000000a7600000|100%| E|CS|TAMS 0x00000000a7500000, 0x00000000a7500000| Complete 
| 118|0x00000000a7600000, 0x00000000a7700000, 0x00000000a7700000|100%| E|CS|TAMS 0x00000000a7600000, 0x00000000a7600000| Complete 
| 119|0x00000000a7700000, 0x00000000a7800000, 0x00000000a7800000|100%| E|CS|TAMS 0x00000000a7700000, 0x00000000a7700000| Complete 
| 120|0x00000000a7800000, 0x00000000a7900000, 0x00000000a7900000|100%| E|CS|TAMS 0x00000000a7800000, 0x00000000a7800000| Complete 
| 121|0x00000000a7900000, 0x00000000a7a00000, 0x00000000a7a00000|100%| E|CS|TAMS 0x00000000a7900000, 0x00000000a7900000| Complete 
| 122|0x00000000a7a00000, 0x00000000a7b00000, 0x00000000a7b00000|100%| E|CS|TAMS 0x00000000a7a00000, 0x00000000a7a00000| Complete 
| 123|0x00000000a7b00000, 0x00000000a7c00000, 0x00000000a7c00000|100%| E|CS|TAMS 0x00000000a7b00000, 0x00000000a7b00000| Complete 
| 124|0x00000000a7c00000, 0x00000000a7d00000, 0x00000000a7d00000|100%| E|CS|TAMS 0x00000000a7c00000, 0x00000000a7c00000| Complete 
| 125|0x00000000a7d00000, 0x00000000a7e00000, 0x00000000a7e00000|100%| E|CS|TAMS 0x00000000a7d00000, 0x00000000a7d00000| Complete 

Card table byte_map: [0x0000012c4c340000,0x0000012c4c640000] _byte_map_base: 0x0000012c4be40000

Marking Bits (Prev, Next): (CMBitMap*) 0x0000012c3925a670, (CMBitMap*) 0x0000012c3925a638
 Prev Bits: [0x0000012c4e140000, 0x0000012c4f940000)
 Next Bits: [0x0000012c4c940000, 0x0000012c4e140000)

Polling page: 0x0000012c38a00000

Metaspace:

Usage:
  Non-class:     65.17 MB capacity,    63.90 MB ( 98%) used,     1.12 MB (  2%) free+waste,   153.94 KB ( <1%) overhead. 
      Class:      9.91 MB capacity,     9.22 MB ( 93%) used,   637.28 KB (  6%) free+waste,    71.63 KB ( <1%) overhead. 
       Both:     75.09 MB capacity,    73.12 MB ( 97%) used,     1.74 MB (  2%) free+waste,   225.56 KB ( <1%) overhead. 

Virtual space:
  Non-class space:       66.00 MB reserved,      65.25 MB ( 99%) committed 
      Class space:        1.00 GB reserved,      10.00 MB ( <1%) committed 
             Both:        1.06 GB reserved,      75.25 MB (  7%) committed 

Chunk freelists:
   Non-Class:  14.00 KB
       Class:  0 bytes
        Both:  14.00 KB

MaxMetaspaceSize: 17179869184.00 GB
CompressedClassSpaceSize: 1.00 GB

CodeHeap 'non-profiled nmethods': size=120000Kb used=4668Kb max_used=4668Kb free=115331Kb
 bounds [0x0000012c447e0000, 0x0000012c44c70000, 0x0000012c4bd10000]
CodeHeap 'profiled nmethods': size=120000Kb used=18808Kb max_used=18808Kb free=101191Kb
 bounds [0x0000012c3d2b0000, 0x0000012c3e510000, 0x0000012c447e0000]
CodeHeap 'non-nmethods': size=5760Kb used=2274Kb max_used=2321Kb free=3485Kb
 bounds [0x0000012c3cd10000, 0x0000012c3cf80000, 0x0000012c3d2b0000]
 total_blobs=9506 nmethods=8651 adapters=766
 compilation: enabled
              stopped_count=0, restarted_count=0
 full_count=0

Compilation events (20 events):
Event: 284.128 Thread 0x0000012c52d08800 8804       4       jdk.internal.misc.Unsafe::checkSize (32 bytes)
Event: 284.128 Thread 0x0000012c52d0e800 nmethod 8807 0x0000012c3e50a890 code [0x0000012c3e50aa60, 0x0000012c3e50ac68]
Event: 284.129 Thread 0x0000012c52d08800 nmethod 8804 0x0000012c44c6b710 code [0x0000012c44c6b8a0, 0x0000012c44c6b938]
Event: 284.129 Thread 0x0000012c52d08800 8805   !   4       java.io.WinNTFileSystem::resolve (362 bytes)
Event: 284.155 Thread 0x0000012c52d08800 nmethod 8805 0x0000012c44c6ba10 code [0x0000012c44c6bc40, 0x0000012c44c6c9a0]
Event: 284.155 Thread 0x0000012c52d08800 8808       4       java.util.HashMap::removeNode (291 bytes)
Event: 284.176 Thread 0x0000012c52d08800 nmethod 8808 0x0000012c44c6cf10 code [0x0000012c44c6d100, 0x0000012c44c6d9f8]
Event: 284.176 Thread 0x0000012c52d08800 8801       4       com.google.common.util.concurrent.Striped$CompactStriped::getAt (7 bytes)
Event: 284.177 Thread 0x0000012c52d08800 nmethod 8801 0x0000012c44c6de90 code [0x0000012c44c6e020, 0x0000012c44c6e0b8]
Event: 290.395 Thread 0x0000012c52d0e800 8809       1       java.nio.channels.FileLock::acquiredBy (5 bytes)
Event: 290.395 Thread 0x0000012c52d0e800 nmethod 8809 0x0000012c44c6e190 code [0x0000012c44c6e340, 0x0000012c44c6e3f8]
Event: 290.399 Thread 0x0000012c52d0e800 8810       3       org.gradle.launcher.daemon.context.DefaultDaemonContext$Serializer::read (182 bytes)
Event: 290.399 Thread 0x0000012c52d08800 8811       4       java.io.File::equals (30 bytes)
Event: 290.402 Thread 0x0000012c52d0e800 nmethod 8810 0x0000012c3e50ad90 code [0x0000012c3e50b120, 0x0000012c3e50c988]
Event: 290.419 Thread 0x0000012c52d08800 nmethod 8811 0x0000012c44c6e490 code [0x0000012c44c6e640, 0x0000012c44c6ecd8]
Event: 291.938 Thread 0x0000012c52d08800 8812       4       java.util.concurrent.locks.AbstractQueuedSynchronizer$ConditionObject::awaitNanos (181 bytes)
Event: 291.938 Thread 0x0000012c52d0e800 8814       3       org.gradle.internal.remote.internal.inet.SocketConnection$SocketOutputStream::writeWithNonBlockingRetry (52 bytes)
Event: 291.939 Thread 0x0000012c52d0e800 nmethod 8814 0x0000012c3e50d210 code [0x0000012c3e50d400, 0x0000012c3e50d8a8]
Event: 291.939 Thread 0x0000012c52d0e800 8813       3       org.gradle.internal.remote.internal.inet.SocketConnection$SocketOutputStream::writeBufferToChannel (33 bytes)
Event: 291.940 Thread 0x0000012c52d0e800 nmethod 8813 0x0000012c3e50da90 code [0x0000012c3e50dc80, 0x0000012c3e50e018]

GC Heap History (20 events):
Event: 22.616 GC heap before
{Heap before GC invocations=8 (full 0):
 garbage-first heap   total 129024K, used 78418K [0x00000000a0000000, 0x0000000100000000)
  region size 1024K, 59 young (60416K), 6 survivors (6144K)
 Metaspace       used 46103K, capacity 46955K, committed 47232K, reserved 1089536K
  class space    used 5838K, capacity 6161K, committed 6272K, reserved 1048576K
}
Event: 22.628 GC heap after
{Heap after GC invocations=9 (full 0):
 garbage-first heap   total 129024K, used 31717K [0x00000000a0000000, 0x0000000100000000)
  region size 1024K, 8 young (8192K), 8 survivors (8192K)
 Metaspace       used 46103K, capacity 46955K, committed 47232K, reserved 1089536K
  class space    used 5838K, capacity 6161K, committed 6272K, reserved 1048576K
}
Event: 25.118 GC heap before
{Heap before GC invocations=9 (full 0):
 garbage-first heap   total 129024K, used 83941K [0x00000000a0000000, 0x0000000100000000)
  region size 1024K, 59 young (60416K), 8 survivors (8192K)
 Metaspace       used 51596K, capacity 52490K, committed 52736K, reserved 1095680K
  class space    used 6507K, capacity 6844K, committed 6912K, reserved 1048576K
}
Event: 25.131 GC heap after
{Heap after GC invocations=10 (full 0):
 garbage-first heap   total 129024K, used 36780K [0x00000000a0000000, 0x0000000100000000)
  region size 1024K, 5 young (5120K), 5 survivors (5120K)
 Metaspace       used 51596K, capacity 52490K, committed 52736K, reserved 1095680K
  class space    used 6507K, capacity 6844K, committed 6912K, reserved 1048576K
}
Event: 28.231 GC heap before
{Heap before GC invocations=10 (full 0):
 garbage-first heap   total 129024K, used 89004K [0x00000000a0000000, 0x0000000100000000)
  region size 1024K, 55 young (56320K), 5 survivors (5120K)
 Metaspace       used 53463K, capacity 54520K, committed 54784K, reserved 1097728K
  class space    used 6739K, capacity 7094K, committed 7168K, reserved 1048576K
}
Event: 28.242 GC heap after
{Heap after GC invocations=11 (full 0):
 garbage-first heap   total 129024K, used 44136K [0x00000000a0000000, 0x0000000100000000)
  region size 1024K, 7 young (7168K), 7 survivors (7168K)
 Metaspace       used 53463K, capacity 54520K, committed 54784K, reserved 1097728K
  class space    used 6739K, capacity 7094K, committed 7168K, reserved 1048576K
}
Event: 30.739 GC heap before
{Heap before GC invocations=11 (full 0):
 garbage-first heap   total 129024K, used 91240K [0x00000000a0000000, 0x0000000100000000)
  region size 1024K, 53 young (54272K), 7 survivors (7168K)
 Metaspace       used 58197K, capacity 59532K, committed 59648K, reserved 1101824K
  class space    used 7382K, capacity 7837K, committed 7936K, reserved 1048576K
}
Event: 30.749 GC heap after
{Heap after GC invocations=12 (full 0):
 garbage-first heap   total 129024K, used 48444K [0x00000000a0000000, 0x0000000100000000)
  region size 1024K, 4 young (4096K), 4 survivors (4096K)
 Metaspace       used 58197K, capacity 59532K, committed 59648K, reserved 1101824K
  class space    used 7382K, capacity 7837K, committed 7936K, reserved 1048576K
}
Event: 30.921 GC heap before
{Heap before GC invocations=12 (full 0):
 garbage-first heap   total 129024K, used 51516K [0x00000000a0000000, 0x0000000100000000)
  region size 1024K, 8 young (8192K), 4 survivors (4096K)
 Metaspace       used 58534K, capacity 59852K, committed 59904K, reserved 1101824K
  class space    used 7431K, capacity 7901K, committed 7936K, reserved 1048576K
}
Event: 30.930 GC heap after
{Heap after GC invocations=13 (full 0):
 garbage-first heap   total 129024K, used 48482K [0x00000000a0000000, 0x0000000100000000)
  region size 1024K, 4 young (4096K), 4 survivors (4096K)
 Metaspace       used 58534K, capacity 59852K, committed 59904K, reserved 1101824K
  class space    used 7431K, capacity 7901K, committed 7936K, reserved 1048576K
}
Event: 33.541 GC heap before
{Heap before GC invocations=14 (full 0):
 garbage-first heap   total 129024K, used 87394K [0x00000000a0000000, 0x0000000100000000)
  region size 1024K, 42 young (43008K), 4 survivors (4096K)
 Metaspace       used 61204K, capacity 62547K, committed 62720K, reserved 1103872K
  class space    used 7838K, capacity 8331K, committed 8448K, reserved 1048576K
}
Event: 33.551 GC heap after
{Heap after GC invocations=15 (full 0):
 garbage-first heap   total 129024K, used 51306K [0x00000000a0000000, 0x0000000100000000)
  region size 1024K, 4 young (4096K), 4 survivors (4096K)
 Metaspace       used 61204K, capacity 62547K, committed 62720K, reserved 1103872K
  class space    used 7838K, capacity 8331K, committed 8448K, reserved 1048576K
}
Event: 35.893 GC heap before
{Heap before GC invocations=15 (full 0):
 garbage-first heap   total 129024K, used 91242K [0x00000000a0000000, 0x0000000100000000)
  region size 1024K, 43 young (44032K), 4 survivors (4096K)
 Metaspace       used 63816K, capacity 65429K, committed 65664K, reserved 1105920K
  class space    used 8191K, capacity 8769K, committed 8832K, reserved 1048576K
}
Event: 35.904 GC heap after
{Heap after GC invocations=16 (full 0):
 garbage-first heap   total 129024K, used 55296K [0x00000000a0000000, 0x0000000100000000)
  region size 1024K, 6 young (6144K), 6 survivors (6144K)
 Metaspace       used 63816K, capacity 65429K, committed 65664K, reserved 1105920K
  class space    used 8191K, capacity 8769K, committed 8832K, reserved 1048576K
}
Event: 38.308 GC heap before
{Heap before GC invocations=16 (full 0):
 garbage-first heap   total 129024K, used 95232K [0x00000000a0000000, 0x0000000100000000)
  region size 1024K, 45 young (46080K), 6 survivors (6144K)
 Metaspace       used 67717K, capacity 69456K, committed 69632K, reserved 1110016K
  class space    used 8775K, capacity 9412K, committed 9472K, reserved 1048576K
}
Event: 38.337 GC heap after
{Heap after GC invocations=17 (full 0):
 garbage-first heap   total 129024K, used 58148K [0x00000000a0000000, 0x0000000100000000)
  region size 1024K, 3 young (3072K), 3 survivors (3072K)
 Metaspace       used 67717K, capacity 69456K, committed 69632K, reserved 1110016K
  class space    used 8775K, capacity 9412K, committed 9472K, reserved 1048576K
}
Event: 41.979 GC heap before
{Heap before GC invocations=17 (full 0):
 garbage-first heap   total 129024K, used 96036K [0x00000000a0000000, 0x0000000100000000)
  region size 1024K, 41 young (41984K), 3 survivors (3072K)
 Metaspace       used 69671K, capacity 71371K, committed 71424K, reserved 1112064K
  class space    used 9066K, capacity 9726K, committed 9728K, reserved 1048576K
}
Event: 41.989 GC heap after
{Heap after GC invocations=18 (full 0):
 garbage-first heap   total 129024K, used 60849K [0x00000000a0000000, 0x0000000100000000)
  region size 1024K, 6 young (6144K), 6 survivors (6144K)
 Metaspace       used 69671K, capacity 71371K, committed 71424K, reserved 1112064K
  class space    used 9066K, capacity 9726K, committed 9728K, reserved 1048576K
}
Event: 281.156 GC heap before
{Heap before GC invocations=18 (full 0):
 garbage-first heap   total 129024K, used 98737K [0x00000000a0000000, 0x0000000100000000)
  region size 1024K, 44 young (45056K), 6 survivors (6144K)
 Metaspace       used 74319K, capacity 76250K, committed 76544K, reserved 1116160K
  class space    used 9436K, capacity 10142K, committed 10240K, reserved 1048576K
}
Event: 281.275 GC heap after
{Heap after GC invocations=19 (full 0):
 garbage-first heap   total 129024K, used 63214K [0x00000000a0000000, 0x0000000100000000)
  region size 1024K, 3 young (3072K), 3 survivors (3072K)
 Metaspace       used 74319K, capacity 76250K, committed 76544K, reserved 1116160K
  class space    used 9436K, capacity 10142K, committed 10240K, reserved 1048576K
}

Deoptimization events (20 events):
Event: 283.824 Thread 0x0000012c54a79800 DEOPT PACKING pc=0x0000012c3e188701 sp=0x000000187affce60
Event: 283.824 Thread 0x0000012c54a79800 DEOPT UNPACKING pc=0x0000012c3cd38ede sp=0x000000187affc300 mode 0
Event: 283.824 Thread 0x0000012c54a79800 DEOPT PACKING pc=0x0000012c3e188701 sp=0x000000187affce60
Event: 283.824 Thread 0x0000012c54a79800 DEOPT UNPACKING pc=0x0000012c3cd38ede sp=0x000000187affc300 mode 0
Event: 283.825 Thread 0x0000012c54a79800 DEOPT PACKING pc=0x0000012c3e188701 sp=0x000000187affce60
Event: 283.825 Thread 0x0000012c54a79800 DEOPT UNPACKING pc=0x0000012c3cd38ede sp=0x000000187affc300 mode 0
Event: 283.825 Thread 0x0000012c54a79800 DEOPT PACKING pc=0x0000012c3e188701 sp=0x000000187affce60
Event: 283.825 Thread 0x0000012c54a79800 DEOPT UNPACKING pc=0x0000012c3cd38ede sp=0x000000187affc300 mode 0
Event: 283.893 Thread 0x0000012c54a79800 DEOPT PACKING pc=0x0000012c3d35649b sp=0x000000187affc910
Event: 283.893 Thread 0x0000012c54a79800 DEOPT UNPACKING pc=0x0000012c3cd38ede sp=0x000000187affbe50 mode 0
Event: 283.897 Thread 0x0000012c54a79800 DEOPT PACKING pc=0x0000012c3d35649b sp=0x000000187affc910
Event: 283.897 Thread 0x0000012c54a79800 DEOPT UNPACKING pc=0x0000012c3cd38ede sp=0x000000187affbe50 mode 0
Event: 283.902 Thread 0x0000012c54a79800 DEOPT PACKING pc=0x0000012c3d35649b sp=0x000000187affc910
Event: 283.902 Thread 0x0000012c54a79800 DEOPT UNPACKING pc=0x0000012c3cd38ede sp=0x000000187affbe50 mode 0
Event: 283.903 Thread 0x0000012c54a79800 DEOPT PACKING pc=0x0000012c3d35649b sp=0x000000187affc910
Event: 283.903 Thread 0x0000012c54a79800 DEOPT UNPACKING pc=0x0000012c3cd38ede sp=0x000000187affbe50 mode 0
Event: 283.905 Thread 0x0000012c54a79800 DEOPT PACKING pc=0x0000012c3d35649b sp=0x000000187affc910
Event: 283.905 Thread 0x0000012c54a79800 DEOPT UNPACKING pc=0x0000012c3cd38ede sp=0x000000187affbe50 mode 0
Event: 283.907 Thread 0x0000012c54a79800 DEOPT PACKING pc=0x0000012c3d35649b sp=0x000000187affc910
Event: 283.907 Thread 0x0000012c54a79800 DEOPT UNPACKING pc=0x0000012c3cd38ede sp=0x000000187affbe50 mode 0

Classes redefined (0 events):
No events

Internal exceptions (20 events):
Event: 42.523 Thread 0x0000012c54a7a800 Exception <a 'java/lang/ClassNotFoundException'{0x00000000a7b92648}: org/gradle/process/internal/DefaultExecAction_DecoratedCustomizer> (0x00000000a7b92648) thrown at [./src/hotspot/share/classfile/systemDictionary.cpp, line 231]
Event: 42.541 Thread 0x0000012c54a7a800 Exception <a 'java/lang/ClassNotFoundException'{0x00000000a7bd1760}: org/gradle/api/logging/LogLevelBeanInfo> (0x00000000a7bd1760) thrown at [./src/hotspot/share/classfile/systemDictionary.cpp, line 231]
Event: 42.542 Thread 0x0000012c54a7a800 Exception <a 'java/lang/ClassNotFoundException'{0x00000000a7bda068}: java/lang/EnumBeanInfo> (0x00000000a7bda068) thrown at [./src/hotspot/share/classfile/systemDictionary.cpp, line 231]
Event: 42.543 Thread 0x0000012c54a7a800 Exception <a 'java/lang/ClassNotFoundException'{0x00000000a7be2c10}: java/lang/EnumCustomizer> (0x00000000a7be2c10) thrown at [./src/hotspot/share/classfile/systemDictionary.cpp, line 231]
Event: 42.547 Thread 0x0000012c54a7a800 Exception <a 'java/lang/ClassNotFoundException'{0x00000000a7a034c8}: org/gradle/api/logging/LogLevelCustomizer> (0x00000000a7a034c8) thrown at [./src/hotspot/share/classfile/systemDictionary.cpp, line 231]
Event: 42.556 Thread 0x0000012c54a7a800 Exception <a 'java/lang/ClassNotFoundException'{0x00000000a7a4e688}: org/gradle/internal/logging/compatbridge/LoggingManagerInternalCompatibilityBridgeBeanInfo> (0x00000000a7a4e688) thrown at [./src/hotspot/share/classfile/systemDictionary.cpp, line 231]
Event: 42.560 Thread 0x0000012c54a7a800 Exception <a 'java/lang/ClassNotFoundException'{0x00000000a7a74100}: org/gradle/internal/logging/compatbridge/LoggingManagerInternalCompatibilityBridgeCustomizer> (0x00000000a7a74100) thrown at [./src/hotspot/share/classfile/systemDictionary.cpp, line 231]
Event: 43.038 Thread 0x0000012c54a7c000 Exception <a 'java/lang/NoSuchMethodError'{0x00000000a7aebe40}: 'void java.lang.invoke.DirectMethodHandle$Holder.invokeStatic(java.lang.Object, long)'> (0x00000000a7aebe40) thrown at [./src/hotspot/share/interpreter/linkResolver.cpp, line 773]
Event: 43.040 Thread 0x0000012c54a7c000 Exception <a 'java/lang/NoSuchMethodError'{0x00000000a7af1058}: 'java.lang.Object java.lang.invoke.DirectMethodHandle$Holder.invokeStatic(java.lang.Object, long)'> (0x00000000a7af1058) thrown at [./src/hotspot/share/interpreter/linkResolver.cpp, line 773]
Event: 43.044 Thread 0x0000012c54a7c000 Exception <a 'java/lang/NoSuchMethodError'{0x00000000a7aff320}: 'java.lang.Object java.lang.invoke.DirectMethodHandle$Holder.invokeStaticInit(java.lang.Object, java.lang.Object, long, java.lang.Object)'> (0x00000000a7aff320) thrown at [./src/hotspot/share/interpreter/linkResolver.cpp, line 773]
Event: 43.049 Thread 0x0000012c54a7c000 Exception <a 'java/lang/NoSuchMethodError'{0x00000000a7905998}: 'java.lang.Object java.lang.invoke.DirectMethodHandle$Holder.invokeStatic(java.lang.Object, java.lang.Object, long)'> (0x00000000a7905998) thrown at [./src/hotspot/share/interpreter/linkResolver.cpp, line 773]
Event: 43.051 Thread 0x0000012c54a7c000 Exception <a 'java/lang/NoSuchMethodError'{0x00000000a790bc68}: 'java.lang.Object java.lang.invoke.Invokers$Holder.linkToTargetMethod(java.lang.Object, long, java.lang.Object)'> (0x00000000a790bc68) thrown at [./src/hotspot/share/interpreter/linkResolver.cpp, line 773]
Event: 65.477 Thread 0x0000012c54a7a800 Exception <a 'java/lang/reflect/InvocationTargetException'{0x00000000a7acc320}> (0x00000000a7acc320) thrown at [./src/hotspot/share/runtime/reflection.cpp, line 1247]
Event: 66.274 Thread 0x0000012c53bce000 Exception <a 'sun/nio/fs/WindowsException'{0x00000000a7663718}> (0x00000000a7663718) thrown at [./src/hotspot/share/prims/jni.cpp, line 615]
Event: 66.879 Thread 0x0000012c5433a800 Exception <a 'java/lang/NoSuchMethodError'{0x00000000a6febf48}: <clinit>> (0x00000000a6febf48) thrown at [./src/hotspot/share/prims/jni.cpp, line 1362]
Event: 66.892 Thread 0x0000012c5433a800 Exception <a 'java/lang/NoSuchMethodError'{0x00000000a6e42420}: <clinit>> (0x00000000a6e42420) thrown at [./src/hotspot/share/prims/jni.cpp, line 1362]
Event: 66.892 Thread 0x0000012c5433a800 Exception <a 'java/lang/NoSuchMethodError'{0x00000000a6e43b08}: <clinit>> (0x00000000a6e43b08) thrown at [./src/hotspot/share/prims/jni.cpp, line 1362]
Event: 66.903 Thread 0x0000012c5433a800 Exception <a 'java/lang/NoSuchMethodError'{0x00000000a6e55c70}: <clinit>> (0x00000000a6e55c70) thrown at [./src/hotspot/share/prims/jni.cpp, line 1362]
Event: 66.915 Thread 0x0000012c5433a800 Exception <a 'java/lang/NoSuchMethodError'{0x00000000a6e8de68}: <clinit>> (0x00000000a6e8de68) thrown at [./src/hotspot/share/prims/jni.cpp, line 1362]
Event: 280.779 Thread 0x0000012c52f94000 Exception <a 'sun/nio/fs/WindowsException'{0x00000000a5bfe558}> (0x00000000a5bfe558) thrown at [./src/hotspot/share/prims/jni.cpp, line 615]

Events (20 events):
Event: 283.496 Executing VM operation: RevokeBias
Event: 283.498 Executing VM operation: RevokeBias done
Event: 283.516 loading class java/util/concurrent/ThreadLocalRandom
Event: 283.521 loading class java/util/concurrent/ThreadLocalRandom done
Event: 283.533 Executing VM operation: RevokeBias
Event: 283.533 Executing VM operation: RevokeBias done
Event: 283.541 Loaded shared library C:\Program Files\Android\Android Studio\jre\bin\nio.dll
Event: 283.675 Loaded shared library C:\Program Files\Android\Android Studio\jre\bin\nio.dll
Event: 283.725 Executing VM operation: RevokeBias
Event: 283.726 Executing VM operation: RevokeBias done
Event: 283.775 Thread 0x0000012c54a80000 Thread added: 0x0000012c54a80000
Event: 283.789 Executing VM operation: RevokeBias
Event: 283.790 Executing VM operation: RevokeBias done
Event: 283.822 Executing VM operation: RevokeBias
Event: 283.822 Executing VM operation: RevokeBias done
Event: 283.868 Executing VM operation: RevokeBias
Event: 283.868 Executing VM operation: RevokeBias done
Event: 284.140 Thread 0x0000012c54a7a800 Thread added: 0x0000012c54a7a800
Event: 284.318 Thread 0x0000012c54a81000 Thread added: 0x0000012c54a81000
Event: 284.318 Thread 0x0000012c54a7b800 Thread added: 0x0000012c54a7b800


Dynamic libraries:
0x00007ff7b8590000 - 0x00007ff7b859a000 	C:\Program Files\Android\Android Studio\jre\bin\java.exe
0x00007ffc639d0000 - 0x00007ffc63bc5000 	C:\WINDOWS\SYSTEM32\ntdll.dll
0x00007ffc2d180000 - 0x00007ffc2d195000 	C:\Program Files\Avast Software\Avast\aswhook.dll
0x00007ffc61a30000 - 0x00007ffc61aed000 	C:\WINDOWS\System32\KERNEL32.DLL
0x00007ffc614e0000 - 0x00007ffc617a9000 	C:\WINDOWS\System32\KERNELBASE.dll
0x00007ffc61930000 - 0x00007ffc61a30000 	C:\WINDOWS\System32\ucrtbase.dll
0x00007ffc3c2f0000 - 0x00007ffc3c309000 	C:\Program Files\Android\Android Studio\jre\bin\jli.dll
0x00007ffc3e220000 - 0x00007ffc3e237000 	C:\Program Files\Android\Android Studio\jre\bin\VCRUNTIME140.dll
0x00007ffc62b00000 - 0x00007ffc62ca0000 	C:\WINDOWS\System32\USER32.dll
0x00007ffc61370000 - 0x00007ffc61392000 	C:\WINDOWS\System32\win32u.dll
0x00007ffc63960000 - 0x00007ffc6398a000 	C:\WINDOWS\System32\GDI32.dll
0x00007ffc61260000 - 0x00007ffc6136b000 	C:\WINDOWS\System32\gdi32full.dll
0x00007ffc39e40000 - 0x00007ffc3a0da000 	C:\WINDOWS\WinSxS\amd64_microsoft.windows.common-controls_6595b64144ccf1df_6.0.19041.1110_none_60b5254171f9507e\COMCTL32.dll
0x00007ffc61830000 - 0x00007ffc618cd000 	C:\WINDOWS\System32\msvcp_win.dll
0x00007ffc628c0000 - 0x00007ffc6295e000 	C:\WINDOWS\System32\msvcrt.dll
0x00007ffc63400000 - 0x00007ffc63430000 	C:\WINDOWS\System32\IMM32.DLL
0x00007ffc1cd30000 - 0x00007ffc1cdcd000 	C:\Program Files\Android\Android Studio\jre\bin\msvcp140.dll
0x00007ffbe0230000 - 0x00007ffbe0cff000 	C:\Program Files\Android\Android Studio\jre\bin\server\jvm.dll
0x00007ffc62410000 - 0x00007ffc624bc000 	C:\WINDOWS\System32\ADVAPI32.dll
0x00007ffc63660000 - 0x00007ffc636fb000 	C:\WINDOWS\System32\sechost.dll
0x00007ffc622e0000 - 0x00007ffc6240a000 	C:\WINDOWS\System32\RPCRT4.dll
0x00007ffc622d0000 - 0x00007ffc622d8000 	C:\WINDOWS\System32\PSAPI.DLL
0x00007ffc47650000 - 0x00007ffc47659000 	C:\WINDOWS\SYSTEM32\WSOCK32.dll
0x00007ffc62530000 - 0x00007ffc6259b000 	C:\WINDOWS\System32\WS2_32.dll
0x00007ffc3bf10000 - 0x00007ffc3bf37000 	C:\WINDOWS\SYSTEM32\WINMM.dll
0x00007ffc60c30000 - 0x00007ffc60c3a000 	C:\WINDOWS\SYSTEM32\VERSION.dll
0x00007ffc5f920000 - 0x00007ffc5f932000 	C:\WINDOWS\SYSTEM32\kernel.appcore.dll
0x00007ffc39a80000 - 0x00007ffc39a91000 	C:\Program Files\Android\Android Studio\jre\bin\verify.dll
0x00007ffc5f5b0000 - 0x00007ffc5f794000 	C:\WINDOWS\SYSTEM32\DBGHELP.DLL
0x00007ffc49b10000 - 0x00007ffc49b3c000 	C:\WINDOWS\SYSTEM32\dbgcore.DLL
0x00007ffc61450000 - 0x00007ffc614d3000 	C:\WINDOWS\System32\bcryptPrimitives.dll
0x00007ffc34b80000 - 0x00007ffc34ba9000 	C:\Program Files\Android\Android Studio\jre\bin\java.dll
0x00007ffc3e1a0000 - 0x00007ffc3e1ab000 	C:\Program Files\Android\Android Studio\jre\bin\jimage.dll
0x00007ffc340b0000 - 0x00007ffc340c8000 	C:\Program Files\Android\Android Studio\jre\bin\zip.dll
0x00007ffc62cc0000 - 0x00007ffc633ff000 	C:\WINDOWS\System32\SHELL32.dll
0x00007ffc5ed00000 - 0x00007ffc5f490000 	C:\WINDOWS\SYSTEM32\windows.storage.dll
0x00007ffc61af0000 - 0x00007ffc61e45000 	C:\WINDOWS\System32\combase.dll
0x00007ffc60a80000 - 0x00007ffc60aac000 	C:\WINDOWS\SYSTEM32\Wldp.dll
0x00007ffc62810000 - 0x00007ffc628be000 	C:\WINDOWS\System32\SHCORE.dll
0x00007ffc63820000 - 0x00007ffc63875000 	C:\WINDOWS\System32\shlwapi.dll
0x00007ffc61040000 - 0x00007ffc6105f000 	C:\WINDOWS\SYSTEM32\profapi.dll
0x00007ffc33f30000 - 0x00007ffc33f4a000 	C:\Program Files\Android\Android Studio\jre\bin\net.dll
0x00007ffc5b900000 - 0x00007ffc5ba08000 	C:\WINDOWS\SYSTEM32\WINHTTP.dll
0x00007ffc607e0000 - 0x00007ffc6084a000 	C:\WINDOWS\system32\mswsock.dll
0x00007ffc308e0000 - 0x00007ffc308f4000 	C:\Program Files\Android\Android Studio\jre\bin\nio.dll
0x00007ffc300c0000 - 0x00007ffc300e6000 	C:\Users\SAMUELLA M. AGLAGO\.gradle\native\29\windows-amd64\native-platform.dll
0x00007ffc3bf90000 - 0x00007ffc3bf9a000 	C:\Program Files\Android\Android Studio\jre\bin\management.dll
0x00007ffc34b70000 - 0x00007ffc34b7c000 	C:\Program Files\Android\Android Studio\jre\bin\management_ext.dll
0x00007ffc609d0000 - 0x00007ffc609e8000 	C:\WINDOWS\SYSTEM32\CRYPTSP.dll
0x00007ffc60100000 - 0x00007ffc60134000 	C:\WINDOWS\system32\rsaenh.dll
0x00007ffc61800000 - 0x00007ffc61827000 	C:\WINDOWS\System32\bcrypt.dll
0x00007ffc60fc0000 - 0x00007ffc60fee000 	C:\WINDOWS\SYSTEM32\USERENV.dll
0x00007ffc609f0000 - 0x00007ffc609fc000 	C:\WINDOWS\SYSTEM32\CRYPTBASE.dll
0x00007ffc604d0000 - 0x00007ffc6050b000 	C:\WINDOWS\SYSTEM32\IPHLPAPI.DLL
0x00007ffc624c0000 - 0x00007ffc624c8000 	C:\WINDOWS\System32\NSI.dll
0x00007ffc54e30000 - 0x00007ffc54e47000 	C:\WINDOWS\SYSTEM32\dhcpcsvc6.DLL
0x00007ffc55140000 - 0x00007ffc5515d000 	C:\WINDOWS\SYSTEM32\dhcpcsvc.DLL
0x00007ffc60510000 - 0x00007ffc605dc000 	C:\WINDOWS\SYSTEM32\DNSAPI.dll

dbghelp: loaded successfully - version: 4.0.5 - missing functions: none
symbol engine: initialized successfully - sym options: 0x614 - pdb path: .;C:\Program Files\Android\Android Studio\jre\bin;C:\WINDOWS\SYSTEM32;C:\Program Files\Avast Software\Avast;C:\WINDOWS\WinSxS\amd64_microsoft.windows.common-controls_6595b64144ccf1df_6.0.19041.1110_none_60b5254171f9507e;C:\Program Files\Android\Android Studio\jre\bin\server;C:\Users\SAMUELLA M. AGLAGO\.gradle\native\29\windows-amd64

VM Arguments:
jvm_args: --add-opens=java.base/java.util=ALL-UNNAMED --add-opens=java.base/java.lang=ALL-UNNAMED --add-opens=java.base/java.lang.invoke=ALL-UNNAMED --add-opens=java.prefs/java.util.prefs=ALL-UNNAMED -Xmx1536M -Dfile.encoding=windows-1252 -Duser.country=US -Duser.language=en -Duser.variant 
java_command: org.gradle.launcher.daemon.bootstrap.GradleDaemon 5.4.1
java_class_path (initial): C:\Users\SAMUELLA M. AGLAGO\.gradle\wrapper\dists\gradle-5.4.1-all\3221gyojl5jsh0helicew7rwx\gradle-5.4.1\lib\gradle-launcher-5.4.1.jar
Launcher Type: SUN_STANDARD

[Global flags]
     intx CICompilerCount                          = 4                                         {product} {ergonomic}
     uint ConcGCThreads                            = 2                                         {product} {ergonomic}
     uint G1ConcRefinementThreads                  = 8                                         {product} {ergonomic}
   size_t G1HeapRegionSize                         = 1048576                                   {product} {ergonomic}
    uintx GCDrainStackTargetSize                   = 64                                        {product} {ergonomic}
   size_t InitialHeapSize                          = 132120576                                 {product} {ergonomic}
   size_t MarkStackSize                            = 4194304                                   {product} {ergonomic}
   size_t MaxHeapSize                              = 1610612736                                {product} {command line}
   size_t MaxNewSize                               = 965738496                                 {product} {ergonomic}
   size_t MinHeapDeltaBytes                        = 1048576                                   {product} {ergonomic}
    uintx NonNMethodCodeHeapSize                   = 5836300                                {pd product} {ergonomic}
    uintx NonProfiledCodeHeapSize                  = 122910970                              {pd product} {ergonomic}
    uintx ProfiledCodeHeapSize                     = 122910970                              {pd product} {ergonomic}
    uintx ReservedCodeCacheSize                    = 251658240                              {pd product} {ergonomic}
     bool SegmentedCodeCache                       = true                                      {product} {ergonomic}
     bool UseCompressedClassPointers               = true                                 {lp64_product} {ergonomic}
     bool UseCompressedOops                        = true                                 {lp64_product} {ergonomic}
     bool UseG1GC                                  = true                                      {product} {ergonomic}
     bool UseLargePagesIndividualAllocation        = false                                  {pd product} {ergonomic}

Logging:
Log output configuration:
 #0: stdout all=warning uptime,level,tags
 #1: stderr all=off uptime,level,tags

Environment Variables:
JAVA_HOME=C:\Program Files\Android\Android Studio\jre
CLASSPATH=D:\Android\PROJECTS\bmi-calculator-flutter\android\\gradle\wrapper\gradle-wrapper.jar
PATH=C:\Program Files\Common Files\Oracle\Java\javapath;C:\WINDOWS\system32;C:\WINDOWS;C:\WINDOWS\System32\Wbem;C:\WINDOWS\System32\WindowsPowerShell\v1.0\;C:\WINDOWS\System32\OpenSSH\;C:\Program Files (x86)\nodejs\;C:\Program Files\Git\cmd;C:\HashiCorp\Vagrant\bin;D:\Android\FLUTTER_FILES\flutter\bin;C:\Users\SAMUELLA M. AGLAGO\AppData\Local\Microsoft\WindowsApps;C:\Users\SAMUELLA M. AGLAGO\AppData\Roaming\npm;C:\Users\SAMUELLA M. AGLAGO\AppData\Local\Programs\Microsoft VS Code\bin;C:\Users\SAMUELLA M. AGLAGO\AppData\Local\Programs\MiKTeX\miktex\bin\x64\;C:\Users\SAMUELLA M. AGLAGO\Desktop\miktex\miktex\bin\x64\;;D:\Android\FLUTTER_FILES\flutter\bin\mingit\cmd
USERNAME=SAMUELLA M. AGLAGO
OS=Windows_NT
PROCESSOR_IDENTIFIER=Intel64 Family 6 Model 126 Stepping 5, GenuineIntel



---------------  S Y S T E M  ---------------

OS: Windows 10 , 64 bit Build 19041 (10.0.19041.1151)
OS uptime: 2 days 5:54 hours

CPU:total 8 (initial active 8) (4 cores per cpu, 2 threads per core) family 6 model 126 stepping 5 microcode 0xa0, cmov, cx8, fxsr, mmx, sse, sse2, sse3, ssse3, sse4.1, sse4.2, popcnt, avx, avx2, aes, clmul, erms, 3dnowpref, lzcnt, ht, tsc, tscinvbit, bmi1, bmi2, adx, evex, sha, fma

Memory: 4k page, system-wide physical 7973M (167M free)
TotalPageFile size 31910M (AvailPageFile size 0M)
current process WorkingSet (physical memory assigned to process): 171M, peak: 303M
current process commit charge ("private bytes"): 350M, peak: 367M

vm_info: OpenJDK 64-Bit Server VM (11.0.10+0-b96-7249189) for windows-amd64 JRE (11.0.10+0-b96-7249189), built on Mar 31 2021 21:44:00 by "builder" with MS VC++ 14.0 (VS2015)

END.
