#
# There is insufficient memory for the Java Runtime Environment to continue.
# Native memory allocation (malloc) failed to allocate 32744 bytes for ChunkPool::allocate
# Possible reasons:
#   The system is out of physical RAM or swap space
#   The process is running with CompressedOops enabled, and the Java Heap may be blocking the growth of the native heap
# Possible solutions:
#   Reduce memory load on the system
#   Increase physical memory or swap space
#   Check if swap backing store is full
#   Decrease Java heap size (-Xmx/-Xms)
#   Decrease number of Java threads
#   Decrease Java thread stack sizes (-Xss)
#   Set larger code cache with -XX:ReservedCodeCacheSize=
#   JVM is running with Unscaled Compressed Oops mode in which the Java heap is
#     placed in the first 4GB address space. The Java Heap base address is the
#     maximum limit for the native heap growth. Please use -XX:HeapBaseMinAddress
#     to set the Java Heap base and to place the Java Heap above 4GB virtual address.
# This output file may be truncated or incomplete.
#
#  Out of Memory Error (./src/hotspot/share/memory/arena.cpp:81), pid=19172, tid=20376
#
# JRE version: OpenJDK Runtime Environment (11.0.10) (build 11.0.10+0-b96-7249189)
# Java VM: OpenJDK 64-Bit Server VM (11.0.10+0-b96-7249189, mixed mode, tiered, compressed oops, g1 gc, windows-amd64)
# No core dump will be written. Minidumps are not enabled by default on client versions of Windows
#

---------------  S U M M A R Y ------------

Command Line: -Dorg.gradle.appname=gradlew org.gradle.wrapper.GradleWrapperMain -q -Ptarget-platform=android-x86 -Ptarget=D:\Android\PROJECTS\bmi-calculator-flutter\lib\main.dart -Pdart-defines=Zmx1dHRlci5pbnNwZWN0b3Iuc3RydWN0dXJlZEVycm9ycz10cnVl,RkxVVFRFUl9XRUJfQVVUT19ERVRFQ1Q9dHJ1ZQ== -Pdart-obfuscation=false -Ptrack-widget-creation=true -Ptree-shake-icons=false -Pfilesystem-scheme=org-dartlang-root assembleDebug

Host: Intel(R) Core(TM) i5-1035G1 CPU @ 1.00GHz, 8 cores, 7G,  Windows 10 , 64 bit Build 19041 (10.0.19041.1151)
Time: Sun Aug 22 22:36:23 2021 Greenwich Standard Time elapsed time: 37.489467 seconds (0d 0h 0m 37s)

---------------  T H R E A D  ---------------

Current thread (0x000002201611a800):  JavaThread "C1 CompilerThread0" daemon [_thread_in_native, id=20376, stack(0x000000e840400000,0x000000e840500000)]


Current CompileTask:
C1:  37489 1318       3       org.gradle.internal.dispatch.ProxyDispatchAdapter$DispatchingInvocationHandler::invoke (184 bytes)

Stack: [0x000000e840400000,0x000000e840500000]
Native frames: (J=compiled Java code, j=interpreted, Vv=VM code, C=native code)
V  [jvm.dll+0x5ecfaa]
V  [jvm.dll+0x722bd5]
V  [jvm.dll+0x72412d]
V  [jvm.dll+0x7247e3]
V  [jvm.dll+0x242928]
V  [jvm.dll+0xbc75b]
V  [jvm.dll+0xbca0c]
V  [jvm.dll+0x164369]
V  [jvm.dll+0x165342]
V  [jvm.dll+0x165400]
V  [jvm.dll+0x16765d]
V  [jvm.dll+0x1695c4]
V  [jvm.dll+0x12376c]
V  [jvm.dll+0x123279]
V  [jvm.dll+0x1233e3]
V  [jvm.dll+0x1226f7]
V  [jvm.dll+0x1242c7]
V  [jvm.dll+0x208ee7]
V  [jvm.dll+0x207731]
V  [jvm.dll+0x6eb1cf]
V  [jvm.dll+0x6e3d45]
V  [jvm.dll+0x5ebe96]
C  [ucrtbase.dll+0x21bb2]
C  [KERNEL32.DLL+0x17034]
C  [ntdll.dll+0x52651]


---------------  P R O C E S S  ---------------

Threads class SMR info:
_java_thread_list=0x0000022016d6bcd0, length=12, elements={
0x000002207b581800, 0x00000220158f5800, 0x00000220158f8800, 0x0000022016112800,
0x0000022016116000, 0x0000022016118000, 0x0000022016119800, 0x000002201611a800,
0x000002201611c000, 0x0000022016308000, 0x0000022016d52000, 0x0000022016b00800
}

Java Threads: ( => current thread )
  0x000002207b581800 JavaThread "main" [_thread_in_native, id=17916, stack(0x000000e83f700000,0x000000e83f800000)]
  0x00000220158f5800 JavaThread "Reference Handler" daemon [_thread_blocked, id=16224, stack(0x000000e83fe00000,0x000000e83ff00000)]
  0x00000220158f8800 JavaThread "Finalizer" daemon [_thread_blocked, id=3932, stack(0x000000e83ff00000,0x000000e840000000)]
  0x0000022016112800 JavaThread "Signal Dispatcher" daemon [_thread_blocked, id=22500, stack(0x000000e840000000,0x000000e840100000)]
  0x0000022016116000 JavaThread "Attach Listener" daemon [_thread_blocked, id=23132, stack(0x000000e840100000,0x000000e840200000)]
  0x0000022016118000 JavaThread "Service Thread" daemon [_thread_blocked, id=8028, stack(0x000000e840200000,0x000000e840300000)]
  0x0000022016119800 JavaThread "C2 CompilerThread0" daemon [_thread_blocked, id=16972, stack(0x000000e840300000,0x000000e840400000)]
=>0x000002201611a800 JavaThread "C1 CompilerThread0" daemon [_thread_in_native, id=20376, stack(0x000000e840400000,0x000000e840500000)]
  0x000002201611c000 JavaThread "Sweeper thread" daemon [_thread_blocked, id=11040, stack(0x000000e840500000,0x000000e840600000)]
  0x0000022016308000 JavaThread "Common-Cleaner" daemon [_thread_blocked, id=24332, stack(0x000000e840700000,0x000000e840800000)]
  0x0000022016d52000 JavaThread "pool-1-thread-1" [_thread_in_vm, id=19424, stack(0x000000e840800000,0x000000e840900000)]
  0x0000022016b00800 JavaThread "Forward input" [_thread_blocked, id=13840, stack(0x000000e840e00000,0x000000e840f00000)]

Other Threads:
  0x00000220158f4000 VMThread "VM Thread" [stack: 0x000000e83fd00000,0x000000e83fe00000] [id=6976]
  0x00000220162fe800 WatcherThread [stack: 0x000000e840600000,0x000000e840700000] [id=17288]
  0x000002207b598000 GCTaskThread "GC Thread#0" [stack: 0x000000e83f800000,0x000000e83f900000] [id=17456]
  0x0000022016c6b800 GCTaskThread "GC Thread#1" [stack: 0x000000e840900000,0x000000e840a00000] [id=6904]
  0x0000022016c23000 GCTaskThread "GC Thread#2" [stack: 0x000000e840a00000,0x000000e840b00000] [id=24232]
  0x0000022016b50000 GCTaskThread "GC Thread#3" [stack: 0x000000e840b00000,0x000000e840c00000] [id=20836]
  0x000002207b5c9000 ConcurrentGCThread "G1 Main Marker" [stack: 0x000000e83f900000,0x000000e83fa00000] [id=11052]
  0x000002207b5ca800 ConcurrentGCThread "G1 Conc#0" [stack: 0x000000e83fa00000,0x000000e83fb00000] [id=2816]
  0x0000022015734800 ConcurrentGCThread "G1 Refine#0" [stack: 0x000000e83fb00000,0x000000e83fc00000] [id=25436]
  0x0000022015735800 ConcurrentGCThread "G1 Young RemSet Sampling" [stack: 0x000000e83fc00000,0x000000e83fd00000] [id=21744]

Threads with active compile tasks:
C2 CompilerThread0  37564 1334       4       org.gradle.internal.logging.text.AbstractLineChoppingStyledTextOutput$StateContext::isCurrentCharEquals (61 bytes)
C1 CompilerThread0  37564 1318       3       org.gradle.internal.dispatch.ProxyDispatchAdapter$DispatchingInvocationHandler::invoke (184 bytes)

VM state:not at safepoint (normal execution)

VM Mutex/Monitor currently owned by a thread: None

Heap address: 0x0000000083600000, size: 1994 MB, Compressed Oops mode: 32-bit
Narrow klass base: 0x0000000000000000, Narrow klass shift: 3
Compressed class space size: 1073741824 Address: 0x0000000100000000

Heap:
 garbage-first heap   total 129024K, used 19264K [0x0000000083600000, 0x0000000100000000)
  region size 1024K, 15 young (15360K), 3 survivors (3072K)
 Metaspace       used 15391K, capacity 15648K, committed 15744K, reserved 1062912K
  class space    used 1717K, capacity 1835K, committed 1920K, reserved 1048576K
Heap Regions: E=young(eden), S=young(survivor), O=old, HS=humongous(starts), HC=humongous(continues), CS=collection set, F=free, A=archive, TAMS=top-at-mark-start (previous, next)
|   0|0x0000000083600000, 0x0000000083600000, 0x0000000083700000|  0%| F|  |TAMS 0x0000000083600000, 0x0000000083600000| Untracked 
|   1|0x0000000083700000, 0x0000000083700000, 0x0000000083800000|  0%| F|  |TAMS 0x0000000083700000, 0x0000000083700000| Untracked 
|   2|0x0000000083800000, 0x0000000083900000, 0x0000000083900000|100%|HS|  |TAMS 0x0000000083800000, 0x0000000083800000| Complete 
|   3|0x0000000083900000, 0x0000000083a00000, 0x0000000083a00000|100%|HS|  |TAMS 0x0000000083900000, 0x0000000083900000| Complete 
|   4|0x0000000083a00000, 0x0000000083b00000, 0x0000000083b00000|100%|HC|  |TAMS 0x0000000083a00000, 0x0000000083a00000| Complete 
|   5|0x0000000083b00000, 0x0000000083c00000, 0x0000000083c00000|100%| O|  |TAMS 0x0000000083b00000, 0x0000000083b00000| Untracked 
|   6|0x0000000083c00000, 0x0000000083cd0200, 0x0000000083d00000| 81%| O|  |TAMS 0x0000000083c00000, 0x0000000083c00000| Untracked 
|   7|0x0000000083d00000, 0x0000000083d00000, 0x0000000083e00000|  0%| F|  |TAMS 0x0000000083d00000, 0x0000000083d00000| Untracked 
|   8|0x0000000083e00000, 0x0000000083e00000, 0x0000000083f00000|  0%| F|  |TAMS 0x0000000083e00000, 0x0000000083e00000| Untracked 
|   9|0x0000000083f00000, 0x0000000083f00000, 0x0000000084000000|  0%| F|  |TAMS 0x0000000083f00000, 0x0000000083f00000| Untracked 
|  10|0x0000000084000000, 0x0000000084000000, 0x0000000084100000|  0%| F|  |TAMS 0x0000000084000000, 0x0000000084000000| Untracked 
|  11|0x0000000084100000, 0x0000000084100000, 0x0000000084200000|  0%| F|  |TAMS 0x0000000084100000, 0x0000000084100000| Untracked 
|  12|0x0000000084200000, 0x0000000084200000, 0x0000000084300000|  0%| F|  |TAMS 0x0000000084200000, 0x0000000084200000| Untracked 
|  13|0x0000000084300000, 0x0000000084300000, 0x0000000084400000|  0%| F|  |TAMS 0x0000000084300000, 0x0000000084300000| Untracked 
|  14|0x0000000084400000, 0x0000000084400000, 0x0000000084500000|  0%| F|  |TAMS 0x0000000084400000, 0x0000000084400000| Untracked 
|  15|0x0000000084500000, 0x0000000084500000, 0x0000000084600000|  0%| F|  |TAMS 0x0000000084500000, 0x0000000084500000| Untracked 
|  16|0x0000000084600000, 0x0000000084600000, 0x0000000084700000|  0%| F|  |TAMS 0x0000000084600000, 0x0000000084600000| Untracked 
|  17|0x0000000084700000, 0x0000000084700000, 0x0000000084800000|  0%| F|  |TAMS 0x0000000084700000, 0x0000000084700000| Untracked 
|  18|0x0000000084800000, 0x0000000084800000, 0x0000000084900000|  0%| F|  |TAMS 0x0000000084800000, 0x0000000084800000| Untracked 
|  19|0x0000000084900000, 0x0000000084900000, 0x0000000084a00000|  0%| F|  |TAMS 0x0000000084900000, 0x0000000084900000| Untracked 
|  20|0x0000000084a00000, 0x0000000084a00000, 0x0000000084b00000|  0%| F|  |TAMS 0x0000000084a00000, 0x0000000084a00000| Untracked 
|  21|0x0000000084b00000, 0x0000000084b00000, 0x0000000084c00000|  0%| F|  |TAMS 0x0000000084b00000, 0x0000000084b00000| Untracked 
|  22|0x0000000084c00000, 0x0000000084c00000, 0x0000000084d00000|  0%| F|  |TAMS 0x0000000084c00000, 0x0000000084c00000| Untracked 
|  23|0x0000000084d00000, 0x0000000084d00000, 0x0000000084e00000|  0%| F|  |TAMS 0x0000000084d00000, 0x0000000084d00000| Untracked 
|  24|0x0000000084e00000, 0x0000000084e00000, 0x0000000084f00000|  0%| F|  |TAMS 0x0000000084e00000, 0x0000000084e00000| Untracked 
|  25|0x0000000084f00000, 0x0000000084f00000, 0x0000000085000000|  0%| F|  |TAMS 0x0000000084f00000, 0x0000000084f00000| Untracked 
|  26|0x0000000085000000, 0x0000000085000000, 0x0000000085100000|  0%| F|  |TAMS 0x0000000085000000, 0x0000000085000000| Untracked 
|  27|0x0000000085100000, 0x0000000085100000, 0x0000000085200000|  0%| F|  |TAMS 0x0000000085100000, 0x0000000085100000| Untracked 
|  28|0x0000000085200000, 0x0000000085200000, 0x0000000085300000|  0%| F|  |TAMS 0x0000000085200000, 0x0000000085200000| Untracked 
|  29|0x0000000085300000, 0x0000000085300000, 0x0000000085400000|  0%| F|  |TAMS 0x0000000085300000, 0x0000000085300000| Untracked 
|  30|0x0000000085400000, 0x0000000085400000, 0x0000000085500000|  0%| F|  |TAMS 0x0000000085400000, 0x0000000085400000| Untracked 
|  31|0x0000000085500000, 0x0000000085500000, 0x0000000085600000|  0%| F|  |TAMS 0x0000000085500000, 0x0000000085500000| Untracked 
|  32|0x0000000085600000, 0x0000000085600000, 0x0000000085700000|  0%| F|  |TAMS 0x0000000085600000, 0x0000000085600000| Untracked 
|  33|0x0000000085700000, 0x0000000085700000, 0x0000000085800000|  0%| F|  |TAMS 0x0000000085700000, 0x0000000085700000| Untracked 
|  34|0x0000000085800000, 0x0000000085800000, 0x0000000085900000|  0%| F|  |TAMS 0x0000000085800000, 0x0000000085800000| Untracked 
|  35|0x0000000085900000, 0x0000000085900000, 0x0000000085a00000|  0%| F|  |TAMS 0x0000000085900000, 0x0000000085900000| Untracked 
|  36|0x0000000085a00000, 0x0000000085a00000, 0x0000000085b00000|  0%| F|  |TAMS 0x0000000085a00000, 0x0000000085a00000| Untracked 
|  37|0x0000000085b00000, 0x0000000085b00000, 0x0000000085c00000|  0%| F|  |TAMS 0x0000000085b00000, 0x0000000085b00000| Untracked 
|  38|0x0000000085c00000, 0x0000000085c00000, 0x0000000085d00000|  0%| F|  |TAMS 0x0000000085c00000, 0x0000000085c00000| Untracked 
|  39|0x0000000085d00000, 0x0000000085d00000, 0x0000000085e00000|  0%| F|  |TAMS 0x0000000085d00000, 0x0000000085d00000| Untracked 
|  40|0x0000000085e00000, 0x0000000085e00000, 0x0000000085f00000|  0%| F|  |TAMS 0x0000000085e00000, 0x0000000085e00000| Untracked 
|  41|0x0000000085f00000, 0x0000000085f00000, 0x0000000086000000|  0%| F|  |TAMS 0x0000000085f00000, 0x0000000085f00000| Untracked 
|  42|0x0000000086000000, 0x0000000086000000, 0x0000000086100000|  0%| F|  |TAMS 0x0000000086000000, 0x0000000086000000| Untracked 
|  43|0x0000000086100000, 0x0000000086100000, 0x0000000086200000|  0%| F|  |TAMS 0x0000000086100000, 0x0000000086100000| Untracked 
|  44|0x0000000086200000, 0x0000000086200000, 0x0000000086300000|  0%| F|  |TAMS 0x0000000086200000, 0x0000000086200000| Untracked 
|  45|0x0000000086300000, 0x0000000086300000, 0x0000000086400000|  0%| F|  |TAMS 0x0000000086300000, 0x0000000086300000| Untracked 
|  46|0x0000000086400000, 0x0000000086400000, 0x0000000086500000|  0%| F|  |TAMS 0x0000000086400000, 0x0000000086400000| Untracked 
|  47|0x0000000086500000, 0x0000000086500000, 0x0000000086600000|  0%| F|  |TAMS 0x0000000086500000, 0x0000000086500000| Untracked 
|  48|0x0000000086600000, 0x0000000086600000, 0x0000000086700000|  0%| F|  |TAMS 0x0000000086600000, 0x0000000086600000| Untracked 
|  49|0x0000000086700000, 0x0000000086700000, 0x0000000086800000|  0%| F|  |TAMS 0x0000000086700000, 0x0000000086700000| Untracked 
|  50|0x0000000086800000, 0x0000000086800000, 0x0000000086900000|  0%| F|  |TAMS 0x0000000086800000, 0x0000000086800000| Untracked 
|  51|0x0000000086900000, 0x0000000086900000, 0x0000000086a00000|  0%| F|  |TAMS 0x0000000086900000, 0x0000000086900000| Untracked 
|  52|0x0000000086a00000, 0x0000000086a00000, 0x0000000086b00000|  0%| F|  |TAMS 0x0000000086a00000, 0x0000000086a00000| Untracked 
|  53|0x0000000086b00000, 0x0000000086b00000, 0x0000000086c00000|  0%| F|  |TAMS 0x0000000086b00000, 0x0000000086b00000| Untracked 
|  54|0x0000000086c00000, 0x0000000086c00000, 0x0000000086d00000|  0%| F|  |TAMS 0x0000000086c00000, 0x0000000086c00000| Untracked 
|  55|0x0000000086d00000, 0x0000000086d00000, 0x0000000086e00000|  0%| F|  |TAMS 0x0000000086d00000, 0x0000000086d00000| Untracked 
|  56|0x0000000086e00000, 0x0000000086e00000, 0x0000000086f00000|  0%| F|  |TAMS 0x0000000086e00000, 0x0000000086e00000| Untracked 
|  57|0x0000000086f00000, 0x0000000086f00000, 0x0000000087000000|  0%| F|  |TAMS 0x0000000086f00000, 0x0000000086f00000| Untracked 
|  58|0x0000000087000000, 0x0000000087000000, 0x0000000087100000|  0%| F|  |TAMS 0x0000000087000000, 0x0000000087000000| Untracked 
|  59|0x0000000087100000, 0x0000000087100000, 0x0000000087200000|  0%| F|  |TAMS 0x0000000087100000, 0x0000000087100000| Untracked 
|  60|0x0000000087200000, 0x0000000087200000, 0x0000000087300000|  0%| F|  |TAMS 0x0000000087200000, 0x0000000087200000| Untracked 
|  61|0x0000000087300000, 0x0000000087300000, 0x0000000087400000|  0%| F|  |TAMS 0x0000000087300000, 0x0000000087300000| Untracked 
|  62|0x0000000087400000, 0x0000000087400000, 0x0000000087500000|  0%| F|  |TAMS 0x0000000087400000, 0x0000000087400000| Untracked 
|  63|0x0000000087500000, 0x0000000087500000, 0x0000000087600000|  0%| F|  |TAMS 0x0000000087500000, 0x0000000087500000| Untracked 
|  64|0x0000000087600000, 0x0000000087600000, 0x0000000087700000|  0%| F|  |TAMS 0x0000000087600000, 0x0000000087600000| Untracked 
|  65|0x0000000087700000, 0x0000000087700000, 0x0000000087800000|  0%| F|  |TAMS 0x0000000087700000, 0x0000000087700000| Untracked 
|  66|0x0000000087800000, 0x0000000087800000, 0x0000000087900000|  0%| F|  |TAMS 0x0000000087800000, 0x0000000087800000| Untracked 
|  67|0x0000000087900000, 0x0000000087900000, 0x0000000087a00000|  0%| F|  |TAMS 0x0000000087900000, 0x0000000087900000| Untracked 
|  68|0x0000000087a00000, 0x0000000087a00000, 0x0000000087b00000|  0%| F|  |TAMS 0x0000000087a00000, 0x0000000087a00000| Untracked 
|  69|0x0000000087b00000, 0x0000000087b00000, 0x0000000087c00000|  0%| F|  |TAMS 0x0000000087b00000, 0x0000000087b00000| Untracked 
|  70|0x0000000087c00000, 0x0000000087c00000, 0x0000000087d00000|  0%| F|  |TAMS 0x0000000087c00000, 0x0000000087c00000| Untracked 
|  71|0x0000000087d00000, 0x0000000087d00000, 0x0000000087e00000|  0%| F|  |TAMS 0x0000000087d00000, 0x0000000087d00000| Untracked 
|  72|0x0000000087e00000, 0x0000000087e00000, 0x0000000087f00000|  0%| F|  |TAMS 0x0000000087e00000, 0x0000000087e00000| Untracked 
|  73|0x0000000087f00000, 0x0000000087f00000, 0x0000000088000000|  0%| F|  |TAMS 0x0000000087f00000, 0x0000000087f00000| Untracked 
|  74|0x0000000088000000, 0x0000000088000000, 0x0000000088100000|  0%| F|  |TAMS 0x0000000088000000, 0x0000000088000000| Untracked 
|  75|0x0000000088100000, 0x0000000088100000, 0x0000000088200000|  0%| F|  |TAMS 0x0000000088100000, 0x0000000088100000| Untracked 
|  76|0x0000000088200000, 0x0000000088200000, 0x0000000088300000|  0%| F|  |TAMS 0x0000000088200000, 0x0000000088200000| Untracked 
|  77|0x0000000088300000, 0x0000000088300000, 0x0000000088400000|  0%| F|  |TAMS 0x0000000088300000, 0x0000000088300000| Untracked 
|  78|0x0000000088400000, 0x0000000088400000, 0x0000000088500000|  0%| F|  |TAMS 0x0000000088400000, 0x0000000088400000| Untracked 
|  79|0x0000000088500000, 0x0000000088500000, 0x0000000088600000|  0%| F|  |TAMS 0x0000000088500000, 0x0000000088500000| Untracked 
|  80|0x0000000088600000, 0x0000000088600000, 0x0000000088700000|  0%| F|  |TAMS 0x0000000088600000, 0x0000000088600000| Untracked 
|  81|0x0000000088700000, 0x0000000088700000, 0x0000000088800000|  0%| F|  |TAMS 0x0000000088700000, 0x0000000088700000| Untracked 
|  82|0x0000000088800000, 0x0000000088800000, 0x0000000088900000|  0%| F|  |TAMS 0x0000000088800000, 0x0000000088800000| Untracked 
|  83|0x0000000088900000, 0x0000000088900000, 0x0000000088a00000|  0%| F|  |TAMS 0x0000000088900000, 0x0000000088900000| Untracked 
|  84|0x0000000088a00000, 0x0000000088a00000, 0x0000000088b00000|  0%| F|  |TAMS 0x0000000088a00000, 0x0000000088a00000| Untracked 
|  85|0x0000000088b00000, 0x0000000088b00000, 0x0000000088c00000|  0%| F|  |TAMS 0x0000000088b00000, 0x0000000088b00000| Untracked 
|  86|0x0000000088c00000, 0x0000000088c00000, 0x0000000088d00000|  0%| F|  |TAMS 0x0000000088c00000, 0x0000000088c00000| Untracked 
|  87|0x0000000088d00000, 0x0000000088d00000, 0x0000000088e00000|  0%| F|  |TAMS 0x0000000088d00000, 0x0000000088d00000| Untracked 
|  88|0x0000000088e00000, 0x0000000088e00000, 0x0000000088f00000|  0%| F|  |TAMS 0x0000000088e00000, 0x0000000088e00000| Untracked 
|  89|0x0000000088f00000, 0x0000000088f00000, 0x0000000089000000|  0%| F|  |TAMS 0x0000000088f00000, 0x0000000088f00000| Untracked 
|  90|0x0000000089000000, 0x0000000089000000, 0x0000000089100000|  0%| F|  |TAMS 0x0000000089000000, 0x0000000089000000| Untracked 
|  91|0x0000000089100000, 0x0000000089100000, 0x0000000089200000|  0%| F|  |TAMS 0x0000000089100000, 0x0000000089100000| Untracked 
|  92|0x0000000089200000, 0x0000000089200000, 0x0000000089300000|  0%| F|  |TAMS 0x0000000089200000, 0x0000000089200000| Untracked 
|  93|0x0000000089300000, 0x0000000089300000, 0x0000000089400000|  0%| F|  |TAMS 0x0000000089300000, 0x0000000089300000| Untracked 
|  94|0x0000000089400000, 0x0000000089400000, 0x0000000089500000|  0%| F|  |TAMS 0x0000000089400000, 0x0000000089400000| Untracked 
|  95|0x0000000089500000, 0x0000000089500000, 0x0000000089600000|  0%| F|  |TAMS 0x0000000089500000, 0x0000000089500000| Untracked 
|  96|0x0000000089600000, 0x0000000089600000, 0x0000000089700000|  0%| F|  |TAMS 0x0000000089600000, 0x0000000089600000| Untracked 
|  97|0x0000000089700000, 0x0000000089700000, 0x0000000089800000|  0%| F|  |TAMS 0x0000000089700000, 0x0000000089700000| Untracked 
|  98|0x0000000089800000, 0x0000000089800000, 0x0000000089900000|  0%| F|  |TAMS 0x0000000089800000, 0x0000000089800000| Untracked 
|  99|0x0000000089900000, 0x0000000089a00000, 0x0000000089a00000|100%| S|CS|TAMS 0x0000000089900000, 0x0000000089900000| Complete 
| 100|0x0000000089a00000, 0x0000000089b00000, 0x0000000089b00000|100%| S|CS|TAMS 0x0000000089a00000, 0x0000000089a00000| Complete 
| 101|0x0000000089b00000, 0x0000000089c00000, 0x0000000089c00000|100%| S|CS|TAMS 0x0000000089b00000, 0x0000000089b00000| Complete 
| 102|0x0000000089c00000, 0x0000000089c00000, 0x0000000089d00000|  0%| F|  |TAMS 0x0000000089c00000, 0x0000000089c00000| Untracked 
| 103|0x0000000089d00000, 0x0000000089d00000, 0x0000000089e00000|  0%| F|  |TAMS 0x0000000089d00000, 0x0000000089d00000| Untracked 
| 104|0x0000000089e00000, 0x0000000089e00000, 0x0000000089f00000|  0%| F|  |TAMS 0x0000000089e00000, 0x0000000089e00000| Untracked 
| 105|0x0000000089f00000, 0x0000000089f00000, 0x000000008a000000|  0%| F|  |TAMS 0x0000000089f00000, 0x0000000089f00000| Untracked 
| 106|0x000000008a000000, 0x000000008a000000, 0x000000008a100000|  0%| F|  |TAMS 0x000000008a000000, 0x000000008a000000| Untracked 
| 107|0x000000008a100000, 0x000000008a100000, 0x000000008a200000|  0%| F|  |TAMS 0x000000008a100000, 0x000000008a100000| Untracked 
| 108|0x000000008a200000, 0x000000008a200000, 0x000000008a300000|  0%| F|  |TAMS 0x000000008a200000, 0x000000008a200000| Untracked 
| 109|0x000000008a300000, 0x000000008a300000, 0x000000008a400000|  0%| F|  |TAMS 0x000000008a300000, 0x000000008a300000| Untracked 
| 110|0x000000008a400000, 0x000000008a400000, 0x000000008a500000|  0%| F|  |TAMS 0x000000008a400000, 0x000000008a400000| Untracked 
| 111|0x000000008a500000, 0x000000008a500000, 0x000000008a600000|  0%| F|  |TAMS 0x000000008a500000, 0x000000008a500000| Untracked 
| 112|0x000000008a600000, 0x000000008a600000, 0x000000008a700000|  0%| F|  |TAMS 0x000000008a600000, 0x000000008a600000| Untracked 
| 113|0x000000008a700000, 0x000000008a700000, 0x000000008a800000|  0%| F|  |TAMS 0x000000008a700000, 0x000000008a700000| Untracked 
| 114|0x000000008a800000, 0x000000008a880800, 0x000000008a900000| 50%| E|  |TAMS 0x000000008a800000, 0x000000008a800000| Complete 
| 115|0x000000008a900000, 0x000000008aa00000, 0x000000008aa00000|100%| E|CS|TAMS 0x000000008a900000, 0x000000008a900000| Complete 
| 116|0x000000008aa00000, 0x000000008ab00000, 0x000000008ab00000|100%| E|CS|TAMS 0x000000008aa00000, 0x000000008aa00000| Complete 
| 117|0x000000008ab00000, 0x000000008ac00000, 0x000000008ac00000|100%| E|CS|TAMS 0x000000008ab00000, 0x000000008ab00000| Complete 
| 118|0x000000008ac00000, 0x000000008ad00000, 0x000000008ad00000|100%| E|CS|TAMS 0x000000008ac00000, 0x000000008ac00000| Complete 
| 119|0x000000008ad00000, 0x000000008ae00000, 0x000000008ae00000|100%| E|CS|TAMS 0x000000008ad00000, 0x000000008ad00000| Complete 
| 120|0x000000008ae00000, 0x000000008af00000, 0x000000008af00000|100%| E|CS|TAMS 0x000000008ae00000, 0x000000008ae00000| Complete 
| 121|0x000000008af00000, 0x000000008b000000, 0x000000008b000000|100%| E|CS|TAMS 0x000000008af00000, 0x000000008af00000| Complete 
| 122|0x000000008b000000, 0x000000008b100000, 0x000000008b100000|100%| E|CS|TAMS 0x000000008b000000, 0x000000008b000000| Complete 
| 123|0x000000008b100000, 0x000000008b200000, 0x000000008b200000|100%| E|CS|TAMS 0x000000008b100000, 0x000000008b100000| Complete 
| 124|0x000000008b200000, 0x000000008b300000, 0x000000008b300000|100%| E|CS|TAMS 0x000000008b200000, 0x000000008b200000| Complete 
| 125|0x000000008b300000, 0x000000008b400000, 0x000000008b400000|100%| E|CS|TAMS 0x000000008b300000, 0x000000008b300000| Complete 

Card table byte_map: [0x000002207f790000,0x000002207fb80000] _byte_map_base: 0x000002207f375000

Marking Bits (Prev, Next): (CMBitMap*) 0x000002207b5bf328, (CMBitMap*) 0x000002207b5bf360
 Prev Bits: [0x000002200f000000, 0x0000022010f28000)
 Next Bits: [0x0000022010f30000, 0x0000022012e58000)

Polling page: 0x00000220793f0000

Metaspace:

Usage:
  Non-class:     13.49 MB capacity,    13.35 MB ( 99%) used,   118.02 KB ( <1%) free+waste,    21.06 KB ( <1%) overhead. 
      Class:      1.79 MB capacity,     1.68 MB ( 94%) used,   107.54 KB (  6%) free+waste,    10.25 KB ( <1%) overhead. 
       Both:     15.28 MB capacity,    15.03 MB ( 98%) used,   225.55 KB (  1%) free+waste,    31.31 KB ( <1%) overhead. 

Virtual space:
  Non-class space:       14.00 MB reserved,      13.50 MB ( 96%) committed 
      Class space:        1.00 GB reserved,       1.88 MB ( <1%) committed 
             Both:        1.01 GB reserved,      15.38 MB (  1%) committed 

Chunk freelists:
   Non-Class:  11.00 KB
       Class:  21.00 KB
        Both:  32.00 KB

MaxMetaspaceSize: 17179869184.00 GB
CompressedClassSpaceSize: 1.00 GB

CodeHeap 'non-profiled nmethods': size=120000Kb used=400Kb max_used=400Kb free=119600Kb
 bounds [0x0000022007ad0000, 0x0000022007d40000, 0x000002200f000000]
CodeHeap 'profiled nmethods': size=120000Kb used=2481Kb max_used=2481Kb free=117519Kb
 bounds [0x00000220005a0000, 0x0000022000810000, 0x0000022007ad0000]
CodeHeap 'non-nmethods': size=5760Kb used=1117Kb max_used=1135Kb free=4642Kb
 bounds [0x0000022000000000, 0x0000022000270000, 0x00000220005a0000]
 total_blobs=1749 nmethods=1320 adapters=341
 compilation: enabled
              stopped_count=0, restarted_count=0
 full_count=0

Compilation events (20 events):
Event: 37.445 Thread 0x000002201611a800 nmethod 1307 0x0000022000806390 code [0x0000022000806560, 0x0000022000806768]
Event: 37.445 Thread 0x000002201611a800 1308       3       org.gradle.internal.logging.text.AbstractLineChoppingStyledTextOutput$2::execute (73 bytes)
Event: 37.446 Thread 0x000002201611a800 nmethod 1308 0x0000022000806810 code [0x0000022000806aa0, 0x00000220008074f8]
Event: 37.446 Thread 0x000002201611a800 1309       3       org.gradle.internal.logging.text.AbstractLineChoppingStyledTextOutput::access$900 (4 bytes)
Event: 37.446 Thread 0x000002201611a800 nmethod 1309 0x0000022000807910 code [0x0000022000807ac0, 0x0000022000807bb8]
Event: 37.446 Thread 0x000002201611a800 1310       3       org.gradle.internal.logging.text.AbstractLineChoppingStyledTextOutput$StateContext::next (11 bytes)
Event: 37.447 Thread 0x000002201611a800 nmethod 1310 0x0000022000807c90 code [0x0000022000807e40, 0x0000022000807f38]
Event: 37.460 Thread 0x000002201611a800 1312       3       org.gradle.internal.serialize.kryo.KryoBackedDecoder::readString (5 bytes)
Event: 37.461 Thread 0x000002201611a800 nmethod 1312 0x0000022000808010 code [0x0000022000808240, 0x0000022000808848]
Event: 37.461 Thread 0x000002201611a800 1313   !   3       org.gradle.internal.serialize.kryo.KryoBackedDecoder::readNullableString (15 bytes)
Event: 37.462 Thread 0x000002201611a800 nmethod 1313 0x0000022000808a90 code [0x0000022000808ca0, 0x0000022000809228]
Event: 37.462 Thread 0x000002201611a800 1314       3       com.esotericsoftware.kryo.io.Input::readString (127 bytes)
Event: 37.463 Thread 0x000002201611a800 nmethod 1314 0x0000022000809490 code [0x00000220008096e0, 0x0000022000809da8]
Event: 37.463 Thread 0x000002201611a800 1315       3       java.nio.Buffer::remaining (20 bytes)
Event: 37.463 Thread 0x000002201611a800 nmethod 1315 0x000002200080a090 code [0x000002200080a240, 0x000002200080a398]
Event: 37.475 Thread 0x000002201611a800 1316       3       org.gradle.internal.io.BufferCaster::cast (2 bytes)
Event: 37.476 Thread 0x000002201611a800 nmethod 1316 0x000002200080a410 code [0x000002200080a5c0, 0x000002200080a698]
Event: 37.476 Thread 0x000002201611a800 1317   !   3       sun.nio.ch.SelectorImpl::processDeregisterQueue (181 bytes)
Event: 37.477 Thread 0x000002201611a800 nmethod 1317 0x000002200080a710 code [0x000002200080aa00, 0x000002200080bd28]
Event: 37.477 Thread 0x000002201611a800 1318       3       org.gradle.internal.dispatch.ProxyDispatchAdapter$DispatchingInvocationHandler::invoke (184 bytes)

GC Heap History (2 events):
Event: 2.453 GC heap before
{Heap before GC invocations=0 (full 0):
 garbage-first heap   total 129024K, used 28672K [0x0000000083600000, 0x0000000100000000)
  region size 1024K, 24 young (24576K), 0 survivors (0K)
 Metaspace       used 12558K, capacity 12822K, committed 13056K, reserved 1060864K
  class space    used 1400K, capacity 1486K, committed 1536K, reserved 1048576K
}
Event: 2.521 GC heap after
{Heap after GC invocations=1 (full 0):
 garbage-first heap   total 129024K, used 8000K [0x0000000083600000, 0x0000000100000000)
  region size 1024K, 3 young (3072K), 3 survivors (3072K)
 Metaspace       used 12558K, capacity 12822K, committed 13056K, reserved 1060864K
  class space    used 1400K, capacity 1486K, committed 1536K, reserved 1048576K
}

Deoptimization events (20 events):
Event: 4.405 Thread 0x0000022016d82000 Uncommon trap: trap_request=0xffffffde fr.pc=0x0000022007b1805c relative=0x00000000000007bc
Event: 4.405 Thread 0x0000022016d82000 Uncommon trap: reason=class_check action=maybe_recompile pc=0x0000022007b1805c method=java.util.HashMap.putVal(ILjava/lang/Object;Ljava/lang/Object;ZZ)Ljava/lang/Object; @ 203 c2
Event: 4.405 Thread 0x0000022016d82000 DEOPT PACKING pc=0x0000022007b1805c sp=0x000000e840cfeb40
Event: 4.405 Thread 0x0000022016d82000 DEOPT UNPACKING pc=0x00000220000083af sp=0x000000e840cfea50 mode 2
Event: 4.420 Thread 0x0000022016d82000 Uncommon trap: trap_request=0xffffff4d fr.pc=0x0000022007afc244 relative=0x0000000000000484
Event: 4.420 Thread 0x0000022016d82000 Uncommon trap: reason=unstable_if action=reinterpret pc=0x0000022007afc244 method=java.lang.AbstractStringBuilder.putStringAt(ILjava/lang/String;)V @ 8 c2
Event: 4.420 Thread 0x0000022016d82000 DEOPT PACKING pc=0x0000022007afc244 sp=0x000000e840cff1c0
Event: 4.420 Thread 0x0000022016d82000 DEOPT UNPACKING pc=0x00000220000083af sp=0x000000e840cff0c8 mode 2
Event: 4.420 Thread 0x0000022016d82000 Uncommon trap: trap_request=0xffffff4d fr.pc=0x0000022007b0d928 relative=0x0000000000000468
Event: 4.420 Thread 0x0000022016d82000 Uncommon trap: reason=unstable_if action=reinterpret pc=0x0000022007b0d928 method=java.lang.AbstractStringBuilder.putStringAt(ILjava/lang/String;)V @ 8 c2
Event: 4.420 Thread 0x0000022016d82000 DEOPT PACKING pc=0x0000022007b0d928 sp=0x000000e840cff150
Event: 4.420 Thread 0x0000022016d82000 DEOPT UNPACKING pc=0x00000220000083af sp=0x000000e840cff0c0 mode 2
Event: 4.420 Thread 0x0000022016d82000 Uncommon trap: trap_request=0xffffff4d fr.pc=0x0000022007b0796c relative=0x00000000000000cc
Event: 4.420 Thread 0x0000022016d82000 Uncommon trap: reason=unstable_if action=reinterpret pc=0x0000022007b0796c method=java.lang.String.getBytes([BIB)V @ 5 c2
Event: 4.420 Thread 0x0000022016d82000 DEOPT PACKING pc=0x0000022007b0796c sp=0x000000e840cff070
Event: 4.420 Thread 0x0000022016d82000 DEOPT UNPACKING pc=0x00000220000083af sp=0x000000e840cff038 mode 2
Event: 11.472 Thread 0x000002201707e000 Uncommon trap: trap_request=0xffffff4d fr.pc=0x0000022007b1a4b4 relative=0x0000000000000df4
Event: 11.472 Thread 0x000002201707e000 Uncommon trap: reason=unstable_if action=reinterpret pc=0x0000022007b1a4b4 method=java.util.concurrent.ConcurrentHashMap.putVal(Ljava/lang/Object;Ljava/lang/Object;Z)Ljava/lang/Object; @ 97 c2
Event: 11.472 Thread 0x000002201707e000 DEOPT PACKING pc=0x0000022007b1a4b4 sp=0x000000e840dfe340
Event: 11.472 Thread 0x000002201707e000 DEOPT UNPACKING pc=0x00000220000083af sp=0x000000e840dfe2d8 mode 2

Classes redefined (0 events):
No events

Internal exceptions (13 events):
Event: 0.511 Thread 0x000002207b581800 Exception <a 'java/lang/NoSuchMethodError'{0x000000008b29dea8}: 'int java.lang.invoke.DirectMethodHandle$Holder.invokeSpecialIFC(java.lang.Object, java.lang.Object, int)'> (0x000000008b29dea8) thrown at [./src/hotspot/share/interpreter/linkResolver.cpp, line 773]
Event: 1.804 Thread 0x000002207b581800 Exception <a 'java/lang/NoSuchMethodError'{0x000000008a360848}: 'java.lang.Object java.lang.invoke.DirectMethodHandle$Holder.invokeVirtual(java.lang.Object, java.lang.Object, java.lang.Object, java.lang.Object, java.lang.Object)'> (0x000000008a360848) thrown at [./src/hotspot/share/interpreter/linkResolver.cpp, line 773]
Event: 1.952 Thread 0x000002207b581800 Exception <a 'java/lang/NoClassDefFoundError'{0x000000008a119da8}: org/slf4j/impl/StaticMarkerBinder> (0x000000008a119da8) thrown at [./src/hotspot/share/classfile/systemDictionary.cpp, line 220]
Event: 2.234 Thread 0x000002207b581800 Exception <a 'java/lang/NoSuchMethodError'{0x0000000089e35690}: 'java.lang.Object java.lang.invoke.DirectMethodHandle$Holder.invokeStaticInit(java.lang.Object, java.lang.Object, java.lang.Object)'> (0x0000000089e35690) thrown at [./src/hotspot/share/interpreter/linkResolver.cpp, line 773]
Event: 2.364 Thread 0x000002207b581800 Exception <a 'java/lang/NoSuchMethodError'{0x0000000089de5f48}: 'java.lang.Object java.lang.invoke.Invokers$Holder.invoker(java.lang.Object, java.lang.Object, java.lang.Object, java.lang.Object, java.lang.Object)'> (0x0000000089de5f48) thrown at [./src/hotspot/share/interpreter/linkResolver.cpp, line 773]
Event: 2.371 Thread 0x000002207b581800 Exception <a 'java/lang/NoSuchMethodError'{0x0000000089df6f68}: 'void java.lang.invoke.DelegatingMethodHandle$Holder.delegate(java.lang.Object, java.lang.Object, int, java.lang.Object)'> (0x0000000089df6f68) thrown at [./src/hotspot/share/interpreter/linkResolver.cpp, line 773]
Event: 2.644 Thread 0x000002207b581800 Exception <a 'java/lang/NoSuchMethodError'{0x000000008b17c1a0}: 'java.lang.Object java.lang.invoke.DirectMethodHandle$Holder.invokeStaticInit(java.lang.Object, int, int, int, int)'> (0x000000008b17c1a0) thrown at [./src/hotspot/share/interpreter/linkResolver.cpp, line 773]
Event: 3.368 Thread 0x000002207b581800 Exception <a 'java/lang/NoSuchMethodError'{0x000000008b000208}: 'java.lang.Object java.lang.invoke.DirectMethodHandle$Holder.invokeStaticInit(java.lang.Object, java.lang.Object, int, int, int, int)'> (0x000000008b000208) thrown at [./src/hotspot/share/interpreter/linkResolver.cpp, line 773]
Event: 4.380 Thread 0x0000022016d82000 Exception <a 'java/lang/NoSuchMethodError'{0x000000008aba11b0}: 'void java.lang.invoke.DirectMethodHandle$Holder.invokeStatic(java.lang.Object, long)'> (0x000000008aba11b0) thrown at [./src/hotspot/share/interpreter/linkResolver.cpp, line 773]
Event: 4.381 Thread 0x0000022016d82000 Exception <a 'java/lang/NoSuchMethodError'{0x000000008aba6400}: 'java.lang.Object java.lang.invoke.DirectMethodHandle$Holder.invokeStatic(java.lang.Object, long)'> (0x000000008aba6400) thrown at [./src/hotspot/share/interpreter/linkResolver.cpp, line 773]
Event: 4.390 Thread 0x0000022016d82000 Exception <a 'java/lang/NoSuchMethodError'{0x000000008abb44a0}: 'java.lang.Object java.lang.invoke.DirectMethodHandle$Holder.invokeStaticInit(java.lang.Object, java.lang.Object, long, java.lang.Object)'> (0x000000008abb44a0) thrown at [./src/hotspot/share/interpreter/linkResolver.cpp, line 773]
Event: 4.391 Thread 0x0000022016d82000 Exception <a 'java/lang/NoSuchMethodError'{0x000000008abba3c8}: 'java.lang.Object java.lang.invoke.DirectMethodHandle$Holder.invokeStatic(java.lang.Object, java.lang.Object, long)'> (0x000000008abba3c8) thrown at [./src/hotspot/share/interpreter/linkResolver.cpp, line 773]
Event: 4.392 Thread 0x0000022016d82000 Exception <a 'java/lang/NoSuchMethodError'{0x000000008abc0698}: 'java.lang.Object java.lang.invoke.Invokers$Holder.linkToTargetMethod(java.lang.Object, long, java.lang.Object)'> (0x000000008abc0698) thrown at [./src/hotspot/share/interpreter/linkResolver.cpp, line 773]

Events (20 events):
Event: 18.954 loading class jdk/internal/reflect/ClassFileAssembler
Event: 18.955 loading class jdk/internal/reflect/ClassFileAssembler done
Event: 18.955 loading class jdk/internal/reflect/UTF8
Event: 18.955 loading class jdk/internal/reflect/UTF8 done
Event: 18.956 loading class jdk/internal/reflect/Label
Event: 18.957 loading class jdk/internal/reflect/Label done
Event: 18.957 loading class jdk/internal/reflect/Label$PatchInfo
Event: 18.957 loading class jdk/internal/reflect/Label$PatchInfo done
Event: 18.957 loading class jdk/internal/reflect/MethodAccessorGenerator$1
Event: 18.957 loading class jdk/internal/reflect/MethodAccessorGenerator$1 done
Event: 18.957 loading class jdk/internal/reflect/ClassDefiner
Event: 18.957 loading class jdk/internal/reflect/ClassDefiner done
Event: 18.957 loading class jdk/internal/reflect/ClassDefiner$1
Event: 18.958 loading class jdk/internal/reflect/ClassDefiner$1 done
Event: 37.111 loading class org/gradle/internal/logging/events/StyledTextOutputEvent$Span
Event: 37.111 loading class org/gradle/internal/logging/events/StyledTextOutputEvent$Span done
Event: 37.158 loading class org/gradle/internal/logging/events/operations/StyledTextBuildOperationProgressDetails$Span
Event: 37.158 loading class org/gradle/internal/logging/events/operations/StyledTextBuildOperationProgressDetails$Span done
Event: 37.244 loading class org/gradle/internal/logging/text/AbstractLineChoppingStyledTextOutput$StateContext
Event: 37.244 loading class org/gradle/internal/logging/text/AbstractLineChoppingStyledTextOutput$StateContext done


Dynamic libraries:
0x00007ff6fc160000 - 0x00007ff6fc16a000 	C:\Program Files\Android\Android Studio\jre\bin\java.exe
0x00007ffc639d0000 - 0x00007ffc63bc5000 	C:\WINDOWS\SYSTEM32\ntdll.dll
0x00007ffc2d180000 - 0x00007ffc2d195000 	C:\Program Files\Avast Software\Avast\aswhook.dll
0x00007ffc61a30000 - 0x00007ffc61aed000 	C:\WINDOWS\System32\KERNEL32.DLL
0x00007ffc614e0000 - 0x00007ffc617a9000 	C:\WINDOWS\System32\KERNELBASE.dll
0x00007ffc61930000 - 0x00007ffc61a30000 	C:\WINDOWS\System32\ucrtbase.dll
0x00007ffc3e220000 - 0x00007ffc3e239000 	C:\Program Files\Android\Android Studio\jre\bin\jli.dll
0x00007ffc3c2f0000 - 0x00007ffc3c307000 	C:\Program Files\Android\Android Studio\jre\bin\VCRUNTIME140.dll
0x00007ffc62b00000 - 0x00007ffc62ca0000 	C:\WINDOWS\System32\USER32.dll
0x00007ffc61370000 - 0x00007ffc61392000 	C:\WINDOWS\System32\win32u.dll
0x00007ffc63960000 - 0x00007ffc6398a000 	C:\WINDOWS\System32\GDI32.dll
0x00007ffc61260000 - 0x00007ffc6136b000 	C:\WINDOWS\System32\gdi32full.dll
0x00007ffc61830000 - 0x00007ffc618cd000 	C:\WINDOWS\System32\msvcp_win.dll
0x00007ffc39e40000 - 0x00007ffc3a0da000 	C:\WINDOWS\WinSxS\amd64_microsoft.windows.common-controls_6595b64144ccf1df_6.0.19041.1110_none_60b5254171f9507e\COMCTL32.dll
0x00007ffc628c0000 - 0x00007ffc6295e000 	C:\WINDOWS\System32\msvcrt.dll
0x00007ffc63400000 - 0x00007ffc63430000 	C:\WINDOWS\System32\IMM32.DLL
0x00007ffc1cd30000 - 0x00007ffc1cdcd000 	C:\Program Files\Android\Android Studio\jre\bin\msvcp140.dll
0x00007ffbe0230000 - 0x00007ffbe0cff000 	C:\Program Files\Android\Android Studio\jre\bin\server\jvm.dll
0x00007ffc62410000 - 0x00007ffc624bc000 	C:\WINDOWS\System32\ADVAPI32.dll
0x00007ffc63660000 - 0x00007ffc636fb000 	C:\WINDOWS\System32\sechost.dll
0x00007ffc622e0000 - 0x00007ffc6240a000 	C:\WINDOWS\System32\RPCRT4.dll
0x00007ffc622d0000 - 0x00007ffc622d8000 	C:\WINDOWS\System32\PSAPI.DLL
0x00007ffc60c30000 - 0x00007ffc60c3a000 	C:\WINDOWS\SYSTEM32\VERSION.dll
0x00007ffc3bf10000 - 0x00007ffc3bf37000 	C:\WINDOWS\SYSTEM32\WINMM.dll
0x00007ffc47650000 - 0x00007ffc47659000 	C:\WINDOWS\SYSTEM32\WSOCK32.dll
0x00007ffc62530000 - 0x00007ffc6259b000 	C:\WINDOWS\System32\WS2_32.dll
0x00007ffc5f920000 - 0x00007ffc5f932000 	C:\WINDOWS\SYSTEM32\kernel.appcore.dll
0x00007ffc39a80000 - 0x00007ffc39a91000 	C:\Program Files\Android\Android Studio\jre\bin\verify.dll
0x00007ffc5f5b0000 - 0x00007ffc5f794000 	C:\WINDOWS\SYSTEM32\DBGHELP.DLL
0x00007ffc49b10000 - 0x00007ffc49b3c000 	C:\WINDOWS\SYSTEM32\dbgcore.DLL
0x00007ffc61450000 - 0x00007ffc614d3000 	C:\WINDOWS\System32\bcryptPrimitives.dll
0x00007ffc33f20000 - 0x00007ffc33f49000 	C:\Program Files\Android\Android Studio\jre\bin\java.dll
0x00007ffc3e1a0000 - 0x00007ffc3e1ab000 	C:\Program Files\Android\Android Studio\jre\bin\jimage.dll
0x00007ffc340b0000 - 0x00007ffc340c8000 	C:\Program Files\Android\Android Studio\jre\bin\zip.dll
0x00007ffc62cc0000 - 0x00007ffc633ff000 	C:\WINDOWS\System32\SHELL32.dll
0x00007ffc5ed00000 - 0x00007ffc5f490000 	C:\WINDOWS\SYSTEM32\windows.storage.dll
0x00007ffc61af0000 - 0x00007ffc61e45000 	C:\WINDOWS\System32\combase.dll
0x00007ffc60a80000 - 0x00007ffc60aac000 	C:\WINDOWS\SYSTEM32\Wldp.dll
0x00007ffc62810000 - 0x00007ffc628be000 	C:\WINDOWS\System32\SHCORE.dll
0x00007ffc63820000 - 0x00007ffc63875000 	C:\WINDOWS\System32\shlwapi.dll
0x00007ffc61040000 - 0x00007ffc6105f000 	C:\WINDOWS\SYSTEM32\profapi.dll
0x00007ffc308e0000 - 0x00007ffc308fa000 	C:\Program Files\Android\Android Studio\jre\bin\net.dll
0x00007ffc5b900000 - 0x00007ffc5ba08000 	C:\WINDOWS\SYSTEM32\WINHTTP.dll
0x00007ffc607e0000 - 0x00007ffc6084a000 	C:\WINDOWS\system32\mswsock.dll
0x00007ffc300d0000 - 0x00007ffc300e4000 	C:\Program Files\Android\Android Studio\jre\bin\nio.dll
0x00007ffc2dd70000 - 0x00007ffc2dd96000 	C:\Users\SAMUELLA M. AGLAGO\.gradle\native\29\windows-amd64\native-platform.dll
0x00007ffc3bf90000 - 0x00007ffc3bf9a000 	C:\Program Files\Android\Android Studio\jre\bin\management.dll
0x00007ffc34980000 - 0x00007ffc3498c000 	C:\Program Files\Android\Android Studio\jre\bin\management_ext.dll
0x00007ffc609d0000 - 0x00007ffc609e8000 	C:\WINDOWS\SYSTEM32\CRYPTSP.dll
0x00007ffc60100000 - 0x00007ffc60134000 	C:\WINDOWS\system32\rsaenh.dll
0x00007ffc61800000 - 0x00007ffc61827000 	C:\WINDOWS\System32\bcrypt.dll
0x00007ffc60fc0000 - 0x00007ffc60fee000 	C:\WINDOWS\SYSTEM32\USERENV.dll
0x00007ffc609f0000 - 0x00007ffc609fc000 	C:\WINDOWS\SYSTEM32\CRYPTBASE.dll
0x00007ffc604d0000 - 0x00007ffc6050b000 	C:\WINDOWS\SYSTEM32\IPHLPAPI.DLL
0x00007ffc624c0000 - 0x00007ffc624c8000 	C:\WINDOWS\System32\NSI.dll
0x00007ffc54e30000 - 0x00007ffc54e47000 	C:\WINDOWS\SYSTEM32\dhcpcsvc6.DLL
0x00007ffc55140000 - 0x00007ffc5515d000 	C:\WINDOWS\SYSTEM32\dhcpcsvc.DLL
0x00007ffc60510000 - 0x00007ffc605dc000 	C:\WINDOWS\SYSTEM32\DNSAPI.dll

dbghelp: loaded successfully - version: 4.0.5 - missing functions: none
symbol engine: initialized successfully - sym options: 0x614 - pdb path: .;C:\Program Files\Android\Android Studio\jre\bin;C:\WINDOWS\SYSTEM32;C:\Program Files\Avast Software\Avast;C:\WINDOWS\WinSxS\amd64_microsoft.windows.common-controls_6595b64144ccf1df_6.0.19041.1110_none_60b5254171f9507e;C:\Program Files\Android\Android Studio\jre\bin\server;C:\Users\SAMUELLA M. AGLAGO\.gradle\native\29\windows-amd64

VM Arguments:
jvm_args: -Dorg.gradle.appname=gradlew 
java_command: org.gradle.wrapper.GradleWrapperMain -q -Ptarget-platform=android-x86 -Ptarget=D:\Android\PROJECTS\bmi-calculator-flutter\lib\main.dart -Pdart-defines=Zmx1dHRlci5pbnNwZWN0b3Iuc3RydWN0dXJlZEVycm9ycz10cnVl,RkxVVFRFUl9XRUJfQVVUT19ERVRFQ1Q9dHJ1ZQ== -Pdart-obfuscation=false -Ptrack-widget-creation=true -Ptree-shake-icons=false -Pfilesystem-scheme=org-dartlang-root assembleDebug
java_class_path (initial): D:\Android\PROJECTS\bmi-calculator-flutter\android\\gradle\wrapper\gradle-wrapper.jar
Launcher Type: SUN_STANDARD

[Global flags]
     intx CICompilerCount                          = 4                                         {product} {ergonomic}
     uint ConcGCThreads                            = 2                                         {product} {ergonomic}
     uint G1ConcRefinementThreads                  = 8                                         {product} {ergonomic}
   size_t G1HeapRegionSize                         = 1048576                                   {product} {ergonomic}
    uintx GCDrainStackTargetSize                   = 64                                        {product} {ergonomic}
   size_t InitialHeapSize                          = 132120576                                 {product} {ergonomic}
   size_t MarkStackSize                            = 4194304                                   {product} {ergonomic}
   size_t MaxHeapSize                              = 2090860544                                {product} {ergonomic}
   size_t MaxNewSize                               = 1254096896                                {product} {ergonomic}
   size_t MinHeapDeltaBytes                        = 1048576                                   {product} {ergonomic}
    uintx NonNMethodCodeHeapSize                   = 5836300                                {pd product} {ergonomic}
    uintx NonProfiledCodeHeapSize                  = 122910970                              {pd product} {ergonomic}
    uintx ProfiledCodeHeapSize                     = 122910970                              {pd product} {ergonomic}
    uintx ReservedCodeCacheSize                    = 251658240                              {pd product} {ergonomic}
     bool SegmentedCodeCache                       = true                                      {product} {ergonomic}
     bool UseCompressedClassPointers               = true                                 {lp64_product} {ergonomic}
     bool UseCompressedOops                        = true                                 {lp64_product} {ergonomic}
     bool UseG1GC                                  = true                                      {product} {ergonomic}
     bool UseLargePagesIndividualAllocation        = false                                  {pd product} {ergonomic}

Logging:
Log output configuration:
 #0: stdout all=warning uptime,level,tags
 #1: stderr all=off uptime,level,tags

Environment Variables:
JAVA_HOME=C:\Program Files\Android\Android Studio\jre
CLASSPATH=D:\Android\PROJECTS\bmi-calculator-flutter\android\\gradle\wrapper\gradle-wrapper.jar
PATH=C:\Program Files\Common Files\Oracle\Java\javapath;C:\WINDOWS\system32;C:\WINDOWS;C:\WINDOWS\System32\Wbem;C:\WINDOWS\System32\WindowsPowerShell\v1.0\;C:\WINDOWS\System32\OpenSSH\;C:\Program Files (x86)\nodejs\;C:\Program Files\Git\cmd;C:\HashiCorp\Vagrant\bin;D:\Android\FLUTTER_FILES\flutter\bin;C:\Users\SAMUELLA M. AGLAGO\AppData\Local\Microsoft\WindowsApps;C:\Users\SAMUELLA M. AGLAGO\AppData\Roaming\npm;C:\Users\SAMUELLA M. AGLAGO\AppData\Local\Programs\Microsoft VS Code\bin;C:\Users\SAMUELLA M. AGLAGO\AppData\Local\Programs\MiKTeX\miktex\bin\x64\;C:\Users\SAMUELLA M. AGLAGO\Desktop\miktex\miktex\bin\x64\;;D:\Android\FLUTTER_FILES\flutter\bin\mingit\cmd
USERNAME=SAMUELLA M. AGLAGO
OS=Windows_NT
PROCESSOR_IDENTIFIER=Intel64 Family 6 Model 126 Stepping 5, GenuineIntel



---------------  S Y S T E M  ---------------

OS: Windows 10 , 64 bit Build 19041 (10.0.19041.1151)
OS uptime: 2 days 5:58 hours

CPU:total 8 (initial active 8) (4 cores per cpu, 2 threads per core) family 6 model 126 stepping 5 microcode 0xa0, cmov, cx8, fxsr, mmx, sse, sse2, sse3, ssse3, sse4.1, sse4.2, popcnt, avx, avx2, aes, clmul, erms, 3dnowpref, lzcnt, ht, tsc, tscinvbit, bmi1, bmi2, adx, evex, sha, fma

Memory: 4k page, system-wide physical 7973M (713M free)
TotalPageFile size 31910M (AvailPageFile size 333M)
current process WorkingSet (physical memory assigned to process): 36M, peak: 90M
current process commit charge ("private bytes"): 223M, peak: 224M

vm_info: OpenJDK 64-Bit Server VM (11.0.10+0-b96-7249189) for windows-amd64 JRE (11.0.10+0-b96-7249189), built on Mar 31 2021 21:44:00 by "builder" with MS VC++ 14.0 (VS2015)

END.
