#
# There is insufficient memory for the Java Runtime Environment to continue.
# Native memory allocation (malloc) failed to allocate 122256 bytes for Chunk::new
# Possible reasons:
#   The system is out of physical RAM or swap space
#   The process is running with CompressedOops enabled, and the Java Heap may be blocking the growth of the native heap
# Possible solutions:
#   Reduce memory load on the system
#   Increase physical memory or swap space
#   Check if swap backing store is full
#   Decrease Java heap size (-Xmx/-Xms)
#   Decrease number of Java threads
#   Decrease Java thread stack sizes (-Xss)
#   Set larger code cache with -XX:ReservedCodeCacheSize=
#   JVM is running with Unscaled Compressed Oops mode in which the Java heap is
#     placed in the first 4GB address space. The Java Heap base address is the
#     maximum limit for the native heap growth. Please use -XX:HeapBaseMinAddress
#     to set the Java Heap base and to place the Java Heap above 4GB virtual address.
# This output file may be truncated or incomplete.
#
#  Out of Memory Error (./src/hotspot/share/memory/arena.cpp:197), pid=21144, tid=26280
#
# JRE version: OpenJDK Runtime Environment (11.0.10) (build 11.0.10+0-b96-7249189)
# Java VM: OpenJDK 64-Bit Server VM (11.0.10+0-b96-7249189, mixed mode, tiered, compressed oops, g1 gc, windows-amd64)
# No core dump will be written. Minidumps are not enabled by default on client versions of Windows
#

---------------  S U M M A R Y ------------

Command Line: --add-opens=java.base/java.util=ALL-UNNAMED --add-opens=java.base/java.lang=ALL-UNNAMED --add-opens=java.base/java.lang.invoke=ALL-UNNAMED --add-opens=java.prefs/java.util.prefs=ALL-UNNAMED -Xmx1536M -Dfile.encoding=windows-1252 -Duser.country=US -Duser.language=en -Duser.variant org.gradle.launcher.daemon.bootstrap.GradleDaemon 5.4.1

Host: Intel(R) Core(TM) i5-1035G1 CPU @ 1.00GHz, 8 cores, 7G,  Windows 10 , 64 bit Build 19041 (10.0.19041.1151)
Time: Sun Aug 22 22:19:29 2021 Greenwich Standard Time elapsed time: 31.112350 seconds (0d 0h 0m 31s)

---------------  T H R E A D  ---------------

Current thread (0x0000020e55fae800):  JavaThread "C2 CompilerThread0" daemon [_thread_in_native, id=26280, stack(0x000000b9ee000000,0x000000b9ee100000)]


Current CompileTask:
C2:  31112 7228 %     4       sun.nio.cs.SingleByte$Decoder::decodeArrayLoop @ 88 (154 bytes)

Stack: [0x000000b9ee000000,0x000000b9ee100000]
Native frames: (J=compiled Java code, j=interpreted, Vv=VM code, C=native code)
V  [jvm.dll+0x5ecfaa]
V  [jvm.dll+0x722bd5]
V  [jvm.dll+0x72412d]
V  [jvm.dll+0x7247e3]
V  [jvm.dll+0x242928]
V  [jvm.dll+0xbc4fc]
V  [jvm.dll+0xbca0c]
V  [jvm.dll+0x352d7d]
V  [jvm.dll+0x320ad3]
V  [jvm.dll+0x31ffca]
V  [jvm.dll+0x1fb602]
V  [jvm.dll+0x1fa7f4]
V  [jvm.dll+0x18354c]
V  [jvm.dll+0x208ee7]
V  [jvm.dll+0x207731]
V  [jvm.dll+0x6eb1cf]
V  [jvm.dll+0x6e3d45]
V  [jvm.dll+0x5ebe96]
C  [ucrtbase.dll+0x21bb2]
C  [KERNEL32.DLL+0x17034]
C  [ntdll.dll+0x52651]


---------------  P R O C E S S  ---------------

Threads class SMR info:
_java_thread_list=0x0000020e5aa008a0, length=51, elements={
0x0000020e3adae000, 0x0000020e55f84000, 0x0000020e55f85000, 0x0000020e55f9f000,
0x0000020e55fa2800, 0x0000020e55fa4800, 0x0000020e55fae800, 0x0000020e55fba800,
0x0000020e55fbe000, 0x0000020e56a67800, 0x0000020e578e3000, 0x0000020e58134800,
0x0000020e576f1800, 0x0000020e58107000, 0x0000020e580e4800, 0x0000020e5832f000,
0x0000020e58331000, 0x0000020e5837e000, 0x0000020e58382000, 0x0000020e5836e000,
0x0000020e58374800, 0x0000020e5836f800, 0x0000020e58371000, 0x0000020e58373000,
0x0000020e5aeba800, 0x0000020e5aebb800, 0x0000020e5aeb9800, 0x0000020e5aebc000,
0x0000020e5aebd000, 0x0000020e5aeb7800, 0x0000020e5aebe000, 0x0000020e5aeb8000,
0x0000020e5aebe800, 0x0000020e5aeb9000, 0x0000020e5aec2000, 0x0000020e5aebf800,
0x0000020e5aec0800, 0x0000020e5aec4800, 0x0000020e5aec6000, 0x0000020e5aec5000,
0x0000020e5aec1000, 0x0000020e5aec2800, 0x0000020e5a10e800, 0x0000020e5a10c000,
0x0000020e5a111800, 0x0000020e5a111000, 0x0000020e5a10d000, 0x0000020e5a113800,
0x0000020e5a10f800, 0x0000020e5a112800, 0x0000020e5a10d800
}

Java Threads: ( => current thread )
  0x0000020e3adae000 JavaThread "main" [_thread_blocked, id=25188, stack(0x000000b9ed400000,0x000000b9ed500000)]
  0x0000020e55f84000 JavaThread "Reference Handler" daemon [_thread_blocked, id=22560, stack(0x000000b9edb00000,0x000000b9edc00000)]
  0x0000020e55f85000 JavaThread "Finalizer" daemon [_thread_blocked, id=23452, stack(0x000000b9edc00000,0x000000b9edd00000)]
  0x0000020e55f9f000 JavaThread "Signal Dispatcher" daemon [_thread_blocked, id=12016, stack(0x000000b9edd00000,0x000000b9ede00000)]
  0x0000020e55fa2800 JavaThread "Attach Listener" daemon [_thread_blocked, id=19424, stack(0x000000b9ede00000,0x000000b9edf00000)]
  0x0000020e55fa4800 JavaThread "Service Thread" daemon [_thread_blocked, id=17688, stack(0x000000b9edf00000,0x000000b9ee000000)]
=>0x0000020e55fae800 JavaThread "C2 CompilerThread0" daemon [_thread_in_native, id=26280, stack(0x000000b9ee000000,0x000000b9ee100000)]
  0x0000020e55fba800 JavaThread "C1 CompilerThread0" daemon [_thread_blocked, id=24484, stack(0x000000b9ee100000,0x000000b9ee200000)]
  0x0000020e55fbe000 JavaThread "Sweeper thread" daemon [_thread_blocked, id=24188, stack(0x000000b9ee200000,0x000000b9ee300000)]
  0x0000020e56a67800 JavaThread "Common-Cleaner" daemon [_thread_blocked, id=144, stack(0x000000b9ee300000,0x000000b9ee400000)]
  0x0000020e578e3000 JavaThread "Daemon health stats" [_thread_blocked, id=23360, stack(0x000000b9ee700000,0x000000b9ee800000)]
  0x0000020e58134800 JavaThread "Incoming local TCP Connector on port 54219" [_thread_in_native, id=22176, stack(0x000000b9ee800000,0x000000b9ee900000)]
  0x0000020e576f1800 JavaThread "Daemon periodic checks" [_thread_blocked, id=23308, stack(0x000000b9ee900000,0x000000b9eea00000)]
  0x0000020e58107000 JavaThread "Daemon" [_thread_blocked, id=4276, stack(0x000000b9eea00000,0x000000b9eeb00000)]
  0x0000020e580e4800 JavaThread "Handler for socket connection from /127.0.0.1:54219 to /127.0.0.1:54221" [_thread_in_native, id=8784, stack(0x000000b9eeb00000,0x000000b9eec00000)]
  0x0000020e5832f000 JavaThread "Cancel handler" [_thread_blocked, id=10528, stack(0x000000b9eec00000,0x000000b9eed00000)]
  0x0000020e58331000 JavaThread "Daemon worker" [_thread_blocked, id=6148, stack(0x000000b9eed00000,0x000000b9eee00000)]
  0x0000020e5837e000 JavaThread "Asynchronous log dispatcher for DefaultDaemonConnection: socket connection from /127.0.0.1:54219 to /127.0.0.1:54221" [_thread_blocked, id=13116, stack(0x000000b9eee00000,0x000000b9eef00000)]
  0x0000020e58382000 JavaThread "Stdin handler" [_thread_blocked, id=10580, stack(0x000000b9eef00000,0x000000b9ef000000)]
  0x0000020e5836e000 JavaThread "Thread-8" [_thread_blocked, id=16808, stack(0x000000b9ef000000,0x000000b9ef100000)]
  0x0000020e58374800 JavaThread "Cache worker for file hash cache (C:\Users\SAMUELLA M. AGLAGO\.gradle\caches\5.4.1\fileHashes)" [_thread_blocked, id=23740, stack(0x000000b9ef100000,0x000000b9ef200000)]
  0x0000020e5836f800 JavaThread "File lock request listener" [_thread_in_native, id=4984, stack(0x000000b9ef200000,0x000000b9ef300000)]
  0x0000020e58371000 JavaThread "Cache worker for journal cache (C:\Users\SAMUELLA M. AGLAGO\.gradle\caches\journal-1)" [_thread_blocked, id=17948, stack(0x000000b9ef300000,0x000000b9ef400000)]
  0x0000020e58373000 JavaThread "Cache worker for file hash cache (D:\Android\PROJECTS\bmi-calculator-flutter\android\.gradle\5.4.1\fileHashes)" [_thread_blocked, id=10344, stack(0x000000b9efb00000,0x000000b9efc00000)]
  0x0000020e5aeba800 JavaThread "Cache worker for cache directory md-supplier (C:\Users\SAMUELLA M. AGLAGO\.gradle\caches\5.4.1\md-supplier)" [_thread_blocked, id=15116, stack(0x000000b9efc00000,0x000000b9efd00000)]
  0x0000020e5aebb800 JavaThread "Cache worker for cache directory md-rule (C:\Users\SAMUELLA M. AGLAGO\.gradle\caches\5.4.1\md-rule)" [_thread_blocked, id=24084, stack(0x000000b9efd00000,0x000000b9efe00000)]
  0x0000020e5aeb9800 JavaThread "Cache worker for execution history cache (C:\Users\SAMUELLA M. AGLAGO\.gradle\caches\5.4.1\executionHistory)" [_thread_blocked, id=16692, stack(0x000000b9efe00000,0x000000b9eff00000)]
  0x0000020e5aebc000 JavaThread "Build operations" [_thread_blocked, id=25952, stack(0x000000b9eff00000,0x000000b9f0000000)]
  0x0000020e5aebd000 JavaThread "Build operations Thread 2" [_thread_blocked, id=21356, stack(0x000000b9f0000000,0x000000b9f0100000)]
  0x0000020e5aeb7800 JavaThread "Build operations Thread 3" [_thread_blocked, id=2816, stack(0x000000b9f0100000,0x000000b9f0200000)]
  0x0000020e5aebe000 JavaThread "Build operations Thread 4" [_thread_blocked, id=1448, stack(0x000000b9f0200000,0x000000b9f0300000)]
  0x0000020e5aeb8000 JavaThread "Build operations Thread 5" [_thread_blocked, id=8772, stack(0x000000b9f0300000,0x000000b9f0400000)]
  0x0000020e5aebe800 JavaThread "Build operations Thread 6" [_thread_blocked, id=12500, stack(0x000000b9f0400000,0x000000b9f0500000)]
  0x0000020e5aeb9000 JavaThread "Build operations Thread 7" [_thread_blocked, id=20736, stack(0x000000b9f0500000,0x000000b9f0600000)]
  0x0000020e5aec2000 JavaThread "Build operations Thread 8" [_thread_blocked, id=14224, stack(0x000000b9f0600000,0x000000b9f0700000)]
  0x0000020e5aebf800 JavaThread "pool-1-thread-1" [_thread_blocked, id=26532, stack(0x000000b9f0700000,0x000000b9f0800000)]
  0x0000020e5aec0800 JavaThread "Cache worker for Build Output Cleanup Cache (D:\Android\PROJECTS\bmi-calculator-flutter\android\.gradle\buildOutputCleanup)" [_thread_blocked, id=25976, stack(0x000000b9f0800000,0x000000b9f0900000)]
  0x0000020e5aec4800 JavaThread "Memory manager" [_thread_blocked, id=22380, stack(0x000000b9f0900000,0x000000b9f0a00000)]
  0x0000020e5aec6000 JavaThread "Cache worker for file content cache (C:\Users\SAMUELLA M. AGLAGO\.gradle\caches\5.4.1\fileContent)" [_thread_blocked, id=7680, stack(0x000000b9f0a00000,0x000000b9f0b00000)]
  0x0000020e5aec5000 JavaThread "Cache worker for file content cache (D:\Android\PROJECTS\bmi-calculator-flutter\android\.gradle\5.4.1\fileContent)" [_thread_blocked, id=25716, stack(0x000000b9f0b00000,0x000000b9f0c00000)]
  0x0000020e5aec1000 JavaThread "Execution worker for ':'" [_thread_blocked, id=17904, stack(0x000000b9f0c00000,0x000000b9f0d00000)]
  0x0000020e5aec2800 JavaThread "Execution worker for ':' Thread 2" [_thread_blocked, id=8012, stack(0x000000b9f0d00000,0x000000b9f0e00000)]
  0x0000020e5a10e800 JavaThread "Execution worker for ':' Thread 3" [_thread_blocked, id=10428, stack(0x000000b9f0e00000,0x000000b9f0f00000)]
  0x0000020e5a10c000 JavaThread "Execution worker for ':' Thread 4" [_thread_blocked, id=16972, stack(0x000000b9f0f00000,0x000000b9f1000000)]
  0x0000020e5a111800 JavaThread "Execution worker for ':' Thread 5" [_thread_blocked, id=11152, stack(0x000000b9f1000000,0x000000b9f1100000)]
  0x0000020e5a111000 JavaThread "Execution worker for ':' Thread 6" [_thread_blocked, id=11984, stack(0x000000b9f1100000,0x000000b9f1200000)]
  0x0000020e5a10d000 JavaThread "Execution worker for ':' Thread 7" [_thread_blocked, id=4604, stack(0x000000b9f1200000,0x000000b9f1300000)]
  0x0000020e5a113800 JavaThread "Cache worker for execution history cache (D:\Android\PROJECTS\bmi-calculator-flutter\android\.gradle\5.4.1\executionHistory)" [_thread_blocked, id=11764, stack(0x000000b9f1300000,0x000000b9f1400000)]
  0x0000020e5a10f800 JavaThread "Exec process" [_thread_in_native, id=25388, stack(0x000000b9f1400000,0x000000b9f1500000)]
  0x0000020e5a112800 JavaThread "Exec process Thread 2" [_thread_in_native, id=24116, stack(0x000000b9f1500000,0x000000b9f1600000)]
  0x0000020e5a10d800 JavaThread "Exec process Thread 3" [_thread_in_native, id=26124, stack(0x000000b9f1600000,0x000000b9f1700000)]

Other Threads:
  0x0000020e55f61000 VMThread "VM Thread" [stack: 0x000000b9eda00000,0x000000b9edb00000] [id=18896]
  0x0000020e56a76000 WatcherThread [stack: 0x000000b9ee400000,0x000000b9ee500000] [id=5372]
  0x0000020e3ce3b000 GCTaskThread "GC Thread#0" [stack: 0x000000b9ed500000,0x000000b9ed600000] [id=20388]
  0x0000020e577e3000 GCTaskThread "GC Thread#1" [stack: 0x000000b9ee500000,0x000000b9ee600000] [id=1612]
  0x0000020e576d6000 GCTaskThread "GC Thread#2" [stack: 0x000000b9ee600000,0x000000b9ee700000] [id=9208]
  0x0000020e56aa2800 GCTaskThread "GC Thread#3" [stack: 0x000000b9ef400000,0x000000b9ef500000] [id=18412]
  0x0000020e5859f800 GCTaskThread "GC Thread#4" [stack: 0x000000b9ef500000,0x000000b9ef600000] [id=12604]
  0x0000020e569f2800 GCTaskThread "GC Thread#5" [stack: 0x000000b9ef600000,0x000000b9ef700000] [id=16584]
  0x0000020e585a2800 GCTaskThread "GC Thread#6" [stack: 0x000000b9ef700000,0x000000b9ef800000] [id=18180]
  0x0000020e585a3800 GCTaskThread "GC Thread#7" [stack: 0x000000b9ef800000,0x000000b9ef900000] [id=20408]
  0x0000020e3ce61800 ConcurrentGCThread "G1 Main Marker" [stack: 0x000000b9ed600000,0x000000b9ed700000] [id=18712]
  0x0000020e3ce63000 ConcurrentGCThread "G1 Conc#0" [stack: 0x000000b9ed700000,0x000000b9ed800000] [id=22068]
  0x0000020e5952d000 ConcurrentGCThread "G1 Conc#1" [stack: 0x000000b9efa00000,0x000000b9efb00000] [id=21808]
  0x0000020e3cef5800 ConcurrentGCThread "G1 Refine#0" [stack: 0x000000b9ed800000,0x000000b9ed900000] [id=9276]
  0x0000020e58348000 ConcurrentGCThread "G1 Refine#1" [stack: 0x000000b9ef900000,0x000000b9efa00000] [id=25676]
  0x0000020e55dd0800 ConcurrentGCThread "G1 Young RemSet Sampling" [stack: 0x000000b9ed900000,0x000000b9eda00000] [id=14048]

Threads with active compile tasks:
C2 CompilerThread0  31185 7228 %     4       sun.nio.cs.SingleByte$Decoder::decodeArrayLoop @ 88 (154 bytes)

VM state:not at safepoint (normal execution)

VM Mutex/Monitor currently owned by a thread: None

Heap address: 0x00000000a0000000, size: 1536 MB, Compressed Oops mode: 32-bit
Narrow klass base: 0x0000000000000000, Narrow klass shift: 3
Compressed class space size: 1073741824 Address: 0x0000000100000000

Heap:
 garbage-first heap   total 129024K, used 92020K [0x00000000a0000000, 0x0000000100000000)
  region size 1024K, 38 young (38912K), 4 survivors (4096K)
 Metaspace       used 70160K, capacity 72122K, committed 72440K, reserved 1112064K
  class space    used 9169K, capacity 9877K, committed 9976K, reserved 1048576K
Heap Regions: E=young(eden), S=young(survivor), O=old, HS=humongous(starts), HC=humongous(continues), CS=collection set, F=free, A=archive, TAMS=top-at-mark-start (previous, next)
|   0|0x00000000a0000000, 0x00000000a0100000, 0x00000000a0100000|100%| O|  |TAMS 0x00000000a0100000, 0x00000000a0000000| Untracked 
|   1|0x00000000a0100000, 0x00000000a0200000, 0x00000000a0200000|100%| O|  |TAMS 0x00000000a0200000, 0x00000000a0100000| Untracked 
|   2|0x00000000a0200000, 0x00000000a0300000, 0x00000000a0300000|100%|HS|  |TAMS 0x00000000a0300000, 0x00000000a0200000| Complete 
|   3|0x00000000a0300000, 0x00000000a0400000, 0x00000000a0400000|100%|HS|  |TAMS 0x00000000a0400000, 0x00000000a0300000| Complete 
|   4|0x00000000a0400000, 0x00000000a0500000, 0x00000000a0500000|100%|HC|  |TAMS 0x00000000a0500000, 0x00000000a0400000| Complete 
|   5|0x00000000a0500000, 0x00000000a0600000, 0x00000000a0600000|100%| O|  |TAMS 0x00000000a0600000, 0x00000000a0500000| Untracked 
|   6|0x00000000a0600000, 0x00000000a0700000, 0x00000000a0700000|100%| O|  |TAMS 0x00000000a0700000, 0x00000000a0600000| Untracked 
|   7|0x00000000a0700000, 0x00000000a0800000, 0x00000000a0800000|100%| O|  |TAMS 0x00000000a0800000, 0x00000000a0700000| Untracked 
|   8|0x00000000a0800000, 0x00000000a0900000, 0x00000000a0900000|100%| O|  |TAMS 0x00000000a0900000, 0x00000000a0800000| Untracked 
|   9|0x00000000a0900000, 0x00000000a0a00000, 0x00000000a0a00000|100%| O|  |TAMS 0x00000000a0a00000, 0x00000000a0900000| Untracked 
|  10|0x00000000a0a00000, 0x00000000a0b00000, 0x00000000a0b00000|100%| O|  |TAMS 0x00000000a0b00000, 0x00000000a0a00000| Untracked 
|  11|0x00000000a0b00000, 0x00000000a0c00000, 0x00000000a0c00000|100%| O|  |TAMS 0x00000000a0c00000, 0x00000000a0b00000| Untracked 
|  12|0x00000000a0c00000, 0x00000000a0d00000, 0x00000000a0d00000|100%| O|  |TAMS 0x00000000a0d00000, 0x00000000a0c00000| Untracked 
|  13|0x00000000a0d00000, 0x00000000a0e00000, 0x00000000a0e00000|100%| O|  |TAMS 0x00000000a0e00000, 0x00000000a0d00000| Untracked 
|  14|0x00000000a0e00000, 0x00000000a0f00000, 0x00000000a0f00000|100%| O|  |TAMS 0x00000000a0f00000, 0x00000000a0e00000| Untracked 
|  15|0x00000000a0f00000, 0x00000000a1000000, 0x00000000a1000000|100%| O|  |TAMS 0x00000000a1000000, 0x00000000a0f00000| Untracked 
|  16|0x00000000a1000000, 0x00000000a1100000, 0x00000000a1100000|100%| O|  |TAMS 0x00000000a1100000, 0x00000000a1000000| Untracked 
|  17|0x00000000a1100000, 0x00000000a1200000, 0x00000000a1200000|100%| O|  |TAMS 0x00000000a1200000, 0x00000000a1100000| Untracked 
|  18|0x00000000a1200000, 0x00000000a1300000, 0x00000000a1300000|100%|HS|  |TAMS 0x00000000a1300000, 0x00000000a1200000| Complete 
|  19|0x00000000a1300000, 0x00000000a1400000, 0x00000000a1400000|100%|HC|  |TAMS 0x00000000a1400000, 0x00000000a1300000| Complete 
|  20|0x00000000a1400000, 0x00000000a1500000, 0x00000000a1500000|100%| O|  |TAMS 0x00000000a1500000, 0x00000000a1400000| Untracked 
|  21|0x00000000a1500000, 0x00000000a1600000, 0x00000000a1600000|100%| O|  |TAMS 0x00000000a1600000, 0x00000000a1500000| Untracked 
|  22|0x00000000a1600000, 0x00000000a1700000, 0x00000000a1700000|100%| O|  |TAMS 0x00000000a1700000, 0x00000000a1600000| Untracked 
|  23|0x00000000a1700000, 0x00000000a1800000, 0x00000000a1800000|100%| O|  |TAMS 0x00000000a1800000, 0x00000000a1700000| Untracked 
|  24|0x00000000a1800000, 0x00000000a1900000, 0x00000000a1900000|100%|HS|  |TAMS 0x00000000a1900000, 0x00000000a1800000| Complete 
|  25|0x00000000a1900000, 0x00000000a1a00000, 0x00000000a1a00000|100%| O|  |TAMS 0x00000000a1a00000, 0x00000000a1900000| Untracked 
|  26|0x00000000a1a00000, 0x00000000a1b00000, 0x00000000a1b00000|100%| O|  |TAMS 0x00000000a1b00000, 0x00000000a1a00000| Untracked 
|  27|0x00000000a1b00000, 0x00000000a1c00000, 0x00000000a1c00000|100%| O|  |TAMS 0x00000000a1c00000, 0x00000000a1b00000| Untracked 
|  28|0x00000000a1c00000, 0x00000000a1d00000, 0x00000000a1d00000|100%| O|  |TAMS 0x00000000a1d00000, 0x00000000a1c00000| Untracked 
|  29|0x00000000a1d00000, 0x00000000a1e00000, 0x00000000a1e00000|100%| O|  |TAMS 0x00000000a1e00000, 0x00000000a1d00000| Untracked 
|  30|0x00000000a1e00000, 0x00000000a1f00000, 0x00000000a1f00000|100%| O|  |TAMS 0x00000000a1f00000, 0x00000000a1e00000| Untracked 
|  31|0x00000000a1f00000, 0x00000000a2000000, 0x00000000a2000000|100%| O|  |TAMS 0x00000000a2000000, 0x00000000a1f00000| Untracked 
|  32|0x00000000a2000000, 0x00000000a2100000, 0x00000000a2100000|100%| O|  |TAMS 0x00000000a2100000, 0x00000000a2000000| Untracked 
|  33|0x00000000a2100000, 0x00000000a2200000, 0x00000000a2200000|100%| O|  |TAMS 0x00000000a2200000, 0x00000000a2100000| Untracked 
|  34|0x00000000a2200000, 0x00000000a2300000, 0x00000000a2300000|100%| O|  |TAMS 0x00000000a2300000, 0x00000000a2200000| Untracked 
|  35|0x00000000a2300000, 0x00000000a2400000, 0x00000000a2400000|100%| O|  |TAMS 0x00000000a2400000, 0x00000000a2300000| Untracked 
|  36|0x00000000a2400000, 0x00000000a2500000, 0x00000000a2500000|100%| O|  |TAMS 0x00000000a2500000, 0x00000000a2400000| Untracked 
|  37|0x00000000a2500000, 0x00000000a2600000, 0x00000000a2600000|100%| O|  |TAMS 0x00000000a2600000, 0x00000000a2500000| Untracked 
|  38|0x00000000a2600000, 0x00000000a2700000, 0x00000000a2700000|100%| O|  |TAMS 0x00000000a2700000, 0x00000000a2600000| Untracked 
|  39|0x00000000a2700000, 0x00000000a2800000, 0x00000000a2800000|100%| O|  |TAMS 0x00000000a2800000, 0x00000000a2700000| Untracked 
|  40|0x00000000a2800000, 0x00000000a2900000, 0x00000000a2900000|100%| O|  |TAMS 0x00000000a2900000, 0x00000000a2800000| Untracked 
|  41|0x00000000a2900000, 0x00000000a2a00000, 0x00000000a2a00000|100%| O|  |TAMS 0x00000000a2a00000, 0x00000000a2900000| Untracked 
|  42|0x00000000a2a00000, 0x00000000a2b00000, 0x00000000a2b00000|100%| O|  |TAMS 0x00000000a2b00000, 0x00000000a2a00000| Untracked 
|  43|0x00000000a2b00000, 0x00000000a2c00000, 0x00000000a2c00000|100%| O|  |TAMS 0x00000000a2b5e200, 0x00000000a2b00000| Untracked 
|  44|0x00000000a2c00000, 0x00000000a2d00000, 0x00000000a2d00000|100%| O|  |TAMS 0x00000000a2c00000, 0x00000000a2c00000| Untracked 
|  45|0x00000000a2d00000, 0x00000000a2e00000, 0x00000000a2e00000|100%| O|  |TAMS 0x00000000a2d00000, 0x00000000a2d00000| Untracked 
|  46|0x00000000a2e00000, 0x00000000a2f00000, 0x00000000a2f00000|100%| O|  |TAMS 0x00000000a2e00000, 0x00000000a2e00000| Untracked 
|  47|0x00000000a2f00000, 0x00000000a3000000, 0x00000000a3000000|100%| O|  |TAMS 0x00000000a2f00000, 0x00000000a2f00000| Untracked 
|  48|0x00000000a3000000, 0x00000000a3100000, 0x00000000a3100000|100%| O|  |TAMS 0x00000000a3000000, 0x00000000a3000000| Untracked 
|  49|0x00000000a3100000, 0x00000000a3200000, 0x00000000a3200000|100%| O|  |TAMS 0x00000000a3100000, 0x00000000a3100000| Untracked 
|  50|0x00000000a3200000, 0x00000000a3300000, 0x00000000a3300000|100%| O|  |TAMS 0x00000000a3200000, 0x00000000a3200000| Untracked 
|  51|0x00000000a3300000, 0x00000000a3400000, 0x00000000a3400000|100%| O|  |TAMS 0x00000000a3300000, 0x00000000a3300000| Untracked 
|  52|0x00000000a3400000, 0x00000000a3500000, 0x00000000a3500000|100%| O|  |TAMS 0x00000000a3400000, 0x00000000a3400000| Untracked 
|  53|0x00000000a3500000, 0x00000000a3600000, 0x00000000a3600000|100%| O|  |TAMS 0x00000000a3500000, 0x00000000a3500000| Untracked 
|  54|0x00000000a3600000, 0x00000000a3658600, 0x00000000a3700000| 34%| O|  |TAMS 0x00000000a3600000, 0x00000000a3600000| Untracked 
|  55|0x00000000a3700000, 0x00000000a3700000, 0x00000000a3800000|  0%| F|  |TAMS 0x00000000a3700000, 0x00000000a3700000| Untracked 
|  56|0x00000000a3800000, 0x00000000a3800000, 0x00000000a3900000|  0%| F|  |TAMS 0x00000000a3800000, 0x00000000a3800000| Untracked 
|  57|0x00000000a3900000, 0x00000000a3900000, 0x00000000a3a00000|  0%| F|  |TAMS 0x00000000a3900000, 0x00000000a3900000| Untracked 
|  58|0x00000000a3a00000, 0x00000000a3a00000, 0x00000000a3b00000|  0%| F|  |TAMS 0x00000000a3a00000, 0x00000000a3a00000| Untracked 
|  59|0x00000000a3b00000, 0x00000000a3b00000, 0x00000000a3c00000|  0%| F|  |TAMS 0x00000000a3b00000, 0x00000000a3b00000| Untracked 
|  60|0x00000000a3c00000, 0x00000000a3c00000, 0x00000000a3d00000|  0%| F|  |TAMS 0x00000000a3c00000, 0x00000000a3c00000| Untracked 
|  61|0x00000000a3d00000, 0x00000000a3d00000, 0x00000000a3e00000|  0%| F|  |TAMS 0x00000000a3d00000, 0x00000000a3d00000| Untracked 
|  62|0x00000000a3e00000, 0x00000000a3e00000, 0x00000000a3f00000|  0%| F|  |TAMS 0x00000000a3e00000, 0x00000000a3e00000| Untracked 
|  63|0x00000000a3f00000, 0x00000000a3f00000, 0x00000000a4000000|  0%| F|  |TAMS 0x00000000a3f00000, 0x00000000a3f00000| Untracked 
|  64|0x00000000a4000000, 0x00000000a4000000, 0x00000000a4100000|  0%| F|  |TAMS 0x00000000a4000000, 0x00000000a4000000| Untracked 
|  65|0x00000000a4100000, 0x00000000a4100000, 0x00000000a4200000|  0%| F|  |TAMS 0x00000000a4100000, 0x00000000a4100000| Untracked 
|  66|0x00000000a4200000, 0x00000000a4200000, 0x00000000a4300000|  0%| F|  |TAMS 0x00000000a4200000, 0x00000000a4200000| Untracked 
|  67|0x00000000a4300000, 0x00000000a4300000, 0x00000000a4400000|  0%| F|  |TAMS 0x00000000a4300000, 0x00000000a4300000| Untracked 
|  68|0x00000000a4400000, 0x00000000a4400000, 0x00000000a4500000|  0%| F|  |TAMS 0x00000000a4400000, 0x00000000a4400000| Untracked 
|  69|0x00000000a4500000, 0x00000000a4500000, 0x00000000a4600000|  0%| F|  |TAMS 0x00000000a4500000, 0x00000000a4500000| Untracked 
|  70|0x00000000a4600000, 0x00000000a4600000, 0x00000000a4700000|  0%| F|  |TAMS 0x00000000a4600000, 0x00000000a4600000| Untracked 
|  71|0x00000000a4700000, 0x00000000a4700000, 0x00000000a4800000|  0%| F|  |TAMS 0x00000000a4700000, 0x00000000a4700000| Untracked 
|  72|0x00000000a4800000, 0x00000000a4800000, 0x00000000a4900000|  0%| F|  |TAMS 0x00000000a4800000, 0x00000000a4800000| Untracked 
|  73|0x00000000a4900000, 0x00000000a4900000, 0x00000000a4a00000|  0%| F|  |TAMS 0x00000000a4900000, 0x00000000a4900000| Untracked 
|  74|0x00000000a4a00000, 0x00000000a4a00000, 0x00000000a4b00000|  0%| F|  |TAMS 0x00000000a4a00000, 0x00000000a4a00000| Untracked 
|  75|0x00000000a4b00000, 0x00000000a4b00000, 0x00000000a4c00000|  0%| F|  |TAMS 0x00000000a4b00000, 0x00000000a4b00000| Untracked 
|  76|0x00000000a4c00000, 0x00000000a4c84c00, 0x00000000a4d00000| 51%| S|CS|TAMS 0x00000000a4c00000, 0x00000000a4c00000| Complete 
|  77|0x00000000a4d00000, 0x00000000a4e00000, 0x00000000a4e00000|100%| S|CS|TAMS 0x00000000a4d00000, 0x00000000a4d00000| Complete 
|  78|0x00000000a4e00000, 0x00000000a4f00000, 0x00000000a4f00000|100%| S|CS|TAMS 0x00000000a4e00000, 0x00000000a4e00000| Complete 
|  79|0x00000000a4f00000, 0x00000000a4f00000, 0x00000000a5000000|  0%| F|  |TAMS 0x00000000a4f00000, 0x00000000a4f00000| Untracked 
|  80|0x00000000a5000000, 0x00000000a5000000, 0x00000000a5100000|  0%| F|  |TAMS 0x00000000a5000000, 0x00000000a5000000| Untracked 
|  81|0x00000000a5100000, 0x00000000a5100000, 0x00000000a5200000|  0%| F|  |TAMS 0x00000000a5100000, 0x00000000a5100000| Untracked 
|  82|0x00000000a5200000, 0x00000000a5200000, 0x00000000a5300000|  0%| F|  |TAMS 0x00000000a5200000, 0x00000000a5200000| Untracked 
|  83|0x00000000a5300000, 0x00000000a5400000, 0x00000000a5400000|100%| S|CS|TAMS 0x00000000a5300000, 0x00000000a5300000| Complete 
|  84|0x00000000a5400000, 0x00000000a5400000, 0x00000000a5500000|  0%| F|  |TAMS 0x00000000a5400000, 0x00000000a5400000| Untracked 
|  85|0x00000000a5500000, 0x00000000a5500000, 0x00000000a5600000|  0%| F|  |TAMS 0x00000000a5500000, 0x00000000a5500000| Untracked 
|  86|0x00000000a5600000, 0x00000000a5600000, 0x00000000a5700000|  0%| F|  |TAMS 0x00000000a5600000, 0x00000000a5600000| Untracked 
|  87|0x00000000a5700000, 0x00000000a5700000, 0x00000000a5800000|  0%| F|  |TAMS 0x00000000a5700000, 0x00000000a5700000| Untracked 
|  88|0x00000000a5800000, 0x00000000a5800000, 0x00000000a5900000|  0%| F|  |TAMS 0x00000000a5800000, 0x00000000a5800000| Untracked 
|  89|0x00000000a5900000, 0x00000000a5900000, 0x00000000a5a00000|  0%| F|  |TAMS 0x00000000a5900000, 0x00000000a5900000| Untracked 
|  90|0x00000000a5a00000, 0x00000000a5a00000, 0x00000000a5b00000|  0%| F|  |TAMS 0x00000000a5a00000, 0x00000000a5a00000| Untracked 
|  91|0x00000000a5b00000, 0x00000000a5b00000, 0x00000000a5c00000|  0%| F|  |TAMS 0x00000000a5b00000, 0x00000000a5b00000| Untracked 
|  92|0x00000000a5c00000, 0x00000000a5c20750, 0x00000000a5d00000| 12%| E|  |TAMS 0x00000000a5c00000, 0x00000000a5c00000| Complete 
|  93|0x00000000a5d00000, 0x00000000a5e00000, 0x00000000a5e00000|100%| E|CS|TAMS 0x00000000a5d00000, 0x00000000a5d00000| Complete 
|  94|0x00000000a5e00000, 0x00000000a5f00000, 0x00000000a5f00000|100%| E|CS|TAMS 0x00000000a5e00000, 0x00000000a5e00000| Complete 
|  95|0x00000000a5f00000, 0x00000000a6000000, 0x00000000a6000000|100%| E|CS|TAMS 0x00000000a5f00000, 0x00000000a5f00000| Complete 
|  96|0x00000000a6000000, 0x00000000a6100000, 0x00000000a6100000|100%| E|CS|TAMS 0x00000000a6000000, 0x00000000a6000000| Complete 
|  97|0x00000000a6100000, 0x00000000a6200000, 0x00000000a6200000|100%| E|CS|TAMS 0x00000000a6100000, 0x00000000a6100000| Complete 
|  98|0x00000000a6200000, 0x00000000a6300000, 0x00000000a6300000|100%| E|CS|TAMS 0x00000000a6200000, 0x00000000a6200000| Complete 
|  99|0x00000000a6300000, 0x00000000a6400000, 0x00000000a6400000|100%| E|CS|TAMS 0x00000000a6300000, 0x00000000a6300000| Complete 
| 100|0x00000000a6400000, 0x00000000a6500000, 0x00000000a6500000|100%| E|CS|TAMS 0x00000000a6400000, 0x00000000a6400000| Complete 
| 101|0x00000000a6500000, 0x00000000a6600000, 0x00000000a6600000|100%| E|CS|TAMS 0x00000000a6500000, 0x00000000a6500000| Complete 
| 102|0x00000000a6600000, 0x00000000a6700000, 0x00000000a6700000|100%| E|CS|TAMS 0x00000000a6600000, 0x00000000a6600000| Complete 
| 103|0x00000000a6700000, 0x00000000a6800000, 0x00000000a6800000|100%| E|CS|TAMS 0x00000000a6700000, 0x00000000a6700000| Complete 
| 104|0x00000000a6800000, 0x00000000a6900000, 0x00000000a6900000|100%| E|CS|TAMS 0x00000000a6800000, 0x00000000a6800000| Complete 
| 105|0x00000000a6900000, 0x00000000a6a00000, 0x00000000a6a00000|100%| E|CS|TAMS 0x00000000a6900000, 0x00000000a6900000| Complete 
| 106|0x00000000a6a00000, 0x00000000a6b00000, 0x00000000a6b00000|100%| E|CS|TAMS 0x00000000a6a00000, 0x00000000a6a00000| Complete 
| 107|0x00000000a6b00000, 0x00000000a6c00000, 0x00000000a6c00000|100%| E|CS|TAMS 0x00000000a6b00000, 0x00000000a6b00000| Complete 
| 108|0x00000000a6c00000, 0x00000000a6d00000, 0x00000000a6d00000|100%| E|CS|TAMS 0x00000000a6c00000, 0x00000000a6c00000| Complete 
| 109|0x00000000a6d00000, 0x00000000a6e00000, 0x00000000a6e00000|100%| E|CS|TAMS 0x00000000a6d00000, 0x00000000a6d00000| Complete 
| 110|0x00000000a6e00000, 0x00000000a6f00000, 0x00000000a6f00000|100%| E|CS|TAMS 0x00000000a6e00000, 0x00000000a6e00000| Complete 
| 111|0x00000000a6f00000, 0x00000000a7000000, 0x00000000a7000000|100%| E|  |TAMS 0x00000000a6f00000, 0x00000000a6f00000| Complete 
| 112|0x00000000a7000000, 0x00000000a7100000, 0x00000000a7100000|100%| E|CS|TAMS 0x00000000a7000000, 0x00000000a7000000| Complete 
| 113|0x00000000a7100000, 0x00000000a7200000, 0x00000000a7200000|100%| E|CS|TAMS 0x00000000a7100000, 0x00000000a7100000| Complete 
| 114|0x00000000a7200000, 0x00000000a7300000, 0x00000000a7300000|100%| E|CS|TAMS 0x00000000a7200000, 0x00000000a7200000| Complete 
| 115|0x00000000a7300000, 0x00000000a7400000, 0x00000000a7400000|100%| E|CS|TAMS 0x00000000a7300000, 0x00000000a7300000| Complete 
| 116|0x00000000a7400000, 0x00000000a7500000, 0x00000000a7500000|100%| E|CS|TAMS 0x00000000a7400000, 0x00000000a7400000| Complete 
| 117|0x00000000a7500000, 0x00000000a7600000, 0x00000000a7600000|100%| E|CS|TAMS 0x00000000a7500000, 0x00000000a7500000| Complete 
| 118|0x00000000a7600000, 0x00000000a7700000, 0x00000000a7700000|100%| E|CS|TAMS 0x00000000a7600000, 0x00000000a7600000| Complete 
| 119|0x00000000a7700000, 0x00000000a7800000, 0x00000000a7800000|100%| E|CS|TAMS 0x00000000a7700000, 0x00000000a7700000| Complete 
| 120|0x00000000a7800000, 0x00000000a7900000, 0x00000000a7900000|100%| E|CS|TAMS 0x00000000a7800000, 0x00000000a7800000| Complete 
| 121|0x00000000a7900000, 0x00000000a7a00000, 0x00000000a7a00000|100%| E|CS|TAMS 0x00000000a7900000, 0x00000000a7900000| Complete 
| 122|0x00000000a7a00000, 0x00000000a7b00000, 0x00000000a7b00000|100%| E|CS|TAMS 0x00000000a7a00000, 0x00000000a7a00000| Complete 
| 123|0x00000000a7b00000, 0x00000000a7c00000, 0x00000000a7c00000|100%| E|CS|TAMS 0x00000000a7b00000, 0x00000000a7b00000| Complete 
| 124|0x00000000a7c00000, 0x00000000a7d00000, 0x00000000a7d00000|100%| E|CS|TAMS 0x00000000a7c00000, 0x00000000a7c00000| Complete 
| 125|0x00000000a7d00000, 0x00000000a7e00000, 0x00000000a7e00000|100%| E|CS|TAMS 0x00000000a7d00000, 0x00000000a7d00000| Complete 

Card table byte_map: [0x0000020e4ff40000,0x0000020e50240000] _byte_map_base: 0x0000020e4fa40000

Marking Bits (Prev, Next): (CMBitMap*) 0x0000020e3ce5ab40, (CMBitMap*) 0x0000020e3ce5ab08
 Prev Bits: [0x0000020e51d40000, 0x0000020e53540000)
 Next Bits: [0x0000020e50540000, 0x0000020e51d40000)

Polling page: 0x0000020e3c600000

Metaspace:

Usage:
  Non-class:     60.79 MB capacity,    59.56 MB ( 98%) used,     1.08 MB (  2%) free+waste,   150.44 KB ( <1%) overhead. 
      Class:      9.65 MB capacity,     8.95 MB ( 93%) used,   635.37 KB (  6%) free+waste,    71.94 KB ( <1%) overhead. 
       Both:     70.43 MB capacity,    68.52 MB ( 97%) used,     1.70 MB (  2%) free+waste,   222.38 KB ( <1%) overhead. 

Virtual space:
  Non-class space:       62.00 MB reserved,      61.00 MB ( 98%) committed 
      Class space:        1.00 GB reserved,       9.74 MB ( <1%) committed 
             Both:        1.06 GB reserved,      70.74 MB (  7%) committed 

Chunk freelists:
   Non-Class:  27.00 KB
       Class:  11.00 KB
        Both:  38.00 KB

MaxMetaspaceSize: 17179869184.00 GB
CompressedClassSpaceSize: 1.00 GB

CodeHeap 'non-profiled nmethods': size=120000Kb used=3140Kb max_used=3140Kb free=116859Kb
 bounds [0x0000020e483e0000, 0x0000020e48700000, 0x0000020e4f910000]
CodeHeap 'profiled nmethods': size=120000Kb used=14476Kb max_used=14476Kb free=105523Kb
 bounds [0x0000020e40eb0000, 0x0000020e41ce0000, 0x0000020e483e0000]
CodeHeap 'non-nmethods': size=5760Kb used=2270Kb max_used=2317Kb free=3489Kb
 bounds [0x0000020e40910000, 0x0000020e40b80000, 0x0000020e40eb0000]
 total_blobs=7960 nmethods=7107 adapters=764
 compilation: enabled
              stopped_count=0, restarted_count=0
 full_count=0

Compilation events (20 events):
Event: 27.712 Thread 0x0000020e55fba800 7223       3       javax.management.ObjectName::getDomainLength (8 bytes)
Event: 27.712 Thread 0x0000020e55fba800 nmethod 7223 0x0000020e41cba010 code [0x0000020e41cba1c0, 0x0000020e41cba2b8]
Event: 28.298 Thread 0x0000020e55fba800 7224       3       javax.management.ObjectName::getInstance (9 bytes)
Event: 28.298 Thread 0x0000020e55fba800 nmethod 7224 0x0000020e41cba390 code [0x0000020e41cba560, 0x0000020e41cba788]
Event: 29.308 Thread 0x0000020e55fba800 7225       3       javax.management.ObjectName::isPropertyListPattern (16 bytes)
Event: 29.308 Thread 0x0000020e55fba800 nmethod 7225 0x0000020e41cba890 code [0x0000020e41cbaa40, 0x0000020e41cbab98]
Event: 30.304 Thread 0x0000020e55fba800 7226       3       javax.management.ObjectName::setCanonicalName (251 bytes)
Event: 30.306 Thread 0x0000020e55fba800 nmethod 7226 0x0000020e41cbac10 code [0x0000020e41cbaee0, 0x0000020e41cbc078]
Event: 31.095 Thread 0x0000020e55fba800 7227   !   3       java.io.PrintStream::write (66 bytes)
Event: 31.095 Thread 0x0000020e55fae800 7228 %     4       sun.nio.cs.SingleByte$Decoder::decodeArrayLoop @ 88 (154 bytes)
Event: 31.096 Thread 0x0000020e55fba800 nmethod 7227 0x0000020e41cbc710 code [0x0000020e41cbc940, 0x0000020e41cbd098]
Event: 31.097 Thread 0x0000020e55fba800 7229       3       java.io.FilterOutputStream::write (9 bytes)
Event: 31.097 Thread 0x0000020e55fba800 nmethod 7229 0x0000020e41cbd390 code [0x0000020e41cbd540, 0x0000020e41cbd708]
Event: 31.097 Thread 0x0000020e55fba800 7230       3       org.gradle.internal.io.LinePerThreadBufferingOutputStream::write (9 bytes)
Event: 31.097 Thread 0x0000020e55fba800 nmethod 7230 0x0000020e41cbd810 code [0x0000020e41cbd9e0, 0x0000020e41cbdbd8]
Event: 31.099 Thread 0x0000020e55fba800 7233       3       org.gradle.internal.serialize.kryo.KryoBackedEncoder::writeSmallLong (11 bytes)
Event: 31.100 Thread 0x0000020e55fba800 nmethod 7233 0x0000020e41cbdd10 code [0x0000020e41cbdee0, 0x0000020e41cbe088]
Event: 31.106 Thread 0x0000020e55fba800 7236   !   3       java.io.BufferedWriter::flushBuffer (53 bytes)
Event: 31.107 Thread 0x0000020e55fba800 nmethod 7236 0x0000020e41cbe190 code [0x0000020e41cbe380, 0x0000020e41cbe918]
Event: 31.107 Thread 0x0000020e55fba800 7239   !   3       java.io.BufferedWriter::write (117 bytes)

GC Heap History (20 events):
Event: 8.824 GC heap before
{Heap before GC invocations=5 (full 0):
 garbage-first heap   total 129024K, used 64288K [0x00000000a0000000, 0x0000000100000000)
  region size 1024K, 48 young (49152K), 4 survivors (4096K)
 Metaspace       used 35259K, capacity 35719K, committed 35840K, reserved 1081344K
  class space    used 4407K, capacity 4607K, committed 4608K, reserved 1048576K
}
Event: 8.836 GC heap after
{Heap after GC invocations=6 (full 0):
 garbage-first heap   total 129024K, used 20948K [0x00000000a0000000, 0x0000000100000000)
  region size 1024K, 6 young (6144K), 6 survivors (6144K)
 Metaspace       used 35259K, capacity 35719K, committed 35840K, reserved 1081344K
  class space    used 4407K, capacity 4607K, committed 4608K, reserved 1048576K
}
Event: 9.995 GC heap before
{Heap before GC invocations=7 (full 0):
 garbage-first heap   total 129024K, used 73172K [0x00000000a0000000, 0x0000000100000000)
  region size 1024K, 57 young (58368K), 6 survivors (6144K)
 Metaspace       used 39575K, capacity 40119K, committed 40448K, reserved 1085440K
  class space    used 5071K, capacity 5266K, committed 5376K, reserved 1048576K
}
Event: 10.005 GC heap after
{Heap after GC invocations=8 (full 0):
 garbage-first heap   total 129024K, used 23187K [0x00000000a0000000, 0x0000000100000000)
  region size 1024K, 5 young (5120K), 5 survivors (5120K)
 Metaspace       used 39575K, capacity 40119K, committed 40448K, reserved 1085440K
  class space    used 5071K, capacity 5266K, committed 5376K, reserved 1048576K
}
Event: 13.046 GC heap before
{Heap before GC invocations=8 (full 0):
 garbage-first heap   total 129024K, used 79507K [0x00000000a0000000, 0x0000000100000000)
  region size 1024K, 59 young (60416K), 5 survivors (5120K)
 Metaspace       used 46256K, capacity 47127K, committed 47232K, reserved 1089536K
  class space    used 5865K, capacity 6177K, committed 6272K, reserved 1048576K
}
Event: 13.056 GC heap after
{Heap after GC invocations=9 (full 0):
 garbage-first heap   total 129024K, used 32039K [0x00000000a0000000, 0x0000000100000000)
  region size 1024K, 8 young (8192K), 8 survivors (8192K)
 Metaspace       used 46256K, capacity 47127K, committed 47232K, reserved 1089536K
  class space    used 5865K, capacity 6177K, committed 6272K, reserved 1048576K
}
Event: 14.144 GC heap before
{Heap before GC invocations=9 (full 0):
 garbage-first heap   total 129024K, used 84263K [0x00000000a0000000, 0x0000000100000000)
  region size 1024K, 59 young (60416K), 8 survivors (8192K)
 Metaspace       used 51661K, capacity 52657K, committed 52736K, reserved 1095680K
  class space    used 6539K, capacity 6904K, committed 6912K, reserved 1048576K
}
Event: 14.154 GC heap after
{Heap after GC invocations=10 (full 0):
 garbage-first heap   total 129024K, used 36327K [0x00000000a0000000, 0x0000000100000000)
  region size 1024K, 4 young (4096K), 4 survivors (4096K)
 Metaspace       used 51661K, capacity 52657K, committed 52736K, reserved 1095680K
  class space    used 6539K, capacity 6904K, committed 6912K, reserved 1048576K
}
Event: 15.618 GC heap before
{Heap before GC invocations=10 (full 0):
 garbage-first heap   total 129024K, used 88551K [0x00000000a0000000, 0x0000000100000000)
  region size 1024K, 54 young (55296K), 4 survivors (4096K)
 Metaspace       used 53629K, capacity 54773K, committed 54912K, reserved 1097728K
  class space    used 6785K, capacity 7184K, committed 7296K, reserved 1048576K
}
Event: 15.627 GC heap after
{Heap after GC invocations=11 (full 0):
 garbage-first heap   total 129024K, used 44350K [0x00000000a0000000, 0x0000000100000000)
  region size 1024K, 7 young (7168K), 7 survivors (7168K)
 Metaspace       used 53629K, capacity 54773K, committed 54912K, reserved 1097728K
  class space    used 6785K, capacity 7184K, committed 7296K, reserved 1048576K
}
Event: 16.562 GC heap before
{Heap before GC invocations=11 (full 0):
 garbage-first heap   total 129024K, used 91454K [0x00000000a0000000, 0x0000000100000000)
  region size 1024K, 53 young (54272K), 7 survivors (7168K)
 Metaspace       used 58289K, capacity 59693K, committed 59904K, reserved 1101824K
  class space    used 7426K, capacity 7895K, committed 7936K, reserved 1048576K
}
Event: 16.571 GC heap after
{Heap after GC invocations=12 (full 0):
 garbage-first heap   total 129024K, used 48243K [0x00000000a0000000, 0x0000000100000000)
  region size 1024K, 4 young (4096K), 4 survivors (4096K)
 Metaspace       used 58289K, capacity 59693K, committed 59904K, reserved 1101824K
  class space    used 7426K, capacity 7895K, committed 7936K, reserved 1048576K
}
Event: 16.618 GC heap before
{Heap before GC invocations=12 (full 0):
 garbage-first heap   total 129024K, used 50291K [0x00000000a0000000, 0x0000000100000000)
  region size 1024K, 7 young (7168K), 4 survivors (4096K)
 Metaspace       used 58483K, capacity 59853K, committed 59904K, reserved 1101824K
  class space    used 7450K, capacity 7927K, committed 7936K, reserved 1048576K
}
Event: 16.626 GC heap after
{Heap after GC invocations=13 (full 0):
 garbage-first heap   total 129024K, used 48266K [0x00000000a0000000, 0x0000000100000000)
  region size 1024K, 4 young (4096K), 4 survivors (4096K)
 Metaspace       used 58483K, capacity 59853K, committed 59904K, reserved 1101824K
  class space    used 7450K, capacity 7927K, committed 7936K, reserved 1048576K
}
Event: 17.413 GC heap before
{Heap before GC invocations=14 (full 0):
 garbage-first heap   total 129024K, used 93322K [0x00000000a0000000, 0x0000000100000000)
  region size 1024K, 48 young (49152K), 4 survivors (4096K)
 Metaspace       used 61367K, capacity 62739K, committed 62968K, reserved 1103872K
  class space    used 7882K, capacity 8377K, committed 8440K, reserved 1048576K
}
Event: 17.421 GC heap after
{Heap after GC invocations=15 (full 0):
 garbage-first heap   total 129024K, used 51827K [0x00000000a0000000, 0x0000000100000000)
  region size 1024K, 5 young (5120K), 5 survivors (5120K)
 Metaspace       used 61367K, capacity 62739K, committed 62968K, reserved 1103872K
  class space    used 7882K, capacity 8377K, committed 8440K, reserved 1048576K
}
Event: 18.376 GC heap before
{Heap before GC invocations=15 (full 0):
 garbage-first heap   total 129024K, used 95859K [0x00000000a0000000, 0x0000000100000000)
  region size 1024K, 48 young (49152K), 5 survivors (5120K)
 Metaspace       used 65053K, capacity 66667K, committed 66936K, reserved 1107968K
  class space    used 8389K, capacity 8974K, committed 9080K, reserved 1048576K
}
Event: 18.382 GC heap after
{Heap after GC invocations=16 (full 0):
 garbage-first heap   total 129024K, used 55592K [0x00000000a0000000, 0x0000000100000000)
  region size 1024K, 4 young (4096K), 4 survivors (4096K)
 Metaspace       used 65053K, capacity 66667K, committed 66936K, reserved 1107968K
  class space    used 8389K, capacity 8974K, committed 9080K, reserved 1048576K
}
Event: 20.340 GC heap before
{Heap before GC invocations=16 (full 0):
 garbage-first heap   total 129024K, used 98600K [0x00000000a0000000, 0x0000000100000000)
  region size 1024K, 46 young (47104K), 4 survivors (4096K)
 Metaspace       used 68606K, capacity 70383K, committed 70520K, reserved 1110016K
  class space    used 8917K, capacity 9532K, committed 9592K, reserved 1048576K
}
Event: 20.347 GC heap after
{Heap after GC invocations=17 (full 0):
 garbage-first heap   total 129024K, used 59252K [0x00000000a0000000, 0x0000000100000000)
  region size 1024K, 4 young (4096K), 4 survivors (4096K)
 Metaspace       used 68606K, capacity 70383K, committed 70520K, reserved 1110016K
  class space    used 8917K, capacity 9532K, committed 9592K, reserved 1048576K
}

Deoptimization events (20 events):
Event: 20.595 Thread 0x0000020e5aeb9800 DEOPT PACKING pc=0x0000020e41c2b321 sp=0x000000b9efefe050
Event: 20.595 Thread 0x0000020e5aeb9800 DEOPT UNPACKING pc=0x0000020e40938ede sp=0x000000b9efefd4e8 mode 0
Event: 20.648 Thread 0x0000020e5a111000 Uncommon trap: trap_request=0xffffffbe fr.pc=0x0000020e486d0fa4 relative=0x0000000000000264
Event: 20.648 Thread 0x0000020e5a111000 Uncommon trap: reason=profile_predicate action=maybe_recompile pc=0x0000020e486d0fa4 method=java.util.regex.Pattern$Slice.match(Ljava/util/regex/Matcher;ILjava/lang/CharSequence;)Z @ 18 c2
Event: 20.648 Thread 0x0000020e5a111000 DEOPT PACKING pc=0x0000020e486d0fa4 sp=0x000000b9f11ed600
Event: 20.648 Thread 0x0000020e5a111000 DEOPT UNPACKING pc=0x0000020e409183af sp=0x000000b9f11ed570 mode 2
Event: 20.648 Thread 0x0000020e5a111000 Uncommon trap: trap_request=0xffffffbe fr.pc=0x0000020e486d0fa4 relative=0x0000000000000264
Event: 20.648 Thread 0x0000020e5a111000 Uncommon trap: reason=profile_predicate action=maybe_recompile pc=0x0000020e486d0fa4 method=java.util.regex.Pattern$Slice.match(Ljava/util/regex/Matcher;ILjava/lang/CharSequence;)Z @ 18 c2
Event: 20.648 Thread 0x0000020e5a111000 DEOPT PACKING pc=0x0000020e486d0fa4 sp=0x000000b9f11ed3f0
Event: 20.648 Thread 0x0000020e5a111000 DEOPT UNPACKING pc=0x0000020e409183af sp=0x000000b9f11ed360 mode 2
Event: 20.648 Thread 0x0000020e5a111000 Uncommon trap: trap_request=0xffffffbe fr.pc=0x0000020e486d0fa4 relative=0x0000000000000264
Event: 20.648 Thread 0x0000020e5a111000 Uncommon trap: reason=profile_predicate action=maybe_recompile pc=0x0000020e486d0fa4 method=java.util.regex.Pattern$Slice.match(Ljava/util/regex/Matcher;ILjava/lang/CharSequence;)Z @ 18 c2
Event: 20.648 Thread 0x0000020e5a111000 DEOPT PACKING pc=0x0000020e486d0fa4 sp=0x000000b9f11fcf90
Event: 20.648 Thread 0x0000020e5a111000 DEOPT UNPACKING pc=0x0000020e409183af sp=0x000000b9f11fcf00 mode 2
Event: 20.714 Thread 0x0000020e5a111000 Uncommon trap: trap_request=0xffffffbe fr.pc=0x0000020e486d0fa4 relative=0x0000000000000264
Event: 20.714 Thread 0x0000020e5a111000 Uncommon trap: reason=profile_predicate action=maybe_recompile pc=0x0000020e486d0fa4 method=java.util.regex.Pattern$Slice.match(Ljava/util/regex/Matcher;ILjava/lang/CharSequence;)Z @ 18 c2
Event: 20.714 Thread 0x0000020e5a111000 DEOPT PACKING pc=0x0000020e486d0fa4 sp=0x000000b9f11ed620
Event: 20.714 Thread 0x0000020e5a111000 DEOPT UNPACKING pc=0x0000020e409183af sp=0x000000b9f11ed590 mode 2
Event: 20.858 Thread 0x0000020e5a111000 DEOPT PACKING pc=0x0000020e41badde8 sp=0x000000b9f11fd200
Event: 20.858 Thread 0x0000020e5a111000 DEOPT UNPACKING pc=0x0000020e40938ede sp=0x000000b9f11fc710 mode 0

Classes redefined (0 events):
No events

Internal exceptions (20 events):
Event: 21.170 Thread 0x0000020e5a111000 Exception <a 'java/lang/ClassNotFoundException'{0x00000000a60777d8}: org/gradle/process/internal/DefaultExecActionBeanInfo> (0x00000000a60777d8) thrown at [./src/hotspot/share/classfile/systemDictionary.cpp, line 231]
Event: 21.171 Thread 0x0000020e5a111000 Exception <a 'java/lang/ClassNotFoundException'{0x00000000a6097f50}: org/gradle/process/internal/DefaultExecHandleBuilderBeanInfo> (0x00000000a6097f50) thrown at [./src/hotspot/share/classfile/systemDictionary.cpp, line 231]
Event: 21.173 Thread 0x0000020e5a111000 Exception <a 'java/lang/ClassNotFoundException'{0x00000000a60b8ed8}: org/gradle/process/internal/AbstractExecHandleBuilderBeanInfo> (0x00000000a60b8ed8) thrown at [./src/hotspot/share/classfile/systemDictionary.cpp, line 231]
Event: 21.174 Thread 0x0000020e5a111000 Exception <a 'java/lang/ClassNotFoundException'{0x00000000a60d9e68}: org/gradle/process/internal/DefaultProcessForkOptionsBeanInfo> (0x00000000a60d9e68) thrown at [./src/hotspot/share/classfile/systemDictionary.cpp, line 231]
Event: 21.174 Thread 0x0000020e5a111000 Exception <a 'java/lang/ClassNotFoundException'{0x00000000a60fb0f0}: org/gradle/process/internal/DefaultProcessForkOptionsCustomizer> (0x00000000a60fb0f0) thrown at [./src/hotspot/share/classfile/systemDictionary.cpp, line 231]
Event: 21.177 Thread 0x0000020e5a111000 Exception <a 'java/lang/ClassNotFoundException'{0x00000000a5f28710}: org/gradle/process/internal/AbstractExecHandleBuilderCustomizer> (0x00000000a5f28710) thrown at [./src/hotspot/share/classfile/systemDictionary.cpp, line 231]
Event: 21.179 Thread 0x0000020e5a111000 Exception <a 'java/lang/ClassNotFoundException'{0x00000000a5f5a5b8}: org/gradle/process/internal/DefaultExecHandleBuilderCustomizer> (0x00000000a5f5a5b8) thrown at [./src/hotspot/share/classfile/systemDictionary.cpp, line 231]
Event: 21.181 Thread 0x0000020e5a111000 Exception <a 'java/lang/ClassNotFoundException'{0x00000000a5fa4fe8}: org/gradle/process/internal/DefaultExecActionCustomizer> (0x00000000a5fa4fe8) thrown at [./src/hotspot/share/classfile/systemDictionary.cpp, line 231]
Event: 21.183 Thread 0x0000020e5a111000 Exception <a 'java/lang/ClassNotFoundException'{0x00000000a5fce688}: org/gradle/process/internal/DefaultExecAction_DecoratedCustomizer> (0x00000000a5fce688) thrown at [./src/hotspot/share/classfile/systemDictionary.cpp, line 231]
Event: 21.186 Thread 0x0000020e5a111000 Exception <a 'java/lang/ClassNotFoundException'{0x00000000a5e0db10}: org/gradle/api/logging/LogLevelBeanInfo> (0x00000000a5e0db10) thrown at [./src/hotspot/share/classfile/systemDictionary.cpp, line 231]
Event: 21.187 Thread 0x0000020e5a111000 Exception <a 'java/lang/ClassNotFoundException'{0x00000000a5e16418}: java/lang/EnumBeanInfo> (0x00000000a5e16418) thrown at [./src/hotspot/share/classfile/systemDictionary.cpp, line 231]
Event: 21.189 Thread 0x0000020e5a111000 Exception <a 'java/lang/ClassNotFoundException'{0x00000000a5e1ed58}: java/lang/EnumCustomizer> (0x00000000a5e1ed58) thrown at [./src/hotspot/share/classfile/systemDictionary.cpp, line 231]
Event: 21.191 Thread 0x0000020e5a111000 Exception <a 'java/lang/ClassNotFoundException'{0x00000000a5e3f398}: org/gradle/api/logging/LogLevelCustomizer> (0x00000000a5e3f398) thrown at [./src/hotspot/share/classfile/systemDictionary.cpp, line 231]
Event: 21.195 Thread 0x0000020e5a111000 Exception <a 'java/lang/ClassNotFoundException'{0x00000000a5e8a7e0}: org/gradle/internal/logging/compatbridge/LoggingManagerInternalCompatibilityBridgeBeanInfo> (0x00000000a5e8a7e0) thrown at [./src/hotspot/share/classfile/systemDictionary.cpp, line 231]
Event: 21.196 Thread 0x0000020e5a111000 Exception <a 'java/lang/ClassNotFoundException'{0x00000000a5eb0240}: org/gradle/internal/logging/compatbridge/LoggingManagerInternalCompatibilityBridgeCustomizer> (0x00000000a5eb0240) thrown at [./src/hotspot/share/classfile/systemDictionary.cpp, line 231]
Event: 21.349 Thread 0x0000020e5a10f800 Exception <a 'java/lang/NoSuchMethodError'{0x00000000a5d2be18}: 'void java.lang.invoke.DirectMethodHandle$Holder.invokeStatic(java.lang.Object, long)'> (0x00000000a5d2be18) thrown at [./src/hotspot/share/interpreter/linkResolver.cpp, line 773]
Event: 21.350 Thread 0x0000020e5a10f800 Exception <a 'java/lang/NoSuchMethodError'{0x00000000a5d30ef0}: 'java.lang.Object java.lang.invoke.DirectMethodHandle$Holder.invokeStatic(java.lang.Object, long)'> (0x00000000a5d30ef0) thrown at [./src/hotspot/share/interpreter/linkResolver.cpp, line 773]
Event: 21.350 Thread 0x0000020e5a10f800 Exception <a 'java/lang/NoSuchMethodError'{0x00000000a5d34218}: 'java.lang.Object java.lang.invoke.DirectMethodHandle$Holder.invokeSpecial(java.lang.Object, java.lang.Object, long)'> (0x00000000a5d34218) thrown at [./src/hotspot/share/interpreter/linkResolver.cpp, line 773]
Event: 21.355 Thread 0x0000020e5a10f800 Exception <a 'java/lang/NoSuchMethodError'{0x00000000a5d3bd08}: 'java.lang.Object java.lang.invoke.DirectMethodHandle$Holder.invokeStatic(java.lang.Object, java.lang.Object, long, java.lang.Object)'> (0x00000000a5d3bd08) thrown at [./src/hotspot/share/interpreter/linkResolver.cpp, line 773]
Event: 21.357 Thread 0x0000020e5a10f800 Exception <a 'java/lang/NoSuchMethodError'{0x00000000a5d3edf0}: 'java.lang.Object java.lang.invoke.DirectMethodHandle$Holder.invokeStaticInit(java.lang.Object, java.lang.Object, long, java.lang.Object)'> (0x00000000a5d3edf0) thrown at [./src/hotspot/share/interpreter/linkResolver.cpp, line 773]

Events (20 events):
Event: 21.358 loading class java/lang/ProcessImpl$2
Event: 21.358 loading class java/lang/ProcessImpl$2 done
Event: 21.358 loading class java/lang/Process$PipeInputStream
Event: 21.359 loading class java/lang/Process$PipeInputStream done
Event: 21.359 Executing VM operation: Deoptimize
Event: 21.360 Executing VM operation: Deoptimize done
Event: 21.361 loading class org/gradle/process/internal/streams/ExecOutputHandleRunner
Event: 21.361 loading class org/gradle/process/internal/streams/ExecOutputHandleRunner done
Event: 21.363 Thread 0x0000020e5a112800 Thread added: 0x0000020e5a112800
Event: 21.363 Thread 0x0000020e5a10d800 Thread added: 0x0000020e5a10d800
Event: 22.717 loading class org/gradle/workers/internal/WorkerDaemonExpiration$SimpleMemoryExpirationSelector
Event: 22.717 loading class org/gradle/workers/internal/WorkerDaemonExpiration$SimpleMemoryExpirationSelector done
Event: 22.718 loading class org/gradle/workers/internal/WorkerDaemonClientsManager$1
Event: 22.718 loading class org/gradle/workers/internal/WorkerDaemonClientsManager$1 done
Event: 22.719 loading class org/gradle/process/internal/health/memory/JvmMemoryStatusSnapshot
Event: 22.719 loading class org/gradle/process/internal/health/memory/JvmMemoryStatusSnapshot done
Event: 31.084 loading class org/gradle/internal/logging/events/StyledTextOutputEvent$Span
Event: 31.084 loading class org/gradle/internal/logging/events/StyledTextOutputEvent$Span done
Event: 31.085 loading class org/gradle/internal/logging/events/operations/StyledTextBuildOperationProgressDetails$Span
Event: 31.085 loading class org/gradle/internal/logging/events/operations/StyledTextBuildOperationProgressDetails$Span done


Dynamic libraries:
0x00007ff65a770000 - 0x00007ff65a77a000 	C:\Program Files\Android\Android Studio\jre\bin\java.exe
0x00007ffc639d0000 - 0x00007ffc63bc5000 	C:\WINDOWS\SYSTEM32\ntdll.dll
0x00007ffc2d180000 - 0x00007ffc2d195000 	C:\Program Files\Avast Software\Avast\aswhook.dll
0x00007ffc61a30000 - 0x00007ffc61aed000 	C:\WINDOWS\System32\KERNEL32.DLL
0x00007ffc614e0000 - 0x00007ffc617a9000 	C:\WINDOWS\System32\KERNELBASE.dll
0x00007ffc61930000 - 0x00007ffc61a30000 	C:\WINDOWS\System32\ucrtbase.dll
0x00007ffc41020000 - 0x00007ffc41039000 	C:\Program Files\Android\Android Studio\jre\bin\jli.dll
0x00007ffc410a0000 - 0x00007ffc410b7000 	C:\Program Files\Android\Android Studio\jre\bin\VCRUNTIME140.dll
0x00007ffc62b00000 - 0x00007ffc62ca0000 	C:\WINDOWS\System32\USER32.dll
0x00007ffc61370000 - 0x00007ffc61392000 	C:\WINDOWS\System32\win32u.dll
0x00007ffc63960000 - 0x00007ffc6398a000 	C:\WINDOWS\System32\GDI32.dll
0x00007ffc61260000 - 0x00007ffc6136b000 	C:\WINDOWS\System32\gdi32full.dll
0x00007ffc61830000 - 0x00007ffc618cd000 	C:\WINDOWS\System32\msvcp_win.dll
0x00007ffc39e40000 - 0x00007ffc3a0da000 	C:\WINDOWS\WinSxS\amd64_microsoft.windows.common-controls_6595b64144ccf1df_6.0.19041.1110_none_60b5254171f9507e\COMCTL32.dll
0x00007ffc628c0000 - 0x00007ffc6295e000 	C:\WINDOWS\System32\msvcrt.dll
0x00007ffc63400000 - 0x00007ffc63430000 	C:\WINDOWS\System32\IMM32.DLL
0x00007ffc1cd30000 - 0x00007ffc1cdcd000 	C:\Program Files\Android\Android Studio\jre\bin\msvcp140.dll
0x00007ffc15350000 - 0x00007ffc15e1f000 	C:\Program Files\Android\Android Studio\jre\bin\server\jvm.dll
0x00007ffc62410000 - 0x00007ffc624bc000 	C:\WINDOWS\System32\ADVAPI32.dll
0x00007ffc63660000 - 0x00007ffc636fb000 	C:\WINDOWS\System32\sechost.dll
0x00007ffc622e0000 - 0x00007ffc6240a000 	C:\WINDOWS\System32\RPCRT4.dll
0x00007ffc622d0000 - 0x00007ffc622d8000 	C:\WINDOWS\System32\PSAPI.DLL
0x00007ffc47650000 - 0x00007ffc47659000 	C:\WINDOWS\SYSTEM32\WSOCK32.dll
0x00007ffc60c30000 - 0x00007ffc60c3a000 	C:\WINDOWS\SYSTEM32\VERSION.dll
0x00007ffc3bf10000 - 0x00007ffc3bf37000 	C:\WINDOWS\SYSTEM32\WINMM.dll
0x00007ffc62530000 - 0x00007ffc6259b000 	C:\WINDOWS\System32\WS2_32.dll
0x00007ffc5f920000 - 0x00007ffc5f932000 	C:\WINDOWS\SYSTEM32\kernel.appcore.dll
0x00007ffc3e690000 - 0x00007ffc3e6a1000 	C:\Program Files\Android\Android Studio\jre\bin\verify.dll
0x00007ffc5f5b0000 - 0x00007ffc5f794000 	C:\WINDOWS\SYSTEM32\DBGHELP.DLL
0x00007ffc49b10000 - 0x00007ffc49b3c000 	C:\WINDOWS\SYSTEM32\dbgcore.DLL
0x00007ffc61450000 - 0x00007ffc614d3000 	C:\WINDOWS\System32\bcryptPrimitives.dll
0x00007ffc34b80000 - 0x00007ffc34ba9000 	C:\Program Files\Android\Android Studio\jre\bin\java.dll
0x00007ffc5cba0000 - 0x00007ffc5cbab000 	C:\Program Files\Android\Android Studio\jre\bin\jimage.dll
0x00007ffc3c2f0000 - 0x00007ffc3c308000 	C:\Program Files\Android\Android Studio\jre\bin\zip.dll
0x00007ffc62cc0000 - 0x00007ffc633ff000 	C:\WINDOWS\System32\SHELL32.dll
0x00007ffc5ed00000 - 0x00007ffc5f490000 	C:\WINDOWS\SYSTEM32\windows.storage.dll
0x00007ffc61af0000 - 0x00007ffc61e45000 	C:\WINDOWS\System32\combase.dll
0x00007ffc60a80000 - 0x00007ffc60aac000 	C:\WINDOWS\SYSTEM32\Wldp.dll
0x00007ffc62810000 - 0x00007ffc628be000 	C:\WINDOWS\System32\SHCORE.dll
0x00007ffc63820000 - 0x00007ffc63875000 	C:\WINDOWS\System32\shlwapi.dll
0x00007ffc61040000 - 0x00007ffc6105f000 	C:\WINDOWS\SYSTEM32\profapi.dll
0x00007ffc39a80000 - 0x00007ffc39a9a000 	C:\Program Files\Android\Android Studio\jre\bin\net.dll
0x00007ffc5b900000 - 0x00007ffc5ba08000 	C:\WINDOWS\SYSTEM32\WINHTTP.dll
0x00007ffc607e0000 - 0x00007ffc6084a000 	C:\WINDOWS\system32\mswsock.dll
0x00007ffc340b0000 - 0x00007ffc340c4000 	C:\Program Files\Android\Android Studio\jre\bin\nio.dll
0x00007ffc33f20000 - 0x00007ffc33f46000 	C:\Users\SAMUELLA M. AGLAGO\.gradle\native\29\windows-amd64\native-platform.dll
0x00007ffc5c5c0000 - 0x00007ffc5c5ca000 	C:\Program Files\Android\Android Studio\jre\bin\management.dll
0x00007ffc49860000 - 0x00007ffc4986c000 	C:\Program Files\Android\Android Studio\jre\bin\management_ext.dll
0x00007ffc609d0000 - 0x00007ffc609e8000 	C:\WINDOWS\SYSTEM32\CRYPTSP.dll
0x00007ffc60100000 - 0x00007ffc60134000 	C:\WINDOWS\system32\rsaenh.dll
0x00007ffc61800000 - 0x00007ffc61827000 	C:\WINDOWS\System32\bcrypt.dll
0x00007ffc60fc0000 - 0x00007ffc60fee000 	C:\WINDOWS\SYSTEM32\USERENV.dll
0x00007ffc609f0000 - 0x00007ffc609fc000 	C:\WINDOWS\SYSTEM32\CRYPTBASE.dll
0x00007ffc604d0000 - 0x00007ffc6050b000 	C:\WINDOWS\SYSTEM32\IPHLPAPI.DLL
0x00007ffc624c0000 - 0x00007ffc624c8000 	C:\WINDOWS\System32\NSI.dll
0x00007ffc54e30000 - 0x00007ffc54e47000 	C:\WINDOWS\SYSTEM32\dhcpcsvc6.DLL
0x00007ffc55140000 - 0x00007ffc5515d000 	C:\WINDOWS\SYSTEM32\dhcpcsvc.DLL
0x00007ffc60510000 - 0x00007ffc605dc000 	C:\WINDOWS\SYSTEM32\DNSAPI.dll

dbghelp: loaded successfully - version: 4.0.5 - missing functions: none
symbol engine: initialized successfully - sym options: 0x614 - pdb path: .;C:\Program Files\Android\Android Studio\jre\bin;C:\WINDOWS\SYSTEM32;C:\Program Files\Avast Software\Avast;C:\WINDOWS\WinSxS\amd64_microsoft.windows.common-controls_6595b64144ccf1df_6.0.19041.1110_none_60b5254171f9507e;C:\Program Files\Android\Android Studio\jre\bin\server;C:\Users\SAMUELLA M. AGLAGO\.gradle\native\29\windows-amd64

VM Arguments:
jvm_args: --add-opens=java.base/java.util=ALL-UNNAMED --add-opens=java.base/java.lang=ALL-UNNAMED --add-opens=java.base/java.lang.invoke=ALL-UNNAMED --add-opens=java.prefs/java.util.prefs=ALL-UNNAMED -Xmx1536M -Dfile.encoding=windows-1252 -Duser.country=US -Duser.language=en -Duser.variant 
java_command: org.gradle.launcher.daemon.bootstrap.GradleDaemon 5.4.1
java_class_path (initial): C:\Users\SAMUELLA M. AGLAGO\.gradle\wrapper\dists\gradle-5.4.1-all\3221gyojl5jsh0helicew7rwx\gradle-5.4.1\lib\gradle-launcher-5.4.1.jar
Launcher Type: SUN_STANDARD

[Global flags]
     intx CICompilerCount                          = 4                                         {product} {ergonomic}
     uint ConcGCThreads                            = 2                                         {product} {ergonomic}
     uint G1ConcRefinementThreads                  = 8                                         {product} {ergonomic}
   size_t G1HeapRegionSize                         = 1048576                                   {product} {ergonomic}
    uintx GCDrainStackTargetSize                   = 64                                        {product} {ergonomic}
   size_t InitialHeapSize                          = 132120576                                 {product} {ergonomic}
   size_t MarkStackSize                            = 4194304                                   {product} {ergonomic}
   size_t MaxHeapSize                              = 1610612736                                {product} {command line}
   size_t MaxNewSize                               = 965738496                                 {product} {ergonomic}
   size_t MinHeapDeltaBytes                        = 1048576                                   {product} {ergonomic}
    uintx NonNMethodCodeHeapSize                   = 5836300                                {pd product} {ergonomic}
    uintx NonProfiledCodeHeapSize                  = 122910970                              {pd product} {ergonomic}
    uintx ProfiledCodeHeapSize                     = 122910970                              {pd product} {ergonomic}
    uintx ReservedCodeCacheSize                    = 251658240                              {pd product} {ergonomic}
     bool SegmentedCodeCache                       = true                                      {product} {ergonomic}
     bool UseCompressedClassPointers               = true                                 {lp64_product} {ergonomic}
     bool UseCompressedOops                        = true                                 {lp64_product} {ergonomic}
     bool UseG1GC                                  = true                                      {product} {ergonomic}
     bool UseLargePagesIndividualAllocation        = false                                  {pd product} {ergonomic}

Logging:
Log output configuration:
 #0: stdout all=warning uptime,level,tags
 #1: stderr all=off uptime,level,tags

Environment Variables:
JAVA_HOME=C:\Program Files\Android\Android Studio\jre
CLASSPATH=D:\Android\PROJECTS\bmi-calculator-flutter\android\\gradle\wrapper\gradle-wrapper.jar
PATH=C:\Program Files\Common Files\Oracle\Java\javapath;C:\WINDOWS\system32;C:\WINDOWS;C:\WINDOWS\System32\Wbem;C:\WINDOWS\System32\WindowsPowerShell\v1.0\;C:\WINDOWS\System32\OpenSSH\;C:\Program Files (x86)\nodejs\;C:\Program Files\Git\cmd;C:\HashiCorp\Vagrant\bin;D:\Android\FLUTTER_FILES\flutter\bin;C:\Users\SAMUELLA M. AGLAGO\AppData\Local\Microsoft\WindowsApps;C:\Users\SAMUELLA M. AGLAGO\AppData\Roaming\npm;C:\Users\SAMUELLA M. AGLAGO\AppData\Local\Programs\Microsoft VS Code\bin;C:\Users\SAMUELLA M. AGLAGO\AppData\Local\Programs\MiKTeX\miktex\bin\x64\;C:\Users\SAMUELLA M. AGLAGO\Desktop\miktex\miktex\bin\x64\;;D:\Android\FLUTTER_FILES\flutter\bin\mingit\cmd
USERNAME=SAMUELLA M. AGLAGO
OS=Windows_NT
PROCESSOR_IDENTIFIER=Intel64 Family 6 Model 126 Stepping 5, GenuineIntel



---------------  S Y S T E M  ---------------

OS: Windows 10 , 64 bit Build 19041 (10.0.19041.1151)
OS uptime: 2 days 5:41 hours

CPU:total 8 (initial active 8) (4 cores per cpu, 2 threads per core) family 6 model 126 stepping 5 microcode 0xa0, cmov, cx8, fxsr, mmx, sse, sse2, sse3, ssse3, sse4.1, sse4.2, popcnt, avx, avx2, aes, clmul, erms, 3dnowpref, lzcnt, ht, tsc, tscinvbit, bmi1, bmi2, adx, evex, sha, fma

Memory: 4k page, system-wide physical 7973M (106M free)
TotalPageFile size 31910M (AvailPageFile size 0M)
current process WorkingSet (physical memory assigned to process): 296M, peak: 321M
current process commit charge ("private bytes"): 339M, peak: 360M

vm_info: OpenJDK 64-Bit Server VM (11.0.10+0-b96-7249189) for windows-amd64 JRE (11.0.10+0-b96-7249189), built on Mar 31 2021 21:44:00 by "builder" with MS VC++ 14.0 (VS2015)

END.
