#
# There is insufficient memory for the Java Runtime Environment to continue.
# Native memory allocation (malloc) failed to allocate 32744 bytes for ChunkPool::allocate
# Possible reasons:
#   The system is out of physical RAM or swap space
#   The process is running with CompressedOops enabled, and the Java Heap may be blocking the growth of the native heap
# Possible solutions:
#   Reduce memory load on the system
#   Increase physical memory or swap space
#   Check if swap backing store is full
#   Decrease Java heap size (-Xmx/-Xms)
#   Decrease number of Java threads
#   Decrease Java thread stack sizes (-Xss)
#   Set larger code cache with -XX:ReservedCodeCacheSize=
#   JVM is running with Unscaled Compressed Oops mode in which the Java heap is
#     placed in the first 4GB address space. The Java Heap base address is the
#     maximum limit for the native heap growth. Please use -XX:HeapBaseMinAddress
#     to set the Java Heap base and to place the Java Heap above 4GB virtual address.
# This output file may be truncated or incomplete.
#
#  Out of Memory Error (./src/hotspot/share/memory/arena.cpp:81), pid=23740, tid=25572
#
# JRE version: OpenJDK Runtime Environment (11.0.10) (build 11.0.10+0-b96-7249189)
# Java VM: OpenJDK 64-Bit Server VM (11.0.10+0-b96-7249189, mixed mode, tiered, compressed oops, g1 gc, windows-amd64)
# No core dump will be written. Minidumps are not enabled by default on client versions of Windows
#

---------------  S U M M A R Y ------------

Command Line: --add-opens=java.base/java.util=ALL-UNNAMED --add-opens=java.base/java.lang=ALL-UNNAMED --add-opens=java.base/java.lang.invoke=ALL-UNNAMED --add-opens=java.prefs/java.util.prefs=ALL-UNNAMED -Xmx1536M -Dfile.encoding=windows-1252 -Duser.country=US -Duser.language=en -Duser.variant org.gradle.launcher.daemon.bootstrap.GradleDaemon 5.4.1

Host: Intel(R) Core(TM) i5-1035G1 CPU @ 1.00GHz, 8 cores, 7G,  Windows 10 , 64 bit Build 19041 (10.0.19041.1151)
Time: Sun Aug 22 22:33:33 2021 Greenwich Standard Time elapsed time: 32.817835 seconds (0d 0h 0m 32s)

---------------  T H R E A D  ---------------

Current thread (0x0000021f2e8e7800):  JavaThread "C1 CompilerThread0" daemon [_thread_in_native, id=25572, stack(0x000000cd4b900000,0x000000cd4ba00000)]


Current CompileTask:
C1:  32817 7362       3       sun.management.Util::newObjectName (11 bytes)

Stack: [0x000000cd4b900000,0x000000cd4ba00000]
Native frames: (J=compiled Java code, j=interpreted, Vv=VM code, C=native code)
V  [jvm.dll+0x5ecfaa]
V  [jvm.dll+0x722bd5]
V  [jvm.dll+0x72412d]
V  [jvm.dll+0x7247e3]
V  [jvm.dll+0x242928]
V  [jvm.dll+0xbc75b]
V  [jvm.dll+0xbca0c]
V  [jvm.dll+0x243b31]
V  [jvm.dll+0x243eac]
V  [jvm.dll+0x243689]
V  [jvm.dll+0x139326]
V  [jvm.dll+0x13931a]
V  [jvm.dll+0x13931a]
V  [jvm.dll+0x13931a]
V  [jvm.dll+0x13931a]
V  [jvm.dll+0x13931a]
V  [jvm.dll+0x1392b7]
V  [jvm.dll+0x13ef57]
V  [jvm.dll+0x13f37c]
V  [jvm.dll+0x13f643]
V  [jvm.dll+0x13f48b]
V  [jvm.dll+0x1235a4]
V  [jvm.dll+0x1232c5]
V  [jvm.dll+0x1233e3]
V  [jvm.dll+0x1226f7]
V  [jvm.dll+0x1242c7]
V  [jvm.dll+0x208ee7]
V  [jvm.dll+0x207731]
V  [jvm.dll+0x6eb1cf]
V  [jvm.dll+0x6e3d45]
V  [jvm.dll+0x5ebe96]
C  [ucrtbase.dll+0x21bb2]
C  [KERNEL32.DLL+0x17034]
C  [ntdll.dll+0x52651]


---------------  P R O C E S S  ---------------

Threads class SMR info:
_java_thread_list=0x0000021f394128d0, length=51, elements={
0x0000021f137c3000, 0x0000021f2e8c3800, 0x0000021f2e8ce800, 0x0000021f2e8de000,
0x0000021f2e8e2000, 0x0000021f2e8e3000, 0x0000021f2e8e4000, 0x0000021f2e8e7800,
0x0000021f2e8ed800, 0x0000021f2f3a8000, 0x0000021f2fe08000, 0x0000021f30979800,
0x0000021f30770000, 0x0000021f30993800, 0x0000021f2e891800, 0x0000021f30732000,
0x0000021f30cb5000, 0x0000021f30cb7800, 0x0000021f301ec800, 0x0000021f2fded000,
0x0000021f2fde8000, 0x0000021f2fde7000, 0x0000021f2fdea800, 0x0000021f2fded800,
0x0000021f2fde9000, 0x0000021f2fde9800, 0x0000021f30f23000, 0x0000021f30f24800,
0x0000021f30f29000, 0x0000021f30f24000, 0x0000021f30f29800, 0x0000021f30f27000,
0x0000021f30f2a800, 0x0000021f30f25800, 0x0000021f30f28000, 0x0000021f30f2b000,
0x0000021f30f2c000, 0x0000021f30f26800, 0x0000021f30f2d000, 0x0000021f30f2d800,
0x0000021f30f2e800, 0x0000021f30f31800, 0x0000021f30f30000, 0x0000021f30f31000,
0x0000021f36ee1000, 0x0000021f36ede800, 0x0000021f36edf800, 0x0000021f36edc000,
0x0000021f36ee0000, 0x0000021f36edb800, 0x0000021f36ee2000
}

Java Threads: ( => current thread )
  0x0000021f137c3000 JavaThread "main" [_thread_blocked, id=26480, stack(0x000000cd4ac00000,0x000000cd4ad00000)]
  0x0000021f2e8c3800 JavaThread "Reference Handler" daemon [_thread_blocked, id=12944, stack(0x000000cd4b300000,0x000000cd4b400000)]
  0x0000021f2e8ce800 JavaThread "Finalizer" daemon [_thread_blocked, id=16000, stack(0x000000cd4b400000,0x000000cd4b500000)]
  0x0000021f2e8de000 JavaThread "Signal Dispatcher" daemon [_thread_blocked, id=14148, stack(0x000000cd4b500000,0x000000cd4b600000)]
  0x0000021f2e8e2000 JavaThread "Attach Listener" daemon [_thread_blocked, id=18036, stack(0x000000cd4b600000,0x000000cd4b700000)]
  0x0000021f2e8e3000 JavaThread "Service Thread" daemon [_thread_blocked, id=10600, stack(0x000000cd4b700000,0x000000cd4b800000)]
  0x0000021f2e8e4000 JavaThread "C2 CompilerThread0" daemon [_thread_blocked, id=9068, stack(0x000000cd4b800000,0x000000cd4b900000)]
=>0x0000021f2e8e7800 JavaThread "C1 CompilerThread0" daemon [_thread_in_native, id=25572, stack(0x000000cd4b900000,0x000000cd4ba00000)]
  0x0000021f2e8ed800 JavaThread "Sweeper thread" daemon [_thread_blocked, id=8784, stack(0x000000cd4ba00000,0x000000cd4bb00000)]
  0x0000021f2f3a8000 JavaThread "Common-Cleaner" daemon [_thread_blocked, id=16952, stack(0x000000cd4bb00000,0x000000cd4bc00000)]
  0x0000021f2fe08000 JavaThread "Daemon health stats" [_thread_blocked, id=14444, stack(0x000000cd4bf00000,0x000000cd4c000000)]
  0x0000021f30979800 JavaThread "Incoming local TCP Connector on port 60262" [_thread_in_native, id=20464, stack(0x000000cd4c000000,0x000000cd4c100000)]
  0x0000021f30770000 JavaThread "Daemon periodic checks" [_thread_blocked, id=4676, stack(0x000000cd4c100000,0x000000cd4c200000)]
  0x0000021f30993800 JavaThread "Daemon" [_thread_blocked, id=15236, stack(0x000000cd4c200000,0x000000cd4c300000)]
  0x0000021f2e891800 JavaThread "Handler for socket connection from /127.0.0.1:60262 to /127.0.0.1:60267" [_thread_in_native, id=19860, stack(0x000000cd4c300000,0x000000cd4c400000)]
  0x0000021f30732000 JavaThread "Cancel handler" [_thread_blocked, id=18316, stack(0x000000cd4c400000,0x000000cd4c500000)]
  0x0000021f30cb5000 JavaThread "Daemon worker" [_thread_blocked, id=8772, stack(0x000000cd4c500000,0x000000cd4c600000)]
  0x0000021f30cb7800 JavaThread "Asynchronous log dispatcher for DefaultDaemonConnection: socket connection from /127.0.0.1:60262 to /127.0.0.1:60267" [_thread_blocked, id=26180, stack(0x000000cd4c600000,0x000000cd4c700000)]
  0x0000021f301ec800 JavaThread "Stdin handler" [_thread_blocked, id=25196, stack(0x000000cd4c700000,0x000000cd4c800000)]
  0x0000021f2fded000 JavaThread "Thread-8" [_thread_blocked, id=5188, stack(0x000000cd4c800000,0x000000cd4c900000)]
  0x0000021f2fde8000 JavaThread "Cache worker for file hash cache (C:\Users\SAMUELLA M. AGLAGO\.gradle\caches\5.4.1\fileHashes)" [_thread_blocked, id=13160, stack(0x000000cd4c900000,0x000000cd4ca00000)]
  0x0000021f2fde7000 JavaThread "File lock request listener" [_thread_in_native, id=3092, stack(0x000000cd4ca00000,0x000000cd4cb00000)]
  0x0000021f2fdea800 JavaThread "Cache worker for journal cache (C:\Users\SAMUELLA M. AGLAGO\.gradle\caches\journal-1)" [_thread_blocked, id=1296, stack(0x000000cd4cb00000,0x000000cd4cc00000)]
  0x0000021f2fded800 JavaThread "Cache worker for file hash cache (D:\Android\PROJECTS\bmi-calculator-flutter\android\.gradle\5.4.1\fileHashes)" [_thread_blocked, id=4928, stack(0x000000cd4d200000,0x000000cd4d300000)]
  0x0000021f2fde9000 JavaThread "Cache worker for cache directory md-supplier (C:\Users\SAMUELLA M. AGLAGO\.gradle\caches\5.4.1\md-supplier)" [_thread_blocked, id=3224, stack(0x000000cd4d300000,0x000000cd4d400000)]
  0x0000021f2fde9800 JavaThread "Cache worker for cache directory md-rule (C:\Users\SAMUELLA M. AGLAGO\.gradle\caches\5.4.1\md-rule)" [_thread_blocked, id=22512, stack(0x000000cd4d400000,0x000000cd4d500000)]
  0x0000021f30f23000 JavaThread "Cache worker for execution history cache (C:\Users\SAMUELLA M. AGLAGO\.gradle\caches\5.4.1\executionHistory)" [_thread_blocked, id=4912, stack(0x000000cd4d500000,0x000000cd4d600000)]
  0x0000021f30f24800 JavaThread "Build operations" [_thread_blocked, id=13008, stack(0x000000cd4d600000,0x000000cd4d700000)]
  0x0000021f30f29000 JavaThread "Build operations Thread 2" [_thread_blocked, id=14432, stack(0x000000cd4d700000,0x000000cd4d800000)]
  0x0000021f30f24000 JavaThread "Build operations Thread 3" [_thread_blocked, id=20604, stack(0x000000cd4d800000,0x000000cd4d900000)]
  0x0000021f30f29800 JavaThread "Build operations Thread 4" [_thread_blocked, id=8776, stack(0x000000cd4d900000,0x000000cd4da00000)]
  0x0000021f30f27000 JavaThread "Build operations Thread 5" [_thread_blocked, id=4604, stack(0x000000cd4da00000,0x000000cd4db00000)]
  0x0000021f30f2a800 JavaThread "Build operations Thread 6" [_thread_blocked, id=9952, stack(0x000000cd4db00000,0x000000cd4dc00000)]
  0x0000021f30f25800 JavaThread "Build operations Thread 7" [_thread_blocked, id=6596, stack(0x000000cd4dc00000,0x000000cd4dd00000)]
  0x0000021f30f28000 JavaThread "Build operations Thread 8" [_thread_blocked, id=5164, stack(0x000000cd4dd00000,0x000000cd4de00000)]
  0x0000021f30f2b000 JavaThread "pool-1-thread-1" [_thread_blocked, id=4892, stack(0x000000cd4df00000,0x000000cd4e000000)]
  0x0000021f30f2c000 JavaThread "Cache worker for Build Output Cleanup Cache (D:\Android\PROJECTS\bmi-calculator-flutter\android\.gradle\buildOutputCleanup)" [_thread_blocked, id=23472, stack(0x000000cd4e000000,0x000000cd4e100000)]
  0x0000021f30f26800 JavaThread "Memory manager" [_thread_blocked, id=15224, stack(0x000000cd4e100000,0x000000cd4e200000)]
  0x0000021f30f2d000 JavaThread "Cache worker for file content cache (C:\Users\SAMUELLA M. AGLAGO\.gradle\caches\5.4.1\fileContent)" [_thread_blocked, id=24608, stack(0x000000cd4e200000,0x000000cd4e300000)]
  0x0000021f30f2d800 JavaThread "Cache worker for file content cache (D:\Android\PROJECTS\bmi-calculator-flutter\android\.gradle\5.4.1\fileContent)" [_thread_blocked, id=14684, stack(0x000000cd4e300000,0x000000cd4e400000)]
  0x0000021f30f2e800 JavaThread "Execution worker for ':'" [_thread_blocked, id=20284, stack(0x000000cd4e400000,0x000000cd4e500000)]
  0x0000021f30f31800 JavaThread "Execution worker for ':' Thread 2" [_thread_blocked, id=8436, stack(0x000000cd4e500000,0x000000cd4e600000)]
  0x0000021f30f30000 JavaThread "Execution worker for ':' Thread 3" [_thread_blocked, id=5008, stack(0x000000cd4e600000,0x000000cd4e700000)]
  0x0000021f30f31000 JavaThread "Execution worker for ':' Thread 4" [_thread_blocked, id=25836, stack(0x000000cd4e700000,0x000000cd4e800000)]
  0x0000021f36ee1000 JavaThread "Execution worker for ':' Thread 5" [_thread_blocked, id=22264, stack(0x000000cd4e800000,0x000000cd4e900000)]
  0x0000021f36ede800 JavaThread "Execution worker for ':' Thread 6" [_thread_blocked, id=11360, stack(0x000000cd4e900000,0x000000cd4ea00000)]
  0x0000021f36edf800 JavaThread "Execution worker for ':' Thread 7" [_thread_blocked, id=24308, stack(0x000000cd4ea00000,0x000000cd4eb00000)]
  0x0000021f36edc000 JavaThread "Cache worker for execution history cache (D:\Android\PROJECTS\bmi-calculator-flutter\android\.gradle\5.4.1\executionHistory)" [_thread_blocked, id=2500, stack(0x000000cd4eb00000,0x000000cd4ec00000)]
  0x0000021f36ee0000 JavaThread "Exec process" [_thread_in_native, id=15332, stack(0x000000cd4ec00000,0x000000cd4ed00000)]
  0x0000021f36edb800 JavaThread "Exec process Thread 2" [_thread_in_native, id=14100, stack(0x000000cd4ed00000,0x000000cd4ee00000)]
  0x0000021f36ee2000 JavaThread "Exec process Thread 3" [_thread_in_native, id=9736, stack(0x000000cd4ee00000,0x000000cd4ef00000)]

Other Threads:
  0x0000021f2e8a0800 VMThread "VM Thread" [stack: 0x000000cd4b200000,0x000000cd4b300000] [id=17848]
  0x0000021f2f3d5000 WatcherThread [stack: 0x000000cd4bc00000,0x000000cd4bd00000] [id=968]
  0x0000021f137da800 GCTaskThread "GC Thread#0" [stack: 0x000000cd4ad00000,0x000000cd4ae00000] [id=11912]
  0x0000021f2fdc8800 GCTaskThread "GC Thread#1" [stack: 0x000000cd4bd00000,0x000000cd4be00000] [id=26208]
  0x0000021f2fd41000 GCTaskThread "GC Thread#2" [stack: 0x000000cd4be00000,0x000000cd4bf00000] [id=23344]
  0x0000021f2faab800 GCTaskThread "GC Thread#3" [stack: 0x000000cd4cc00000,0x000000cd4cd00000] [id=18196]
  0x0000021f3009c800 GCTaskThread "GC Thread#4" [stack: 0x000000cd4cd00000,0x000000cd4ce00000] [id=12048]
  0x0000021f30079800 GCTaskThread "GC Thread#5" [stack: 0x000000cd4ce00000,0x000000cd4cf00000] [id=17472]
  0x0000021f30068800 GCTaskThread "GC Thread#6" [stack: 0x000000cd4cf00000,0x000000cd4d000000] [id=6132]
  0x0000021f2fd1d000 GCTaskThread "GC Thread#7" [stack: 0x000000cd4d000000,0x000000cd4d100000] [id=25868]
  0x0000021f13802000 ConcurrentGCThread "G1 Main Marker" [stack: 0x000000cd4ae00000,0x000000cd4af00000] [id=16388]
  0x0000021f13803800 ConcurrentGCThread "G1 Conc#0" [stack: 0x000000cd4af00000,0x000000cd4b000000] [id=24160]
  0x0000021f30eb2800 ConcurrentGCThread "G1 Conc#1" [stack: 0x000000cd4d100000,0x000000cd4d200000] [id=24084]
  0x0000021f13894000 ConcurrentGCThread "G1 Refine#0" [stack: 0x000000cd4b000000,0x000000cd4b100000] [id=3992]
  0x0000021f2e710800 ConcurrentGCThread "G1 Young RemSet Sampling" [stack: 0x000000cd4b100000,0x000000cd4b200000] [id=2496]

Threads with active compile tasks:
C1 CompilerThread0  32945 7362       3       sun.management.Util::newObjectName (11 bytes)

VM state:not at safepoint (normal execution)

VM Mutex/Monitor currently owned by a thread: None

Heap address: 0x00000000a0000000, size: 1536 MB, Compressed Oops mode: 32-bit
Narrow klass base: 0x0000000000000000, Narrow klass shift: 3
Compressed class space size: 1073741824 Address: 0x0000000100000000

Heap:
 garbage-first heap   total 129024K, used 84161K [0x00000000a0000000, 0x0000000100000000)
  region size 1024K, 30 young (30720K), 4 survivors (4096K)
 Metaspace       used 69976K, capacity 71838K, committed 72064K, reserved 1112064K
  class space    used 9131K, capacity 9821K, committed 9856K, reserved 1048576K
Heap Regions: E=young(eden), S=young(survivor), O=old, HS=humongous(starts), HC=humongous(continues), CS=collection set, F=free, A=archive, TAMS=top-at-mark-start (previous, next)
|   0|0x00000000a0000000, 0x00000000a0100000, 0x00000000a0100000|100%| O|  |TAMS 0x00000000a0100000, 0x00000000a0000000| Untracked 
|   1|0x00000000a0100000, 0x00000000a0200000, 0x00000000a0200000|100%| O|  |TAMS 0x00000000a0200000, 0x00000000a0100000| Untracked 
|   2|0x00000000a0200000, 0x00000000a0300000, 0x00000000a0300000|100%|HS|  |TAMS 0x00000000a0300000, 0x00000000a0200000| Complete 
|   3|0x00000000a0300000, 0x00000000a0400000, 0x00000000a0400000|100%|HS|  |TAMS 0x00000000a0400000, 0x00000000a0300000| Complete 
|   4|0x00000000a0400000, 0x00000000a0500000, 0x00000000a0500000|100%|HC|  |TAMS 0x00000000a0500000, 0x00000000a0400000| Complete 
|   5|0x00000000a0500000, 0x00000000a0600000, 0x00000000a0600000|100%| O|  |TAMS 0x00000000a0600000, 0x00000000a0500000| Untracked 
|   6|0x00000000a0600000, 0x00000000a0700000, 0x00000000a0700000|100%| O|  |TAMS 0x00000000a0700000, 0x00000000a0600000| Untracked 
|   7|0x00000000a0700000, 0x00000000a0800000, 0x00000000a0800000|100%| O|  |TAMS 0x00000000a0800000, 0x00000000a0700000| Untracked 
|   8|0x00000000a0800000, 0x00000000a0900000, 0x00000000a0900000|100%| O|  |TAMS 0x00000000a0900000, 0x00000000a0800000| Untracked 
|   9|0x00000000a0900000, 0x00000000a0a00000, 0x00000000a0a00000|100%| O|  |TAMS 0x00000000a0a00000, 0x00000000a0900000| Untracked 
|  10|0x00000000a0a00000, 0x00000000a0b00000, 0x00000000a0b00000|100%| O|  |TAMS 0x00000000a0b00000, 0x00000000a0a00000| Untracked 
|  11|0x00000000a0b00000, 0x00000000a0c00000, 0x00000000a0c00000|100%| O|  |TAMS 0x00000000a0c00000, 0x00000000a0b00000| Untracked 
|  12|0x00000000a0c00000, 0x00000000a0d00000, 0x00000000a0d00000|100%| O|  |TAMS 0x00000000a0d00000, 0x00000000a0c00000| Untracked 
|  13|0x00000000a0d00000, 0x00000000a0e00000, 0x00000000a0e00000|100%| O|  |TAMS 0x00000000a0e00000, 0x00000000a0d00000| Untracked 
|  14|0x00000000a0e00000, 0x00000000a0f00000, 0x00000000a0f00000|100%| O|  |TAMS 0x00000000a0f00000, 0x00000000a0e00000| Untracked 
|  15|0x00000000a0f00000, 0x00000000a1000000, 0x00000000a1000000|100%| O|  |TAMS 0x00000000a1000000, 0x00000000a0f00000| Untracked 
|  16|0x00000000a1000000, 0x00000000a1100000, 0x00000000a1100000|100%| O|  |TAMS 0x00000000a1100000, 0x00000000a1000000| Untracked 
|  17|0x00000000a1100000, 0x00000000a1200000, 0x00000000a1200000|100%| O|  |TAMS 0x00000000a1200000, 0x00000000a1100000| Untracked 
|  18|0x00000000a1200000, 0x00000000a1300000, 0x00000000a1300000|100%|HS|  |TAMS 0x00000000a1300000, 0x00000000a1200000| Complete 
|  19|0x00000000a1300000, 0x00000000a1400000, 0x00000000a1400000|100%|HC|  |TAMS 0x00000000a1400000, 0x00000000a1300000| Complete 
|  20|0x00000000a1400000, 0x00000000a1500000, 0x00000000a1500000|100%| O|  |TAMS 0x00000000a1500000, 0x00000000a1400000| Untracked 
|  21|0x00000000a1500000, 0x00000000a1600000, 0x00000000a1600000|100%| O|  |TAMS 0x00000000a1600000, 0x00000000a1500000| Untracked 
|  22|0x00000000a1600000, 0x00000000a1700000, 0x00000000a1700000|100%| O|  |TAMS 0x00000000a1700000, 0x00000000a1600000| Untracked 
|  23|0x00000000a1700000, 0x00000000a1800000, 0x00000000a1800000|100%| O|  |TAMS 0x00000000a1800000, 0x00000000a1700000| Untracked 
|  24|0x00000000a1800000, 0x00000000a1900000, 0x00000000a1900000|100%| O|  |TAMS 0x00000000a1900000, 0x00000000a1800000| Untracked 
|  25|0x00000000a1900000, 0x00000000a1a00000, 0x00000000a1a00000|100%| O|  |TAMS 0x00000000a1a00000, 0x00000000a1900000| Untracked 
|  26|0x00000000a1a00000, 0x00000000a1b00000, 0x00000000a1b00000|100%| O|  |TAMS 0x00000000a1b00000, 0x00000000a1a00000| Untracked 
|  27|0x00000000a1b00000, 0x00000000a1c00000, 0x00000000a1c00000|100%| O|  |TAMS 0x00000000a1c00000, 0x00000000a1b00000| Untracked 
|  28|0x00000000a1c00000, 0x00000000a1d00000, 0x00000000a1d00000|100%| O|  |TAMS 0x00000000a1d00000, 0x00000000a1c00000| Untracked 
|  29|0x00000000a1d00000, 0x00000000a1e00000, 0x00000000a1e00000|100%| O|  |TAMS 0x00000000a1e00000, 0x00000000a1d00000| Untracked 
|  30|0x00000000a1e00000, 0x00000000a1f00000, 0x00000000a1f00000|100%| O|  |TAMS 0x00000000a1f00000, 0x00000000a1e00000| Untracked 
|  31|0x00000000a1f00000, 0x00000000a2000000, 0x00000000a2000000|100%| O|  |TAMS 0x00000000a2000000, 0x00000000a1f00000| Untracked 
|  32|0x00000000a2000000, 0x00000000a2100000, 0x00000000a2100000|100%| O|  |TAMS 0x00000000a2100000, 0x00000000a2000000| Untracked 
|  33|0x00000000a2100000, 0x00000000a2200000, 0x00000000a2200000|100%|HS|  |TAMS 0x00000000a2200000, 0x00000000a2100000| Complete 
|  34|0x00000000a2200000, 0x00000000a2300000, 0x00000000a2300000|100%| O|  |TAMS 0x00000000a2300000, 0x00000000a2200000| Untracked 
|  35|0x00000000a2300000, 0x00000000a2400000, 0x00000000a2400000|100%| O|  |TAMS 0x00000000a2400000, 0x00000000a2300000| Untracked 
|  36|0x00000000a2400000, 0x00000000a2500000, 0x00000000a2500000|100%| O|  |TAMS 0x00000000a2500000, 0x00000000a2400000| Untracked 
|  37|0x00000000a2500000, 0x00000000a2600000, 0x00000000a2600000|100%| O|  |TAMS 0x00000000a2600000, 0x00000000a2500000| Untracked 
|  38|0x00000000a2600000, 0x00000000a2700000, 0x00000000a2700000|100%| O|  |TAMS 0x00000000a2700000, 0x00000000a2600000| Untracked 
|  39|0x00000000a2700000, 0x00000000a2800000, 0x00000000a2800000|100%| O|  |TAMS 0x00000000a2800000, 0x00000000a2700000| Untracked 
|  40|0x00000000a2800000, 0x00000000a2900000, 0x00000000a2900000|100%| O|  |TAMS 0x00000000a2900000, 0x00000000a2800000| Untracked 
|  41|0x00000000a2900000, 0x00000000a2a00000, 0x00000000a2a00000|100%| O|  |TAMS 0x00000000a2a00000, 0x00000000a2900000| Untracked 
|  42|0x00000000a2a00000, 0x00000000a2b00000, 0x00000000a2b00000|100%| O|  |TAMS 0x00000000a2b00000, 0x00000000a2a00000| Untracked 
|  43|0x00000000a2b00000, 0x00000000a2c00000, 0x00000000a2c00000|100%| O|  |TAMS 0x00000000a2b2e800, 0x00000000a2b00000| Untracked 
|  44|0x00000000a2c00000, 0x00000000a2d00000, 0x00000000a2d00000|100%| O|  |TAMS 0x00000000a2c00000, 0x00000000a2c00000| Untracked 
|  45|0x00000000a2d00000, 0x00000000a2e00000, 0x00000000a2e00000|100%| O|  |TAMS 0x00000000a2d00000, 0x00000000a2d00000| Untracked 
|  46|0x00000000a2e00000, 0x00000000a2f00000, 0x00000000a2f00000|100%| O|  |TAMS 0x00000000a2e00000, 0x00000000a2e00000| Untracked 
|  47|0x00000000a2f00000, 0x00000000a3000000, 0x00000000a3000000|100%| O|  |TAMS 0x00000000a2f00000, 0x00000000a2f00000| Untracked 
|  48|0x00000000a3000000, 0x00000000a3100000, 0x00000000a3100000|100%| O|  |TAMS 0x00000000a3000000, 0x00000000a3000000| Untracked 
|  49|0x00000000a3100000, 0x00000000a3200000, 0x00000000a3200000|100%| O|  |TAMS 0x00000000a3100000, 0x00000000a3100000| Untracked 
|  50|0x00000000a3200000, 0x00000000a3300000, 0x00000000a3300000|100%| O|  |TAMS 0x00000000a3200000, 0x00000000a3200000| Untracked 
|  51|0x00000000a3300000, 0x00000000a3400000, 0x00000000a3400000|100%| O|  |TAMS 0x00000000a3300000, 0x00000000a3300000| Untracked 
|  52|0x00000000a3400000, 0x00000000a3500000, 0x00000000a3500000|100%| O|  |TAMS 0x00000000a3400000, 0x00000000a3400000| Untracked 
|  53|0x00000000a3500000, 0x00000000a3600000, 0x00000000a3600000|100%| O|  |TAMS 0x00000000a3500000, 0x00000000a3500000| Untracked 
|  54|0x00000000a3600000, 0x00000000a3663600, 0x00000000a3700000| 38%| O|  |TAMS 0x00000000a3600000, 0x00000000a3600000| Untracked 
|  55|0x00000000a3700000, 0x00000000a3700000, 0x00000000a3800000|  0%| F|  |TAMS 0x00000000a3700000, 0x00000000a3700000| Untracked 
|  56|0x00000000a3800000, 0x00000000a3800000, 0x00000000a3900000|  0%| F|  |TAMS 0x00000000a3800000, 0x00000000a3800000| Untracked 
|  57|0x00000000a3900000, 0x00000000a3900000, 0x00000000a3a00000|  0%| F|  |TAMS 0x00000000a3900000, 0x00000000a3900000| Untracked 
|  58|0x00000000a3a00000, 0x00000000a3a00000, 0x00000000a3b00000|  0%| F|  |TAMS 0x00000000a3a00000, 0x00000000a3a00000| Untracked 
|  59|0x00000000a3b00000, 0x00000000a3b00000, 0x00000000a3c00000|  0%| F|  |TAMS 0x00000000a3b00000, 0x00000000a3b00000| Untracked 
|  60|0x00000000a3c00000, 0x00000000a3c00000, 0x00000000a3d00000|  0%| F|  |TAMS 0x00000000a3c00000, 0x00000000a3c00000| Untracked 
|  61|0x00000000a3d00000, 0x00000000a3d00000, 0x00000000a3e00000|  0%| F|  |TAMS 0x00000000a3d00000, 0x00000000a3d00000| Untracked 
|  62|0x00000000a3e00000, 0x00000000a3e00000, 0x00000000a3f00000|  0%| F|  |TAMS 0x00000000a3e00000, 0x00000000a3e00000| Untracked 
|  63|0x00000000a3f00000, 0x00000000a3f00000, 0x00000000a4000000|  0%| F|  |TAMS 0x00000000a3f00000, 0x00000000a3f00000| Untracked 
|  64|0x00000000a4000000, 0x00000000a4000000, 0x00000000a4100000|  0%| F|  |TAMS 0x00000000a4000000, 0x00000000a4000000| Untracked 
|  65|0x00000000a4100000, 0x00000000a4100000, 0x00000000a4200000|  0%| F|  |TAMS 0x00000000a4100000, 0x00000000a4100000| Untracked 
|  66|0x00000000a4200000, 0x00000000a4200000, 0x00000000a4300000|  0%| F|  |TAMS 0x00000000a4200000, 0x00000000a4200000| Untracked 
|  67|0x00000000a4300000, 0x00000000a4300000, 0x00000000a4400000|  0%| F|  |TAMS 0x00000000a4300000, 0x00000000a4300000| Untracked 
|  68|0x00000000a4400000, 0x00000000a4400000, 0x00000000a4500000|  0%| F|  |TAMS 0x00000000a4400000, 0x00000000a4400000| Untracked 
|  69|0x00000000a4500000, 0x00000000a4500000, 0x00000000a4600000|  0%| F|  |TAMS 0x00000000a4500000, 0x00000000a4500000| Untracked 
|  70|0x00000000a4600000, 0x00000000a4600000, 0x00000000a4700000|  0%| F|  |TAMS 0x00000000a4600000, 0x00000000a4600000| Untracked 
|  71|0x00000000a4700000, 0x00000000a4700000, 0x00000000a4800000|  0%| F|  |TAMS 0x00000000a4700000, 0x00000000a4700000| Untracked 
|  72|0x00000000a4800000, 0x00000000a4800000, 0x00000000a4900000|  0%| F|  |TAMS 0x00000000a4800000, 0x00000000a4800000| Untracked 
|  73|0x00000000a4900000, 0x00000000a4900000, 0x00000000a4a00000|  0%| F|  |TAMS 0x00000000a4900000, 0x00000000a4900000| Untracked 
|  74|0x00000000a4a00000, 0x00000000a4acd080, 0x00000000a4b00000| 80%| S|CS|TAMS 0x00000000a4a00000, 0x00000000a4a00000| Complete 
|  75|0x00000000a4b00000, 0x00000000a4c00000, 0x00000000a4c00000|100%| S|CS|TAMS 0x00000000a4b00000, 0x00000000a4b00000| Complete 
|  76|0x00000000a4c00000, 0x00000000a4c00000, 0x00000000a4d00000|  0%| F|  |TAMS 0x00000000a4c00000, 0x00000000a4c00000| Untracked 
|  77|0x00000000a4d00000, 0x00000000a4d00000, 0x00000000a4e00000|  0%| F|  |TAMS 0x00000000a4d00000, 0x00000000a4d00000| Untracked 
|  78|0x00000000a4e00000, 0x00000000a4e00000, 0x00000000a4f00000|  0%| F|  |TAMS 0x00000000a4e00000, 0x00000000a4e00000| Untracked 
|  79|0x00000000a4f00000, 0x00000000a4f00000, 0x00000000a5000000|  0%| F|  |TAMS 0x00000000a4f00000, 0x00000000a4f00000| Untracked 
|  80|0x00000000a5000000, 0x00000000a5100000, 0x00000000a5100000|100%| S|CS|TAMS 0x00000000a5000000, 0x00000000a5000000| Complete 
|  81|0x00000000a5100000, 0x00000000a5200000, 0x00000000a5200000|100%| S|CS|TAMS 0x00000000a5100000, 0x00000000a5100000| Complete 
|  82|0x00000000a5200000, 0x00000000a5200000, 0x00000000a5300000|  0%| F|  |TAMS 0x00000000a5200000, 0x00000000a5200000| Untracked 
|  83|0x00000000a5300000, 0x00000000a5300000, 0x00000000a5400000|  0%| F|  |TAMS 0x00000000a5300000, 0x00000000a5300000| Untracked 
|  84|0x00000000a5400000, 0x00000000a5400000, 0x00000000a5500000|  0%| F|  |TAMS 0x00000000a5400000, 0x00000000a5400000| Untracked 
|  85|0x00000000a5500000, 0x00000000a5500000, 0x00000000a5600000|  0%| F|  |TAMS 0x00000000a5500000, 0x00000000a5500000| Untracked 
|  86|0x00000000a5600000, 0x00000000a5600000, 0x00000000a5700000|  0%| F|  |TAMS 0x00000000a5600000, 0x00000000a5600000| Untracked 
|  87|0x00000000a5700000, 0x00000000a5700000, 0x00000000a5800000|  0%| F|  |TAMS 0x00000000a5700000, 0x00000000a5700000| Untracked 
|  88|0x00000000a5800000, 0x00000000a5800000, 0x00000000a5900000|  0%| F|  |TAMS 0x00000000a5800000, 0x00000000a5800000| Untracked 
|  89|0x00000000a5900000, 0x00000000a5900000, 0x00000000a5a00000|  0%| F|  |TAMS 0x00000000a5900000, 0x00000000a5900000| Untracked 
|  90|0x00000000a5a00000, 0x00000000a5a00000, 0x00000000a5b00000|  0%| F|  |TAMS 0x00000000a5a00000, 0x00000000a5a00000| Untracked 
|  91|0x00000000a5b00000, 0x00000000a5b00000, 0x00000000a5c00000|  0%| F|  |TAMS 0x00000000a5b00000, 0x00000000a5b00000| Untracked 
|  92|0x00000000a5c00000, 0x00000000a5c00000, 0x00000000a5d00000|  0%| F|  |TAMS 0x00000000a5c00000, 0x00000000a5c00000| Untracked 
|  93|0x00000000a5d00000, 0x00000000a5d00000, 0x00000000a5e00000|  0%| F|  |TAMS 0x00000000a5d00000, 0x00000000a5d00000| Untracked 
|  94|0x00000000a5e00000, 0x00000000a5e00000, 0x00000000a5f00000|  0%| F|  |TAMS 0x00000000a5e00000, 0x00000000a5e00000| Untracked 
|  95|0x00000000a5f00000, 0x00000000a5f00000, 0x00000000a6000000|  0%| F|  |TAMS 0x00000000a5f00000, 0x00000000a5f00000| Untracked 
|  96|0x00000000a6000000, 0x00000000a6000000, 0x00000000a6100000|  0%| F|  |TAMS 0x00000000a6000000, 0x00000000a6000000| Untracked 
|  97|0x00000000a6100000, 0x00000000a6100000, 0x00000000a6200000|  0%| F|  |TAMS 0x00000000a6100000, 0x00000000a6100000| Untracked 
|  98|0x00000000a6200000, 0x00000000a6200000, 0x00000000a6300000|  0%| F|  |TAMS 0x00000000a6200000, 0x00000000a6200000| Untracked 
|  99|0x00000000a6300000, 0x00000000a6300000, 0x00000000a6400000|  0%| F|  |TAMS 0x00000000a6300000, 0x00000000a6300000| Untracked 
| 100|0x00000000a6400000, 0x00000000a64581f8, 0x00000000a6500000| 34%| E|  |TAMS 0x00000000a6400000, 0x00000000a6400000| Complete 
| 101|0x00000000a6500000, 0x00000000a6600000, 0x00000000a6600000|100%| E|CS|TAMS 0x00000000a6500000, 0x00000000a6500000| Complete 
| 102|0x00000000a6600000, 0x00000000a6700000, 0x00000000a6700000|100%| E|CS|TAMS 0x00000000a6600000, 0x00000000a6600000| Complete 
| 103|0x00000000a6700000, 0x00000000a6800000, 0x00000000a6800000|100%| E|CS|TAMS 0x00000000a6700000, 0x00000000a6700000| Complete 
| 104|0x00000000a6800000, 0x00000000a6900000, 0x00000000a6900000|100%| E|CS|TAMS 0x00000000a6800000, 0x00000000a6800000| Complete 
| 105|0x00000000a6900000, 0x00000000a6a00000, 0x00000000a6a00000|100%| E|CS|TAMS 0x00000000a6900000, 0x00000000a6900000| Complete 
| 106|0x00000000a6a00000, 0x00000000a6b00000, 0x00000000a6b00000|100%| E|CS|TAMS 0x00000000a6a00000, 0x00000000a6a00000| Complete 
| 107|0x00000000a6b00000, 0x00000000a6c00000, 0x00000000a6c00000|100%| E|CS|TAMS 0x00000000a6b00000, 0x00000000a6b00000| Complete 
| 108|0x00000000a6c00000, 0x00000000a6d00000, 0x00000000a6d00000|100%| E|  |TAMS 0x00000000a6c00000, 0x00000000a6c00000| Complete 
| 109|0x00000000a6d00000, 0x00000000a6e00000, 0x00000000a6e00000|100%| E|CS|TAMS 0x00000000a6d00000, 0x00000000a6d00000| Complete 
| 110|0x00000000a6e00000, 0x00000000a6f00000, 0x00000000a6f00000|100%| E|CS|TAMS 0x00000000a6e00000, 0x00000000a6e00000| Complete 
| 111|0x00000000a6f00000, 0x00000000a7000000, 0x00000000a7000000|100%| E|CS|TAMS 0x00000000a6f00000, 0x00000000a6f00000| Complete 
| 112|0x00000000a7000000, 0x00000000a7100000, 0x00000000a7100000|100%| E|CS|TAMS 0x00000000a7000000, 0x00000000a7000000| Complete 
| 113|0x00000000a7100000, 0x00000000a7200000, 0x00000000a7200000|100%| E|CS|TAMS 0x00000000a7100000, 0x00000000a7100000| Complete 
| 114|0x00000000a7200000, 0x00000000a7300000, 0x00000000a7300000|100%| E|CS|TAMS 0x00000000a7200000, 0x00000000a7200000| Complete 
| 115|0x00000000a7300000, 0x00000000a7400000, 0x00000000a7400000|100%| E|CS|TAMS 0x00000000a7300000, 0x00000000a7300000| Complete 
| 116|0x00000000a7400000, 0x00000000a7500000, 0x00000000a7500000|100%| E|CS|TAMS 0x00000000a7400000, 0x00000000a7400000| Complete 
| 117|0x00000000a7500000, 0x00000000a7600000, 0x00000000a7600000|100%| E|CS|TAMS 0x00000000a7500000, 0x00000000a7500000| Complete 
| 118|0x00000000a7600000, 0x00000000a7700000, 0x00000000a7700000|100%| E|CS|TAMS 0x00000000a7600000, 0x00000000a7600000| Complete 
| 119|0x00000000a7700000, 0x00000000a7800000, 0x00000000a7800000|100%| E|CS|TAMS 0x00000000a7700000, 0x00000000a7700000| Complete 
| 120|0x00000000a7800000, 0x00000000a7900000, 0x00000000a7900000|100%| E|CS|TAMS 0x00000000a7800000, 0x00000000a7800000| Complete 
| 121|0x00000000a7900000, 0x00000000a7a00000, 0x00000000a7a00000|100%| E|CS|TAMS 0x00000000a7900000, 0x00000000a7900000| Complete 
| 122|0x00000000a7a00000, 0x00000000a7b00000, 0x00000000a7b00000|100%| E|CS|TAMS 0x00000000a7a00000, 0x00000000a7a00000| Complete 
| 123|0x00000000a7b00000, 0x00000000a7c00000, 0x00000000a7c00000|100%| E|CS|TAMS 0x00000000a7b00000, 0x00000000a7b00000| Complete 
| 124|0x00000000a7c00000, 0x00000000a7d00000, 0x00000000a7d00000|100%| E|CS|TAMS 0x00000000a7c00000, 0x00000000a7c00000| Complete 
| 125|0x00000000a7d00000, 0x00000000a7e00000, 0x00000000a7e00000|100%| E|CS|TAMS 0x00000000a7d00000, 0x00000000a7d00000| Complete 

Card table byte_map: [0x0000021f287f0000,0x0000021f28af0000] _byte_map_base: 0x0000021f282f0000

Marking Bits (Prev, Next): (CMBitMap*) 0x0000021f137fb700, (CMBitMap*) 0x0000021f137fb6c8
 Prev Bits: [0x0000021f2a5f0000, 0x0000021f2bdf0000)
 Next Bits: [0x0000021f28df0000, 0x0000021f2a5f0000)

Polling page: 0x0000021f18a60000

Metaspace:

Usage:
  Non-class:     60.56 MB capacity,    59.42 MB ( 98%) used,  1023.99 KB (  2%) free+waste,   147.63 KB ( <1%) overhead. 
      Class:      9.59 MB capacity,     8.92 MB ( 93%) used,   619.08 KB (  6%) free+waste,    70.31 KB ( <1%) overhead. 
       Both:     70.15 MB capacity,    68.34 MB ( 97%) used,     1.60 MB (  2%) free+waste,   217.94 KB ( <1%) overhead. 

Virtual space:
  Non-class space:       62.00 MB reserved,      60.75 MB ( 98%) committed 
      Class space:        1.00 GB reserved,       9.63 MB ( <1%) committed 
             Both:        1.06 GB reserved,      70.38 MB (  6%) committed 

Chunk freelists:
   Non-Class:  3.00 KB
       Class:  3.00 KB
        Both:  6.00 KB

MaxMetaspaceSize: 17179869184.00 GB
CompressedClassSpaceSize: 1.00 GB

CodeHeap 'non-profiled nmethods': size=120000Kb used=3939Kb max_used=3939Kb free=116060Kb
 bounds [0x0000021f20550000, 0x0000021f20930000, 0x0000021f27a80000]
CodeHeap 'profiled nmethods': size=120000Kb used=15368Kb max_used=15368Kb free=104631Kb
 bounds [0x0000021f19020000, 0x0000021f19f30000, 0x0000021f20550000]
CodeHeap 'non-nmethods': size=5760Kb used=2273Kb max_used=2323Kb free=3486Kb
 bounds [0x0000021f18a80000, 0x0000021f18cf0000, 0x0000021f19020000]
 total_blobs=8107 nmethods=7254 adapters=764
 compilation: enabled
              stopped_count=0, restarted_count=0
 full_count=0

Compilation events (20 events):
Event: 28.711 Thread 0x0000021f2e8e7800 nmethod 7352 0x0000021f19f1db90 code [0x0000021f19f1dd60, 0x0000021f19f1df88]
Event: 28.711 Thread 0x0000021f2e8e7800 7353       3       java.util.stream.Collectors$CollectorImpl::<init> (32 bytes)
Event: 28.712 Thread 0x0000021f2e8e7800 nmethod 7353 0x0000021f19f1e090 code [0x0000021f19f1e260, 0x0000021f19f1e598]
Event: 31.013 Thread 0x0000021f2e8e7800 7354       3       org.gradle.internal.logging.text.AbstractLineChoppingStyledTextOutput$1::execute (9 bytes)
Event: 31.014 Thread 0x0000021f2e8e7800 nmethod 7354 0x0000021f19f1e690 code [0x0000021f19f1e860, 0x0000021f19f1ea68]
Event: 31.014 Thread 0x0000021f2e8e7800 7359       3       org.gradle.internal.io.LinePerThreadBufferingOutputStream::getStream (44 bytes)
Event: 31.015 Thread 0x0000021f2e8e7800 nmethod 7359 0x0000021f19f1eb10 code [0x0000021f19f1ed40, 0x0000021f19f1f478]
Event: 31.015 Thread 0x0000021f2e8e7800 7355       3       org.gradle.internal.io.LineBufferingOutputStream::write (59 bytes)
Event: 31.016 Thread 0x0000021f2e8e7800 nmethod 7355 0x0000021f19f1f710 code [0x0000021f19f1f9c0, 0x0000021f19f20718]
Event: 31.016 Thread 0x0000021f2e8e7800 7356       3       org.gradle.internal.io.StreamByteBuffer$StreamByteBufferOutputStream::write (22 bytes)
Event: 31.017 Thread 0x0000021f2e8e7800 nmethod 7356 0x0000021f19f20c10 code [0x0000021f19f20de0, 0x0000021f19f21048]
Event: 31.017 Thread 0x0000021f2e8e7800 7357       3       org.gradle.internal.io.StreamByteBuffer$StreamByteBufferChunk::write (32 bytes)
Event: 31.017 Thread 0x0000021f2e8e7800 nmethod 7357 0x0000021f19f21210 code [0x0000021f19f213c0, 0x0000021f19f21558]
Event: 31.017 Thread 0x0000021f2e8e7800 7358       3       org.gradle.internal.io.LineBufferingOutputStream::endsWithLineSeparator (27 bytes)
Event: 31.017 Thread 0x0000021f2e8e7800 nmethod 7358 0x0000021f19f21610 code [0x0000021f19f217c0, 0x0000021f19f21958]
Event: 31.023 Thread 0x0000021f2e8e4000 7360       4       org.gradle.internal.logging.text.AbstractLineChoppingStyledTextOutput$StateContext::hasChar (22 bytes)
Event: 31.023 Thread 0x0000021f2e8e4000 nmethod 7360 0x0000021f20928c10 code [0x0000021f20928da0, 0x0000021f20928e18]
Event: 31.715 Thread 0x0000021f2e8e7800 7361   !   3       sun.management.Util::newObjectName (15 bytes)
Event: 31.716 Thread 0x0000021f2e8e7800 nmethod 7361 0x0000021f19f21a10 code [0x0000021f19f21c00, 0x0000021f19f21f78]
Event: 32.703 Thread 0x0000021f2e8e7800 7362       3       sun.management.Util::newObjectName (11 bytes)

GC Heap History (20 events):
Event: 11.670 GC heap before
{Heap before GC invocations=5 (full 0):
 garbage-first heap   total 129024K, used 66251K [0x00000000a0000000, 0x0000000100000000)
  region size 1024K, 49 young (50176K), 4 survivors (4096K)
 Metaspace       used 35255K, capacity 35720K, committed 35840K, reserved 1081344K
  class space    used 4406K, capacity 4607K, committed 4608K, reserved 1048576K
}
Event: 11.683 GC heap after
{Heap after GC invocations=6 (full 0):
 garbage-first heap   total 129024K, used 20893K [0x00000000a0000000, 0x0000000100000000)
  region size 1024K, 6 young (6144K), 6 survivors (6144K)
 Metaspace       used 35255K, capacity 35720K, committed 35840K, reserved 1081344K
  class space    used 4406K, capacity 4607K, committed 4608K, reserved 1048576K
}
Event: 15.105 GC heap before
{Heap before GC invocations=7 (full 0):
 garbage-first heap   total 129024K, used 73117K [0x00000000a0000000, 0x0000000100000000)
  region size 1024K, 57 young (58368K), 6 survivors (6144K)
 Metaspace       used 39430K, capacity 40042K, committed 40192K, reserved 1083392K
  class space    used 5047K, capacity 5261K, committed 5376K, reserved 1048576K
}
Event: 15.114 GC heap after
{Heap after GC invocations=8 (full 0):
 garbage-first heap   total 129024K, used 23252K [0x00000000a0000000, 0x0000000100000000)
  region size 1024K, 6 young (6144K), 6 survivors (6144K)
 Metaspace       used 39430K, capacity 40042K, committed 40192K, reserved 1083392K
  class space    used 5047K, capacity 5261K, committed 5376K, reserved 1048576K
}
Event: 16.624 GC heap before
{Heap before GC invocations=8 (full 0):
 garbage-first heap   total 129024K, used 78548K [0x00000000a0000000, 0x0000000100000000)
  region size 1024K, 59 young (60416K), 6 survivors (6144K)
 Metaspace       used 45813K, capacity 46720K, committed 46976K, reserved 1089536K
  class space    used 5833K, capacity 6147K, committed 6272K, reserved 1048576K
}
Event: 16.633 GC heap after
{Heap after GC invocations=9 (full 0):
 garbage-first heap   total 129024K, used 31691K [0x00000000a0000000, 0x0000000100000000)
  region size 1024K, 8 young (8192K), 8 survivors (8192K)
 Metaspace       used 45813K, capacity 46720K, committed 46976K, reserved 1089536K
  class space    used 5833K, capacity 6147K, committed 6272K, reserved 1048576K
}
Event: 17.727 GC heap before
{Heap before GC invocations=9 (full 0):
 garbage-first heap   total 129024K, used 83915K [0x00000000a0000000, 0x0000000100000000)
  region size 1024K, 59 young (60416K), 8 survivors (8192K)
 Metaspace       used 51389K, capacity 52451K, committed 52736K, reserved 1095680K
  class space    used 6502K, capacity 6857K, committed 6912K, reserved 1048576K
}
Event: 17.737 GC heap after
{Heap after GC invocations=10 (full 0):
 garbage-first heap   total 129024K, used 36978K [0x00000000a0000000, 0x0000000100000000)
  region size 1024K, 4 young (4096K), 4 survivors (4096K)
 Metaspace       used 51389K, capacity 52451K, committed 52736K, reserved 1095680K
  class space    used 6502K, capacity 6857K, committed 6912K, reserved 1048576K
}
Event: 18.951 GC heap before
{Heap before GC invocations=10 (full 0):
 garbage-first heap   total 129024K, used 88178K [0x00000000a0000000, 0x0000000100000000)
  region size 1024K, 54 young (55296K), 4 survivors (4096K)
 Metaspace       used 53454K, capacity 54569K, committed 54784K, reserved 1097728K
  class space    used 6753K, capacity 7112K, committed 7168K, reserved 1048576K
}
Event: 18.958 GC heap after
{Heap after GC invocations=11 (full 0):
 garbage-first heap   total 129024K, used 44032K [0x00000000a0000000, 0x0000000100000000)
  region size 1024K, 7 young (7168K), 7 survivors (7168K)
 Metaspace       used 53454K, capacity 54569K, committed 54784K, reserved 1097728K
  class space    used 6753K, capacity 7112K, committed 7168K, reserved 1048576K
}
Event: 19.959 GC heap before
{Heap before GC invocations=11 (full 0):
 garbage-first heap   total 129024K, used 92160K [0x00000000a0000000, 0x0000000100000000)
  region size 1024K, 54 young (55296K), 7 survivors (7168K)
 Metaspace       used 57998K, capacity 59389K, committed 59648K, reserved 1101824K
  class space    used 7384K, capacity 7855K, committed 7936K, reserved 1048576K
}
Event: 19.971 GC heap after
{Heap after GC invocations=12 (full 0):
 garbage-first heap   total 129024K, used 47629K [0x00000000a0000000, 0x0000000100000000)
  region size 1024K, 4 young (4096K), 4 survivors (4096K)
 Metaspace       used 57998K, capacity 59389K, committed 59648K, reserved 1101824K
  class space    used 7384K, capacity 7855K, committed 7936K, reserved 1048576K
}
Event: 20.097 GC heap before
{Heap before GC invocations=12 (full 0):
 garbage-first heap   total 129024K, used 53773K [0x00000000a0000000, 0x0000000100000000)
  region size 1024K, 11 young (11264K), 4 survivors (4096K)
 Metaspace       used 58492K, capacity 59837K, committed 59904K, reserved 1101824K
  class space    used 7439K, capacity 7919K, committed 7936K, reserved 1048576K
}
Event: 20.104 GC heap after
{Heap after GC invocations=13 (full 0):
 garbage-first heap   total 129024K, used 48207K [0x00000000a0000000, 0x0000000100000000)
  region size 1024K, 4 young (4096K), 4 survivors (4096K)
 Metaspace       used 58492K, capacity 59837K, committed 59904K, reserved 1101824K
  class space    used 7439K, capacity 7919K, committed 7936K, reserved 1048576K
}
Event: 21.002 GC heap before
{Heap before GC invocations=14 (full 0):
 garbage-first heap   total 129024K, used 96335K [0x00000000a0000000, 0x0000000100000000)
  region size 1024K, 51 young (52224K), 4 survivors (4096K)
 Metaspace       used 61544K, capacity 63051K, committed 63232K, reserved 1103872K
  class space    used 7914K, capacity 8436K, committed 8448K, reserved 1048576K
}
Event: 21.016 GC heap after
{Heap after GC invocations=15 (full 0):
 garbage-first heap   total 129024K, used 52141K [0x00000000a0000000, 0x0000000100000000)
  region size 1024K, 5 young (5120K), 5 survivors (5120K)
 Metaspace       used 61544K, capacity 63051K, committed 63232K, reserved 1103872K
  class space    used 7914K, capacity 8436K, committed 8448K, reserved 1048576K
}
Event: 22.113 GC heap before
{Heap before GC invocations=15 (full 0):
 garbage-first heap   total 129024K, used 99245K [0x00000000a0000000, 0x0000000100000000)
  region size 1024K, 51 young (52224K), 5 survivors (5120K)
 Metaspace       used 65493K, capacity 67058K, committed 67200K, reserved 1107968K
  class space    used 8484K, capacity 9059K, committed 9088K, reserved 1048576K
}
Event: 22.126 GC heap after
{Heap after GC invocations=16 (full 0):
 garbage-first heap   total 129024K, used 55582K [0x00000000a0000000, 0x0000000100000000)
  region size 1024K, 4 young (4096K), 4 survivors (4096K)
 Metaspace       used 65493K, capacity 67058K, committed 67200K, reserved 1107968K
  class space    used 8484K, capacity 9059K, committed 9088K, reserved 1048576K
}
Event: 23.354 GC heap before
{Heap before GC invocations=16 (full 0):
 garbage-first heap   total 129024K, used 100638K [0x00000000a0000000, 0x0000000100000000)
  region size 1024K, 48 young (49152K), 4 survivors (4096K)
 Metaspace       used 69168K, capacity 70966K, committed 71168K, reserved 1110016K
  class space    used 9028K, capacity 9700K, committed 9728K, reserved 1048576K
}
Event: 23.364 GC heap after
{Heap after GC invocations=17 (full 0):
 garbage-first heap   total 129024K, used 59585K [0x00000000a0000000, 0x0000000100000000)
  region size 1024K, 4 young (4096K), 4 survivors (4096K)
 Metaspace       used 69168K, capacity 70966K, committed 71168K, reserved 1110016K
  class space    used 9028K, capacity 9700K, committed 9728K, reserved 1048576K
}

Deoptimization events (20 events):
Event: 23.685 Thread 0x0000021f30cb5000 DEOPT PACKING pc=0x0000021f190cfe1b sp=0x000000cd4c5fa1b0
Event: 23.685 Thread 0x0000021f30cb5000 DEOPT UNPACKING pc=0x0000021f18aa8ede sp=0x000000cd4c5f96f0 mode 0
Event: 23.689 Thread 0x0000021f30cb5000 DEOPT PACKING pc=0x0000021f190cfe1b sp=0x000000cd4c5fa120
Event: 23.689 Thread 0x0000021f30cb5000 DEOPT UNPACKING pc=0x0000021f18aa8ede sp=0x000000cd4c5f9660 mode 0
Event: 23.691 Thread 0x0000021f30cb5000 DEOPT PACKING pc=0x0000021f190cfe1b sp=0x000000cd4c5fa030
Event: 23.691 Thread 0x0000021f30cb5000 DEOPT UNPACKING pc=0x0000021f18aa8ede sp=0x000000cd4c5f9570 mode 0
Event: 23.694 Thread 0x0000021f30cb5000 DEOPT PACKING pc=0x0000021f190cfe1b sp=0x000000cd4c5fa030
Event: 23.694 Thread 0x0000021f30cb5000 DEOPT UNPACKING pc=0x0000021f18aa8ede sp=0x000000cd4c5f9570 mode 0
Event: 24.146 Thread 0x0000021f30cb5000 Uncommon trap: trap_request=0xffffff4d fr.pc=0x0000021f2088172c relative=0x00000000000006ac
Event: 24.146 Thread 0x0000021f30cb5000 Uncommon trap: reason=unstable_if action=reinterpret pc=0x0000021f2088172c method=com.sun.beans.introspect.MethodInfo$MethodOrder.compare(Ljava/lang/reflect/Method;Ljava/lang/reflect/Method;)I @ 148 c2
Event: 24.146 Thread 0x0000021f30cb5000 DEOPT PACKING pc=0x0000021f2088172c sp=0x000000cd4c5f4e80
Event: 24.146 Thread 0x0000021f30cb5000 DEOPT UNPACKING pc=0x0000021f18a883af sp=0x000000cd4c5f4e28 mode 2
Event: 27.675 Thread 0x0000021f36edb800 Uncommon trap: trap_request=0xffffff4d fr.pc=0x0000021f205dfa94 relative=0x0000000000000c34
Event: 27.675 Thread 0x0000021f36edb800 Uncommon trap: reason=unstable_if action=reinterpret pc=0x0000021f205dfa94 method=org.gradle.internal.logging.text.AbstractLineChoppingStyledTextOutput$2.execute(Lorg/gradle/internal/logging/text/AbstractLineChoppingStyledTextOutput$StateContext;)V @ 30 c
Event: 27.675 Thread 0x0000021f36edb800 DEOPT PACKING pc=0x0000021f205dfa94 sp=0x000000cd4edfdaa0
Event: 27.675 Thread 0x0000021f36edb800 DEOPT UNPACKING pc=0x0000021f18a883af sp=0x000000cd4edfd8d8 mode 2
Event: 27.675 Thread 0x0000021f36edb800 Uncommon trap: trap_request=0xffffff4d fr.pc=0x0000021f205d59c4 relative=0x0000000000000424
Event: 27.675 Thread 0x0000021f36edb800 Uncommon trap: reason=unstable_if action=reinterpret pc=0x0000021f205d59c4 method=org.gradle.internal.logging.text.AbstractLineChoppingStyledTextOutput$2.execute(Lorg/gradle/internal/logging/text/AbstractLineChoppingStyledTextOutput$StateContext;)V @ 30 c
Event: 27.675 Thread 0x0000021f36edb800 DEOPT PACKING pc=0x0000021f205d59c4 sp=0x000000cd4edfda30
Event: 27.675 Thread 0x0000021f36edb800 DEOPT UNPACKING pc=0x0000021f18a883af sp=0x000000cd4edfd8c8 mode 2

Classes redefined (0 events):
No events

Internal exceptions (20 events):
Event: 24.135 Thread 0x0000021f30cb5000 Exception <a 'java/lang/ClassNotFoundException'{0x00000000a69ff858}: org/gradle/process/internal/DefaultExecActionBeanInfo> (0x00000000a69ff858) thrown at [./src/hotspot/share/classfile/systemDictionary.cpp, line 231]
Event: 24.136 Thread 0x0000021f30cb5000 Exception <a 'java/lang/ClassNotFoundException'{0x00000000a6827bb0}: org/gradle/process/internal/DefaultExecHandleBuilderBeanInfo> (0x00000000a6827bb0) thrown at [./src/hotspot/share/classfile/systemDictionary.cpp, line 231]
Event: 24.137 Thread 0x0000021f30cb5000 Exception <a 'java/lang/ClassNotFoundException'{0x00000000a684fbe8}: org/gradle/process/internal/AbstractExecHandleBuilderBeanInfo> (0x00000000a684fbe8) thrown at [./src/hotspot/share/classfile/systemDictionary.cpp, line 231]
Event: 24.139 Thread 0x0000021f30cb5000 Exception <a 'java/lang/ClassNotFoundException'{0x00000000a68786c8}: org/gradle/process/internal/DefaultProcessForkOptionsBeanInfo> (0x00000000a68786c8) thrown at [./src/hotspot/share/classfile/systemDictionary.cpp, line 231]
Event: 24.141 Thread 0x0000021f30cb5000 Exception <a 'java/lang/ClassNotFoundException'{0x00000000a68a0c70}: org/gradle/process/internal/DefaultProcessForkOptionsCustomizer> (0x00000000a68a0c70) thrown at [./src/hotspot/share/classfile/systemDictionary.cpp, line 231]
Event: 24.143 Thread 0x0000021f30cb5000 Exception <a 'java/lang/ClassNotFoundException'{0x00000000a68d4be8}: org/gradle/process/internal/AbstractExecHandleBuilderCustomizer> (0x00000000a68d4be8) thrown at [./src/hotspot/share/classfile/systemDictionary.cpp, line 231]
Event: 24.146 Thread 0x0000021f30cb5000 Exception <a 'java/lang/ClassNotFoundException'{0x00000000a670e530}: org/gradle/process/internal/DefaultExecHandleBuilderCustomizer> (0x00000000a670e530) thrown at [./src/hotspot/share/classfile/systemDictionary.cpp, line 231]
Event: 24.150 Thread 0x0000021f30cb5000 Exception <a 'java/lang/ClassNotFoundException'{0x00000000a675fb68}: org/gradle/process/internal/DefaultExecActionCustomizer> (0x00000000a675fb68) thrown at [./src/hotspot/share/classfile/systemDictionary.cpp, line 231]
Event: 24.152 Thread 0x0000021f30cb5000 Exception <a 'java/lang/ClassNotFoundException'{0x00000000a6790aa0}: org/gradle/process/internal/DefaultExecAction_DecoratedCustomizer> (0x00000000a6790aa0) thrown at [./src/hotspot/share/classfile/systemDictionary.cpp, line 231]
Event: 24.156 Thread 0x0000021f30cb5000 Exception <a 'java/lang/ClassNotFoundException'{0x00000000a67d9440}: org/gradle/api/logging/LogLevelBeanInfo> (0x00000000a67d9440) thrown at [./src/hotspot/share/classfile/systemDictionary.cpp, line 231]
Event: 24.157 Thread 0x0000021f30cb5000 Exception <a 'java/lang/ClassNotFoundException'{0x00000000a67e52d8}: java/lang/EnumBeanInfo> (0x00000000a67e52d8) thrown at [./src/hotspot/share/classfile/systemDictionary.cpp, line 231]
Event: 24.158 Thread 0x0000021f30cb5000 Exception <a 'java/lang/ClassNotFoundException'{0x00000000a67f11a8}: java/lang/EnumCustomizer> (0x00000000a67f11a8) thrown at [./src/hotspot/share/classfile/systemDictionary.cpp, line 231]
Event: 24.160 Thread 0x0000021f30cb5000 Exception <a 'java/lang/ClassNotFoundException'{0x00000000a6619b10}: org/gradle/api/logging/LogLevelCustomizer> (0x00000000a6619b10) thrown at [./src/hotspot/share/classfile/systemDictionary.cpp, line 231]
Event: 24.164 Thread 0x0000021f30cb5000 Exception <a 'java/lang/ClassNotFoundException'{0x00000000a6672ab8}: org/gradle/internal/logging/compatbridge/LoggingManagerInternalCompatibilityBridgeBeanInfo> (0x00000000a6672ab8) thrown at [./src/hotspot/share/classfile/systemDictionary.cpp, line 231]
Event: 24.166 Thread 0x0000021f30cb5000 Exception <a 'java/lang/ClassNotFoundException'{0x00000000a66a0628}: org/gradle/internal/logging/compatbridge/LoggingManagerInternalCompatibilityBridgeCustomizer> (0x00000000a66a0628) thrown at [./src/hotspot/share/classfile/systemDictionary.cpp, line 231]
Event: 24.342 Thread 0x0000021f36ee0000 Exception <a 'java/lang/NoSuchMethodError'{0x00000000a6589c48}: 'void java.lang.invoke.DirectMethodHandle$Holder.invokeStatic(java.lang.Object, long)'> (0x00000000a6589c48) thrown at [./src/hotspot/share/interpreter/linkResolver.cpp, line 773]
Event: 24.343 Thread 0x0000021f36ee0000 Exception <a 'java/lang/NoSuchMethodError'{0x00000000a658ee60}: 'java.lang.Object java.lang.invoke.DirectMethodHandle$Holder.invokeStatic(java.lang.Object, long)'> (0x00000000a658ee60) thrown at [./src/hotspot/share/interpreter/linkResolver.cpp, line 773]
Event: 24.345 Thread 0x0000021f36ee0000 Exception <a 'java/lang/NoSuchMethodError'{0x00000000a659d188}: 'java.lang.Object java.lang.invoke.DirectMethodHandle$Holder.invokeStaticInit(java.lang.Object, java.lang.Object, long, java.lang.Object)'> (0x00000000a659d188) thrown at [./src/hotspot/share/interpreter/linkResolver.cpp, line 773]
Event: 24.346 Thread 0x0000021f36ee0000 Exception <a 'java/lang/NoSuchMethodError'{0x00000000a65a3078}: 'java.lang.Object java.lang.invoke.DirectMethodHandle$Holder.invokeStatic(java.lang.Object, java.lang.Object, long)'> (0x00000000a65a3078) thrown at [./src/hotspot/share/interpreter/linkResolver.cpp, line 773]
Event: 24.347 Thread 0x0000021f36ee0000 Exception <a 'java/lang/NoSuchMethodError'{0x00000000a65a9348}: 'java.lang.Object java.lang.invoke.Invokers$Holder.linkToTargetMethod(java.lang.Object, long, java.lang.Object)'> (0x00000000a65a9348) thrown at [./src/hotspot/share/interpreter/linkResolver.cpp, line 773]

Events (20 events):
Event: 24.348 Executing VM operation: Deoptimize done
Event: 24.349 loading class org/gradle/process/internal/streams/ExecOutputHandleRunner
Event: 24.349 loading class org/gradle/process/internal/streams/ExecOutputHandleRunner done
Event: 24.351 Thread 0x0000021f36edb800 Thread added: 0x0000021f36edb800
Event: 24.352 Thread 0x0000021f36ee2000 Thread added: 0x0000021f36ee2000
Event: 25.713 Thread 0x0000021f32c5e000 Thread exited: 0x0000021f32c5e000
Event: 26.255 loading class org/gradle/workers/internal/WorkerDaemonExpiration$SimpleMemoryExpirationSelector
Event: 26.255 loading class org/gradle/workers/internal/WorkerDaemonExpiration$SimpleMemoryExpirationSelector done
Event: 26.256 loading class org/gradle/workers/internal/WorkerDaemonClientsManager$1
Event: 26.256 loading class org/gradle/workers/internal/WorkerDaemonClientsManager$1 done
Event: 26.257 loading class org/gradle/process/internal/health/memory/JvmMemoryStatusSnapshot
Event: 26.257 loading class org/gradle/process/internal/health/memory/JvmMemoryStatusSnapshot done
Event: 26.257 Executing VM operation: RevokeBias
Event: 26.258 Executing VM operation: RevokeBias done
Event: 26.258 Executing VM operation: RevokeBias
Event: 26.258 Executing VM operation: RevokeBias done
Event: 27.673 loading class org/gradle/internal/logging/events/StyledTextOutputEvent$Span
Event: 27.673 loading class org/gradle/internal/logging/events/StyledTextOutputEvent$Span done
Event: 27.674 loading class org/gradle/internal/logging/events/operations/StyledTextBuildOperationProgressDetails$Span
Event: 27.674 loading class org/gradle/internal/logging/events/operations/StyledTextBuildOperationProgressDetails$Span done


Dynamic libraries:
0x00007ff68c1d0000 - 0x00007ff68c1da000 	C:\Program Files\Android\Android Studio\jre\bin\java.exe
0x00007ffc639d0000 - 0x00007ffc63bc5000 	C:\WINDOWS\SYSTEM32\ntdll.dll
0x00007ffc2d180000 - 0x00007ffc2d195000 	C:\Program Files\Avast Software\Avast\aswhook.dll
0x00007ffc61a30000 - 0x00007ffc61aed000 	C:\WINDOWS\System32\KERNEL32.DLL
0x00007ffc614e0000 - 0x00007ffc617a9000 	C:\WINDOWS\System32\KERNELBASE.dll
0x00007ffc61930000 - 0x00007ffc61a30000 	C:\WINDOWS\System32\ucrtbase.dll
0x00007ffc3c2f0000 - 0x00007ffc3c309000 	C:\Program Files\Android\Android Studio\jre\bin\jli.dll
0x00007ffc3e220000 - 0x00007ffc3e237000 	C:\Program Files\Android\Android Studio\jre\bin\VCRUNTIME140.dll
0x00007ffc62b00000 - 0x00007ffc62ca0000 	C:\WINDOWS\System32\USER32.dll
0x00007ffc61370000 - 0x00007ffc61392000 	C:\WINDOWS\System32\win32u.dll
0x00007ffc63960000 - 0x00007ffc6398a000 	C:\WINDOWS\System32\GDI32.dll
0x00007ffc61260000 - 0x00007ffc6136b000 	C:\WINDOWS\System32\gdi32full.dll
0x00007ffc39e40000 - 0x00007ffc3a0da000 	C:\WINDOWS\WinSxS\amd64_microsoft.windows.common-controls_6595b64144ccf1df_6.0.19041.1110_none_60b5254171f9507e\COMCTL32.dll
0x00007ffc628c0000 - 0x00007ffc6295e000 	C:\WINDOWS\System32\msvcrt.dll
0x00007ffc61830000 - 0x00007ffc618cd000 	C:\WINDOWS\System32\msvcp_win.dll
0x00007ffc63400000 - 0x00007ffc63430000 	C:\WINDOWS\System32\IMM32.DLL
0x00007ffc1cd30000 - 0x00007ffc1cdcd000 	C:\Program Files\Android\Android Studio\jre\bin\msvcp140.dll
0x00007ffbe0230000 - 0x00007ffbe0cff000 	C:\Program Files\Android\Android Studio\jre\bin\server\jvm.dll
0x00007ffc62410000 - 0x00007ffc624bc000 	C:\WINDOWS\System32\ADVAPI32.dll
0x00007ffc63660000 - 0x00007ffc636fb000 	C:\WINDOWS\System32\sechost.dll
0x00007ffc622e0000 - 0x00007ffc6240a000 	C:\WINDOWS\System32\RPCRT4.dll
0x00007ffc622d0000 - 0x00007ffc622d8000 	C:\WINDOWS\System32\PSAPI.DLL
0x00007ffc47650000 - 0x00007ffc47659000 	C:\WINDOWS\SYSTEM32\WSOCK32.dll
0x00007ffc62530000 - 0x00007ffc6259b000 	C:\WINDOWS\System32\WS2_32.dll
0x00007ffc3bf10000 - 0x00007ffc3bf37000 	C:\WINDOWS\SYSTEM32\WINMM.dll
0x00007ffc60c30000 - 0x00007ffc60c3a000 	C:\WINDOWS\SYSTEM32\VERSION.dll
0x00007ffc5f920000 - 0x00007ffc5f932000 	C:\WINDOWS\SYSTEM32\kernel.appcore.dll
0x00007ffc39a80000 - 0x00007ffc39a91000 	C:\Program Files\Android\Android Studio\jre\bin\verify.dll
0x00007ffc5f5b0000 - 0x00007ffc5f794000 	C:\WINDOWS\SYSTEM32\DBGHELP.DLL
0x00007ffc49b10000 - 0x00007ffc49b3c000 	C:\WINDOWS\SYSTEM32\dbgcore.DLL
0x00007ffc61450000 - 0x00007ffc614d3000 	C:\WINDOWS\System32\bcryptPrimitives.dll
0x00007ffc33f20000 - 0x00007ffc33f49000 	C:\Program Files\Android\Android Studio\jre\bin\java.dll
0x00007ffc3e1a0000 - 0x00007ffc3e1ab000 	C:\Program Files\Android\Android Studio\jre\bin\jimage.dll
0x00007ffc340b0000 - 0x00007ffc340c8000 	C:\Program Files\Android\Android Studio\jre\bin\zip.dll
0x00007ffc62cc0000 - 0x00007ffc633ff000 	C:\WINDOWS\System32\SHELL32.dll
0x00007ffc5ed00000 - 0x00007ffc5f490000 	C:\WINDOWS\SYSTEM32\windows.storage.dll
0x00007ffc61af0000 - 0x00007ffc61e45000 	C:\WINDOWS\System32\combase.dll
0x00007ffc60a80000 - 0x00007ffc60aac000 	C:\WINDOWS\SYSTEM32\Wldp.dll
0x00007ffc62810000 - 0x00007ffc628be000 	C:\WINDOWS\System32\SHCORE.dll
0x00007ffc63820000 - 0x00007ffc63875000 	C:\WINDOWS\System32\shlwapi.dll
0x00007ffc61040000 - 0x00007ffc6105f000 	C:\WINDOWS\SYSTEM32\profapi.dll
0x00007ffc308e0000 - 0x00007ffc308fa000 	C:\Program Files\Android\Android Studio\jre\bin\net.dll
0x00007ffc5b900000 - 0x00007ffc5ba08000 	C:\WINDOWS\SYSTEM32\WINHTTP.dll
0x00007ffc607e0000 - 0x00007ffc6084a000 	C:\WINDOWS\system32\mswsock.dll
0x00007ffc300d0000 - 0x00007ffc300e4000 	C:\Program Files\Android\Android Studio\jre\bin\nio.dll
0x00007ffc2d2d0000 - 0x00007ffc2d2f6000 	C:\Users\SAMUELLA M. AGLAGO\.gradle\native\29\windows-amd64\native-platform.dll
0x00007ffc3bf90000 - 0x00007ffc3bf9a000 	C:\Program Files\Android\Android Studio\jre\bin\management.dll
0x00007ffc34980000 - 0x00007ffc3498c000 	C:\Program Files\Android\Android Studio\jre\bin\management_ext.dll
0x00007ffc609d0000 - 0x00007ffc609e8000 	C:\WINDOWS\SYSTEM32\CRYPTSP.dll
0x00007ffc60100000 - 0x00007ffc60134000 	C:\WINDOWS\system32\rsaenh.dll
0x00007ffc61800000 - 0x00007ffc61827000 	C:\WINDOWS\System32\bcrypt.dll
0x00007ffc60fc0000 - 0x00007ffc60fee000 	C:\WINDOWS\SYSTEM32\USERENV.dll
0x00007ffc609f0000 - 0x00007ffc609fc000 	C:\WINDOWS\SYSTEM32\CRYPTBASE.dll
0x00007ffc604d0000 - 0x00007ffc6050b000 	C:\WINDOWS\SYSTEM32\IPHLPAPI.DLL
0x00007ffc624c0000 - 0x00007ffc624c8000 	C:\WINDOWS\System32\NSI.dll
0x00007ffc54e30000 - 0x00007ffc54e47000 	C:\WINDOWS\SYSTEM32\dhcpcsvc6.DLL
0x00007ffc55140000 - 0x00007ffc5515d000 	C:\WINDOWS\SYSTEM32\dhcpcsvc.DLL
0x00007ffc60510000 - 0x00007ffc605dc000 	C:\WINDOWS\SYSTEM32\DNSAPI.dll

dbghelp: loaded successfully - version: 4.0.5 - missing functions: none
symbol engine: initialized successfully - sym options: 0x614 - pdb path: .;C:\Program Files\Android\Android Studio\jre\bin;C:\WINDOWS\SYSTEM32;C:\Program Files\Avast Software\Avast;C:\WINDOWS\WinSxS\amd64_microsoft.windows.common-controls_6595b64144ccf1df_6.0.19041.1110_none_60b5254171f9507e;C:\Program Files\Android\Android Studio\jre\bin\server;C:\Users\SAMUELLA M. AGLAGO\.gradle\native\29\windows-amd64

VM Arguments:
jvm_args: --add-opens=java.base/java.util=ALL-UNNAMED --add-opens=java.base/java.lang=ALL-UNNAMED --add-opens=java.base/java.lang.invoke=ALL-UNNAMED --add-opens=java.prefs/java.util.prefs=ALL-UNNAMED -Xmx1536M -Dfile.encoding=windows-1252 -Duser.country=US -Duser.language=en -Duser.variant 
java_command: org.gradle.launcher.daemon.bootstrap.GradleDaemon 5.4.1
java_class_path (initial): C:\Users\SAMUELLA M. AGLAGO\.gradle\wrapper\dists\gradle-5.4.1-all\3221gyojl5jsh0helicew7rwx\gradle-5.4.1\lib\gradle-launcher-5.4.1.jar
Launcher Type: SUN_STANDARD

[Global flags]
     intx CICompilerCount                          = 4                                         {product} {ergonomic}
     uint ConcGCThreads                            = 2                                         {product} {ergonomic}
     uint G1ConcRefinementThreads                  = 8                                         {product} {ergonomic}
   size_t G1HeapRegionSize                         = 1048576                                   {product} {ergonomic}
    uintx GCDrainStackTargetSize                   = 64                                        {product} {ergonomic}
   size_t InitialHeapSize                          = 132120576                                 {product} {ergonomic}
   size_t MarkStackSize                            = 4194304                                   {product} {ergonomic}
   size_t MaxHeapSize                              = 1610612736                                {product} {command line}
   size_t MaxNewSize                               = 965738496                                 {product} {ergonomic}
   size_t MinHeapDeltaBytes                        = 1048576                                   {product} {ergonomic}
    uintx NonNMethodCodeHeapSize                   = 5836300                                {pd product} {ergonomic}
    uintx NonProfiledCodeHeapSize                  = 122910970                              {pd product} {ergonomic}
    uintx ProfiledCodeHeapSize                     = 122910970                              {pd product} {ergonomic}
    uintx ReservedCodeCacheSize                    = 251658240                              {pd product} {ergonomic}
     bool SegmentedCodeCache                       = true                                      {product} {ergonomic}
     bool UseCompressedClassPointers               = true                                 {lp64_product} {ergonomic}
     bool UseCompressedOops                        = true                                 {lp64_product} {ergonomic}
     bool UseG1GC                                  = true                                      {product} {ergonomic}
     bool UseLargePagesIndividualAllocation        = false                                  {pd product} {ergonomic}

Logging:
Log output configuration:
 #0: stdout all=warning uptime,level,tags
 #1: stderr all=off uptime,level,tags

Environment Variables:
JAVA_HOME=C:\Program Files\Android\Android Studio\jre
CLASSPATH=D:\Android\PROJECTS\bmi-calculator-flutter\android\\gradle\wrapper\gradle-wrapper.jar
PATH=C:\Program Files\Common Files\Oracle\Java\javapath;C:\WINDOWS\system32;C:\WINDOWS;C:\WINDOWS\System32\Wbem;C:\WINDOWS\System32\WindowsPowerShell\v1.0\;C:\WINDOWS\System32\OpenSSH\;C:\Program Files (x86)\nodejs\;C:\Program Files\Git\cmd;C:\HashiCorp\Vagrant\bin;D:\Android\FLUTTER_FILES\flutter\bin;C:\Users\SAMUELLA M. AGLAGO\AppData\Local\Microsoft\WindowsApps;C:\Users\SAMUELLA M. AGLAGO\AppData\Roaming\npm;C:\Users\SAMUELLA M. AGLAGO\AppData\Local\Programs\Microsoft VS Code\bin;C:\Users\SAMUELLA M. AGLAGO\AppData\Local\Programs\MiKTeX\miktex\bin\x64\;C:\Users\SAMUELLA M. AGLAGO\Desktop\miktex\miktex\bin\x64\;;D:\Android\FLUTTER_FILES\flutter\bin\mingit\cmd
USERNAME=SAMUELLA M. AGLAGO
OS=Windows_NT
PROCESSOR_IDENTIFIER=Intel64 Family 6 Model 126 Stepping 5, GenuineIntel



---------------  S Y S T E M  ---------------

OS: Windows 10 , 64 bit Build 19041 (10.0.19041.1151)
OS uptime: 2 days 5:55 hours

CPU:total 8 (initial active 8) (4 cores per cpu, 2 threads per core) family 6 model 126 stepping 5 microcode 0xa0, cmov, cx8, fxsr, mmx, sse, sse2, sse3, ssse3, sse4.1, sse4.2, popcnt, avx, avx2, aes, clmul, erms, 3dnowpref, lzcnt, ht, tsc, tscinvbit, bmi1, bmi2, adx, evex, sha, fma

Memory: 4k page, system-wide physical 7973M (269M free)
TotalPageFile size 31910M (AvailPageFile size 0M)
current process WorkingSet (physical memory assigned to process): 277M, peak: 342M
current process commit charge ("private bytes"): 340M, peak: 382M

vm_info: OpenJDK 64-Bit Server VM (11.0.10+0-b96-7249189) for windows-amd64 JRE (11.0.10+0-b96-7249189), built on Mar 31 2021 21:44:00 by "builder" with MS VC++ 14.0 (VS2015)

END.
