JvmtiExport can_access_local_variables 0
JvmtiExport can_hotswap_or_post_breakpoint 0
JvmtiExport can_post_on_exceptions 0
# 195 ciObject found
instanceKlass org/gradle/internal/logging/events/StyledTextOutputEvent$Span
instanceKlass org/gradle/internal/logging/events/operations/StyledTextBuildOperationProgressDetails$Span
instanceKlass org/gradle/process/internal/health/memory/JvmMemoryStatusSnapshot
instanceKlass org/gradle/workers/internal/WorkerDaemonClientsManager$1
instanceKlass org/gradle/workers/internal/WorkerDaemonExpiration$SimpleMemoryExpirationSelector
instanceKlass org/gradle/process/internal/streams/ExecOutputHandleRunner
instanceKlass java/lang/ProcessImpl$2
instanceKlass java/lang/invoke/LambdaForm$MH
instanceKlass java/lang/invoke/LambdaForm$DMH
instanceKlass java/lang/invoke/LambdaForm$DMH
instanceKlass java/lang/ProcessHandleImpl$$Lambda$489
instanceKlass java/lang/invoke/LambdaForm$DMH
instanceKlass java/lang/invoke/LambdaForm$DMH
instanceKlass java/lang/ProcessHandleImpl$$Lambda$488
instanceKlass java/lang/ProcessHandleImpl
instanceKlass java/lang/invoke/LambdaForm$MH
instanceKlass java/lang/invoke/LambdaForm$DMH
instanceKlass java/lang/invoke/LambdaForm$DMH
instanceKlass java/lang/ProcessImpl$$Lambda$487
instanceKlass java/lang/invoke/LambdaForm$DMH
instanceKlass net/rubygrapefruit/platform/internal/jni/WindowsHandleFunctions
instanceKlass java/lang/ProcessBuilder
instanceKlass org/gradle/internal/operations/CurrentBuildOperationPreservingRunnable
instanceKlass org/gradle/process/internal/ProcessBuilderFactory
instanceKlass org/gradle/process/internal/DefaultExecHandle$CompositeStreamsHandler
instanceKlass org/gradle/process/internal/ExecHandleRunner
instanceKlass org/gradle/process/internal/ExecHandleShutdownHookAction
instanceKlass net/rubygrapefruit/platform/internal/DefaultProcessLauncher
instanceKlass net/rubygrapefruit/platform/internal/WindowsProcessLauncher
instanceKlass net/rubygrapefruit/platform/internal/WrapperProcessLauncher
instanceKlass org/gradle/process/internal/DefaultExecHandle
instanceKlass org/gradle/process/internal/ProcessSettings
instanceKlass org/gradle/process/internal/streams/OutputStreamsForwarder
instanceKlass org/gradle/process/internal/streams/SafeStreams
instanceKlass org/gradle/process/internal/streams/EmptyStdInStreamsHandler
instanceKlass org/gradle/process/internal/ExecHandleListener
instanceKlass org/gradle/process/internal/ExecHandle
instanceKlass org/gradle/process/internal/StreamsHandler
instanceKlass org/gradle/process/internal/DefaultProcessForkOptions
instanceKlass org/gradle/api/internal/tasks/execution/ExecuteActionsTaskExecuter$5
instanceKlass org/gradle/internal/logging/compatbridge/LoggingManagerInternalCompatibilityBridge
instanceKlass org/gradle/internal/execution/steps/ExecuteStep$$Lambda$486
instanceKlass org/gradle/internal/execution/steps/ExecuteStep$$Lambda$485
instanceKlass org/gradle/internal/execution/steps/CleanupOutputsStep$$Lambda$484
instanceKlass org/gradle/internal/execution/steps/ResolveInputChangesStep$1
instanceKlass org/gradle/internal/execution/InputChangesContext
instanceKlass org/gradle/internal/execution/steps/CreateOutputsStep$2
instanceKlass org/gradle/internal/execution/steps/CreateOutputsStep$1
instanceKlass org/gradle/internal/execution/steps/BroadcastChangingOutputsStep$$Lambda$483
instanceKlass org/gradle/internal/change/DefaultFileChange
instanceKlass org/gradle/work/FileChange
instanceKlass org/gradle/api/internal/tasks/execution/ExecuteActionsTaskExecuter$1
instanceKlass org/gradle/api/internal/tasks/execution/ExecuteActionsTaskExecuter$TaskExecution
instanceKlass org/gradle/api/internal/tasks/execution/ResolveBeforeExecutionOutputsTaskExecuter$1
instanceKlass org/gradle/api/internal/OverlappingOutputs
instanceKlass org/gradle/api/internal/tasks/execution/ResolveAfterPreviousExecutionStateTaskExecuter$1
instanceKlass org/gradle/internal/snapshot/impl/NullValueSnapshot
instanceKlass org/gradle/api/internal/tasks/properties/DefaultTaskProperties$3
instanceKlass org/gradle/api/internal/tasks/properties/GetInputPropertiesVisitor$1
instanceKlass org/gradle/api/internal/tasks/properties/InputPropertySpec
instanceKlass org/gradle/api/internal/tasks/properties/InputFilePropertySpec
instanceKlass org/gradle/api/internal/tasks/properties/AbstractValidatingProperty
instanceKlass org/gradle/api/internal/tasks/properties/ValidatingProperty
instanceKlass org/gradle/api/internal/tasks/properties/LifecycleAwareValue
instanceKlass org/gradle/api/internal/tasks/properties/GetOutputFilesVisitor$1
instanceKlass org/gradle/api/internal/tasks/properties/CompositePropertyVisitor
instanceKlass org/gradle/api/internal/tasks/properties/DefaultTaskProperties
instanceKlass org/gradle/api/internal/tasks/properties/TaskProperties
instanceKlass com/android/build/gradle/internal/profile/TaskProfilingRecord$Companion
instanceKlass com/android/build/gradle/internal/profile/TaskProfilingRecord
instanceKlass org/gradle/api/internal/tasks/execution/ExecuteTaskBuildOperationDetails
instanceKlass org/gradle/api/internal/tasks/execution/ExecuteTaskBuildOperationType$Details
instanceKlass org/gradle/api/internal/tasks/execution/EventFiringTaskExecuter$1
instanceKlass org/gradle/api/internal/tasks/execution/EventFiringTaskExecuter
instanceKlass org/gradle/api/internal/tasks/execution/CatchExceptionTaskExecuter
instanceKlass org/gradle/api/internal/tasks/execution/SkipOnlyIfTaskExecuter
instanceKlass org/gradle/api/internal/tasks/execution/SkipTaskWithNoActionsExecuter
instanceKlass org/gradle/api/internal/tasks/execution/ResolveTaskExecutionModeExecuter
instanceKlass org/gradle/api/internal/tasks/execution/FinalizePropertiesTaskExecuter
instanceKlass org/gradle/api/internal/tasks/execution/CleanupStaleOutputsExecuter
instanceKlass org/gradle/api/internal/tasks/execution/ResolveAfterPreviousExecutionStateTaskExecuter
instanceKlass org/gradle/api/internal/tasks/execution/ResolveBeforeExecutionOutputsTaskExecuter
instanceKlass org/gradle/api/internal/tasks/execution/SkipEmptySourceFilesTaskExecuter
instanceKlass org/gradle/api/internal/tasks/TaskValidationContext
instanceKlass org/gradle/api/internal/tasks/execution/ValidatingTaskExecuter
instanceKlass org/gradle/api/internal/tasks/execution/ResolveBeforeExecutionStateTaskExecuter
instanceKlass org/gradle/api/internal/tasks/TaskExecuterResult
instanceKlass org/gradle/api/internal/tasks/execution/ExecuteActionsTaskExecuter
instanceKlass org/gradle/internal/file/DefaultReservedFileSystemLocationRegistry$1
instanceKlass org/gradle/internal/file/DefaultReservedFileSystemLocationRegistry
instanceKlass org/gradle/api/internal/tasks/execution/DefaultTaskCacheabilityResolver
instanceKlass org/gradle/api/internal/tasks/execution/DefaultTaskFingerprinter
instanceKlass org/gradle/api/internal/changedetection/changes/DefaultTaskExecutionModeResolver
instanceKlass org/gradle/api/internal/tasks/execution/DefaultTaskExecutionContext
instanceKlass java/util/IdentityHashMap$IdentityHashMapIterator
instanceKlass org/gradle/api/internal/tasks/properties/FileParameterUtils$1
instanceKlass org/gradle/api/internal/tasks/properties/AbstractPropertySpec
instanceKlass org/gradle/api/internal/tasks/properties/CacheableOutputFilePropertySpec
instanceKlass org/gradle/api/internal/tasks/properties/OutputFilePropertySpec
instanceKlass org/gradle/api/internal/tasks/properties/FilePropertySpec
instanceKlass org/gradle/api/internal/tasks/properties/PropertySpec
instanceKlass org/gradle/execution/plan/DefaultExecutionPlan$8$1$1
instanceKlass org/gradle/execution/plan/DefaultExecutionPlan$8$1
instanceKlass org/gradle/internal/fingerprint/impl/NameOnlyFingerprintingStrategy$1
instanceKlass org/gradle/api/internal/artifacts/transform/DefaultTransformer$IsolatedParameters
instanceKlass org/gradle/api/internal/tasks/properties/InputParameterUtils
instanceKlass org/gradle/api/internal/provider/DefaultPropertyState$1
instanceKlass org/gradle/internal/snapshot/impl/AbstractManagedValueSnapshot
instanceKlass org/gradle/api/internal/artifacts/transform/TransformationStep$$Lambda$482
instanceKlass org/gradle/api/internal/project/DefaultProjectStateRegistry$SafeExclusiveLockImpl$1
instanceKlass org/gradle/api/internal/artifacts/transform/TransformationStep$$Lambda$481
instanceKlass org/gradle/api/internal/artifacts/transform/TransformationStep$$Lambda$480
instanceKlass org/gradle/api/internal/artifacts/transform/TransformationStep$$Lambda$477
instanceKlass org/gradle/api/internal/artifacts/transform/TransformationStep$$Lambda$479
instanceKlass org/gradle/api/internal/artifacts/transform/TransformationStep$$Lambda$478
instanceKlass org/gradle/api/internal/artifacts/transform/TransformationNode$ChainedTransformationNode$1$$Lambda$473
instanceKlass org/gradle/api/internal/artifacts/transform/TransformationNode$ChainedTransformationNode$1$$Lambda$476
instanceKlass org/gradle/api/internal/artifacts/transform/TransformationNode$ChainedTransformationNode$1$$Lambda$475
instanceKlass org/gradle/api/internal/artifacts/transform/TransformationNode$ChainedTransformationNode$1$$Lambda$474
instanceKlass org/gradle/api/internal/artifacts/transform/TransformationNode$ChainedTransformationNode$1$$Lambda$471
instanceKlass org/gradle/api/internal/artifacts/transform/TransformationNode$ChainedTransformationNode$1$$Lambda$472
instanceKlass org/gradle/api/internal/artifacts/transform/TransformationNode$ChainedTransformationNode$1$$Lambda$470
instanceKlass org/gradle/api/internal/artifacts/transform/TransformationNode$ChainedTransformationNode$1$$Lambda$466
instanceKlass org/gradle/api/internal/artifacts/transform/TransformationNode$ChainedTransformationNode$1$$Lambda$469
instanceKlass org/gradle/api/internal/artifacts/transform/TransformationNode$ChainedTransformationNode$1$$Lambda$468
instanceKlass org/gradle/api/internal/artifacts/transform/TransformationNode$ChainedTransformationNode$1$$Lambda$465
instanceKlass org/gradle/api/internal/artifacts/transform/TransformationNode$ChainedTransformationNode$1$$Lambda$464
instanceKlass org/gradle/api/internal/artifacts/transform/TransformationNode$ChainedTransformationNode$1$$Lambda$467
instanceKlass org/gradle/api/internal/artifacts/transform/TransformationNode$ChainedTransformationNode$1$$Lambda$461
instanceKlass org/gradle/api/internal/artifacts/transform/TransformationNode$ChainedTransformationNode$1$$Lambda$463
instanceKlass org/gradle/api/internal/artifacts/transform/TransformationNode$ChainedTransformationNode$1$$Lambda$462
instanceKlass org/gradle/api/internal/artifacts/transform/TransformationNode$ChainedTransformationNode$1$$Lambda$460
instanceKlass org/gradle/api/internal/artifacts/transform/TransformationNode$ArtifactTransformationStepBuildOperation$$Lambda$459
instanceKlass org/gradle/api/internal/artifacts/transform/TransformationNode$ArtifactTransformationStepBuildOperation$$Lambda$457
instanceKlass org/gradle/execution/plan/DefaultPlanExecutor$ExecutorWorker$3
instanceKlass org/gradle/api/internal/artifacts/transform/TransformationNode$ArtifactTransformationStepBuildOperation$$Lambda$458
instanceKlass org/gradle/api/internal/artifacts/transform/ExecuteScheduledTransformationStepBuildOperationType$1
instanceKlass org/gradle/api/internal/artifacts/transform/ExecuteScheduledTransformationStepBuildOperationType$Result
instanceKlass org/gradle/api/internal/artifacts/transform/ExecuteScheduledTransformationStepBuildOperationType
instanceKlass org/gradle/api/internal/artifacts/transform/DefaultTransformerInvoker$$Lambda$456
instanceKlass org/gradle/api/internal/artifacts/transform/DefaultTransformerInvoker$$Lambda$455
instanceKlass org/gradle/api/internal/artifacts/transform/DefaultTransformerInvoker$$Lambda$454
instanceKlass org/gradle/api/internal/artifacts/transform/DefaultTransformerInvoker$$Lambda$453
instanceKlass org/gradle/internal/Try$1
instanceKlass org/gradle/api/internal/artifacts/transform/DefaultTransformerInvoker$$Lambda$450
instanceKlass org/gradle/api/internal/artifacts/transform/DefaultTransformerInvoker$$Lambda$451
instanceKlass org/gradle/api/internal/artifacts/transform/DefaultTransformerInvoker$$Lambda$452
instanceKlass org/gradle/api/internal/artifacts/transform/DefaultTransformerInvoker$$Lambda$447
instanceKlass org/gradle/api/internal/artifacts/transform/DefaultTransformerInvoker$$Lambda$449
instanceKlass org/gradle/api/internal/artifacts/transform/DefaultTransformerInvoker$$Lambda$448
instanceKlass org/gradle/internal/execution/steps/ResolveCachingStateStep$2
instanceKlass org/gradle/internal/execution/steps/SkipUpToDateStep$$Lambda$446
instanceKlass org/gradle/internal/execution/steps/SkipUpToDateStep$$Lambda$443
instanceKlass org/gradle/internal/execution/steps/SkipUpToDateStep$$Lambda$445
instanceKlass org/gradle/internal/execution/steps/SkipUpToDateStep$$Lambda$444
instanceKlass org/gradle/internal/execution/steps/SkipUpToDateStep$$Lambda$441
instanceKlass org/gradle/internal/execution/steps/SkipUpToDateStep$$Lambda$440
instanceKlass org/gradle/internal/execution/steps/SkipUpToDateStep$$Lambda$442
instanceKlass org/gradle/internal/execution/steps/SkipUpToDateStep$1
instanceKlass org/gradle/internal/execution/steps/SkipUpToDateStep$$Lambda$436
instanceKlass org/gradle/internal/execution/steps/SkipUpToDateStep$$Lambda$439
instanceKlass org/gradle/internal/execution/steps/SkipUpToDateStep$$Lambda$438
instanceKlass org/gradle/internal/execution/steps/SkipUpToDateStep$$Lambda$437
instanceKlass org/gradle/internal/execution/steps/SkipUpToDateStep$$Lambda$435
instanceKlass org/gradle/internal/execution/steps/ResolveChangesStep$1
instanceKlass org/gradle/internal/execution/steps/ResolveChangesStep$$Lambda$434
instanceKlass org/gradle/internal/execution/steps/ResolveChangesStep$$Lambda$428
instanceKlass org/gradle/internal/execution/steps/ResolveChangesStep$$Lambda$432
instanceKlass org/gradle/internal/execution/steps/ResolveChangesStep$$Lambda$430
instanceKlass org/gradle/internal/execution/steps/ResolveChangesStep$$Lambda$431
instanceKlass org/gradle/internal/execution/steps/ResolveChangesStep$$Lambda$433
instanceKlass org/gradle/internal/execution/steps/ResolveChangesStep$$Lambda$429
instanceKlass org/gradle/internal/execution/history/changes/InputChangesInternal
instanceKlass org/gradle/internal/execution/history/changes/DefaultExecutionStateChangeDetector$AbstractDetectedExecutionStateChanges
instanceKlass org/gradle/internal/change/CachingChangeContainer$CachingVisitor
instanceKlass org/gradle/internal/execution/history/changes/AbstractFingerprintChanges$1
instanceKlass org/gradle/internal/execution/history/changes/SortedMapDiffUtil
instanceKlass org/gradle/internal/execution/history/changes/PropertyChanges$1
instanceKlass org/gradle/internal/change/SummarizingChangeContainer$ChangeDetectingVisitor
instanceKlass org/gradle/internal/execution/history/changes/DefaultExecutionStateChangeDetector$MessageCollectingChangeVisitor
instanceKlass org/gradle/internal/change/SummarizingChangeContainer
instanceKlass org/gradle/internal/change/ErrorHandlingChangeContainer
instanceKlass org/gradle/internal/execution/history/changes/DefaultExecutionStateChangeDetector$InputFileChangesWrapper
instanceKlass org/gradle/internal/change/CachingChangeContainer
instanceKlass org/gradle/internal/execution/history/changes/InputFileChanges$1
instanceKlass org/gradle/internal/execution/history/changes/AbstractFingerprintChanges
instanceKlass org/gradle/internal/execution/history/changes/InputValueChanges
instanceKlass org/gradle/internal/execution/history/changes/PropertyDiffListener
instanceKlass org/gradle/internal/execution/history/changes/PropertyChanges
instanceKlass org/gradle/internal/execution/history/changes/ImplementationChanges
instanceKlass org/gradle/internal/change/DescriptiveChange
instanceKlass org/gradle/internal/execution/history/changes/PreviousSuccessChanges
instanceKlass org/gradle/internal/execution/history/changes/IncrementalInputProperties$2
instanceKlass org/gradle/internal/execution/history/changes/IncrementalInputProperties$1
instanceKlass org/gradle/internal/execution/steps/ResolveChangesStep$2
instanceKlass org/gradle/internal/execution/steps/ResolveChangesStep$$Lambda$421
instanceKlass org/gradle/internal/execution/steps/ResolveChangesStep$$Lambda$420
instanceKlass org/gradle/internal/execution/steps/ResolveChangesStep$$Lambda$427
instanceKlass org/gradle/internal/execution/steps/ResolveChangesStep$$Lambda$425
instanceKlass org/gradle/internal/execution/steps/ResolveChangesStep$$Lambda$426
instanceKlass org/gradle/internal/execution/steps/ResolveChangesStep$$Lambda$424
instanceKlass org/gradle/internal/execution/steps/ResolveChangesStep$$Lambda$422
instanceKlass org/gradle/internal/execution/steps/ResolveChangesStep$$Lambda$423
instanceKlass org/gradle/internal/execution/steps/ResolveChangesStep$$Lambda$417
instanceKlass org/gradle/internal/execution/steps/ResolveChangesStep$$Lambda$416
instanceKlass org/gradle/internal/execution/steps/ResolveChangesStep$$Lambda$419
instanceKlass org/gradle/internal/execution/steps/ResolveChangesStep$$Lambda$418
instanceKlass org/gradle/internal/execution/steps/ResolveChangesStep$$Lambda$415
instanceKlass org/gradle/internal/execution/steps/ResolveChangesStep$$Lambda$414
instanceKlass org/gradle/internal/execution/steps/ResolveChangesStep$$Lambda$411
instanceKlass org/gradle/internal/execution/steps/ResolveChangesStep$$Lambda$412
instanceKlass org/gradle/internal/execution/steps/ResolveChangesStep$$Lambda$413
instanceKlass org/gradle/internal/execution/steps/ResolveChangesStep$$Lambda$410
instanceKlass org/gradle/internal/execution/steps/ResolveChangesStep$$Lambda$404
instanceKlass org/gradle/internal/execution/steps/ResolveChangesStep$$Lambda$402
instanceKlass org/gradle/internal/execution/steps/ResolveChangesStep$$Lambda$409
instanceKlass org/gradle/internal/execution/steps/ResolveChangesStep$$Lambda$408
instanceKlass org/gradle/internal/execution/steps/ResolveChangesStep$$Lambda$405
instanceKlass org/gradle/internal/execution/steps/ResolveChangesStep$$Lambda$407
instanceKlass org/gradle/internal/execution/steps/ResolveChangesStep$$Lambda$406
instanceKlass org/gradle/internal/execution/steps/ResolveChangesStep$$Lambda$403
instanceKlass org/gradle/internal/execution/steps/ResolveCachingStateStep$1
instanceKlass org/gradle/api/internal/artifacts/transform/DefaultTransformerInvoker$1
instanceKlass org/gradle/api/internal/artifacts/transform/DefaultTransformerInvoker$TransformerExecution$1
instanceKlass org/gradle/api/internal/artifacts/transform/DefaultTransformerInvoker$TransformerExecution
instanceKlass org/gradle/internal/execution/UnitOfWork
instanceKlass com/google/common/collect/ImmutableSortedMap$1
instanceKlass org/gradle/internal/snapshot/FileSystemLocationSnapshot$1
instanceKlass java/nio/file/Files$3
instanceKlass java/nio/file/FileTreeWalker$Event
instanceKlass java/nio/file/FileTreeWalker$DirectoryNode
instanceKlass sun/nio/fs/WindowsFileKey
instanceKlass java/nio/file/attribute/BasicWithKeyFileAttributeView
instanceKlass java/nio/file/FileTreeWalker$1
instanceKlass java/nio/file/FileTreeWalker
instanceKlass org/gradle/internal/snapshot/impl/DirectorySnapshotter$1
instanceKlass org/gradle/internal/snapshot/MerkleDirectorySnapshotBuilder
instanceKlass org/gradle/internal/fingerprint/impl/AbsolutePathFingerprintingStrategy$1
instanceKlass org/gradle/internal/execution/history/impl/AbstractExecutionState
instanceKlass org/gradle/internal/fingerprint/FileCollectionFingerprint$1
instanceKlass org/gradle/internal/execution/history/impl/SerializableFileCollectionFingerprint
instanceKlass org/gradle/internal/fingerprint/impl/DefaultFileSystemLocationFingerprint$1
instanceKlass org/gradle/internal/fingerprint/impl/AbstractFileSystemLocationFingerprint
instanceKlass org/gradle/internal/fingerprint/impl/FingerprintMapSerializer$1
instanceKlass org/gradle/internal/snapshot/impl/ImplementationSnapshot
instanceKlass org/gradle/caching/internal/origin/OriginMetadata
instanceKlass org/gradle/api/internal/artifacts/transform/DefaultTransformerInvoker$$Lambda$400
instanceKlass java/lang/invoke/LambdaForm$MH
instanceKlass org/gradle/api/internal/artifacts/transform/DefaultTransformerInvoker$$Lambda$396
instanceKlass org/gradle/api/internal/artifacts/transform/DefaultTransformerInvoker$$Lambda$397
instanceKlass org/gradle/api/internal/artifacts/transform/DefaultTransformerInvoker$$Lambda$399
instanceKlass java/lang/invoke/LambdaForm$MH
instanceKlass org/gradle/api/internal/artifacts/transform/DefaultTransformerInvoker$$Lambda$401
instanceKlass org/gradle/api/internal/artifacts/transform/DefaultTransformerInvoker$$Lambda$398
instanceKlass org/gradle/api/internal/artifacts/transform/DefaultTransformationWorkspace
instanceKlass org/gradle/api/internal/artifacts/transform/ImmutableTransformationWorkspaceProvider$$Lambda$392
instanceKlass org/gradle/api/internal/artifacts/transform/AbstractCachingTransformationWorkspaceProvider$$Lambda$388
instanceKlass org/gradle/api/internal/artifacts/transform/AbstractCachingTransformationWorkspaceProvider$$Lambda$390
instanceKlass org/gradle/api/internal/artifacts/transform/DefaultTransformerInvoker$$Lambda$395
instanceKlass org/gradle/api/internal/artifacts/transform/DefaultTransformerInvoker$$Lambda$384
instanceKlass org/gradle/api/internal/artifacts/transform/DefaultTransformerInvoker$$Lambda$394
instanceKlass org/gradle/api/internal/artifacts/transform/ImmutableTransformationWorkspaceProvider$$Lambda$393
instanceKlass org/gradle/api/internal/artifacts/transform/AbstractCachingTransformationWorkspaceProvider$$Lambda$391
instanceKlass org/gradle/api/internal/artifacts/transform/AbstractCachingTransformationWorkspaceProvider$$Lambda$389
instanceKlass org/gradle/api/internal/artifacts/transform/DefaultTransformerInvoker$$Lambda$382
instanceKlass org/gradle/api/internal/artifacts/transform/DefaultTransformerInvoker$$Lambda$387
instanceKlass java/lang/invoke/LambdaForm$MH
instanceKlass java/lang/invoke/LambdaForm$MH
instanceKlass org/gradle/api/internal/artifacts/transform/DefaultTransformerInvoker$$Lambda$386
instanceKlass org/gradle/api/internal/artifacts/transform/DefaultTransformerInvoker$$Lambda$385
instanceKlass org/gradle/api/internal/artifacts/transform/DefaultTransformerInvoker$$Lambda$383
instanceKlass java/lang/invoke/LambdaForm$DMH
instanceKlass org/gradle/api/internal/artifacts/transform/TransformationWorkspaceProvider$TransformationWorkspaceAction
instanceKlass java/lang/invoke/LambdaForm$DMH
instanceKlass java/lang/invoke/LambdaForm$DMH
instanceKlass java/lang/invoke/LambdaForm$DMH
instanceKlass java/lang/invoke/LambdaForm$DMH
instanceKlass org/gradle/api/internal/artifacts/transform/DefaultTransformerInvoker$ImmutableTransformationWorkspaceIdentity
instanceKlass org/gradle/api/internal/artifacts/transform/TransformationStep$$Lambda$379
instanceKlass org/gradle/api/internal/artifacts/transform/TransformationStep$$Lambda$381
instanceKlass org/gradle/api/internal/artifacts/transform/TransformationStep$$Lambda$377
instanceKlass org/gradle/api/internal/artifacts/transform/TransformationStep$$Lambda$380
instanceKlass org/gradle/api/internal/artifacts/transform/TransformationStep$$Lambda$378
instanceKlass org/gradle/internal/Try
instanceKlass org/gradle/normalization/internal/DefaultInputNormalizationHandler
instanceKlass org/gradle/normalization/internal/DefaultRuntimeClasspathNormalization
instanceKlass org/gradle/internal/service/DefaultServiceRegistry$FactoryService$1
instanceKlass org/gradle/api/execution/TaskActionListener
instanceKlass org/gradle/api/internal/tasks/TaskExecuter
instanceKlass org/gradle/api/internal/changedetection/TaskExecutionModeResolver
instanceKlass org/gradle/api/internal/tasks/execution/TaskFingerprinter
instanceKlass org/gradle/internal/file/ReservedFileSystemLocationRegistry
instanceKlass org/gradle/api/internal/tasks/execution/TaskCacheabilityResolver
instanceKlass org/gradle/api/internal/artifacts/transform/TransformationSubject
instanceKlass org/gradle/internal/operations/OperationProgressEvent
instanceKlass org/gradle/api/internal/artifacts/transform/ExecuteScheduledTransformationStepBuildOperationDetails
instanceKlass org/gradle/api/internal/artifacts/transform/ExecuteScheduledTransformationStepBuildOperationType$Details
instanceKlass org/gradle/api/internal/artifacts/transform/TransformationNode$ArtifactTransformationStepBuildOperation
instanceKlass org/gradle/execution/plan/DefaultPlanExecutor$ExecutorWorker$2
instanceKlass org/gradle/execution/plan/DefaultPlanExecutor$ExecutorWorker$1
instanceKlass org/gradle/execution/plan/DefaultPlanExecutor$ExecutorWorker
instanceKlass org/gradle/execution/taskgraph/DefaultTaskExecutionGraph$InvokeNodeExecutorsAction
instanceKlass org/gradle/execution/taskgraph/DefaultTaskExecutionGraph$BuildOperationAwareExecutionAction
instanceKlass org/gradle/execution/taskgraph/NotifyTaskGraphWhenReadyBuildOperationType$1
instanceKlass org/gradle/execution/taskgraph/NotifyTaskGraphWhenReadyBuildOperationType$Result
instanceKlass org/gradle/execution/taskgraph/NotifyTaskGraphWhenReadyBuildOperationType
instanceKlass org/gradle/execution/taskgraph/NotifyTaskGraphWhenReadyBuildOperationType$DetailsImpl
instanceKlass org/gradle/execution/taskgraph/NotifyTaskGraphWhenReadyBuildOperationType$Details
instanceKlass org/gradle/execution/taskgraph/DefaultTaskExecutionGraph$NotifyTaskGraphWhenReady
instanceKlass org/gradle/execution/taskgraph/DefaultTaskExecutionGraph$1
instanceKlass org/gradle/execution/ProjectExecutionServiceRegistry
instanceKlass org/gradle/execution/SelectedTaskExecutionAction$BindAllReferencesOfProjectsToExecuteListener
instanceKlass org/gradle/execution/DefaultBuildExecuter$1
instanceKlass org/gradle/initialization/DefaultGradleLauncher$ExecuteTasks
instanceKlass org/gradle/initialization/DefaultGradleLauncher$CalculateTaskGraph$1
instanceKlass org/gradle/internal/taskgraph/CalculateTaskGraphBuildOperationType$Result
instanceKlass org/gradle/execution/plan/DefaultExecutionPlan$MutationInfo
instanceKlass java/util/TreeMap$NavigableSubMap$SubMapIterator
instanceKlass com/google/common/collect/Iterators$ConcatenatedIterator
instanceKlass org/gradle/execution/plan/DefaultExecutionPlan$3
instanceKlass org/gradle/execution/plan/DefaultExecutionPlan$NodeInVisitingSegment
instanceKlass org/gradle/execution/plan/DefaultExecutionPlan$2
instanceKlass org/gradle/execution/taskgraph/DefaultTaskExecutionGraph$6
instanceKlass com/android/build/gradle/internal/pipeline/TransformTask$$Lambda$376
instanceKlass org/gradle/api/internal/artifacts/transform/DefaultExecutionGraphDependenciesResolver$2
instanceKlass com/android/build/gradle/internal/scope/VariantScopeImpl$$Lambda$375
instanceKlass com/android/build/gradle/internal/pipeline/TransformStream$1
instanceKlass com/google/common/collect/Iterators$ConcatenatedIterator
instanceKlass com/google/common/base/Optional
instanceKlass android/databinding/tool/util/Preconditions
instanceKlass com/android/build/gradle/internal/pipeline/TransformTask$CreationAction$$Lambda$374
instanceKlass com/android/build/api/transform/SecondaryFile
instanceKlass org/gradle/api/tasks/incremental/InputFileDetails
instanceKlass com/android/builder/profile/Recorder$Block
instanceKlass com/android/build/gradle/internal/scope/VariantScopeImpl$$Lambda$373
instanceKlass com/android/build/gradle/tasks/MergeSourceSetFolders$MergeJniLibFoldersCreationAction$configure$2
instanceKlass com/android/build/gradle/tasks/MergeSourceSetFolders$MergeJniLibFoldersCreationAction$configure$1
instanceKlass com/android/build/gradle/tasks/MergeSourceSetFolders$MergeJniLibFoldersCreationAction$configure$assetDirFunction$1
instanceKlass com/android/build/gradle/internal/tasks/MergeNativeLibsTaskKt$sam$org_gradle_api_specs_Spec$0
instanceKlass com/android/build/gradle/internal/tasks/MergeNativeLibsTaskKt
instanceKlass com/android/build/gradle/internal/tasks/MergeNativeLibsTask$Companion$predicate$1
instanceKlass com/android/build/gradle/internal/tasks/MergeNativeLibsTask$Companion
instanceKlass com/android/build/gradle/internal/tasks/ValidateSigningTask$CreationAction$configure$1
instanceKlass com/android/build/gradle/internal/pipeline/IntermediateStream$$Lambda$372
instanceKlass com/android/build/gradle/internal/tasks/DexMergingTask$CreationAction$getDexFiles$1$files$1
instanceKlass kotlin/jvm/internal/CollectionToArray
instanceKlass com/android/build/gradle/internal/tasks/MergeJavaResourceTaskKt$sam$org_gradle_api_specs_Spec$0
instanceKlass com/android/build/gradle/internal/tasks/MergeJavaResourceTaskKt
instanceKlass com/android/build/gradle/internal/tasks/MergeJavaResourceTask$Companion$predicate$1
instanceKlass com/android/build/gradle/internal/tasks/MergeJavaResourceTask$Companion
instanceKlass com/android/build/gradle/internal/packaging/SerializablePackagingOptions
instanceKlass com/android/build/gradle/tasks/MergeResources$CreationAction$$Lambda$371
instanceKlass com/android/build/gradle/tasks/GenerateResValues$CreationAction$$Lambda$370
instanceKlass com/android/build/gradle/internal/tasks/TaskInputHelper$$Lambda$369
instanceKlass com/android/build/gradle/tasks/CompatibleScreensManifest$CreationAction$configure$1
instanceKlass com/android/build/gradle/tasks/MergeSourceSetFolders$MergeShaderSourceFoldersCreationAction$configure$2
instanceKlass com/android/build/gradle/tasks/MergeSourceSetFolders$MergeShaderSourceFoldersCreationAction$configure$1
instanceKlass com/android/build/gradle/tasks/MergeSourceSetFolders$MergeShaderSourceFoldersCreationAction$configure$assetDirFunction$1
instanceKlass com/google/common/collect/AbstractMapBasedMultimap$KeySet$1
instanceKlass com/android/builder/internal/compiler/ShaderProcessor
instanceKlass com/android/builder/internal/compiler/DirectoryWalker$FileAction
instanceKlass org/gradle/api/internal/tasks/DefaultTaskContainer$2
instanceKlass com/google/gson/internal/Streams
instanceKlass com/google/gson/JsonDeserializer
instanceKlass com/google/gson/JsonSerializer
instanceKlass com/android/build/gradle/internal/scope/ExistingBuildElements$Companion
instanceKlass com/android/build/gradle/internal/scope/ExistingBuildElements
instanceKlass com/android/build/gradle/tasks/MergeResources$CreationAction$$Lambda$368
instanceKlass com/android/build/gradle/tasks/MergeResources$CreationAction$$Lambda$367
instanceKlass com/android/ide/common/resources/MergeWriter
instanceKlass com/android/ide/common/resources/DataMerger
instanceKlass com/android/ide/common/resources/ResourceCompilationService
instanceKlass com/android/ide/common/resources/MergeConsumer
instanceKlass com/android/ide/common/resources/ResourcePreprocessor
instanceKlass com/android/build/gradle/internal/scope/SplitList$SplitAction
instanceKlass com/android/build/gradle/internal/core/VariantConfiguration$$Lambda$366
instanceKlass com/android/build/gradle/internal/core/VariantConfiguration$$Lambda$365
instanceKlass com/android/build/gradle/internal/core/VariantConfiguration$$Lambda$364
instanceKlass com/android/build/gradle/internal/core/VariantConfiguration$$Lambda$363
instanceKlass org/codehaus/groovy/runtime/StringGroovyMethods$1
instanceKlass org/gradle/internal/nativeintegration/services/FileSystems
instanceKlass org/gradle/jvm/tasks/Jar$1$1
instanceKlass org/gradle/api/internal/AbstractTask$15
instanceKlass org/gradle/api/internal/file/collections/AbstractSingletonFileTree
instanceKlass org/gradle/api/internal/file/collections/FileSystemMirroringFileTree
instanceKlass org/gradle/api/internal/file/collections/SingletonFileTree
instanceKlass org/gradle/internal/reflect/ParameterValidationContext$1
instanceKlass org/gradle/api/internal/artifacts/DefaultResolvedArtifact$1$1
instanceKlass org/gradle/api/internal/artifacts/DefaultResolvedArtifact$1
instanceKlass org/gradle/api/internal/tasks/TaskDependencyContainer$1
instanceKlass com/android/build/gradle/tasks/GenerateBuildConfig$CreationAction$$Lambda$362
instanceKlass com/android/build/gradle/tasks/GenerateBuildConfig$CreationAction$$Lambda$361
instanceKlass com/android/build/gradle/tasks/GenerateBuildConfig$CreationAction$$Lambda$360
instanceKlass com/android/build/gradle/tasks/GenerateBuildConfig$CreationAction$$Lambda$359
instanceKlass com/android/build/gradle/tasks/GenerateBuildConfig$CreationAction$$Lambda$358
instanceKlass com/android/build/gradle/tasks/GenerateBuildConfig$CreationAction$$Lambda$357
instanceKlass com/android/build/gradle/tasks/GenerateBuildConfig$CreationAction$$Lambda$356
instanceKlass com/android/build/gradle/tasks/GenerateBuildConfig$CreationAction$$Lambda$355
instanceKlass com/android/build/gradle/tasks/AidlCompile$CreationAction$$Lambda$354
instanceKlass com/android/builder/compiling/DependencyFileProcessor
instanceKlass com/android/build/gradle/tasks/RenderscriptCompile$CreationAction$$Lambda$353
instanceKlass com/android/build/gradle/tasks/RenderscriptCompile$CreationAction$$Lambda$352
instanceKlass org/gradle/api/file/FileVisitDetails
instanceKlass com/google/common/collect/CollectCollectors$$Lambda$351
instanceKlass com/google/common/collect/CollectCollectors$$Lambda$350
instanceKlass com/google/common/collect/CollectCollectors$$Lambda$349
instanceKlass com/google/common/collect/RangeGwtSerializationDependencies
instanceKlass com/google/common/collect/CollectCollectors$$Lambda$348
instanceKlass com/google/common/collect/ImmutableRangeSet$Builder
instanceKlass com/google/common/collect/SortedIterable
instanceKlass com/google/common/collect/AbstractRangeSet
instanceKlass com/google/common/collect/RangeSet
instanceKlass com/google/common/collect/CollectCollectors$$Lambda$347
instanceKlass com/google/common/collect/CollectCollectors$$Lambda$346
instanceKlass com/google/common/collect/CollectCollectors$$Lambda$345
instanceKlass com/google/common/collect/CollectCollectors$$Lambda$344
instanceKlass com/google/common/collect/CollectCollectors$$Lambda$343
instanceKlass com/google/common/collect/CollectCollectors$$Lambda$342
instanceKlass com/google/common/collect/CollectCollectors$$Lambda$341
instanceKlass com/google/common/collect/CollectCollectors$$Lambda$340
instanceKlass com/google/common/collect/CollectCollectors
instanceKlass com/android/build/gradle/internal/api/DefaultAndroidSourceDirectorySet$getSourceDirectoryTrees$1
instanceKlass org/gradle/api/internal/artifacts/transform/DefaultTransformationNodeRegistry$ArtifactTransformKey
instanceKlass org/gradle/api/internal/artifacts/transform/DefaultTransformationNodeRegistry$1
instanceKlass org/gradle/api/internal/artifacts/transform/DefaultTransformationNodeRegistry$$Lambda$339
instanceKlass org/gradle/api/internal/artifacts/transform/DefaultTransformationNodeRegistry$2
instanceKlass org/gradle/api/internal/artifacts/transform/DefaultExecutionGraphDependenciesResolver$1
instanceKlass org/gradle/api/internal/artifacts/transform/ArtifactTransformDependencies
instanceKlass org/gradle/api/internal/artifacts/transform/DefaultExecutionGraphDependenciesResolver
instanceKlass org/gradle/api/internal/artifacts/transform/DefaultTransformationDependency
instanceKlass org/gradle/api/internal/artifacts/transform/TransformationDependency
instanceKlass org/gradle/api/internal/artifacts/ivyservice/resolveengine/artifact/BuildDependenciesOnlyVisitedArtifactSet$BuildDependenciesOnlySelectedArtifactSet
instanceKlass org/gradle/api/internal/artifacts/transform/AttributeMatchingVariantSelector$$Lambda$338
instanceKlass org/gradle/api/internal/artifacts/transform/AttributeMatchingVariantSelector$$Lambda$337
instanceKlass org/gradle/api/internal/artifacts/transform/ConsumerProvidedResolvedVariant
instanceKlass org/gradle/api/internal/artifacts/transform/TransformationChain
instanceKlass org/gradle/api/internal/artifacts/transform/ConsumerVariantMatchResult$ConsumerVariant
instanceKlass org/gradle/api/internal/artifacts/transform/ConsumerProvidedVariantFinder$AttributeSpecificCache
instanceKlass org/gradle/api/internal/artifacts/transform/ConsumerVariantMatchResult
instanceKlass org/gradle/api/internal/artifacts/ivyservice/resolveengine/artifact/LocalFileDependencyBackedArtifactSet
instanceKlass org/gradle/api/internal/artifacts/ivyservice/resolveengine/graph/builder/LenientPlatformDependencyMetadata
instanceKlass org/gradle/api/internal/artifacts/ivyservice/ivyresolve/strategy/InverseVersionSelector
instanceKlass com/android/build/gradle/internal/dependency/ConstraintHandler$execute$$inlined$forEach$lambda$1$1
instanceKlass com/android/build/gradle/internal/dependency/ConstraintHandler$execute$$inlined$forEach$lambda$1
instanceKlass org/gradle/api/internal/artifacts/ivyservice/modulecache/artifacts/DefaultCachedArtifacts
instanceKlass org/gradle/api/internal/artifacts/ivyservice/modulecache/artifacts/AbstractArtifactsCache$ModuleArtifactsCacheEntry
instanceKlass org/gradle/api/internal/artifacts/ivyservice/modulecache/artifacts/ArtifactsAtRepositoryKey
instanceKlass org/gradle/api/internal/artifacts/ivyservice/resolveengine/oldresult/TransientConfigurationResultsBuilder$5
instanceKlass org/gradle/api/internal/artifacts/ivyservice/resolveengine/artifact/FileDependencyArtifactSet
instanceKlass org/gradle/api/internal/artifacts/repositories/resolver/AbstractDependencyMetadataAdapter
instanceKlass org/gradle/api/artifacts/DirectDependenciesMetadata
instanceKlass org/gradle/api/artifacts/DependenciesMetadata
instanceKlass org/gradle/internal/component/model/DependencyMetadataRules$2
instanceKlass org/gradle/internal/component/model/DependencyMetadataRules$1
instanceKlass org/gradle/internal/component/model/DependencyMetadataRules
instanceKlass org/gradle/internal/component/external/model/VariantMetadataRules$VariantAction
